[0.004s] Invoking command in '/home/jiajia/wzr/localization_1/build/pointcloud_to_laserscan': CMAKE_PREFIX_PATH=/opt/ros/humble /usr/bin/cmake /home/jiajia/wzr/localization_1/src/rm_perception/pointcloud_to_laserscan -DCMAKE_INSTALL_PREFIX=/home/jiajia/wzr/localization_1/install/pointcloud_to_laserscan
[0.053s] -- The C compiler identification is GNU 12.3.0
[0.099s] -- The CXX compiler identification is GNU 12.3.0
[0.106s] -- Detecting C compiler ABI info
[0.156s] -- Detecting C compiler ABI info - done
[0.162s] -- Check for working C compiler: /usr/bin/cc - skipped
[0.162s] -- Detecting C compile features
[0.162s] -- Detecting C compile features - done
[0.164s] -- Detecting CXX compiler ABI info
[0.226s] -- Detecting CXX compiler ABI info - done
[0.230s] -- Check for working CXX compiler: /usr/bin/c++ - skipped
[0.231s] -- Detecting CXX compile features
[0.231s] -- Detecting CXX compile features - done
[0.234s] -- Found ament_cmake_auto: 1.3.11 (/opt/ros/humble/share/ament_cmake_auto/cmake)
[0.385s] -- Found Python3: /usr/bin/python3 (found version "3.10.12") found components: Interpreter 
[0.589s] -- Found rosidl_generator_c: 3.1.6 (/opt/ros/humble/share/rosidl_generator_c/cmake)
[0.596s] -- Found rosidl_adapter: 3.1.6 (/opt/ros/humble/share/rosidl_adapter/cmake)
[0.603s] -- Found rosidl_generator_cpp: 3.1.6 (/opt/ros/humble/share/rosidl_generator_cpp/cmake)
[0.615s] -- Using all available rosidl_typesupport_c: rosidl_typesupport_fastrtps_c;rosidl_typesupport_introspection_c
[0.632s] -- Using all available rosidl_typesupport_cpp: rosidl_typesupport_fastrtps_cpp;rosidl_typesupport_introspection_cpp
[0.670s] -- Found rmw_implementation_cmake: 6.1.2 (/opt/ros/humble/share/rmw_implementation_cmake/cmake)
[0.672s] -- Found rmw_fastrtps_cpp: 6.2.7 (/opt/ros/humble/share/rmw_fastrtps_cpp/cmake)
[0.741s] -- Found OpenSSL: /usr/lib/x86_64-linux-gnu/libcrypto.so (found version "3.0.2")  
[0.762s] -- Found FastRTPS: /opt/ros/humble/include  
[0.793s] -- Using RMW implementation 'rmw_fastrtps_cpp' as default
[0.799s] -- Looking for pthread.h
[0.853s] -- Looking for pthread.h - found
[0.853s] -- Performing Test CMAKE_HAVE_LIBC_PTHREAD
[0.919s] -- Performing Test CMAKE_HAVE_LIBC_PTHREAD - Success
[0.920s] -- Found Threads: TRUE  
[1.067s] -- Found ament_lint_auto: 0.12.11 (/opt/ros/humble/share/ament_lint_auto/cmake)
[1.078s] -- Added test 'cppcheck' to perform static code analysis on C / C++ code
[1.079s] -- Configured cppcheck include dirs: /home/jiajia/wzr/localization_1/src/rm_perception/pointcloud_to_laserscan/include
[1.079s] -- Configured cppcheck exclude dirs and/or files: 
[1.080s] -- Added test 'cpplint' to check C / C++ code against the Google style
[1.080s] -- Configured cpplint exclude dirs and/or files: 
[1.081s] -- Added test 'flake8' to check Python code syntax and style conventions
[1.081s] -- Added test 'lint_cmake' to check CMake code style
[1.081s] -- Added test 'pep257' to check Python code against some of the docstring style conventions in PEP 257
[1.082s] -- Added test 'uncrustify' to check C / C++ code style
[1.082s] -- Configured uncrustify additional arguments: 
[1.082s] -- Added test 'xmllint' to check XML markup files
[1.084s] -- Configuring done
[1.109s] -- Generating done
[1.118s] -- Build files have been written to: /home/jiajia/wzr/localization_1/build/pointcloud_to_laserscan
[1.126s] Invoked command in '/home/jiajia/wzr/localization_1/build/pointcloud_to_laserscan' returned '0': CMAKE_PREFIX_PATH=/opt/ros/humble /usr/bin/cmake /home/jiajia/wzr/localization_1/src/rm_perception/pointcloud_to_laserscan -DCMAKE_INSTALL_PREFIX=/home/jiajia/wzr/localization_1/install/pointcloud_to_laserscan
[1.128s] Invoking command in '/home/jiajia/wzr/localization_1/build/pointcloud_to_laserscan': CMAKE_PREFIX_PATH=/opt/ros/humble /usr/bin/cmake --build /home/jiajia/wzr/localization_1/build/pointcloud_to_laserscan -- -j2 -l2
[1.171s] [ 10%] [32mBuilding CXX object CMakeFiles/laserscan_to_pointcloud.dir/src/laserscan_to_pointcloud_node.cpp.o[0m
[14.879s] [ 20%] [32m[1mLinking CXX shared library liblaserscan_to_pointcloud.so[0m
[15.024s] [ 20%] Built target laserscan_to_pointcloud
[15.040s] [ 30%] [32mBuilding CXX object CMakeFiles/laserscan_to_pointcloud_node.dir/rclcpp_components/node_main_laserscan_to_pointcloud_node.cpp.o[0m
[17.741s] [ 40%] [32m[1mLinking CXX executable laserscan_to_pointcloud_node[0m
[17.820s] [ 40%] Built target laserscan_to_pointcloud_node
[17.833s] [ 50%] [32mBuilding CXX object CMakeFiles/pointcloud_to_laserscan_node.dir/rclcpp_components/node_main_pointcloud_to_laserscan_node.cpp.o[0m
[20.537s] [ 60%] [32m[1mLinking CXX executable pointcloud_to_laserscan_node[0m
[20.615s] [ 60%] Built target pointcloud_to_laserscan_node
[20.630s] [ 70%] [32mBuilding CXX object CMakeFiles/pointcloud_to_laserscan.dir/src/pointcloud_to_laserscan_node.cpp.o[0m
[34.546s] [ 80%] [32m[1mLinking CXX shared library libpointcloud_to_laserscan.so[0m
[34.708s] [ 80%] Built target pointcloud_to_laserscan
[34.726s] [ 90%] [32mBuilding CXX object CMakeFiles/dummy_pointcloud_publisher.dir/src/dummy_pointcloud_publisher.cpp.o[0m
[39.742s] [100%] [32m[1mLinking CXX executable dummy_pointcloud_publisher[0m
[39.865s] [100%] Built target dummy_pointcloud_publisher
[39.877s] Invoked command in '/home/jiajia/wzr/localization_1/build/pointcloud_to_laserscan' returned '0': CMAKE_PREFIX_PATH=/opt/ros/humble /usr/bin/cmake --build /home/jiajia/wzr/localization_1/build/pointcloud_to_laserscan -- -j2 -l2
[39.881s] Invoking command in '/home/jiajia/wzr/localization_1/build/pointcloud_to_laserscan': CMAKE_PREFIX_PATH=/opt/ros/humble /usr/bin/cmake --install /home/jiajia/wzr/localization_1/build/pointcloud_to_laserscan
[39.888s] -- Install configuration: ""
[39.888s] -- Installing: /home/jiajia/wzr/localization_1/install/pointcloud_to_laserscan/lib/pointcloud_to_laserscan/laserscan_to_pointcloud_node
[39.888s] -- Set runtime path of "/home/jiajia/wzr/localization_1/install/pointcloud_to_laserscan/lib/pointcloud_to_laserscan/laserscan_to_pointcloud_node" to ""
[39.889s] -- Installing: /home/jiajia/wzr/localization_1/install/pointcloud_to_laserscan/lib/pointcloud_to_laserscan/pointcloud_to_laserscan_node
[39.889s] -- Set runtime path of "/home/jiajia/wzr/localization_1/install/pointcloud_to_laserscan/lib/pointcloud_to_laserscan/pointcloud_to_laserscan_node" to ""
[39.889s] -- Installing: /home/jiajia/wzr/localization_1/install/pointcloud_to_laserscan/include
[39.890s] -- Installing: /home/jiajia/wzr/localization_1/install/pointcloud_to_laserscan/include/pointcloud_to_laserscan
[39.890s] -- Installing: /home/jiajia/wzr/localization_1/install/pointcloud_to_laserscan/include/pointcloud_to_laserscan/pointcloud_to_laserscan_node.hpp
[39.890s] -- Installing: /home/jiajia/wzr/localization_1/install/pointcloud_to_laserscan/include/pointcloud_to_laserscan/laserscan_to_pointcloud_node.hpp
[39.890s] -- Installing: /home/jiajia/wzr/localization_1/install/pointcloud_to_laserscan/include/pointcloud_to_laserscan/visibility_control.h
[39.890s] -- Installing: /home/jiajia/wzr/localization_1/install/pointcloud_to_laserscan/share/pointcloud_to_laserscan/environment/library_path.sh
[39.891s] -- Installing: /home/jiajia/wzr/localization_1/install/pointcloud_to_laserscan/share/pointcloud_to_laserscan/environment/library_path.dsv
[39.891s] -- Installing: /home/jiajia/wzr/localization_1/install/pointcloud_to_laserscan/lib/liblaserscan_to_pointcloud.so
[39.892s] -- Set runtime path of "/home/jiajia/wzr/localization_1/install/pointcloud_to_laserscan/lib/liblaserscan_to_pointcloud.so" to ""
[39.892s] -- Installing: /home/jiajia/wzr/localization_1/install/pointcloud_to_laserscan/lib/libpointcloud_to_laserscan.so
[39.894s] -- Set runtime path of "/home/jiajia/wzr/localization_1/install/pointcloud_to_laserscan/lib/libpointcloud_to_laserscan.so" to ""
[39.894s] -- Installing: /home/jiajia/wzr/localization_1/install/pointcloud_to_laserscan/lib/pointcloud_to_laserscan/dummy_pointcloud_publisher
[39.894s] -- Set runtime path of "/home/jiajia/wzr/localization_1/install/pointcloud_to_laserscan/lib/pointcloud_to_laserscan/dummy_pointcloud_publisher" to ""
[39.895s] -- Installing: /home/jiajia/wzr/localization_1/install/pointcloud_to_laserscan/share/pointcloud_to_laserscan/launch
[39.895s] -- Installing: /home/jiajia/wzr/localization_1/install/pointcloud_to_laserscan/share/pointcloud_to_laserscan/launch/pointcloud_to_laserscan_launch.py
[39.895s] -- Installing: /home/jiajia/wzr/localization_1/install/pointcloud_to_laserscan/share/pointcloud_to_laserscan/launch/sample_laserscan_to_pointcloud_launch.py
[39.895s] -- Installing: /home/jiajia/wzr/localization_1/install/pointcloud_to_laserscan/share/pointcloud_to_laserscan/launch/sample_pointcloud_to_laserscan_launch.py
[39.895s] -- Installing: /home/jiajia/wzr/localization_1/install/pointcloud_to_laserscan/share/ament_index/resource_index/package_run_dependencies/pointcloud_to_laserscan
[39.895s] -- Installing: /home/jiajia/wzr/localization_1/install/pointcloud_to_laserscan/share/ament_index/resource_index/parent_prefix_path/pointcloud_to_laserscan
[39.895s] -- Installing: /home/jiajia/wzr/localization_1/install/pointcloud_to_laserscan/share/pointcloud_to_laserscan/environment/ament_prefix_path.sh
[39.895s] -- Installing: /home/jiajia/wzr/localization_1/install/pointcloud_to_laserscan/share/pointcloud_to_laserscan/environment/ament_prefix_path.dsv
[39.895s] -- Installing: /home/jiajia/wzr/localization_1/install/pointcloud_to_laserscan/share/pointcloud_to_laserscan/environment/path.sh
[39.895s] -- Installing: /home/jiajia/wzr/localization_1/install/pointcloud_to_laserscan/share/pointcloud_to_laserscan/environment/path.dsv
[39.895s] -- Installing: /home/jiajia/wzr/localization_1/install/pointcloud_to_laserscan/share/pointcloud_to_laserscan/local_setup.bash
[39.895s] -- Installing: /home/jiajia/wzr/localization_1/install/pointcloud_to_laserscan/share/pointcloud_to_laserscan/local_setup.sh
[39.896s] -- Installing: /home/jiajia/wzr/localization_1/install/pointcloud_to_laserscan/share/pointcloud_to_laserscan/local_setup.zsh
[39.896s] -- Installing: /home/jiajia/wzr/localization_1/install/pointcloud_to_laserscan/share/pointcloud_to_laserscan/local_setup.dsv
[39.897s] -- Installing: /home/jiajia/wzr/localization_1/install/pointcloud_to_laserscan/share/pointcloud_to_laserscan/package.dsv
[39.898s] -- Installing: /home/jiajia/wzr/localization_1/install/pointcloud_to_laserscan/share/ament_index/resource_index/packages/pointcloud_to_laserscan
[39.898s] -- Installing: /home/jiajia/wzr/localization_1/install/pointcloud_to_laserscan/share/ament_index/resource_index/rclcpp_components/pointcloud_to_laserscan
[39.898s] -- Installing: /home/jiajia/wzr/localization_1/install/pointcloud_to_laserscan/share/pointcloud_to_laserscan/cmake/ament_cmake_export_dependencies-extras.cmake
[39.898s] -- Installing: /home/jiajia/wzr/localization_1/install/pointcloud_to_laserscan/share/pointcloud_to_laserscan/cmake/ament_cmake_export_include_directories-extras.cmake
[39.898s] -- Installing: /home/jiajia/wzr/localization_1/install/pointcloud_to_laserscan/share/pointcloud_to_laserscan/cmake/ament_cmake_export_libraries-extras.cmake
[39.898s] -- Installing: /home/jiajia/wzr/localization_1/install/pointcloud_to_laserscan/share/pointcloud_to_laserscan/cmake/pointcloud_to_laserscanConfig.cmake
[39.898s] -- Installing: /home/jiajia/wzr/localization_1/install/pointcloud_to_laserscan/share/pointcloud_to_laserscan/cmake/pointcloud_to_laserscanConfig-version.cmake
[39.898s] -- Installing: /home/jiajia/wzr/localization_1/install/pointcloud_to_laserscan/share/pointcloud_to_laserscan/package.xml
[39.900s] Invoked command in '/home/jiajia/wzr/localization_1/build/pointcloud_to_laserscan' returned '0': CMAKE_PREFIX_PATH=/opt/ros/humble /usr/bin/cmake --install /home/jiajia/wzr/localization_1/build/pointcloud_to_laserscan
