-- The C compiler identification is GNU 12.3.0
-- The CXX compiler identification is GNU 12.3.0
-- Detecting C compiler ABI info
-- Detecting C compiler ABI info - done
-- Check for working C compiler: /usr/bin/cc - skipped
-- Detecting C compile features
-- Detecting C compile features - done
-- Detecting CXX compiler ABI info
-- Detecting CXX compiler ABI info - done
-- Check for working CXX compiler: /usr/bin/c++ - skipped
-- Detecting CXX compile features
-- Detecting CXX compile features - done
-- Found ament_cmake_auto: 1.3.11 (/opt/ros/humble/share/ament_cmake_auto/cmake)
-- Found Python3: /usr/bin/python3 (found version "3.10.12") found components: Interpreter 
-- Found Boost: /usr/local/lib/cmake/Boost-1.86.0/BoostConfig.cmake (found version "1.86.0") found components: date_time 
-- Found rosidl_generator_c: 3.1.6 (/opt/ros/humble/share/rosidl_generator_c/cmake)
-- Found rosidl_adapter: 3.1.6 (/opt/ros/humble/share/rosidl_adapter/cmake)
-- Found rosidl_generator_cpp: 3.1.6 (/opt/ros/humble/share/rosidl_generator_cpp/cmake)
-- Using all available rosidl_typesupport_c: rosidl_typesupport_fastrtps_c;rosidl_typesupport_introspection_c
-- Using all available rosidl_typesupport_cpp: rosidl_typesupport_fastrtps_cpp;rosidl_typesupport_introspection_cpp
-- Found rmw_implementation_cmake: 6.1.2 (/opt/ros/humble/share/rmw_implementation_cmake/cmake)
-- Found rmw_fastrtps_cpp: 6.2.7 (/opt/ros/humble/share/rmw_fastrtps_cpp/cmake)
-- Found OpenSSL: /usr/lib/x86_64-linux-gnu/libcrypto.so (found version "3.0.2")  
-- Found FastRTPS: /opt/ros/humble/include  
-- Using RMW implementation 'rmw_fastrtps_cpp' as default
-- Looking for pthread.h
-- Looking for pthread.h - found
-- Performing Test CMAKE_HAVE_LIBC_PTHREAD
-- Performing Test CMAKE_HAVE_LIBC_PTHREAD - Success
-- Found Threads: TRUE  
-- Checking for module 'flann'
--   Found flann, version 1.9.1
-- Found FLANN: /usr/lib/x86_64-linux-gnu/libflann_cpp.so  
-- FLANN found (include: /usr/include, lib: /usr/lib/x86_64-linux-gnu/libflann_cpp.so)
-- Found OpenMP_CXX: -fopenmp (found version "4.5") 
-- Found OpenMP: TRUE (found version "4.5") found components: CXX 
-- Checking for module 'libusb-1.0'
--   Found libusb-1.0, version 1.0.25
-- Found libusb: /usr/lib/x86_64-linux-gnu/libusb-1.0.so  
-- OpenNI found (version: 1.5.4.0, include: /usr/include/ni, lib: /usr/lib/libOpenNI.so;libusb::libusb)
-- OpenNI2 found (version: 2.2.0.33, include: /usr/include/openni2, lib: /usr/lib/x86_64-linux-gnu/libOpenNI2.so;libusb::libusb)
-- Could NOT find Pcap (missing: PCAP_LIBRARIES PCAP_INCLUDE_DIRS) 
-- Found ZLIB: /usr/lib/x86_64-linux-gnu/libz.so (found version "1.2.11") 
-- Found PNG: /usr/lib/x86_64-linux-gnu/libpng.so (found version "1.6.37") 
-- OpenNI found (version: 1.5.4.0, include: /usr/include/ni, lib: /usr/lib/libOpenNI.so;libusb::libusb)
-- OpenNI2 found (version: 2.2.0.33, include: /usr/include/openni2, lib: /usr/lib/x86_64-linux-gnu/libOpenNI2.so;libusb::libusb)
-- Found Qhull version 8.0.2
-- Found PCL_COMMON: /usr/local/lib/libpcl_common.so  
-- Found PCL_KDTREE: /usr/local/lib/libpcl_kdtree.so  
-- Found PCL_OCTREE: /usr/local/lib/libpcl_octree.so  
-- Found PCL_SEARCH: /usr/local/lib/libpcl_search.so  
-- Found PCL_SAMPLE_CONSENSUS: /usr/local/lib/libpcl_sample_consensus.so  
-- Found PCL_FILTERS: /usr/local/lib/libpcl_filters.so  
-- Found PCL_2D: /usr/local/include/pcl-1.14  
-- Found PCL_GEOMETRY: /usr/local/include/pcl-1.14  
-- Found PCL_IO: /usr/local/lib/libpcl_io.so  
-- Found PCL_FEATURES: /usr/local/lib/libpcl_features.so  
-- Found PCL_ML: /usr/local/lib/libpcl_ml.so  
-- Found PCL_SEGMENTATION: /usr/local/lib/libpcl_segmentation.so  
-- Found PCL_VISUALIZATION: /usr/local/lib/libpcl_visualization.so  
-- Found PCL_SURFACE: /usr/local/lib/libpcl_surface.so  
-- Found PCL_REGISTRATION: /usr/local/lib/libpcl_registration.so  
-- Found PCL_KEYPOINTS: /usr/local/lib/libpcl_keypoints.so  
-- Found PCL_TRACKING: /usr/local/lib/libpcl_tracking.so  
-- Found PCL_RECOGNITION: /usr/local/lib/libpcl_recognition.so  
-- Found PCL_STEREO: /usr/local/lib/libpcl_stereo.so  
-- Found PCL_OUTOFCORE: /usr/local/lib/libpcl_outofcore.so  
-- Found PCL_PEOPLE: /usr/local/lib/libpcl_people.so  
-- Found eigen3_cmake_module: 0.1.1 (/opt/ros/humble/share/eigen3_cmake_module/cmake)
-- Found Eigen3: TRUE (found version "3.4.0") 
-- Ensuring Eigen3 include directory is part of orocos-kdl CMake target
-- Configuring done
-- Generating done
-- Build files have been written to: /home/jiajia/wzr/localization_1/build/linefit_ground_segmentation_ros
[ 25%] [32mBuilding CXX object CMakeFiles/ground_segmentation_node.dir/src/ground_segmentation_node.cc.o[0m
[ 50%] [32m[1mLinking CXX executable ground_segmentation_node[0m
[ 50%] Built target ground_segmentation_node
[ 75%] [32mBuilding CXX object CMakeFiles/ground_segmentation_test_node.dir/src/ground_segmentation_test_node.cc.o[0m
[100%] [32m[1mLinking CXX executable ground_segmentation_test_node[0m
[100%] Built target ground_segmentation_test_node
-- Install configuration: ""
-- Installing: /home/jiajia/wzr/localization_1/install/linefit_ground_segmentation_ros/lib/linefit_ground_segmentation_ros/ground_segmentation_node
-- Set runtime path of "/home/jiajia/wzr/localization_1/install/linefit_ground_segmentation_ros/lib/linefit_ground_segmentation_ros/ground_segmentation_node" to ""
-- Installing: /home/jiajia/wzr/localization_1/install/linefit_ground_segmentation_ros/lib/linefit_ground_segmentation_ros/ground_segmentation_test_node
-- Set runtime path of "/home/jiajia/wzr/localization_1/install/linefit_ground_segmentation_ros/lib/linefit_ground_segmentation_ros/ground_segmentation_test_node" to ""
-- Installing: /home/jiajia/wzr/localization_1/install/linefit_ground_segmentation_ros/share/linefit_ground_segmentation_ros/launch
-- Installing: /home/jiajia/wzr/localization_1/install/linefit_ground_segmentation_ros/share/linefit_ground_segmentation_ros/launch/test.launch.py
-- Installing: /home/jiajia/wzr/localization_1/install/linefit_ground_segmentation_ros/share/linefit_ground_segmentation_ros/launch/segmentation.launch.py
-- Installing: /home/jiajia/wzr/localization_1/install/linefit_ground_segmentation_ros/share/linefit_ground_segmentation_ros/launch/segmentation_params.yaml
-- Installing: /home/jiajia/wzr/localization_1/install/linefit_ground_segmentation_ros/share/ament_index/resource_index/package_run_dependencies/linefit_ground_segmentation_ros
-- Installing: /home/jiajia/wzr/localization_1/install/linefit_ground_segmentation_ros/share/ament_index/resource_index/parent_prefix_path/linefit_ground_segmentation_ros
-- Installing: /home/jiajia/wzr/localization_1/install/linefit_ground_segmentation_ros/share/linefit_ground_segmentation_ros/environment/ament_prefix_path.sh
-- Installing: /home/jiajia/wzr/localization_1/install/linefit_ground_segmentation_ros/share/linefit_ground_segmentation_ros/environment/ament_prefix_path.dsv
-- Installing: /home/jiajia/wzr/localization_1/install/linefit_ground_segmentation_ros/share/linefit_ground_segmentation_ros/environment/path.sh
-- Installing: /home/jiajia/wzr/localization_1/install/linefit_ground_segmentation_ros/share/linefit_ground_segmentation_ros/environment/path.dsv
-- Installing: /home/jiajia/wzr/localization_1/install/linefit_ground_segmentation_ros/share/linefit_ground_segmentation_ros/local_setup.bash
-- Installing: /home/jiajia/wzr/localization_1/install/linefit_ground_segmentation_ros/share/linefit_ground_segmentation_ros/local_setup.sh
-- Installing: /home/jiajia/wzr/localization_1/install/linefit_ground_segmentation_ros/share/linefit_ground_segmentation_ros/local_setup.zsh
-- Installing: /home/jiajia/wzr/localization_1/install/linefit_ground_segmentation_ros/share/linefit_ground_segmentation_ros/local_setup.dsv
-- Installing: /home/jiajia/wzr/localization_1/install/linefit_ground_segmentation_ros/share/linefit_ground_segmentation_ros/package.dsv
-- Installing: /home/jiajia/wzr/localization_1/install/linefit_ground_segmentation_ros/share/ament_index/resource_index/packages/linefit_ground_segmentation_ros
-- Installing: /home/jiajia/wzr/localization_1/install/linefit_ground_segmentation_ros/share/linefit_ground_segmentation_ros/cmake/ament_cmake_export_dependencies-extras.cmake
-- Installing: /home/jiajia/wzr/localization_1/install/linefit_ground_segmentation_ros/share/linefit_ground_segmentation_ros/cmake/linefit_ground_segmentation_rosConfig.cmake
-- Installing: /home/jiajia/wzr/localization_1/install/linefit_ground_segmentation_ros/share/linefit_ground_segmentation_ros/cmake/linefit_ground_segmentation_rosConfig-version.cmake
-- Installing: /home/jiajia/wzr/localization_1/install/linefit_ground_segmentation_ros/share/linefit_ground_segmentation_ros/package.xml
