[0.007s] Invoking command in '/home/jiajia/wzr/localization_1/build/icp_registration': AMENT_PREFIX_PATH=/home/jiajia/wzr/localization_1/install/livox_ros_driver2:${AMENT_PREFIX_PATH} CMAKE_PREFIX_PATH=/home/jiajia/wzr/localization_1/install/livox_ros_driver2:/opt/ros/humble LD_LIBRARY_PATH=/home/jiajia/wzr/localization_1/install/livox_ros_driver2/lib:/opt/MVS/lib/64:/opt/MVS/lib/32:/usr/lib/x86_64-linux-gnu/gazebo-11/plugins:/opt/ros/humble/opt/rviz_ogre_vendor/lib:/opt/ros/humble/lib/x86_64-linux-gnu:/opt/ros/humble/opt/openvdb_vendor/lib:/opt/ros/humble/lib:/opt/MVS/lib/64:/opt/MVS/lib/32:/opt/MVS/lib/64:/opt/MVS/lib/32 PYTHONPATH=/home/jiajia/wzr/localization_1/install/livox_ros_driver2/local/lib/python3.10/dist-packages:${PYTHONPATH} /usr/bin/cmake /home/jiajia/wzr/localization_1/src/rm_localization/icp_registration -DCMAKE_INSTALL_PREFIX=/home/jiajia/wzr/localization_1/install/icp_registration
[0.068s] -- The C compiler identification is GNU 12.3.0
[0.121s] -- The CXX compiler identification is GNU 12.3.0
[0.128s] -- Detecting C compiler ABI info
[0.206s] -- Detecting C compiler ABI info - done
[0.213s] -- Check for working C compiler: /usr/bin/cc - skipped
[0.214s] -- Detecting C compile features
[0.214s] -- Detecting C compile features - done
[0.217s] -- Detecting CXX compiler ABI info
[0.298s] -- Detecting CXX compiler ABI info - done
[0.306s] -- Check for working CXX compiler: /usr/bin/c++ - skipped
[0.307s] -- Detecting CXX compile features
[0.307s] -- Detecting CXX compile features - done
[0.309s] -- Found ament_cmake_auto: 1.3.11 (/opt/ros/humble/share/ament_cmake_auto/cmake)
[0.483s] -- Found Python3: /usr/bin/python3 (found version "3.10.12") found components: Interpreter 
[0.585s] -- Checking for module 'flann'
[0.598s] --   Found flann, version 1.9.1
[0.641s] -- Found FLANN: /usr/lib/x86_64-linux-gnu/libflann_cpp.so  
[0.641s] -- FLANN found (include: /usr/include, lib: /usr/lib/x86_64-linux-gnu/libflann_cpp.so)
[0.888s] -- Found OpenMP_CXX: -fopenmp (found version "4.5") 
[0.890s] -- Found OpenMP: TRUE (found version "4.5") found components: CXX 
[0.940s] -- Checking for module 'libusb-1.0'
[0.950s] --   Found libusb-1.0, version 1.0.25
[0.979s] -- Found libusb: /usr/lib/x86_64-linux-gnu/libusb-1.0.so  
[0.980s] -- Found OpenNI: /usr/lib/libOpenNI.so;libusb::libusb (found version "1.5.4.0") 
[0.980s] -- OpenNI found (version: 1.5.4.0, include: /usr/include/ni, lib: /usr/lib/libOpenNI.so;libusb::libusb)
[1.030s] -- Found OpenNI2: /usr/lib/x86_64-linux-gnu/libOpenNI2.so;libusb::libusb (found version "2.2.0.33") 
[1.030s] -- OpenNI2 found (version: 2.2.0.33, include: /usr/include/openni2, lib: /usr/lib/x86_64-linux-gnu/libOpenNI2.so;libusb::libusb)
[1.033s] -- Could NOT find Pcap (missing: PCAP_LIBRARIES PCAP_INCLUDE_DIRS) 
[1.033s] [0m** WARNING ** io features related to pcap will be disabled[0m
[1.045s] -- Found ZLIB: /usr/lib/x86_64-linux-gnu/libz.so (found version "1.2.11") 
[1.062s] -- Found PNG: /usr/lib/x86_64-linux-gnu/libpng.so (found version "1.6.37") 
[1.092s] -- Looking for pthread.h
[1.162s] -- Looking for pthread.h - found
[1.163s] -- Performing Test CMAKE_HAVE_LIBC_PTHREAD
[1.233s] -- Performing Test CMAKE_HAVE_LIBC_PTHREAD - Success
[1.234s] -- Found Threads: TRUE  
[1.236s] -- Found GLEW: /usr/lib/x86_64-linux-gnu/libGLEW.so  
[1.240s] -- Found OpenGL: /usr/lib/x86_64-linux-gnu/libOpenGL.so  found components: OpenGL GLX 
[1.368s] -- Found MPI_C: /usr/lib/x86_64-linux-gnu/libmpi.so (found version "3.1") 
[1.370s] -- Found MPI: TRUE (found version "3.1") found components: C 
[1.371s] -- Found JsonCpp: /usr/lib/x86_64-linux-gnu/libjsoncpp.so (found suitable version "1.9.5", minimum required is "0.7.0") 
[1.402s] -- Found Eigen3: /usr/include/eigen3 (found version "3.4.0") 
[1.484s] -- Found X11: /usr/include   
[1.484s] -- Looking for XOpenDisplay in /usr/lib/x86_64-linux-gnu/libX11.so;/usr/lib/x86_64-linux-gnu/libXext.so
[1.546s] -- Looking for XOpenDisplay in /usr/lib/x86_64-linux-gnu/libX11.so;/usr/lib/x86_64-linux-gnu/libXext.so - found
[1.546s] -- Looking for gethostbyname
[1.599s] -- Looking for gethostbyname - found
[1.599s] -- Looking for connect
[1.647s] -- Looking for connect - found
[1.648s] -- Looking for remove
[1.703s] -- Looking for remove - found
[1.703s] -- Looking for shmat
[1.757s] -- Looking for shmat - found
[1.758s] -- Looking for IceConnectionNumber in ICE
[1.811s] -- Looking for IceConnectionNumber in ICE - found
[1.860s] -- Found EXPAT: /usr/lib/x86_64-linux-gnu/libexpat.so (found version "2.4.7") 
[1.861s] -- Found double-conversion: /usr/lib/x86_64-linux-gnu/libdouble-conversion.so  
[1.864s] -- Found LZ4: /usr/lib/x86_64-linux-gnu/liblz4.so (found version "1.9.3") 
[1.864s] -- Found LZMA: /usr/lib/x86_64-linux-gnu/liblzma.so (found version "5.2.5") 
[1.873s] -- Found JPEG: /usr/lib/x86_64-linux-gnu/libjpeg.so (found version "80") 
[1.876s] -- Found TIFF: /usr/lib/x86_64-linux-gnu/libtiff.so (found version "4.3.0")  
[1.880s] -- Found Freetype: /usr/lib/x86_64-linux-gnu/libfreetype.so (found version "2.11.1") 
[1.883s] -- Found utf8cpp: /usr/include/utf8cpp  
[1.911s] -- OpenNI found (version: 1.5.4.0, include: /usr/include/ni, lib: /usr/lib/libOpenNI.so;libusb::libusb)
[1.915s] -- OpenNI2 found (version: 2.2.0.33, include: /usr/include/openni2, lib: /usr/lib/x86_64-linux-gnu/libOpenNI2.so;libusb::libusb)
[2.109s] -- Found Qhull version 8.0.2
[2.307s] -- looking for PCL_COMMON
[2.308s] -- Found PCL_COMMON: /usr/local/lib/libpcl_common.so  
[2.308s] -- looking for PCL_KDTREE
[2.308s] -- Found PCL_KDTREE: /usr/local/lib/libpcl_kdtree.so  
[2.308s] -- looking for PCL_OCTREE
[2.309s] -- Found PCL_OCTREE: /usr/local/lib/libpcl_octree.so  
[2.309s] -- looking for PCL_SEARCH
[2.310s] -- Found PCL_SEARCH: /usr/local/lib/libpcl_search.so  
[2.310s] -- looking for PCL_SAMPLE_CONSENSUS
[2.310s] -- Found PCL_SAMPLE_CONSENSUS: /usr/local/lib/libpcl_sample_consensus.so  
[2.310s] -- looking for PCL_FILTERS
[2.310s] -- Found PCL_FILTERS: /usr/local/lib/libpcl_filters.so  
[2.311s] -- looking for PCL_2D
[2.311s] -- Found PCL_2D: /usr/local/include/pcl-1.14  
[2.311s] -- looking for PCL_GEOMETRY
[2.312s] -- Found PCL_GEOMETRY: /usr/local/include/pcl-1.14  
[2.312s] -- looking for PCL_IO
[2.312s] -- Found PCL_IO: /usr/local/lib/libpcl_io.so  
[2.313s] -- looking for PCL_FEATURES
[2.313s] -- Found PCL_FEATURES: /usr/local/lib/libpcl_features.so  
[2.314s] -- looking for PCL_ML
[2.314s] -- Found PCL_ML: /usr/local/lib/libpcl_ml.so  
[2.315s] -- looking for PCL_SEGMENTATION
[2.315s] -- Found PCL_SEGMENTATION: /usr/local/lib/libpcl_segmentation.so  
[2.315s] -- looking for PCL_VISUALIZATION
[2.315s] -- Found PCL_VISUALIZATION: /usr/local/lib/libpcl_visualization.so  
[2.316s] -- looking for PCL_SURFACE
[2.316s] -- Found PCL_SURFACE: /usr/local/lib/libpcl_surface.so  
[2.317s] -- looking for PCL_REGISTRATION
[2.317s] -- Found PCL_REGISTRATION: /usr/local/lib/libpcl_registration.so  
[2.319s] -- looking for PCL_KEYPOINTS
[2.319s] -- Found PCL_KEYPOINTS: /usr/local/lib/libpcl_keypoints.so  
[2.319s] -- looking for PCL_TRACKING
[2.320s] -- Found PCL_TRACKING: /usr/local/lib/libpcl_tracking.so  
[2.321s] -- looking for PCL_RECOGNITION
[2.322s] -- Found PCL_RECOGNITION: /usr/local/lib/libpcl_recognition.so  
[2.324s] -- looking for PCL_STEREO
[2.324s] -- Found PCL_STEREO: /usr/local/lib/libpcl_stereo.so  
[2.324s] -- looking for PCL_OUTOFCORE
[2.324s] -- Found PCL_OUTOFCORE: /usr/local/lib/libpcl_outofcore.so  
[2.324s] -- looking for PCL_PEOPLE
[2.324s] -- Found PCL_PEOPLE: /usr/local/lib/libpcl_people.so  
[2.325s] -- Found PCL: pcl_common;pcl_kdtree;pcl_octree;pcl_search;pcl_sample_consensus;pcl_filters;pcl_io;pcl_features;pcl_ml;pcl_segmentation;pcl_visualization;pcl_surface;pcl_registration;pcl_keypoints;pcl_tracking;pcl_recognition;pcl_stereo;pcl_outofcore;pcl_people;Boost::system;Boost::iostreams;Boost::filesystem;Boost::serialization;/usr/lib/libOpenNI.so;libusb::libusb;/usr/lib/x86_64-linux-gnu/libOpenNI2.so;libusb::libusb;VTK::ChartsCore;VTK::CommonColor;VTK::CommonComputationalGeometry;VTK::CommonCore;VTK::CommonDataModel;VTK::CommonExecutionModel;VTK::CommonMath;VTK::CommonMisc;VTK::CommonTransforms;VTK::FiltersCore;VTK::FiltersExtraction;VTK::FiltersGeneral;VTK::FiltersGeometry;VTK::FiltersModeling;VTK::FiltersSources;VTK::ImagingCore;VTK::ImagingSources;VTK::InteractionImage;VTK::InteractionStyle;VTK::InteractionWidgets;VTK::IOCore;VTK::IOGeometry;VTK::IOImage;VTK::IOLegacy;VTK::IOPLY;VTK::RenderingAnnotation;VTK::RenderingCore;VTK::RenderingContext2D;VTK::RenderingLOD;VTK::RenderingFreeType;VTK::ViewsCore;VTK::ViewsContext2D;VTK::RenderingOpenGL2;VTK::RenderingContextOpenGL2;VTK::GUISupportQt;FLANN::FLANN;QHULL::QHULL  
[2.393s] -- Found rosidl_generator_c: 3.1.6 (/opt/ros/humble/share/rosidl_generator_c/cmake)
[2.399s] -- Found rosidl_adapter: 3.1.6 (/opt/ros/humble/share/rosidl_adapter/cmake)
[2.407s] -- Found rosidl_generator_cpp: 3.1.6 (/opt/ros/humble/share/rosidl_generator_cpp/cmake)
[2.416s] -- Using all available rosidl_typesupport_c: rosidl_typesupport_fastrtps_c;rosidl_typesupport_introspection_c
[2.428s] -- Using all available rosidl_typesupport_cpp: rosidl_typesupport_fastrtps_cpp;rosidl_typesupport_introspection_cpp
[2.462s] -- Found rmw_implementation_cmake: 6.1.2 (/opt/ros/humble/share/rmw_implementation_cmake/cmake)
[2.465s] -- Found rmw_fastrtps_cpp: 6.2.7 (/opt/ros/humble/share/rmw_fastrtps_cpp/cmake)
[2.529s] -- Found OpenSSL: /usr/lib/x86_64-linux-gnu/libcrypto.so (found version "3.0.2")  
[2.547s] -- Found FastRTPS: /opt/ros/humble/include  
[2.585s] -- Using RMW implementation 'rmw_fastrtps_cpp' as default
[2.789s] -- Found eigen3_cmake_module: 0.1.1 (/opt/ros/humble/share/eigen3_cmake_module/cmake)
[2.789s] -- Found Eigen3: TRUE (found version "3.4.0") 
[2.789s] -- Ensuring Eigen3 include directory is part of orocos-kdl CMake target
[2.824s] -- Found ament_lint_auto: 0.12.11 (/opt/ros/humble/share/ament_lint_auto/cmake)
[2.837s] -- Added test 'cppcheck' to perform static code analysis on C / C++ code
[2.837s] -- Configured cppcheck include dirs: /home/jiajia/wzr/localization_1/src/rm_localization/icp_registration/include
[2.837s] -- Configured cppcheck exclude dirs and/or files: 
[2.838s] -- Added test 'flake8' to check Python code syntax and style conventions
[2.838s] -- Added test 'lint_cmake' to check CMake code style
[2.839s] -- Added test 'pep257' to check Python code against some of the docstring style conventions in PEP 257
[2.840s] -- Added test 'uncrustify' to check C / C++ code style
[2.840s] -- Configured uncrustify additional arguments: 
[2.841s] -- Added test 'xmllint' to check XML markup files
[2.842s] -- Configuring done
[2.867s] -- Generating done
[2.877s] -- Build files have been written to: /home/jiajia/wzr/localization_1/build/icp_registration
[2.894s] Invoked command in '/home/jiajia/wzr/localization_1/build/icp_registration' returned '0': AMENT_PREFIX_PATH=/home/jiajia/wzr/localization_1/install/livox_ros_driver2:${AMENT_PREFIX_PATH} CMAKE_PREFIX_PATH=/home/jiajia/wzr/localization_1/install/livox_ros_driver2:/opt/ros/humble LD_LIBRARY_PATH=/home/jiajia/wzr/localization_1/install/livox_ros_driver2/lib:/opt/MVS/lib/64:/opt/MVS/lib/32:/usr/lib/x86_64-linux-gnu/gazebo-11/plugins:/opt/ros/humble/opt/rviz_ogre_vendor/lib:/opt/ros/humble/lib/x86_64-linux-gnu:/opt/ros/humble/opt/openvdb_vendor/lib:/opt/ros/humble/lib:/opt/MVS/lib/64:/opt/MVS/lib/32:/opt/MVS/lib/64:/opt/MVS/lib/32 PYTHONPATH=/home/jiajia/wzr/localization_1/install/livox_ros_driver2/local/lib/python3.10/dist-packages:${PYTHONPATH} /usr/bin/cmake /home/jiajia/wzr/localization_1/src/rm_localization/icp_registration -DCMAKE_INSTALL_PREFIX=/home/jiajia/wzr/localization_1/install/icp_registration
[2.897s] Invoking command in '/home/jiajia/wzr/localization_1/build/icp_registration': AMENT_PREFIX_PATH=/home/jiajia/wzr/localization_1/install/livox_ros_driver2:${AMENT_PREFIX_PATH} CMAKE_PREFIX_PATH=/home/jiajia/wzr/localization_1/install/livox_ros_driver2:/opt/ros/humble LD_LIBRARY_PATH=/home/jiajia/wzr/localization_1/install/livox_ros_driver2/lib:/opt/MVS/lib/64:/opt/MVS/lib/32:/usr/lib/x86_64-linux-gnu/gazebo-11/plugins:/opt/ros/humble/opt/rviz_ogre_vendor/lib:/opt/ros/humble/lib/x86_64-linux-gnu:/opt/ros/humble/opt/openvdb_vendor/lib:/opt/ros/humble/lib:/opt/MVS/lib/64:/opt/MVS/lib/32:/opt/MVS/lib/64:/opt/MVS/lib/32 PYTHONPATH=/home/jiajia/wzr/localization_1/install/livox_ros_driver2/local/lib/python3.10/dist-packages:${PYTHONPATH} /usr/bin/cmake --build /home/jiajia/wzr/localization_1/build/icp_registration -- -j2 -l2
[2.940s] [ 25%] [32mBuilding CXX object CMakeFiles/icp_registration.dir/src/icp_registration.cpp.o[0m
[60.650s] [ 50%] [32m[1mLinking CXX shared library libicp_registration.so[0m
[63.699s] [ 50%] Built target icp_registration
[63.716s] [ 75%] [32mBuilding CXX object CMakeFiles/icp_registration_node.dir/rclcpp_components/node_main_icp_registration_node.cpp.o[0m
[66.204s] [100%] [32m[1mLinking CXX executable icp_registration_node[0m
[66.303s] [100%] Built target icp_registration_node
[66.313s] Invoked command in '/home/jiajia/wzr/localization_1/build/icp_registration' returned '0': AMENT_PREFIX_PATH=/home/jiajia/wzr/localization_1/install/livox_ros_driver2:${AMENT_PREFIX_PATH} CMAKE_PREFIX_PATH=/home/jiajia/wzr/localization_1/install/livox_ros_driver2:/opt/ros/humble LD_LIBRARY_PATH=/home/jiajia/wzr/localization_1/install/livox_ros_driver2/lib:/opt/MVS/lib/64:/opt/MVS/lib/32:/usr/lib/x86_64-linux-gnu/gazebo-11/plugins:/opt/ros/humble/opt/rviz_ogre_vendor/lib:/opt/ros/humble/lib/x86_64-linux-gnu:/opt/ros/humble/opt/openvdb_vendor/lib:/opt/ros/humble/lib:/opt/MVS/lib/64:/opt/MVS/lib/32:/opt/MVS/lib/64:/opt/MVS/lib/32 PYTHONPATH=/home/jiajia/wzr/localization_1/install/livox_ros_driver2/local/lib/python3.10/dist-packages:${PYTHONPATH} /usr/bin/cmake --build /home/jiajia/wzr/localization_1/build/icp_registration -- -j2 -l2
[66.317s] Invoking command in '/home/jiajia/wzr/localization_1/build/icp_registration': AMENT_PREFIX_PATH=/home/jiajia/wzr/localization_1/install/livox_ros_driver2:${AMENT_PREFIX_PATH} CMAKE_PREFIX_PATH=/home/jiajia/wzr/localization_1/install/livox_ros_driver2:/opt/ros/humble LD_LIBRARY_PATH=/home/jiajia/wzr/localization_1/install/livox_ros_driver2/lib:/opt/MVS/lib/64:/opt/MVS/lib/32:/usr/lib/x86_64-linux-gnu/gazebo-11/plugins:/opt/ros/humble/opt/rviz_ogre_vendor/lib:/opt/ros/humble/lib/x86_64-linux-gnu:/opt/ros/humble/opt/openvdb_vendor/lib:/opt/ros/humble/lib:/opt/MVS/lib/64:/opt/MVS/lib/32:/opt/MVS/lib/64:/opt/MVS/lib/32 PYTHONPATH=/home/jiajia/wzr/localization_1/install/livox_ros_driver2/local/lib/python3.10/dist-packages:${PYTHONPATH} /usr/bin/cmake --install /home/jiajia/wzr/localization_1/build/icp_registration
[66.322s] -- Install configuration: ""
[66.322s] -- Installing: /home/jiajia/wzr/localization_1/install/icp_registration/lib/icp_registration/icp_registration_node
[66.322s] -- Set runtime path of "/home/jiajia/wzr/localization_1/install/icp_registration/lib/icp_registration/icp_registration_node" to ""
[66.323s] -- Installing: /home/jiajia/wzr/localization_1/install/icp_registration/include
[66.323s] -- Installing: /home/jiajia/wzr/localization_1/install/icp_registration/include/icp_registration
[66.323s] -- Installing: /home/jiajia/wzr/localization_1/install/icp_registration/include/icp_registration/icp_registration.hpp
[66.323s] -- Installing: /home/jiajia/wzr/localization_1/install/icp_registration/share/icp_registration/environment/library_path.sh
[66.324s] -- Installing: /home/jiajia/wzr/localization_1/install/icp_registration/share/icp_registration/environment/library_path.dsv
[66.324s] -- Installing: /home/jiajia/wzr/localization_1/install/icp_registration/lib/libicp_registration.so
[66.336s] -- Set runtime path of "/home/jiajia/wzr/localization_1/install/icp_registration/lib/libicp_registration.so" to ""
[66.338s] -- Installing: /home/jiajia/wzr/localization_1/install/icp_registration/share/icp_registration/launch
[66.338s] -- Installing: /home/jiajia/wzr/localization_1/install/icp_registration/share/icp_registration/launch/icp.launch.py
[66.339s] -- Installing: /home/jiajia/wzr/localization_1/install/icp_registration/share/icp_registration/config
[66.339s] -- Installing: /home/jiajia/wzr/localization_1/install/icp_registration/share/icp_registration/config/icp.yaml
[66.339s] -- Installing: /home/jiajia/wzr/localization_1/install/icp_registration/share/ament_index/resource_index/package_run_dependencies/icp_registration
[66.339s] -- Installing: /home/jiajia/wzr/localization_1/install/icp_registration/share/ament_index/resource_index/parent_prefix_path/icp_registration
[66.339s] -- Installing: /home/jiajia/wzr/localization_1/install/icp_registration/share/icp_registration/environment/ament_prefix_path.sh
[66.340s] -- Installing: /home/jiajia/wzr/localization_1/install/icp_registration/share/icp_registration/environment/ament_prefix_path.dsv
[66.340s] -- Installing: /home/jiajia/wzr/localization_1/install/icp_registration/share/icp_registration/environment/path.sh
[66.340s] -- Installing: /home/jiajia/wzr/localization_1/install/icp_registration/share/icp_registration/environment/path.dsv
[66.340s] -- Installing: /home/jiajia/wzr/localization_1/install/icp_registration/share/icp_registration/local_setup.bash
[66.340s] -- Installing: /home/jiajia/wzr/localization_1/install/icp_registration/share/icp_registration/local_setup.sh
[66.340s] -- Installing: /home/jiajia/wzr/localization_1/install/icp_registration/share/icp_registration/local_setup.zsh
[66.340s] -- Installing: /home/jiajia/wzr/localization_1/install/icp_registration/share/icp_registration/local_setup.dsv
[66.340s] -- Installing: /home/jiajia/wzr/localization_1/install/icp_registration/share/icp_registration/package.dsv
[66.340s] -- Installing: /home/jiajia/wzr/localization_1/install/icp_registration/share/ament_index/resource_index/packages/icp_registration
[66.341s] -- Installing: /home/jiajia/wzr/localization_1/install/icp_registration/share/ament_index/resource_index/rclcpp_components/icp_registration
[66.341s] -- Installing: /home/jiajia/wzr/localization_1/install/icp_registration/share/icp_registration/cmake/ament_cmake_export_dependencies-extras.cmake
[66.341s] -- Installing: /home/jiajia/wzr/localization_1/install/icp_registration/share/icp_registration/cmake/ament_cmake_export_include_directories-extras.cmake
[66.341s] -- Installing: /home/jiajia/wzr/localization_1/install/icp_registration/share/icp_registration/cmake/ament_cmake_export_libraries-extras.cmake
[66.341s] -- Installing: /home/jiajia/wzr/localization_1/install/icp_registration/share/icp_registration/cmake/icp_registrationConfig.cmake
[66.341s] -- Installing: /home/jiajia/wzr/localization_1/install/icp_registration/share/icp_registration/cmake/icp_registrationConfig-version.cmake
[66.342s] -- Installing: /home/jiajia/wzr/localization_1/install/icp_registration/share/icp_registration/package.xml
[66.344s] Invoked command in '/home/jiajia/wzr/localization_1/build/icp_registration' returned '0': AMENT_PREFIX_PATH=/home/jiajia/wzr/localization_1/install/livox_ros_driver2:${AMENT_PREFIX_PATH} CMAKE_PREFIX_PATH=/home/jiajia/wzr/localization_1/install/livox_ros_driver2:/opt/ros/humble LD_LIBRARY_PATH=/home/jiajia/wzr/localization_1/install/livox_ros_driver2/lib:/opt/MVS/lib/64:/opt/MVS/lib/32:/usr/lib/x86_64-linux-gnu/gazebo-11/plugins:/opt/ros/humble/opt/rviz_ogre_vendor/lib:/opt/ros/humble/lib/x86_64-linux-gnu:/opt/ros/humble/opt/openvdb_vendor/lib:/opt/ros/humble/lib:/opt/MVS/lib/64:/opt/MVS/lib/32:/opt/MVS/lib/64:/opt/MVS/lib/32 PYTHONPATH=/home/jiajia/wzr/localization_1/install/livox_ros_driver2/local/lib/python3.10/dist-packages:${PYTHONPATH} /usr/bin/cmake --install /home/jiajia/wzr/localization_1/build/icp_registration
