-- The C compiler identification is GNU 12.3.0
-- The CXX compiler identification is GNU 12.3.0
-- Detecting C compiler ABI info
-- Detecting C compiler ABI info - done
-- Check for working C compiler: /usr/bin/cc - skipped
-- Detecting C compile features
-- Detecting C compile features - done
-- Detecting CXX compiler ABI info
-- Detecting CXX compiler ABI info - done
-- Check for working CXX compiler: /usr/bin/c++ - skipped
-- Detecting CXX compile features
-- Detecting CXX compile features - done
-- Current CPU architecture: x86_64
-- Processor number:  2
-- Found ament_cmake: 1.3.11 (/opt/ros/humble/share/ament_cmake/cmake)
-- Found Python3: /usr/bin/python3 (found version "3.10.12") found components: Interpreter 
-- Found rclcpp: 16.0.11 (/opt/ros/humble/share/rclcpp/cmake)
-- Found rosidl_generator_c: 3.1.6 (/opt/ros/humble/share/rosidl_generator_c/cmake)
-- Found rosidl_adapter: 3.1.6 (/opt/ros/humble/share/rosidl_adapter/cmake)
-- Found rosidl_generator_cpp: 3.1.6 (/opt/ros/humble/share/rosidl_generator_cpp/cmake)
-- Using all available rosidl_typesupport_c: rosidl_typesupport_fastrtps_c;rosidl_typesupport_introspection_c
-- Using all available rosidl_typesupport_cpp: rosidl_typesupport_fastrtps_cpp;rosidl_typesupport_introspection_cpp
-- Found rmw_implementation_cmake: 6.1.2 (/opt/ros/humble/share/rmw_implementation_cmake/cmake)
-- Found rmw_fastrtps_cpp: 6.2.7 (/opt/ros/humble/share/rmw_fastrtps_cpp/cmake)
-- Found OpenSSL: /usr/lib/x86_64-linux-gnu/libcrypto.so (found version "3.0.2")  
-- Found FastRTPS: /opt/ros/humble/include  
-- Using RMW implementation 'rmw_fastrtps_cpp' as default
-- Looking for pthread.h
-- Looking for pthread.h - found
-- Performing Test CMAKE_HAVE_LIBC_PTHREAD
-- Performing Test CMAKE_HAVE_LIBC_PTHREAD - Success
-- Found Threads: TRUE  
-- Found rclpy: 3.3.15 (/opt/ros/humble/share/rclpy/cmake)
-- Found geometry_msgs: 4.2.4 (/opt/ros/humble/share/geometry_msgs/cmake)
-- Found nav_msgs: 4.2.4 (/opt/ros/humble/share/nav_msgs/cmake)
-- Found sensor_msgs: 4.2.4 (/opt/ros/humble/share/sensor_msgs/cmake)
-- Found pcl_ros: 2.4.5 (/opt/ros/humble/share/pcl_ros/cmake)
-- Checking for module 'flann'
--   Found flann, version 1.9.1
-- Found FLANN: /usr/lib/x86_64-linux-gnu/libflann_cpp.so  
-- FLANN found (include: /usr/include, lib: /usr/lib/x86_64-linux-gnu/libflann_cpp.so)
-- Found OpenMP_CXX: -fopenmp (found version "4.5") 
-- Found OpenMP: TRUE (found version "4.5") found components: CXX 
-- Checking for module 'libusb-1.0'
--   Found libusb-1.0, version 1.0.25
-- Found libusb: /usr/lib/x86_64-linux-gnu/libusb-1.0.so  
-- OpenNI found (version: 1.5.4.0, include: /usr/include/ni, lib: /usr/lib/libOpenNI.so;libusb::libusb)
-- OpenNI2 found (version: 2.2.0.33, include: /usr/include/openni2, lib: /usr/lib/x86_64-linux-gnu/libOpenNI2.so;libusb::libusb)
-- Could NOT find Pcap (missing: PCAP_LIBRARIES PCAP_INCLUDE_DIRS) 
-- Found ZLIB: /usr/lib/x86_64-linux-gnu/libz.so (found version "1.2.11") 
-- Found PNG: /usr/lib/x86_64-linux-gnu/libpng.so (found version "1.6.37") 
-- OpenNI found (version: 1.5.4.0, include: /usr/include/ni, lib: /usr/lib/libOpenNI.so;libusb::libusb)
-- OpenNI2 found (version: 2.2.0.33, include: /usr/include/openni2, lib: /usr/lib/x86_64-linux-gnu/libOpenNI2.so;libusb::libusb)
-- Found Qhull version 8.0.2
-- Found PCL_COMMON: /usr/local/lib/libpcl_common.so  
-- Found PCL_KDTREE: /usr/local/lib/libpcl_kdtree.so  
-- Found PCL_OCTREE: /usr/local/lib/libpcl_octree.so  
-- Found PCL_SEARCH: /usr/local/lib/libpcl_search.so  
-- Found PCL_SAMPLE_CONSENSUS: /usr/local/lib/libpcl_sample_consensus.so  
-- Found PCL_FILTERS: /usr/local/lib/libpcl_filters.so  
-- Found PCL_2D: /usr/local/include/pcl-1.14  
-- Found PCL_GEOMETRY: /usr/local/include/pcl-1.14  
-- Found PCL_IO: /usr/local/lib/libpcl_io.so  
-- Found PCL_FEATURES: /usr/local/lib/libpcl_features.so  
-- Found PCL_ML: /usr/local/lib/libpcl_ml.so  
-- Found PCL_SEGMENTATION: /usr/local/lib/libpcl_segmentation.so  
-- Found PCL_VISUALIZATION: /usr/local/lib/libpcl_visualization.so  
-- Found PCL_SURFACE: /usr/local/lib/libpcl_surface.so  
-- Found PCL_REGISTRATION: /usr/local/lib/libpcl_registration.so  
-- Found PCL_KEYPOINTS: /usr/local/lib/libpcl_keypoints.so  
-- Found PCL_TRACKING: /usr/local/lib/libpcl_tracking.so  
-- Found PCL_RECOGNITION: /usr/local/lib/libpcl_recognition.so  
-- Found PCL_STEREO: /usr/local/lib/libpcl_stereo.so  
-- Found PCL_OUTOFCORE: /usr/local/lib/libpcl_outofcore.so  
-- Found PCL_PEOPLE: /usr/local/lib/libpcl_people.so  
-- Found eigen3_cmake_module: 0.1.1 (/opt/ros/humble/share/eigen3_cmake_module/cmake)
-- Found Eigen3: TRUE (found version "3.4.0") 
-- Ensuring Eigen3 include directory is part of orocos-kdl CMake target
-- Found visualization_msgs: 4.2.4 (/opt/ros/humble/share/visualization_msgs/cmake)
-- Found livox_ros_driver2: 1.0.0 (/home/jiajia/wzr/localization_1/install/livox_ros_driver2/share/livox_ros_driver2/cmake)
-- Found Boost: /usr/local/lib/cmake/Boost-1.86.0/BoostConfig.cmake (found version "1.86.0") found components: date_time system filesystem 
-- Found PythonLibs: /usr/lib/x86_64-linux-gnu/libpython3.10.so (found version "3.10.12") 
-- Configuring done
-- Generating done
-- Build files have been written to: /home/jiajia/wzr/localization_1/build/point_lio
[ 16%] [32mBuilding CXX object CMakeFiles/pointlio_mapping.dir/src/laserMapping.cpp.o[0m
In file included from [01m[K/usr/local/include/boost/bind.hpp:30[m[K,
                 from [01m[K/home/jiajia/wzr/localization_1/src/rm_localization/point_lio/include/../include/IKFoM/IKFoM_toolkit/esekfom/esekfom.hpp:42[m[K,
                 from [01m[K/home/jiajia/wzr/localization_1/src/rm_localization/point_lio/src/Estimator.h:4[m[K,
                 from [01m[K/home/jiajia/wzr/localization_1/src/rm_localization/point_lio/src/laserMapping.cpp:28[m[K:
[01m[K/usr/local/include/boost/bind.hpp:36:1:[m[K [01;36m[Knote: [m[K‘[01m[K#pragma message: The practice of declaring the Bind placeholders (_1, _2, ...) in the global namespace is deprecated. Please use <boost/bind/bind.hpp> + using namespace boost::placeholders, or define BOOST_BIND_GLOBAL_PLACEHOLDERS to retain the current behavior.[m[K’
   36 | [01;36m[KBOOST_PRAGMA_MESSAGE[m[K(
      | [01;36m[K^~~~~~~~~~~~~~~~~~~~[m[K
[ 33%] [32mBuilding CXX object CMakeFiles/pointlio_mapping.dir/include/ikd-Tree/ikd_Tree.cpp.o[0m
[ 50%] [32mBuilding CXX object CMakeFiles/pointlio_mapping.dir/src/parameters.cpp.o[0m
[ 66%] [32mBuilding CXX object CMakeFiles/pointlio_mapping.dir/src/preprocess.cpp.o[0m
[ 83%] [32mBuilding CXX object CMakeFiles/pointlio_mapping.dir/src/Estimator.cpp.o[0m
In file included from [01m[K/usr/local/include/boost/bind.hpp:30[m[K,
                 from [01m[K/home/jiajia/wzr/localization_1/src/rm_localization/point_lio/include/../include/IKFoM/IKFoM_toolkit/esekfom/esekfom.hpp:42[m[K,
                 from [01m[K/home/jiajia/wzr/localization_1/src/rm_localization/point_lio/src/Estimator.h:4[m[K,
                 from [01m[K/home/jiajia/wzr/localization_1/src/rm_localization/point_lio/src/Estimator.cpp:2[m[K:
[01m[K/usr/local/include/boost/bind.hpp:36:1:[m[K [01;36m[Knote: [m[K‘[01m[K#pragma message: The practice of declaring the Bind placeholders (_1, _2, ...) in the global namespace is deprecated. Please use <boost/bind/bind.hpp> + using namespace boost::placeholders, or define BOOST_BIND_GLOBAL_PLACEHOLDERS to retain the current behavior.[m[K’
   36 | [01;36m[KBOOST_PRAGMA_MESSAGE[m[K(
      | [01;36m[K^~~~~~~~~~~~~~~~~~~~[m[K
[100%] [32m[1mLinking CXX executable pointlio_mapping[0m
/usr/bin/ld: warning: libpcl_common.so.1.14, needed by /usr/local/lib/libpcl_filters.so, may conflict with libpcl_common.so.1.12
/usr/bin/ld: warning: libboost_iostreams.so.1.74.0, needed by /usr/local/lib/libpcl_io.so, may conflict with libboost_iostreams.so.1.86.0
/usr/bin/ld: warning: libboost_filesystem.so.1.74.0, needed by /usr/local/lib/libpcl_io.so, may conflict with libboost_filesystem.so.1.86.0
[100%] Built target pointlio_mapping
-- Install configuration: ""
-- Installing: /home/jiajia/wzr/localization_1/install/point_lio/lib/point_lio/pointlio_mapping
-- Set runtime path of "/home/jiajia/wzr/localization_1/install/point_lio/lib/point_lio/pointlio_mapping" to ""
-- Installing: /home/jiajia/wzr/localization_1/install/point_lio/share/point_lio/config
-- Installing: /home/jiajia/wzr/localization_1/install/point_lio/share/point_lio/config/mid360.yaml
-- Installing: /home/jiajia/wzr/localization_1/install/point_lio/share/point_lio/config/avia.yaml
-- Installing: /home/jiajia/wzr/localization_1/install/point_lio/share/point_lio/config/velody16.yaml
-- Installing: /home/jiajia/wzr/localization_1/install/point_lio/share/point_lio/config/ouster64.yaml
-- Installing: /home/jiajia/wzr/localization_1/install/point_lio/share/point_lio/config/horizon.yaml
-- Installing: /home/jiajia/wzr/localization_1/install/point_lio/share/point_lio/launch
-- Installing: /home/jiajia/wzr/localization_1/install/point_lio/share/point_lio/launch/gdb_debug_example.launch.py
-- Installing: /home/jiajia/wzr/localization_1/install/point_lio/share/point_lio/launch/mapping_horizon.launch.py
-- Installing: /home/jiajia/wzr/localization_1/install/point_lio/share/point_lio/launch/mapping_velody16.launch.py
-- Installing: /home/jiajia/wzr/localization_1/install/point_lio/share/point_lio/launch/mapping_avia.launch.py
-- Installing: /home/jiajia/wzr/localization_1/install/point_lio/share/point_lio/launch/mapping_mid360.launch.py
-- Installing: /home/jiajia/wzr/localization_1/install/point_lio/share/point_lio/launch/mapping_ouster64.launch.py
-- Installing: /home/jiajia/wzr/localization_1/install/point_lio/share/point_lio/rviz_cfg
-- Installing: /home/jiajia/wzr/localization_1/install/point_lio/share/point_lio/rviz_cfg/loam_livox.rviz
-- Installing: /home/jiajia/wzr/localization_1/install/point_lio/share/ament_index/resource_index/package_run_dependencies/point_lio
-- Installing: /home/jiajia/wzr/localization_1/install/point_lio/share/ament_index/resource_index/parent_prefix_path/point_lio
-- Installing: /home/jiajia/wzr/localization_1/install/point_lio/share/point_lio/environment/ament_prefix_path.sh
-- Installing: /home/jiajia/wzr/localization_1/install/point_lio/share/point_lio/environment/ament_prefix_path.dsv
-- Installing: /home/jiajia/wzr/localization_1/install/point_lio/share/point_lio/environment/path.sh
-- Installing: /home/jiajia/wzr/localization_1/install/point_lio/share/point_lio/environment/path.dsv
-- Installing: /home/jiajia/wzr/localization_1/install/point_lio/share/point_lio/local_setup.bash
-- Installing: /home/jiajia/wzr/localization_1/install/point_lio/share/point_lio/local_setup.sh
-- Installing: /home/jiajia/wzr/localization_1/install/point_lio/share/point_lio/local_setup.zsh
-- Installing: /home/jiajia/wzr/localization_1/install/point_lio/share/point_lio/local_setup.dsv
-- Installing: /home/jiajia/wzr/localization_1/install/point_lio/share/point_lio/package.dsv
-- Installing: /home/jiajia/wzr/localization_1/install/point_lio/share/ament_index/resource_index/packages/point_lio
-- Installing: /home/jiajia/wzr/localization_1/install/point_lio/share/point_lio/cmake/ament_cmake_export_dependencies-extras.cmake
-- Installing: /home/jiajia/wzr/localization_1/install/point_lio/share/point_lio/cmake/point_lioConfig.cmake
-- Installing: /home/jiajia/wzr/localization_1/install/point_lio/share/point_lio/cmake/point_lioConfig-version.cmake
-- Installing: /home/jiajia/wzr/localization_1/install/point_lio/share/point_lio/package.xml
