[0.013s] Invoking command in '/home/jiajia/wzr/localization_1/build/point_lio': AMENT_PREFIX_PATH=/home/jiajia/wzr/localization_1/install/livox_ros_driver2:${AMENT_PREFIX_PATH} CMAKE_PREFIX_PATH=/home/jiajia/wzr/localization_1/install/livox_ros_driver2:/opt/ros/humble LD_LIBRARY_PATH=/home/jiajia/wzr/localization_1/install/livox_ros_driver2/lib:/opt/MVS/lib/64:/opt/MVS/lib/32:/usr/lib/x86_64-linux-gnu/gazebo-11/plugins:/opt/ros/humble/opt/rviz_ogre_vendor/lib:/opt/ros/humble/lib/x86_64-linux-gnu:/opt/ros/humble/opt/openvdb_vendor/lib:/opt/ros/humble/lib:/opt/MVS/lib/64:/opt/MVS/lib/32:/opt/MVS/lib/64:/opt/MVS/lib/32 PYTHONPATH=/home/jiajia/wzr/localization_1/install/livox_ros_driver2/local/lib/python3.10/dist-packages:${PYTHONPATH} /usr/bin/cmake /home/jiajia/wzr/localization_1/src/rm_localization/point_lio -DCMAKE_INSTALL_PREFIX=/home/jiajia/wzr/localization_1/install/point_lio
[0.084s] -- The C compiler identification is GNU 12.3.0
[0.144s] -- The CXX compiler identification is GNU 12.3.0
[0.152s] -- Detecting C compiler ABI info
[0.212s] -- Detecting C compiler ABI info - done
[0.217s] -- Check for working C compiler: /usr/bin/cc - skipped
[0.217s] -- Detecting C compile features
[0.218s] -- Detecting C compile features - done
[0.220s] -- Detecting CXX compiler ABI info
[0.288s] -- Detecting CXX compiler ABI info - done
[0.294s] -- Check for working CXX compiler: /usr/bin/c++ - skipped
[0.294s] -- Detecting CXX compile features
[0.294s] -- Detecting CXX compile features - done
[0.294s] -- Current CPU architecture: x86_64
[0.297s] -- Processor number:  2
[0.299s] -- Found ament_cmake: 1.3.11 (/opt/ros/humble/share/ament_cmake/cmake)
[0.421s] -- Found Python3: /usr/bin/python3 (found version "3.10.12") found components: Interpreter 
[0.489s] -- Found rclcpp: 16.0.11 (/opt/ros/humble/share/rclcpp/cmake)
[0.518s] -- Found rosidl_generator_c: 3.1.6 (/opt/ros/humble/share/rosidl_generator_c/cmake)
[0.522s] -- Found rosidl_adapter: 3.1.6 (/opt/ros/humble/share/rosidl_adapter/cmake)
[0.528s] -- Found rosidl_generator_cpp: 3.1.6 (/opt/ros/humble/share/rosidl_generator_cpp/cmake)
[0.536s] -- Using all available rosidl_typesupport_c: rosidl_typesupport_fastrtps_c;rosidl_typesupport_introspection_c
[0.548s] -- Using all available rosidl_typesupport_cpp: rosidl_typesupport_fastrtps_cpp;rosidl_typesupport_introspection_cpp
[0.583s] -- Found rmw_implementation_cmake: 6.1.2 (/opt/ros/humble/share/rmw_implementation_cmake/cmake)
[0.583s] -- Found rmw_fastrtps_cpp: 6.2.7 (/opt/ros/humble/share/rmw_fastrtps_cpp/cmake)
[0.642s] -- Found OpenSSL: /usr/lib/x86_64-linux-gnu/libcrypto.so (found version "3.0.2")  
[0.661s] -- Found FastRTPS: /opt/ros/humble/include  
[0.689s] -- Using RMW implementation 'rmw_fastrtps_cpp' as default
[0.694s] -- Looking for pthread.h
[0.750s] -- Looking for pthread.h - found
[0.752s] -- Performing Test CMAKE_HAVE_LIBC_PTHREAD
[0.808s] -- Performing Test CMAKE_HAVE_LIBC_PTHREAD - Success
[0.810s] -- Found Threads: TRUE  
[0.843s] -- Found rclpy: 3.3.15 (/opt/ros/humble/share/rclpy/cmake)
[0.844s] -- Found geometry_msgs: 4.2.4 (/opt/ros/humble/share/geometry_msgs/cmake)
[0.852s] -- Found nav_msgs: 4.2.4 (/opt/ros/humble/share/nav_msgs/cmake)
[0.863s] -- Found sensor_msgs: 4.2.4 (/opt/ros/humble/share/sensor_msgs/cmake)
[0.876s] -- Found pcl_ros: 2.4.5 (/opt/ros/humble/share/pcl_ros/cmake)
[0.926s] -- Checking for module 'flann'
[0.936s] --   Found flann, version 1.9.1
[0.963s] -- Found FLANN: /usr/lib/x86_64-linux-gnu/libflann_cpp.so  
[0.963s] -- FLANN found (include: /usr/include, lib: /usr/lib/x86_64-linux-gnu/libflann_cpp.so)
[1.180s] -- Found OpenMP_CXX: -fopenmp (found version "4.5") 
[1.180s] -- Found OpenMP: TRUE (found version "4.5") found components: CXX 
[1.219s] -- Checking for module 'libusb-1.0'
[1.228s] --   Found libusb-1.0, version 1.0.25
[1.250s] -- Found libusb: /usr/lib/x86_64-linux-gnu/libusb-1.0.so  
[1.251s] -- OpenNI found (version: 1.5.4.0, include: /usr/include/ni, lib: /usr/lib/libOpenNI.so;libusb::libusb)
[1.290s] -- OpenNI2 found (version: 2.2.0.33, include: /usr/include/openni2, lib: /usr/lib/x86_64-linux-gnu/libOpenNI2.so;libusb::libusb)
[1.291s] -- Could NOT find Pcap (missing: PCAP_LIBRARIES PCAP_INCLUDE_DIRS) 
[1.298s] -- Found ZLIB: /usr/lib/x86_64-linux-gnu/libz.so (found version "1.2.11") 
[1.311s] -- Found PNG: /usr/lib/x86_64-linux-gnu/libpng.so (found version "1.6.37") 
[1.961s] -- OpenNI found (version: 1.5.4.0, include: /usr/include/ni, lib: /usr/lib/libOpenNI.so;libusb::libusb)
[1.967s] -- OpenNI2 found (version: 2.2.0.33, include: /usr/include/openni2, lib: /usr/lib/x86_64-linux-gnu/libOpenNI2.so;libusb::libusb)
[2.172s] -- Found Qhull version 8.0.2
[2.407s] -- Found PCL_COMMON: /usr/local/lib/libpcl_common.so  
[2.408s] -- Found PCL_KDTREE: /usr/local/lib/libpcl_kdtree.so  
[2.408s] -- Found PCL_OCTREE: /usr/local/lib/libpcl_octree.so  
[2.409s] -- Found PCL_SEARCH: /usr/local/lib/libpcl_search.so  
[2.409s] -- Found PCL_SAMPLE_CONSENSUS: /usr/local/lib/libpcl_sample_consensus.so  
[2.410s] -- Found PCL_FILTERS: /usr/local/lib/libpcl_filters.so  
[2.410s] -- Found PCL_2D: /usr/local/include/pcl-1.14  
[2.410s] -- Found PCL_GEOMETRY: /usr/local/include/pcl-1.14  
[2.411s] -- Found PCL_IO: /usr/local/lib/libpcl_io.so  
[2.412s] -- Found PCL_FEATURES: /usr/local/lib/libpcl_features.so  
[2.412s] -- Found PCL_ML: /usr/local/lib/libpcl_ml.so  
[2.413s] -- Found PCL_SEGMENTATION: /usr/local/lib/libpcl_segmentation.so  
[2.415s] -- Found PCL_VISUALIZATION: /usr/local/lib/libpcl_visualization.so  
[2.416s] -- Found PCL_SURFACE: /usr/local/lib/libpcl_surface.so  
[2.417s] -- Found PCL_REGISTRATION: /usr/local/lib/libpcl_registration.so  
[2.426s] -- Found PCL_KEYPOINTS: /usr/local/lib/libpcl_keypoints.so  
[2.426s] -- Found PCL_TRACKING: /usr/local/lib/libpcl_tracking.so  
[2.426s] -- Found PCL_RECOGNITION: /usr/local/lib/libpcl_recognition.so  
[2.426s] -- Found PCL_STEREO: /usr/local/lib/libpcl_stereo.so  
[2.426s] -- Found PCL_OUTOFCORE: /usr/local/lib/libpcl_outofcore.so  
[2.426s] -- Found PCL_PEOPLE: /usr/local/lib/libpcl_people.so  
[2.446s] -- Found eigen3_cmake_module: 0.1.1 (/opt/ros/humble/share/eigen3_cmake_module/cmake)
[2.448s] -- Found Eigen3: TRUE (found version "3.4.0") 
[2.448s] -- Ensuring Eigen3 include directory is part of orocos-kdl CMake target
[2.513s] -- Found visualization_msgs: 4.2.4 (/opt/ros/humble/share/visualization_msgs/cmake)
[2.530s] -- Found livox_ros_driver2: 1.0.0 (/home/jiajia/wzr/localization_1/install/livox_ros_driver2/share/livox_ros_driver2/cmake)
[2.551s] -- Found Boost: /usr/local/lib/cmake/Boost-1.86.0/BoostConfig.cmake (found version "1.86.0") found components: date_time system filesystem 
[2.613s] -- Found PythonLibs: /usr/lib/x86_64-linux-gnu/libpython3.10.so (found version "3.10.12") 
[2.670s] -- Configuring done
[2.699s] -- Generating done
[2.707s] -- Build files have been written to: /home/jiajia/wzr/localization_1/build/point_lio
[2.723s] Invoked command in '/home/jiajia/wzr/localization_1/build/point_lio' returned '0': AMENT_PREFIX_PATH=/home/jiajia/wzr/localization_1/install/livox_ros_driver2:${AMENT_PREFIX_PATH} CMAKE_PREFIX_PATH=/home/jiajia/wzr/localization_1/install/livox_ros_driver2:/opt/ros/humble LD_LIBRARY_PATH=/home/jiajia/wzr/localization_1/install/livox_ros_driver2/lib:/opt/MVS/lib/64:/opt/MVS/lib/32:/usr/lib/x86_64-linux-gnu/gazebo-11/plugins:/opt/ros/humble/opt/rviz_ogre_vendor/lib:/opt/ros/humble/lib/x86_64-linux-gnu:/opt/ros/humble/opt/openvdb_vendor/lib:/opt/ros/humble/lib:/opt/MVS/lib/64:/opt/MVS/lib/32:/opt/MVS/lib/64:/opt/MVS/lib/32 PYTHONPATH=/home/jiajia/wzr/localization_1/install/livox_ros_driver2/local/lib/python3.10/dist-packages:${PYTHONPATH} /usr/bin/cmake /home/jiajia/wzr/localization_1/src/rm_localization/point_lio -DCMAKE_INSTALL_PREFIX=/home/jiajia/wzr/localization_1/install/point_lio
[2.727s] Invoking command in '/home/jiajia/wzr/localization_1/build/point_lio': AMENT_PREFIX_PATH=/home/jiajia/wzr/localization_1/install/livox_ros_driver2:${AMENT_PREFIX_PATH} CMAKE_PREFIX_PATH=/home/jiajia/wzr/localization_1/install/livox_ros_driver2:/opt/ros/humble LD_LIBRARY_PATH=/home/jiajia/wzr/localization_1/install/livox_ros_driver2/lib:/opt/MVS/lib/64:/opt/MVS/lib/32:/usr/lib/x86_64-linux-gnu/gazebo-11/plugins:/opt/ros/humble/opt/rviz_ogre_vendor/lib:/opt/ros/humble/lib/x86_64-linux-gnu:/opt/ros/humble/opt/openvdb_vendor/lib:/opt/ros/humble/lib:/opt/MVS/lib/64:/opt/MVS/lib/32:/opt/MVS/lib/64:/opt/MVS/lib/32 PYTHONPATH=/home/jiajia/wzr/localization_1/install/livox_ros_driver2/local/lib/python3.10/dist-packages:${PYTHONPATH} /usr/bin/cmake --build /home/jiajia/wzr/localization_1/build/point_lio -- -j2 -l2
[2.771s] [ 16%] [32mBuilding CXX object CMakeFiles/pointlio_mapping.dir/src/laserMapping.cpp.o[0m
[8.792s] In file included from [01m[K/usr/local/include/boost/bind.hpp:30[m[K,
[8.792s]                  from [01m[K/home/jiajia/wzr/localization_1/src/rm_localization/point_lio/include/../include/IKFoM/IKFoM_toolkit/esekfom/esekfom.hpp:42[m[K,
[8.792s]                  from [01m[K/home/jiajia/wzr/localization_1/src/rm_localization/point_lio/src/Estimator.h:4[m[K,
[8.792s]                  from [01m[K/home/jiajia/wzr/localization_1/src/rm_localization/point_lio/src/laserMapping.cpp:28[m[K:
[8.792s] [01m[K/usr/local/include/boost/bind.hpp:36:1:[m[K [01;36m[Knote: [m[K‘[01m[K#pragma message: The practice of declaring the Bind placeholders (_1, _2, ...) in the global namespace is deprecated. Please use <boost/bind/bind.hpp> + using namespace boost::placeholders, or define BOOST_BIND_GLOBAL_PLACEHOLDERS to retain the current behavior.[m[K’
[8.792s]    36 | [01;36m[KBOOST_PRAGMA_MESSAGE[m[K(
[8.792s]       | [01;36m[K^~~~~~~~~~~~~~~~~~~~[m[K
[62.547s] [ 33%] [32mBuilding CXX object CMakeFiles/pointlio_mapping.dir/include/ikd-Tree/ikd_Tree.cpp.o[0m
[69.618s] [ 50%] [32mBuilding CXX object CMakeFiles/pointlio_mapping.dir/src/parameters.cpp.o[0m
[75.986s] [ 66%] [32mBuilding CXX object CMakeFiles/pointlio_mapping.dir/src/preprocess.cpp.o[0m
[82.694s] [ 83%] [32mBuilding CXX object CMakeFiles/pointlio_mapping.dir/src/Estimator.cpp.o[0m
[84.373s] In file included from [01m[K/usr/local/include/boost/bind.hpp:30[m[K,
[84.373s]                  from [01m[K/home/jiajia/wzr/localization_1/src/rm_localization/point_lio/include/../include/IKFoM/IKFoM_toolkit/esekfom/esekfom.hpp:42[m[K,
[84.373s]                  from [01m[K/home/jiajia/wzr/localization_1/src/rm_localization/point_lio/src/Estimator.h:4[m[K,
[84.373s]                  from [01m[K/home/jiajia/wzr/localization_1/src/rm_localization/point_lio/src/Estimator.cpp:2[m[K:
[84.373s] [01m[K/usr/local/include/boost/bind.hpp:36:1:[m[K [01;36m[Knote: [m[K‘[01m[K#pragma message: The practice of declaring the Bind placeholders (_1, _2, ...) in the global namespace is deprecated. Please use <boost/bind/bind.hpp> + using namespace boost::placeholders, or define BOOST_BIND_GLOBAL_PLACEHOLDERS to retain the current behavior.[m[K’
[84.373s]    36 | [01;36m[KBOOST_PRAGMA_MESSAGE[m[K(
[84.373s]       | [01;36m[K^~~~~~~~~~~~~~~~~~~~[m[K
[98.463s] [100%] [32m[1mLinking CXX executable pointlio_mapping[0m
[99.125s] /usr/bin/ld: warning: libpcl_common.so.1.14, needed by /usr/local/lib/libpcl_filters.so, may conflict with libpcl_common.so.1.12
[99.127s] /usr/bin/ld: warning: libboost_iostreams.so.1.74.0, needed by /usr/local/lib/libpcl_io.so, may conflict with libboost_iostreams.so.1.86.0
[99.127s] /usr/bin/ld: warning: libboost_filesystem.so.1.74.0, needed by /usr/local/lib/libpcl_io.so, may conflict with libboost_filesystem.so.1.86.0
[99.323s] [100%] Built target pointlio_mapping
[99.332s] Invoked command in '/home/jiajia/wzr/localization_1/build/point_lio' returned '0': AMENT_PREFIX_PATH=/home/jiajia/wzr/localization_1/install/livox_ros_driver2:${AMENT_PREFIX_PATH} CMAKE_PREFIX_PATH=/home/jiajia/wzr/localization_1/install/livox_ros_driver2:/opt/ros/humble LD_LIBRARY_PATH=/home/jiajia/wzr/localization_1/install/livox_ros_driver2/lib:/opt/MVS/lib/64:/opt/MVS/lib/32:/usr/lib/x86_64-linux-gnu/gazebo-11/plugins:/opt/ros/humble/opt/rviz_ogre_vendor/lib:/opt/ros/humble/lib/x86_64-linux-gnu:/opt/ros/humble/opt/openvdb_vendor/lib:/opt/ros/humble/lib:/opt/MVS/lib/64:/opt/MVS/lib/32:/opt/MVS/lib/64:/opt/MVS/lib/32 PYTHONPATH=/home/jiajia/wzr/localization_1/install/livox_ros_driver2/local/lib/python3.10/dist-packages:${PYTHONPATH} /usr/bin/cmake --build /home/jiajia/wzr/localization_1/build/point_lio -- -j2 -l2
[99.333s] Invoking command in '/home/jiajia/wzr/localization_1/build/point_lio': AMENT_PREFIX_PATH=/home/jiajia/wzr/localization_1/install/livox_ros_driver2:${AMENT_PREFIX_PATH} CMAKE_PREFIX_PATH=/home/jiajia/wzr/localization_1/install/livox_ros_driver2:/opt/ros/humble LD_LIBRARY_PATH=/home/jiajia/wzr/localization_1/install/livox_ros_driver2/lib:/opt/MVS/lib/64:/opt/MVS/lib/32:/usr/lib/x86_64-linux-gnu/gazebo-11/plugins:/opt/ros/humble/opt/rviz_ogre_vendor/lib:/opt/ros/humble/lib/x86_64-linux-gnu:/opt/ros/humble/opt/openvdb_vendor/lib:/opt/ros/humble/lib:/opt/MVS/lib/64:/opt/MVS/lib/32:/opt/MVS/lib/64:/opt/MVS/lib/32 PYTHONPATH=/home/jiajia/wzr/localization_1/install/livox_ros_driver2/local/lib/python3.10/dist-packages:${PYTHONPATH} /usr/bin/cmake --install /home/jiajia/wzr/localization_1/build/point_lio
[99.338s] -- Install configuration: ""
[99.338s] -- Installing: /home/jiajia/wzr/localization_1/install/point_lio/lib/point_lio/pointlio_mapping
[99.340s] -- Set runtime path of "/home/jiajia/wzr/localization_1/install/point_lio/lib/point_lio/pointlio_mapping" to ""
[99.340s] -- Installing: /home/jiajia/wzr/localization_1/install/point_lio/share/point_lio/config
[99.340s] -- Installing: /home/jiajia/wzr/localization_1/install/point_lio/share/point_lio/config/mid360.yaml
[99.340s] -- Installing: /home/jiajia/wzr/localization_1/install/point_lio/share/point_lio/config/avia.yaml
[99.340s] -- Installing: /home/jiajia/wzr/localization_1/install/point_lio/share/point_lio/config/velody16.yaml
[99.340s] -- Installing: /home/jiajia/wzr/localization_1/install/point_lio/share/point_lio/config/ouster64.yaml
[99.341s] -- Installing: /home/jiajia/wzr/localization_1/install/point_lio/share/point_lio/config/horizon.yaml
[99.341s] -- Installing: /home/jiajia/wzr/localization_1/install/point_lio/share/point_lio/launch
[99.341s] -- Installing: /home/jiajia/wzr/localization_1/install/point_lio/share/point_lio/launch/gdb_debug_example.launch.py
[99.341s] -- Installing: /home/jiajia/wzr/localization_1/install/point_lio/share/point_lio/launch/mapping_horizon.launch.py
[99.341s] -- Installing: /home/jiajia/wzr/localization_1/install/point_lio/share/point_lio/launch/mapping_velody16.launch.py
[99.341s] -- Installing: /home/jiajia/wzr/localization_1/install/point_lio/share/point_lio/launch/mapping_avia.launch.py
[99.341s] -- Installing: /home/jiajia/wzr/localization_1/install/point_lio/share/point_lio/launch/mapping_mid360.launch.py
[99.341s] -- Installing: /home/jiajia/wzr/localization_1/install/point_lio/share/point_lio/launch/mapping_ouster64.launch.py
[99.341s] -- Installing: /home/jiajia/wzr/localization_1/install/point_lio/share/point_lio/rviz_cfg
[99.341s] -- Installing: /home/jiajia/wzr/localization_1/install/point_lio/share/point_lio/rviz_cfg/loam_livox.rviz
[99.342s] -- Installing: /home/jiajia/wzr/localization_1/install/point_lio/share/ament_index/resource_index/package_run_dependencies/point_lio
[99.342s] -- Installing: /home/jiajia/wzr/localization_1/install/point_lio/share/ament_index/resource_index/parent_prefix_path/point_lio
[99.342s] -- Installing: /home/jiajia/wzr/localization_1/install/point_lio/share/point_lio/environment/ament_prefix_path.sh
[99.342s] -- Installing: /home/jiajia/wzr/localization_1/install/point_lio/share/point_lio/environment/ament_prefix_path.dsv
[99.342s] -- Installing: /home/jiajia/wzr/localization_1/install/point_lio/share/point_lio/environment/path.sh
[99.342s] -- Installing: /home/jiajia/wzr/localization_1/install/point_lio/share/point_lio/environment/path.dsv
[99.343s] -- Installing: /home/jiajia/wzr/localization_1/install/point_lio/share/point_lio/local_setup.bash
[99.343s] -- Installing: /home/jiajia/wzr/localization_1/install/point_lio/share/point_lio/local_setup.sh
[99.343s] -- Installing: /home/jiajia/wzr/localization_1/install/point_lio/share/point_lio/local_setup.zsh
[99.343s] -- Installing: /home/jiajia/wzr/localization_1/install/point_lio/share/point_lio/local_setup.dsv
[99.343s] -- Installing: /home/jiajia/wzr/localization_1/install/point_lio/share/point_lio/package.dsv
[99.343s] -- Installing: /home/jiajia/wzr/localization_1/install/point_lio/share/ament_index/resource_index/packages/point_lio
[99.343s] -- Installing: /home/jiajia/wzr/localization_1/install/point_lio/share/point_lio/cmake/ament_cmake_export_dependencies-extras.cmake
[99.343s] -- Installing: /home/jiajia/wzr/localization_1/install/point_lio/share/point_lio/cmake/point_lioConfig.cmake
[99.344s] -- Installing: /home/jiajia/wzr/localization_1/install/point_lio/share/point_lio/cmake/point_lioConfig-version.cmake
[99.344s] -- Installing: /home/jiajia/wzr/localization_1/install/point_lio/share/point_lio/package.xml
[99.346s] Invoked command in '/home/jiajia/wzr/localization_1/build/point_lio' returned '0': AMENT_PREFIX_PATH=/home/jiajia/wzr/localization_1/install/livox_ros_driver2:${AMENT_PREFIX_PATH} CMAKE_PREFIX_PATH=/home/jiajia/wzr/localization_1/install/livox_ros_driver2:/opt/ros/humble LD_LIBRARY_PATH=/home/jiajia/wzr/localization_1/install/livox_ros_driver2/lib:/opt/MVS/lib/64:/opt/MVS/lib/32:/usr/lib/x86_64-linux-gnu/gazebo-11/plugins:/opt/ros/humble/opt/rviz_ogre_vendor/lib:/opt/ros/humble/lib/x86_64-linux-gnu:/opt/ros/humble/opt/openvdb_vendor/lib:/opt/ros/humble/lib:/opt/MVS/lib/64:/opt/MVS/lib/32:/opt/MVS/lib/64:/opt/MVS/lib/32 PYTHONPATH=/home/jiajia/wzr/localization_1/install/livox_ros_driver2/local/lib/python3.10/dist-packages:${PYTHONPATH} /usr/bin/cmake --install /home/jiajia/wzr/localization_1/build/point_lio
