[0mCurrent CPU archtecture: x86_64[0m
[0mProcesser number:  2[0m
[33mCMake Warning (dev) at CMakeLists.txt:83 (find_package):
  Policy CMP0074 is not set: find_package uses <PackageName>_ROOT variables.
  Run "cmake --help-policy CMP0074" for policy details.  Use the cmake_policy
  command to set the policy and suppress this warning.

  CMake variable PCL_ROOT is set to:

    /usr/local

  For compatibility, CMake is ignoring the variable.
This warning is for project developers.  Use -Wno-dev to suppress it.
[0m
[0mEigen:/usr/include/eigen3[0m
In file included from [01m[K/usr/local/include/boost/bind.hpp:30[m[K,
                 from [01m[K/home/jiajia/wzr/localization_1/src/rm_localization/fast_lio/include/IKFoM_toolkit/esekfom/esekfom.hpp:42[m[K,
                 from [01m[K/home/jiajia/wzr/localization_1/src/rm_localization/fast_lio/include/use-ikfom.hpp:4[m[K,
                 from [01m[K/home/jiajia/wzr/localization_1/src/rm_localization/fast_lio/src/IMU_Processing.hpp:22[m[K,
                 from [01m[K/home/jiajia/wzr/localization_1/src/rm_localization/fast_lio/src/laserMapping.cpp:47[m[K:
[01m[K/usr/local/include/boost/bind.hpp:36:1:[m[K [01;36m[Knote: [m[K‘[01m[K#pragma message: The practice of declaring the Bind placeholders (_1, _2, ...) in the global namespace is deprecated. Please use <boost/bind/bind.hpp> + using namespace boost::placeholders, or define BOOST_BIND_GLOBAL_PLACEHOLDERS to retain the current behavior.[m[K’
   36 | [01;36m[KBOOST_PRAGMA_MESSAGE[m[K(
      | [01;36m[K^~~~~~~~~~~~~~~~~~~~[m[K
/usr/bin/ld: warning: libboost_iostreams.so.1.74.0, needed by /usr/local/lib/libpcl_io.so, may conflict with libboost_iostreams.so.1.86.0
/usr/bin/ld: warning: libboost_filesystem.so.1.74.0, needed by /usr/local/lib/libpcl_io.so, may conflict with libboost_filesystem.so.1.86.0
/usr/bin/ld: warning: libpcl_common.so.1.14, needed by /usr/local/lib/libpcl_io.so, may conflict with libpcl_common.so.1.12
