[0.031s] Invoking command in '/home/jiajia/wzr/localization_1/build/rm_aimassist': CMAKE_PREFIX_PATH=/home/jiajia/wzr/localization_1/install/rm_msgs:/home/jiajia/wzr/localization_1/install/teb_local_planner:/home/jiajia/wzr/localization_1/install/teb_msgs:/home/jiajia/wzr/localization_1/install/rm_startup:/home/jiajia/wzr/localization_1/install/rm_bringup:/home/jiajia/wzr/localization_1/install/rm_serial_driver:/home/jiajia/wzr/localization_1/install/rm_rune:/home/jiajia/wzr/localization_1/install/rm_navigation:/home/jiajia/wzr/localization_1/install/rm_armor_tracker:/home/jiajia/wzr/localization_1/install/rm_armor_detector:/home/jiajia/wzr/localization_1/install/rm_aimassist:/home/jiajia/wzr/localization_1/install/mechax_trajectory:/home/jiajia/wzr/localization_1/install/closed_loop:/home/jiajia/wzr/localization_1/install/rm_gimbal_description:/home/jiajia/wzr/localization_1/install/pointcloud_to_laserscan:/home/jiajia/wzr/localization_1/install/point_lio:/home/jiajia/wzr/localization_1/install/mindvision_camera:/home/jiajia/wzr/localization_1/install/icp_registration:/home/jiajia/wzr/localization_1/install/fast_lio:/home/jiajia/wzr/localization_1/install/livox_ros_driver2:/home/jiajia/wzr/localization_1/install/linefit_ground_segmentation_ros:/home/jiajia/wzr/localization_1/install/linefit_ground_segmentation:/home/jiajia/wzr/localization_1/install/imu_complementary_filter:/home/jiajia/wzr/localization_1/install/hik_camera:/home/jiajia/wzr/localization_1/install/costmap_converter:/home/jiajia/wzr/localization_1/install/costmap_converter_msgs:/opt/ros/humble LD_LIBRARY_PATH=/home/jiajia/wzr/localization_1/install/rm_msgs/lib:/home/jiajia/wzr/localization_1/install/teb_local_planner/lib:/home/jiajia/wzr/localization_1/install/teb_msgs/lib:/home/jiajia/wzr/localization_1/install/rm_serial_driver/lib:/home/jiajia/wzr/localization_1/install/rm_rune/lib:/home/jiajia/wzr/localization_1/install/rm_armor_tracker/lib:/home/jiajia/wzr/localization_1/install/rm_armor_detector/lib:/home/jiajia/wzr/localization_1/install/rm_aimassist/lib:/home/jiajia/wzr/localization_1/install/mechax_trajectory/lib:/home/jiajia/wzr/localization_1/install/closed_loop/lib:/home/jiajia/wzr/localization_1/install/pointcloud_to_laserscan/lib:/home/jiajia/wzr/localization_1/install/mindvision_camera/lib:/home/jiajia/wzr/localization_1/install/icp_registration/lib:/home/jiajia/wzr/localization_1/install/fast_lio/lib:/home/jiajia/wzr/localization_1/install/livox_ros_driver2/lib:/home/jiajia/wzr/localization_1/install/linefit_ground_segmentation/lib:/home/jiajia/wzr/localization_1/install/imu_complementary_filter/lib:/home/jiajia/wzr/localization_1/install/hik_camera/lib:/home/jiajia/wzr/localization_1/install/costmap_converter/lib:/home/jiajia/wzr/localization_1/install/costmap_converter_msgs/lib:/usr/lib/x86_64-linux-gnu/gazebo-11/plugins:/opt/ros/humble/opt/rviz_ogre_vendor/lib:/opt/ros/humble/lib/x86_64-linux-gnu:/opt/ros/humble/opt/openvdb_vendor/lib:/opt/ros/humble/lib:/opt/MVS/lib/64:/opt/MVS/lib/32:/opt/MVS/lib/64:/opt/MVS/lib/32:/opt/MVS/lib/64:/opt/MVS/lib/32:/opt/MVS/lib/64:/opt/MVS/lib/32 /usr/bin/cmake --build /home/jiajia/wzr/localization_1/build/rm_aimassist -- -j4 -l4
[0.064s] -- Found ament_cmake_auto: 1.3.11 (/opt/ros/humble/share/ament_cmake_auto/cmake)
[0.211s] -- Override CMake install command with custom implementation using symlinks instead of copying resources
[0.322s] -- Found rosidl_generator_c: 3.1.6 (/opt/ros/humble/share/rosidl_generator_c/cmake)
[0.324s] -- Found rosidl_adapter: 3.1.6 (/opt/ros/humble/share/rosidl_adapter/cmake)
[0.330s] -- Found rosidl_generator_cpp: 3.1.6 (/opt/ros/humble/share/rosidl_generator_cpp/cmake)
[0.341s] -- Using all available rosidl_typesupport_c: rosidl_typesupport_fastrtps_c;rosidl_typesupport_introspection_c
[0.353s] -- Using all available rosidl_typesupport_cpp: rosidl_typesupport_fastrtps_cpp;rosidl_typesupport_introspection_cpp
[0.421s] -- Found rmw_implementation_cmake: 6.1.2 (/opt/ros/humble/share/rmw_implementation_cmake/cmake)
[0.423s] -- Found rmw_fastrtps_cpp: 6.2.7 (/opt/ros/humble/share/rmw_fastrtps_cpp/cmake)
[0.537s] -- Using RMW implementation 'rmw_fastrtps_cpp' as default
[0.671s] -- Found eigen3_cmake_module: 0.1.1 (/opt/ros/humble/share/eigen3_cmake_module/cmake)
[0.673s] -- Ensuring Eigen3 include directory is part of orocos-kdl CMake target
[0.674s] [31mCMake Error at CMakeLists.txt:74 (target_include_directories):
[0.675s]   Cannot specify include directories for target "rm_aimassist_node" which is
[0.675s]   not built by this project.
[0.675s] 
[0.675s] [0m
[0.675s] [31mCMake Error at /opt/ros/humble/share/ament_cmake_target_dependencies/cmake/ament_target_dependencies.cmake:42 (message):
[0.675s]   ament_target_dependencies() the first argument must be a valid target name
[0.675s] Call Stack (most recent call first):
[0.675s]   CMakeLists.txt:75 (ament_target_dependencies)
[0.675s] 
[0.675s] [0m
[0.675s] -- Configuring incomplete, errors occurred!
[0.675s] See also "/home/jiajia/wzr/localization_1/build/rm_aimassist/CMakeFiles/CMakeOutput.log".
[0.682s] gmake: *** [Makefile:308: cmake_check_build_system] Error 1
[0.685s] Invoked command in '/home/jiajia/wzr/localization_1/build/rm_aimassist' returned '2': CMAKE_PREFIX_PATH=/home/jiajia/wzr/localization_1/install/rm_msgs:/home/jiajia/wzr/localization_1/install/teb_local_planner:/home/jiajia/wzr/localization_1/install/teb_msgs:/home/jiajia/wzr/localization_1/install/rm_startup:/home/jiajia/wzr/localization_1/install/rm_bringup:/home/jiajia/wzr/localization_1/install/rm_serial_driver:/home/jiajia/wzr/localization_1/install/rm_rune:/home/jiajia/wzr/localization_1/install/rm_navigation:/home/jiajia/wzr/localization_1/install/rm_armor_tracker:/home/jiajia/wzr/localization_1/install/rm_armor_detector:/home/jiajia/wzr/localization_1/install/rm_aimassist:/home/jiajia/wzr/localization_1/install/mechax_trajectory:/home/jiajia/wzr/localization_1/install/closed_loop:/home/jiajia/wzr/localization_1/install/rm_gimbal_description:/home/jiajia/wzr/localization_1/install/pointcloud_to_laserscan:/home/jiajia/wzr/localization_1/install/point_lio:/home/jiajia/wzr/localization_1/install/mindvision_camera:/home/jiajia/wzr/localization_1/install/icp_registration:/home/jiajia/wzr/localization_1/install/fast_lio:/home/jiajia/wzr/localization_1/install/livox_ros_driver2:/home/jiajia/wzr/localization_1/install/linefit_ground_segmentation_ros:/home/jiajia/wzr/localization_1/install/linefit_ground_segmentation:/home/jiajia/wzr/localization_1/install/imu_complementary_filter:/home/jiajia/wzr/localization_1/install/hik_camera:/home/jiajia/wzr/localization_1/install/costmap_converter:/home/jiajia/wzr/localization_1/install/costmap_converter_msgs:/opt/ros/humble LD_LIBRARY_PATH=/home/jiajia/wzr/localization_1/install/rm_msgs/lib:/home/jiajia/wzr/localization_1/install/teb_local_planner/lib:/home/jiajia/wzr/localization_1/install/teb_msgs/lib:/home/jiajia/wzr/localization_1/install/rm_serial_driver/lib:/home/jiajia/wzr/localization_1/install/rm_rune/lib:/home/jiajia/wzr/localization_1/install/rm_armor_tracker/lib:/home/jiajia/wzr/localization_1/install/rm_armor_detector/lib:/home/jiajia/wzr/localization_1/install/rm_aimassist/lib:/home/jiajia/wzr/localization_1/install/mechax_trajectory/lib:/home/jiajia/wzr/localization_1/install/closed_loop/lib:/home/jiajia/wzr/localization_1/install/pointcloud_to_laserscan/lib:/home/jiajia/wzr/localization_1/install/mindvision_camera/lib:/home/jiajia/wzr/localization_1/install/icp_registration/lib:/home/jiajia/wzr/localization_1/install/fast_lio/lib:/home/jiajia/wzr/localization_1/install/livox_ros_driver2/lib:/home/jiajia/wzr/localization_1/install/linefit_ground_segmentation/lib:/home/jiajia/wzr/localization_1/install/imu_complementary_filter/lib:/home/jiajia/wzr/localization_1/install/hik_camera/lib:/home/jiajia/wzr/localization_1/install/costmap_converter/lib:/home/jiajia/wzr/localization_1/install/costmap_converter_msgs/lib:/usr/lib/x86_64-linux-gnu/gazebo-11/plugins:/opt/ros/humble/opt/rviz_ogre_vendor/lib:/opt/ros/humble/lib/x86_64-linux-gnu:/opt/ros/humble/opt/openvdb_vendor/lib:/opt/ros/humble/lib:/opt/MVS/lib/64:/opt/MVS/lib/32:/opt/MVS/lib/64:/opt/MVS/lib/32:/opt/MVS/lib/64:/opt/MVS/lib/32:/opt/MVS/lib/64:/opt/MVS/lib/32 /usr/bin/cmake --build /home/jiajia/wzr/localization_1/build/rm_aimassist -- -j4 -l4
