[0.009s] Invoking command in '/home/jiajia/wzr/localization_1/build/livox_ros_driver2': CMAKE_PREFIX_PATH=/opt/ros/humble /usr/bin/cmake /home/jiajia/wzr/localization_1/src/rm_hardware_driver/livox_ros_driver2 -DCMAKE_INSTALL_PREFIX=/home/jiajia/wzr/localization_1/install/livox_ros_driver2
[0.061s] -- The C compiler identification is GNU 12.3.0
[0.110s] -- The CXX compiler identification is GNU 12.3.0
[0.116s] -- Detecting C compiler ABI info
[0.175s] -- Detecting C compiler ABI info - done
[0.181s] -- Check for working C compiler: /usr/bin/cc - skipped
[0.183s] -- Detecting C compile features
[0.183s] -- Detecting C compile features - done
[0.185s] -- Detecting CXX compiler ABI info
[0.245s] -- Detecting CXX compiler ABI info - done
[0.249s] -- Check for working CXX compiler: /usr/bin/c++ - skipped
[0.250s] -- Detecting CXX compile features
[0.250s] -- Detecting CXX compile features - done
[0.251s] -- livox_ros_driver2 version: 1.0.0
[0.252s] -- Found ament_cmake_auto: 1.3.11 (/opt/ros/humble/share/ament_cmake_auto/cmake)
[0.404s] -- Found Python3: /usr/bin/python3 (found version "3.10.12") found components: Interpreter 
[0.511s] -- Using all available rosidl_typesupport_c: rosidl_typesupport_fastrtps_c;rosidl_typesupport_introspection_c
[0.516s] -- Found rosidl_adapter: 3.1.6 (/opt/ros/humble/share/rosidl_adapter/cmake)
[0.539s] -- Using all available rosidl_typesupport_cpp: rosidl_typesupport_fastrtps_cpp;rosidl_typesupport_introspection_cpp
[0.593s] -- Found rmw_implementation_cmake: 6.1.2 (/opt/ros/humble/share/rmw_implementation_cmake/cmake)
[0.595s] -- Found rmw_fastrtps_cpp: 6.2.7 (/opt/ros/humble/share/rmw_fastrtps_cpp/cmake)
[0.663s] -- Found OpenSSL: /usr/lib/x86_64-linux-gnu/libcrypto.so (found version "3.0.2")  
[0.688s] -- Found FastRTPS: /opt/ros/humble/include  
[0.729s] -- Using RMW implementation 'rmw_fastrtps_cpp' as default
[0.737s] -- Looking for pthread.h
[0.807s] -- Looking for pthread.h - found
[0.807s] -- Performing Test CMAKE_HAVE_LIBC_PTHREAD
[0.874s] -- Performing Test CMAKE_HAVE_LIBC_PTHREAD - Success
[0.875s] -- Found Threads: TRUE  
[1.012s] -- Checking for module 'flann'
[1.020s] --   Found flann, version 1.9.1
[1.049s] -- Found FLANN: /usr/lib/x86_64-linux-gnu/libflann_cpp.so  
[1.049s] -- FLANN found (include: /usr/include, lib: /usr/lib/x86_64-linux-gnu/libflann_cpp.so)
[1.259s] -- Found OpenMP_CXX: -fopenmp (found version "4.5") 
[1.259s] -- Found OpenMP: TRUE (found version "4.5") found components: CXX 
[1.299s] -- Checking for module 'libusb-1.0'
[1.308s] --   Found libusb-1.0, version 1.0.25
[1.332s] -- Found libusb: /usr/lib/x86_64-linux-gnu/libusb-1.0.so  
[1.333s] -- OpenNI found (version: 1.5.4.0, include: /usr/include/ni, lib: /usr/lib/libOpenNI.so;libusb::libusb)
[1.366s] -- OpenNI2 found (version: 2.2.0.33, include: /usr/include/openni2, lib: /usr/lib/x86_64-linux-gnu/libOpenNI2.so;libusb::libusb)
[1.369s] -- Could NOT find Pcap (missing: PCAP_LIBRARIES PCAP_INCLUDE_DIRS) 
[1.376s] -- Found ZLIB: /usr/lib/x86_64-linux-gnu/libz.so (found version "1.2.11") 
[1.392s] -- Found PNG: /usr/lib/x86_64-linux-gnu/libpng.so (found version "1.6.37") 
[2.059s] -- OpenNI found (version: 1.5.4.0, include: /usr/include/ni, lib: /usr/lib/libOpenNI.so;libusb::libusb)
[2.064s] -- OpenNI2 found (version: 2.2.0.33, include: /usr/include/openni2, lib: /usr/lib/x86_64-linux-gnu/libOpenNI2.so;libusb::libusb)
[2.268s] -- Found Qhull version 8.0.2
[2.458s] -- Found PCL_COMMON: /usr/local/lib/libpcl_common.so  
[2.458s] -- Found PCL_KDTREE: /usr/local/lib/libpcl_kdtree.so  
[2.459s] -- Found PCL_OCTREE: /usr/local/lib/libpcl_octree.so  
[2.459s] -- Found PCL_SEARCH: /usr/local/lib/libpcl_search.so  
[2.460s] -- Found PCL_SAMPLE_CONSENSUS: /usr/local/lib/libpcl_sample_consensus.so  
[2.460s] -- Found PCL_FILTERS: /usr/local/lib/libpcl_filters.so  
[2.460s] -- Found PCL_2D: /usr/local/include/pcl-1.14  
[2.461s] -- Found PCL_GEOMETRY: /usr/local/include/pcl-1.14  
[2.461s] -- Found PCL_IO: /usr/local/lib/libpcl_io.so  
[2.462s] -- Found PCL_FEATURES: /usr/local/lib/libpcl_features.so  
[2.462s] -- Found PCL_ML: /usr/local/lib/libpcl_ml.so  
[2.463s] -- Found PCL_SEGMENTATION: /usr/local/lib/libpcl_segmentation.so  
[2.463s] -- Found PCL_VISUALIZATION: /usr/local/lib/libpcl_visualization.so  
[2.464s] -- Found PCL_SURFACE: /usr/local/lib/libpcl_surface.so  
[2.464s] -- Found PCL_REGISTRATION: /usr/local/lib/libpcl_registration.so  
[2.465s] -- Found PCL_KEYPOINTS: /usr/local/lib/libpcl_keypoints.so  
[2.465s] -- Found PCL_TRACKING: /usr/local/lib/libpcl_tracking.so  
[2.465s] -- Found PCL_RECOGNITION: /usr/local/lib/libpcl_recognition.so  
[2.466s] -- Found PCL_STEREO: /usr/local/lib/libpcl_stereo.so  
[2.466s] -- Found PCL_OUTOFCORE: /usr/local/lib/libpcl_outofcore.so  
[2.467s] -- Found PCL_PEOPLE: /usr/local/lib/libpcl_people.so  
[2.496s] -- Found PkgConfig: /usr/bin/pkg-config (found version "0.29.2") 
[2.497s] -- Checking for module 'apr-1'
[2.506s] --   Found apr-1, version 1.7.0
[2.528s] [0m/usr/include/apr-1.0[0m
[2.529s] [0mapr-1[0m
[2.674s] -- Found ament_cmake_ros: 0.10.0 (/opt/ros/humble/share/ament_cmake_ros/cmake)
[2.814s] -- Using all available rosidl_typesupport_c: rosidl_typesupport_fastrtps_c;rosidl_typesupport_introspection_c
[3.019s] -- Using all available rosidl_typesupport_cpp: rosidl_typesupport_fastrtps_cpp;rosidl_typesupport_introspection_cpp
[3.036s] -- Found PythonInterp: /usr/bin/python3 (found suitable version "3.10.12", minimum required is "3.6") 
[3.037s] -- Found python_cmake_module: 0.10.0 (/opt/ros/humble/share/python_cmake_module/cmake)
[3.059s] -- Found PythonLibs: /usr/lib/x86_64-linux-gnu/libpython3.10.so (found suitable version "3.10.12", minimum required is "3.5") 
[3.059s] -- Using PYTHON_EXECUTABLE: /usr/bin/python3
[3.059s] -- Using PYTHON_INCLUDE_DIRS: /usr/include/python3.10
[3.060s] -- Using PYTHON_LIBRARIES: /usr/lib/x86_64-linux-gnu/libpython3.10.so
[3.078s] -- Found PythonExtra: .so  
[3.114s] [0m/usr/local/lib/liblivox_lidar_sdk_shared.so[0m
[3.123s] -- Found ament_lint_auto: 0.12.11 (/opt/ros/humble/share/ament_lint_auto/cmake)
[3.139s] -- Added test 'copyright' to check source files copyright and LICENSE
[3.141s] -- Added test 'cppcheck' to perform static code analysis on C / C++ code
[3.142s] -- Configured cppcheck include dirs: /home/jiajia/wzr/localization_1/src/rm_hardware_driver/livox_ros_driver2/3rdparty;/home/jiajia/wzr/localization_1/src/rm_hardware_driver/livox_ros_driver2/src
[3.143s] -- Configured cppcheck exclude dirs and/or files: 
[3.145s] -- Added test 'cpplint' to check C / C++ code against the Google style
[3.145s] -- Configured cpplint exclude dirs and/or files: 
[3.146s] -- Added test 'flake8' to check Python code syntax and style conventions
[3.147s] -- Added test 'lint_cmake' to check CMake code style
[3.147s] -- Added test 'pep257' to check Python code against some of the docstring style conventions in PEP 257
[3.150s] -- Added test 'uncrustify' to check C / C++ code style
[3.150s] -- Configured uncrustify additional arguments: 
[3.150s] -- Added test 'xmllint' to check XML markup files
[3.152s] -- Configuring done
[3.201s] -- Generating done
[3.216s] -- Build files have been written to: /home/jiajia/wzr/localization_1/build/livox_ros_driver2
[3.230s] Invoked command in '/home/jiajia/wzr/localization_1/build/livox_ros_driver2' returned '0': CMAKE_PREFIX_PATH=/opt/ros/humble /usr/bin/cmake /home/jiajia/wzr/localization_1/src/rm_hardware_driver/livox_ros_driver2 -DCMAKE_INSTALL_PREFIX=/home/jiajia/wzr/localization_1/install/livox_ros_driver2
[3.231s] Invoking command in '/home/jiajia/wzr/localization_1/build/livox_ros_driver2': CMAKE_PREFIX_PATH=/opt/ros/humble /usr/bin/cmake --build /home/jiajia/wzr/localization_1/build/livox_ros_driver2 -- -j2 -l2
[3.278s] [  1%] [34m[1mGenerating C++ code for ROS interfaces[0m
[3.589s] [  1%] Built target livox_interfaces2__cpp
[3.596s] [  3%] [34m[1mGenerating C code for ROS interfaces[0m
[3.966s] [  5%] [32mBuilding C object CMakeFiles/livox_interfaces2__rosidl_generator_c.dir/rosidl_generator_c/livox_ros_driver2/msg/detail/custom_point__functions.c.o[0m
[4.004s] [  7%] [32mBuilding C object CMakeFiles/livox_interfaces2__rosidl_generator_c.dir/rosidl_generator_c/livox_ros_driver2/msg/detail/custom_msg__functions.c.o[0m
[4.039s] [  8%] [32m[1mLinking C shared library liblivox_ros_driver2__rosidl_generator_c.so[0m
[4.067s] [  8%] Built target livox_interfaces2__rosidl_generator_c
[4.087s] [  8%] Built target ament_cmake_python_copy_livox_ros_driver2
[4.101s] [ 10%] [32mBuilding CXX object CMakeFiles/livox_ros_driver2_node.dir/rclcpp_components/node_main_livox_ros_driver2_node.cpp.o[0m
[6.833s] [ 12%] [32m[1mLinking CXX executable livox_ros_driver2_node[0m
[6.911s] [ 12%] Built target livox_ros_driver2_node
[6.917s] [ 14%] [34m[1mGenerating C++ type support dispatch for ROS interfaces[0m
[7.158s] [ 15%] [32mBuilding CXX object CMakeFiles/livox_interfaces2__rosidl_typesupport_cpp.dir/rosidl_typesupport_cpp/livox_ros_driver2/msg/custom_point__type_support.cpp.o[0m
[7.409s] [ 17%] [32mBuilding CXX object CMakeFiles/livox_interfaces2__rosidl_typesupport_cpp.dir/rosidl_typesupport_cpp/livox_ros_driver2/msg/custom_msg__type_support.cpp.o[0m
[7.614s] [ 19%] [32m[1mLinking CXX shared library liblivox_ros_driver2__rosidl_typesupport_cpp.so[0m
[7.641s] [ 19%] Built target livox_interfaces2__rosidl_typesupport_cpp
[7.649s] [ 21%] [34m[1mGenerating C type support for eProsima Fast-RTPS[0m
[7.921s] [ 22%] [32mBuilding CXX object CMakeFiles/livox_interfaces2__rosidl_typesupport_fastrtps_c.dir/rosidl_typesupport_fastrtps_c/livox_ros_driver2/msg/detail/custom_point__type_support_c.cpp.o[0m
[8.186s] [ 24%] [32mBuilding CXX object CMakeFiles/livox_interfaces2__rosidl_typesupport_fastrtps_c.dir/rosidl_typesupport_fastrtps_c/livox_ros_driver2/msg/detail/custom_msg__type_support_c.cpp.o[0m
[8.490s] [ 26%] [32m[1mLinking CXX shared library liblivox_ros_driver2__rosidl_typesupport_fastrtps_c.so[0m
[8.550s] [ 26%] Built target livox_interfaces2__rosidl_typesupport_fastrtps_c
[8.558s] [ 28%] [34m[1mGenerating C introspection for ROS interfaces[0m
[8.824s] [ 29%] [32mBuilding C object CMakeFiles/livox_interfaces2__rosidl_typesupport_introspection_c.dir/rosidl_typesupport_introspection_c/livox_ros_driver2/msg/detail/custom_point__type_support.c.o[0m
[8.854s] [ 31%] [32mBuilding C object CMakeFiles/livox_interfaces2__rosidl_typesupport_introspection_c.dir/rosidl_typesupport_introspection_c/livox_ros_driver2/msg/detail/custom_msg__type_support.c.o[0m
[8.897s] [ 33%] [32m[1mLinking C shared library liblivox_ros_driver2__rosidl_typesupport_introspection_c.so[0m
[8.923s] [ 33%] Built target livox_interfaces2__rosidl_typesupport_introspection_c
[8.932s] [ 35%] [34m[1mGenerating C type support dispatch for ROS interfaces[0m
[9.193s] [ 36%] [32mBuilding CXX object CMakeFiles/livox_interfaces2__rosidl_typesupport_c.dir/rosidl_typesupport_c/livox_ros_driver2/msg/custom_point__type_support.cpp.o[0m
[9.217s] [ 38%] [32mBuilding CXX object CMakeFiles/livox_interfaces2__rosidl_typesupport_c.dir/rosidl_typesupport_c/livox_ros_driver2/msg/custom_msg__type_support.cpp.o[0m
[9.241s] [ 40%] [32m[1mLinking CXX shared library liblivox_ros_driver2__rosidl_typesupport_c.so[0m
[9.276s] [ 40%] Built target livox_interfaces2__rosidl_typesupport_c
[9.288s] [ 42%] [34m[1mGenerating C++ type support for eProsima Fast-RTPS[0m
[9.547s] [ 43%] [32mBuilding CXX object CMakeFiles/livox_interfaces2__rosidl_typesupport_fastrtps_cpp.dir/rosidl_typesupport_fastrtps_cpp/livox_ros_driver2/msg/detail/dds_fastrtps/custom_point__type_support.cpp.o[0m
[9.868s] [ 45%] [32mBuilding CXX object CMakeFiles/livox_interfaces2__rosidl_typesupport_fastrtps_cpp.dir/rosidl_typesupport_fastrtps_cpp/livox_ros_driver2/msg/detail/dds_fastrtps/custom_msg__type_support.cpp.o[0m
[10.219s] [ 47%] [32m[1mLinking CXX shared library liblivox_ros_driver2__rosidl_typesupport_fastrtps_cpp.so[0m
[10.289s] [ 47%] Built target livox_interfaces2__rosidl_typesupport_fastrtps_cpp
[10.297s] [ 49%] [34m[1mGenerating C++ introspection for ROS interfaces[0m
[10.557s] [ 50%] [32mBuilding CXX object CMakeFiles/livox_interfaces2__rosidl_typesupport_introspection_cpp.dir/rosidl_typesupport_introspection_cpp/livox_ros_driver2/msg/detail/custom_point__type_support.cpp.o[0m
[10.782s] [ 52%] [32mBuilding CXX object CMakeFiles/livox_interfaces2__rosidl_typesupport_introspection_cpp.dir/rosidl_typesupport_introspection_cpp/livox_ros_driver2/msg/detail/custom_msg__type_support.cpp.o[0m
[11.110s] [ 54%] [32m[1mLinking CXX shared library liblivox_ros_driver2__rosidl_typesupport_introspection_cpp.so[0m
[11.161s] [ 54%] Built target livox_interfaces2__rosidl_typesupport_introspection_cpp
[11.345s] running egg_info
[11.346s] creating livox_ros_driver2.egg-info
[11.346s] writing livox_ros_driver2.egg-info/PKG-INFO
[11.346s] writing dependency_links to livox_ros_driver2.egg-info/dependency_links.txt
[11.346s] writing top-level names to livox_ros_driver2.egg-info/top_level.txt
[11.347s] writing manifest file 'livox_ros_driver2.egg-info/SOURCES.txt'
[11.348s] reading manifest file 'livox_ros_driver2.egg-info/SOURCES.txt'
[11.349s] writing manifest file 'livox_ros_driver2.egg-info/SOURCES.txt'
[11.368s] [ 54%] Built target ament_cmake_python_build_livox_ros_driver2_egg
[11.385s] [ 56%] [32mBuilding CXX object CMakeFiles/livox_ros_driver2.dir/src/livox_ros_driver2.cpp.o[0m
[11.465s] In file included from [01m[K/home/jiajia/wzr/localization_1/src/rm_hardware_driver/livox_ros_driver2/src/driver_node.h:28[m[K,
[11.465s]                  from [01m[K/home/jiajia/wzr/localization_1/src/rm_hardware_driver/livox_ros_driver2/src/livox_ros_driver2.cpp:32[m[K:
[11.465s] [01m[K/home/jiajia/wzr/localization_1/src/rm_hardware_driver/livox_ros_driver2/src/include/ros_headers.h:28:[m[K [01;35m[Kwarning: [m[K"BUILDING_ROS2" redefined
[11.465s]    28 | #define BUILDING_ROS2
[11.465s]       | 
[11.465s] [01m[K<command-line>:[m[K [01;36m[Knote: [m[Kthis is the location of the previous definition
[17.746s] [ 57%] [32mBuilding CXX object CMakeFiles/livox_ros_driver2.dir/src/lddc.cpp.o[0m
[17.833s] In file included from [01m[K/home/jiajia/wzr/localization_1/src/rm_hardware_driver/livox_ros_driver2/src/driver_node.h:28[m[K,
[17.833s]                  from [01m[K/home/jiajia/wzr/localization_1/src/rm_hardware_driver/livox_ros_driver2/src/lddc.h:31[m[K,
[17.834s]                  from [01m[K/home/jiajia/wzr/localization_1/src/rm_hardware_driver/livox_ros_driver2/src/lddc.cpp:25[m[K:
[17.835s] [01m[K/home/jiajia/wzr/localization_1/src/rm_hardware_driver/livox_ros_driver2/src/include/ros_headers.h:28:[m[K [01;35m[Kwarning: [m[K"BUILDING_ROS2" redefined
[17.835s]    28 | #define BUILDING_ROS2
[17.835s]       | 
[17.835s] [01m[K<command-line>:[m[K [01;36m[Knote: [m[Kthis is the location of the previous definition
[26.455s] [ 59%] [32mBuilding CXX object CMakeFiles/livox_ros_driver2.dir/src/driver_node.cpp.o[0m
[26.462s] In file included from [01m[K/home/jiajia/wzr/localization_1/src/rm_hardware_driver/livox_ros_driver2/src/driver_node.h:28[m[K,
[26.462s]                  from [01m[K/home/jiajia/wzr/localization_1/src/rm_hardware_driver/livox_ros_driver2/src/driver_node.cpp:25[m[K:
[26.462s] [01m[K/home/jiajia/wzr/localization_1/src/rm_hardware_driver/livox_ros_driver2/src/include/ros_headers.h:28:[m[K [01;35m[Kwarning: [m[K"BUILDING_ROS2" redefined
[26.462s]    28 | #define BUILDING_ROS2
[26.463s]       | 
[26.463s] [01m[K<command-line>:[m[K [01;36m[Knote: [m[Kthis is the location of the previous definition
[31.168s] [ 61%] [32mBuilding CXX object CMakeFiles/livox_ros_driver2.dir/src/lds.cpp.o[0m
[31.729s] [ 63%] [32mBuilding CXX object CMakeFiles/livox_ros_driver2.dir/src/lds_lidar.cpp.o[0m
[32.384s] In file included from [01m[K/home/jiajia/wzr/localization_1/src/rm_hardware_driver/livox_ros_driver2/src/lds_lidar.cpp:47[m[K:
[32.384s] [01m[K/home/jiajia/wzr/localization_1/src/rm_hardware_driver/livox_ros_driver2/src/comm/pub_handler.h:44:29:[m[K [01;35m[Kwarning: [m[K‘[01m[Klivox_ros::extrinsic_global[m[K’ defined but not used [[01;35m[K]8;;https://gcc.gnu.org/onlinedocs/gcc/Warning-Options.html#index-Wunused-variable-Wunused-variable]8;;[m[K]
[32.384s]    44 | static ExtParameterDetailed [01;35m[Kextrinsic_global[m[K = {
[32.384s]       |                             [01;35m[K^~~~~~~~~~~~~~~~[m[K
[32.479s] [ 64%] [32mBuilding CXX object CMakeFiles/livox_ros_driver2.dir/src/comm/comm.cpp.o[0m
[32.966s] [ 66%] [32mBuilding CXX object CMakeFiles/livox_ros_driver2.dir/src/comm/ldq.cpp.o[0m
[33.543s] [ 68%] [32mBuilding CXX object CMakeFiles/livox_ros_driver2.dir/src/comm/semaphore.cpp.o[0m
[33.831s] [ 70%] [32mBuilding CXX object CMakeFiles/livox_ros_driver2.dir/src/comm/lidar_imu_data_queue.cpp.o[0m
[34.129s] [ 71%] [32mBuilding CXX object CMakeFiles/livox_ros_driver2.dir/src/comm/cache_index.cpp.o[0m
[34.793s] [ 73%] [32mBuilding CXX object CMakeFiles/livox_ros_driver2.dir/src/comm/pub_handler.cpp.o[0m
[36.006s] [ 75%] [32mBuilding CXX object CMakeFiles/livox_ros_driver2.dir/src/parse_cfg_file/parse_cfg_file.cpp.o[0m
[37.086s] [ 77%] [32mBuilding CXX object CMakeFiles/livox_ros_driver2.dir/src/parse_cfg_file/parse_livox_lidar_cfg.cpp.o[0m
[38.659s] [ 78%] [32mBuilding CXX object CMakeFiles/livox_ros_driver2.dir/src/call_back/lidar_common_callback.cpp.o[0m
[39.221s] [ 80%] [32mBuilding CXX object CMakeFiles/livox_ros_driver2.dir/src/call_back/livox_lidar_callback.cpp.o[0m
[39.928s] [ 82%] [32m[1mLinking CXX shared library liblivox_ros_driver2.so[0m
[40.338s] [ 82%] Built target livox_ros_driver2
[40.357s] [ 82%] Built target livox_interfaces2
[40.373s] [ 84%] [34m[1mGenerating Python code for ROS interfaces[0m
[40.940s] [ 84%] Built target livox_interfaces2__py
[40.959s] [ 85%] [32mBuilding C object CMakeFiles/livox_interfaces2__rosidl_generator_py.dir/rosidl_generator_py/livox_ros_driver2/msg/_custom_point_s.c.o[0m
[41.038s] [ 87%] [32mBuilding C object CMakeFiles/livox_interfaces2__rosidl_generator_py.dir/rosidl_generator_py/livox_ros_driver2/msg/_custom_msg_s.c.o[0m
[41.122s] [ 89%] [32m[1mLinking C shared library rosidl_generator_py/livox_ros_driver2/liblivox_interfaces2__rosidl_generator_py.so[0m
[41.154s] [ 89%] Built target livox_interfaces2__rosidl_generator_py
[41.169s] [ 91%] [32mBuilding C object CMakeFiles/livox_ros_driver2__rosidl_typesupport_fastrtps_c__pyext.dir/rosidl_generator_py/livox_ros_driver2/_livox_ros_driver2_s.ep.rosidl_typesupport_fastrtps_c.c.o[0m
[41.257s] [ 92%] [32m[1mLinking C shared library rosidl_generator_py/livox_ros_driver2/livox_ros_driver2_s__rosidl_typesupport_fastrtps_c.cpython-310-x86_64-linux-gnu.so[0m
[41.291s] [ 92%] Built target livox_ros_driver2__rosidl_typesupport_fastrtps_c__pyext
[41.310s] [ 94%] [32mBuilding C object CMakeFiles/livox_ros_driver2__rosidl_typesupport_introspection_c__pyext.dir/rosidl_generator_py/livox_ros_driver2/_livox_ros_driver2_s.ep.rosidl_typesupport_introspection_c.c.o[0m
[41.399s] [ 96%] [32m[1mLinking C shared library rosidl_generator_py/livox_ros_driver2/livox_ros_driver2_s__rosidl_typesupport_introspection_c.cpython-310-x86_64-linux-gnu.so[0m
[41.438s] [ 96%] Built target livox_ros_driver2__rosidl_typesupport_introspection_c__pyext
[41.455s] [ 98%] [32mBuilding C object CMakeFiles/livox_ros_driver2__rosidl_typesupport_c__pyext.dir/rosidl_generator_py/livox_ros_driver2/_livox_ros_driver2_s.ep.rosidl_typesupport_c.c.o[0m
[41.534s] [100%] [32m[1mLinking C shared library rosidl_generator_py/livox_ros_driver2/livox_ros_driver2_s__rosidl_typesupport_c.cpython-310-x86_64-linux-gnu.so[0m
[41.562s] [100%] Built target livox_ros_driver2__rosidl_typesupport_c__pyext
[41.571s] Invoked command in '/home/jiajia/wzr/localization_1/build/livox_ros_driver2' returned '0': CMAKE_PREFIX_PATH=/opt/ros/humble /usr/bin/cmake --build /home/jiajia/wzr/localization_1/build/livox_ros_driver2 -- -j2 -l2
[41.575s] Invoking command in '/home/jiajia/wzr/localization_1/build/livox_ros_driver2': CMAKE_PREFIX_PATH=/opt/ros/humble /usr/bin/cmake --install /home/jiajia/wzr/localization_1/build/livox_ros_driver2
[41.579s] -- Install configuration: ""
[41.579s] -- Installing: /home/jiajia/wzr/localization_1/install/livox_ros_driver2/share/ament_index/resource_index/rosidl_interfaces/livox_ros_driver2
[41.579s] -- Installing: /home/jiajia/wzr/localization_1/install/livox_ros_driver2/include/livox_ros_driver2/livox_ros_driver2
[41.579s] -- Installing: /home/jiajia/wzr/localization_1/install/livox_ros_driver2/include/livox_ros_driver2/livox_ros_driver2/msg
[41.579s] -- Installing: /home/jiajia/wzr/localization_1/install/livox_ros_driver2/include/livox_ros_driver2/livox_ros_driver2/msg/custom_point.h
[41.580s] -- Installing: /home/jiajia/wzr/localization_1/install/livox_ros_driver2/include/livox_ros_driver2/livox_ros_driver2/msg/detail
[41.580s] -- Installing: /home/jiajia/wzr/localization_1/install/livox_ros_driver2/include/livox_ros_driver2/livox_ros_driver2/msg/detail/custom_msg__functions.h
[41.580s] -- Installing: /home/jiajia/wzr/localization_1/install/livox_ros_driver2/include/livox_ros_driver2/livox_ros_driver2/msg/detail/custom_point__type_support.h
[41.580s] -- Installing: /home/jiajia/wzr/localization_1/install/livox_ros_driver2/include/livox_ros_driver2/livox_ros_driver2/msg/detail/custom_point__struct.h
[41.581s] -- Installing: /home/jiajia/wzr/localization_1/install/livox_ros_driver2/include/livox_ros_driver2/livox_ros_driver2/msg/detail/custom_msg__type_support.h
[41.581s] -- Installing: /home/jiajia/wzr/localization_1/install/livox_ros_driver2/include/livox_ros_driver2/livox_ros_driver2/msg/detail/custom_point__functions.h
[41.581s] -- Installing: /home/jiajia/wzr/localization_1/install/livox_ros_driver2/include/livox_ros_driver2/livox_ros_driver2/msg/detail/custom_msg__functions.c
[41.581s] -- Installing: /home/jiajia/wzr/localization_1/install/livox_ros_driver2/include/livox_ros_driver2/livox_ros_driver2/msg/detail/custom_point__functions.c
[41.581s] -- Installing: /home/jiajia/wzr/localization_1/install/livox_ros_driver2/include/livox_ros_driver2/livox_ros_driver2/msg/detail/custom_msg__struct.h
[41.581s] -- Installing: /home/jiajia/wzr/localization_1/install/livox_ros_driver2/include/livox_ros_driver2/livox_ros_driver2/msg/custom_msg.h
[41.582s] -- Installing: /home/jiajia/wzr/localization_1/install/livox_ros_driver2/include/livox_ros_driver2/livox_ros_driver2/msg/rosidl_generator_c__visibility_control.h
[41.582s] -- Installing: /home/jiajia/wzr/localization_1/install/livox_ros_driver2/share/livox_ros_driver2/environment/library_path.sh
[41.582s] -- Installing: /home/jiajia/wzr/localization_1/install/livox_ros_driver2/share/livox_ros_driver2/environment/library_path.dsv
[41.582s] -- Installing: /home/jiajia/wzr/localization_1/install/livox_ros_driver2/lib/liblivox_ros_driver2__rosidl_generator_c.so
[41.582s] -- Set runtime path of "/home/jiajia/wzr/localization_1/install/livox_ros_driver2/lib/liblivox_ros_driver2__rosidl_generator_c.so" to ""
[41.582s] -- Up-to-date: /home/jiajia/wzr/localization_1/install/livox_ros_driver2/include/livox_ros_driver2/livox_ros_driver2
[41.582s] -- Up-to-date: /home/jiajia/wzr/localization_1/install/livox_ros_driver2/include/livox_ros_driver2/livox_ros_driver2/msg
[41.583s] -- Up-to-date: /home/jiajia/wzr/localization_1/install/livox_ros_driver2/include/livox_ros_driver2/livox_ros_driver2/msg/detail
[41.583s] -- Installing: /home/jiajia/wzr/localization_1/install/livox_ros_driver2/include/livox_ros_driver2/livox_ros_driver2/msg/detail/custom_msg__rosidl_typesupport_fastrtps_c.h
[41.583s] -- Installing: /home/jiajia/wzr/localization_1/install/livox_ros_driver2/include/livox_ros_driver2/livox_ros_driver2/msg/detail/custom_point__rosidl_typesupport_fastrtps_c.h
[41.583s] -- Installing: /home/jiajia/wzr/localization_1/install/livox_ros_driver2/include/livox_ros_driver2/livox_ros_driver2/msg/rosidl_typesupport_fastrtps_c__visibility_control.h
[41.583s] -- Installing: /home/jiajia/wzr/localization_1/install/livox_ros_driver2/lib/liblivox_ros_driver2__rosidl_typesupport_fastrtps_c.so
[41.583s] -- Set runtime path of "/home/jiajia/wzr/localization_1/install/livox_ros_driver2/lib/liblivox_ros_driver2__rosidl_typesupport_fastrtps_c.so" to ""
[41.583s] -- Up-to-date: /home/jiajia/wzr/localization_1/install/livox_ros_driver2/include/livox_ros_driver2/livox_ros_driver2
[41.584s] -- Up-to-date: /home/jiajia/wzr/localization_1/install/livox_ros_driver2/include/livox_ros_driver2/livox_ros_driver2/msg
[41.584s] -- Up-to-date: /home/jiajia/wzr/localization_1/install/livox_ros_driver2/include/livox_ros_driver2/livox_ros_driver2/msg/detail
[41.584s] -- Installing: /home/jiajia/wzr/localization_1/install/livox_ros_driver2/include/livox_ros_driver2/livox_ros_driver2/msg/detail/custom_point__rosidl_typesupport_introspection_c.h
[41.584s] -- Installing: /home/jiajia/wzr/localization_1/install/livox_ros_driver2/include/livox_ros_driver2/livox_ros_driver2/msg/detail/custom_msg__type_support.c
[41.584s] -- Installing: /home/jiajia/wzr/localization_1/install/livox_ros_driver2/include/livox_ros_driver2/livox_ros_driver2/msg/detail/custom_msg__rosidl_typesupport_introspection_c.h
[41.584s] -- Installing: /home/jiajia/wzr/localization_1/install/livox_ros_driver2/include/livox_ros_driver2/livox_ros_driver2/msg/detail/custom_point__type_support.c
[41.584s] -- Installing: /home/jiajia/wzr/localization_1/install/livox_ros_driver2/include/livox_ros_driver2/livox_ros_driver2/msg/rosidl_typesupport_introspection_c__visibility_control.h
[41.584s] -- Installing: /home/jiajia/wzr/localization_1/install/livox_ros_driver2/lib/liblivox_ros_driver2__rosidl_typesupport_introspection_c.so
[41.585s] -- Set runtime path of "/home/jiajia/wzr/localization_1/install/livox_ros_driver2/lib/liblivox_ros_driver2__rosidl_typesupport_introspection_c.so" to ""
[41.585s] -- Installing: /home/jiajia/wzr/localization_1/install/livox_ros_driver2/lib/liblivox_ros_driver2__rosidl_typesupport_c.so
[41.585s] -- Set runtime path of "/home/jiajia/wzr/localization_1/install/livox_ros_driver2/lib/liblivox_ros_driver2__rosidl_typesupport_c.so" to ""
[41.585s] -- Up-to-date: /home/jiajia/wzr/localization_1/install/livox_ros_driver2/include/livox_ros_driver2/livox_ros_driver2
[41.585s] -- Up-to-date: /home/jiajia/wzr/localization_1/install/livox_ros_driver2/include/livox_ros_driver2/livox_ros_driver2/msg
[41.585s] -- Up-to-date: /home/jiajia/wzr/localization_1/install/livox_ros_driver2/include/livox_ros_driver2/livox_ros_driver2/msg/detail
[41.585s] -- Installing: /home/jiajia/wzr/localization_1/install/livox_ros_driver2/include/livox_ros_driver2/livox_ros_driver2/msg/detail/custom_msg__type_support.hpp
[41.585s] -- Installing: /home/jiajia/wzr/localization_1/install/livox_ros_driver2/include/livox_ros_driver2/livox_ros_driver2/msg/detail/custom_msg__struct.hpp
[41.585s] -- Installing: /home/jiajia/wzr/localization_1/install/livox_ros_driver2/include/livox_ros_driver2/livox_ros_driver2/msg/detail/custom_point__traits.hpp
[41.586s] -- Installing: /home/jiajia/wzr/localization_1/install/livox_ros_driver2/include/livox_ros_driver2/livox_ros_driver2/msg/detail/custom_msg__builder.hpp
[41.586s] -- Installing: /home/jiajia/wzr/localization_1/install/livox_ros_driver2/include/livox_ros_driver2/livox_ros_driver2/msg/detail/custom_point__builder.hpp
[41.586s] -- Installing: /home/jiajia/wzr/localization_1/install/livox_ros_driver2/include/livox_ros_driver2/livox_ros_driver2/msg/detail/custom_point__struct.hpp
[41.586s] -- Installing: /home/jiajia/wzr/localization_1/install/livox_ros_driver2/include/livox_ros_driver2/livox_ros_driver2/msg/detail/custom_msg__traits.hpp
[41.586s] -- Installing: /home/jiajia/wzr/localization_1/install/livox_ros_driver2/include/livox_ros_driver2/livox_ros_driver2/msg/detail/custom_point__type_support.hpp
[41.586s] -- Installing: /home/jiajia/wzr/localization_1/install/livox_ros_driver2/include/livox_ros_driver2/livox_ros_driver2/msg/custom_point.hpp
[41.586s] -- Installing: /home/jiajia/wzr/localization_1/install/livox_ros_driver2/include/livox_ros_driver2/livox_ros_driver2/msg/rosidl_generator_cpp__visibility_control.hpp
[41.586s] -- Installing: /home/jiajia/wzr/localization_1/install/livox_ros_driver2/include/livox_ros_driver2/livox_ros_driver2/msg/custom_msg.hpp
[41.586s] -- Up-to-date: /home/jiajia/wzr/localization_1/install/livox_ros_driver2/include/livox_ros_driver2/livox_ros_driver2
[41.587s] -- Up-to-date: /home/jiajia/wzr/localization_1/install/livox_ros_driver2/include/livox_ros_driver2/livox_ros_driver2/msg
[41.587s] -- Installing: /home/jiajia/wzr/localization_1/install/livox_ros_driver2/include/livox_ros_driver2/livox_ros_driver2/msg/rosidl_typesupport_fastrtps_cpp__visibility_control.h
[41.587s] -- Up-to-date: /home/jiajia/wzr/localization_1/install/livox_ros_driver2/include/livox_ros_driver2/livox_ros_driver2/msg/detail
[41.587s] -- Installing: /home/jiajia/wzr/localization_1/install/livox_ros_driver2/include/livox_ros_driver2/livox_ros_driver2/msg/detail/custom_msg__rosidl_typesupport_fastrtps_cpp.hpp
[41.587s] -- Installing: /home/jiajia/wzr/localization_1/install/livox_ros_driver2/include/livox_ros_driver2/livox_ros_driver2/msg/detail/custom_point__rosidl_typesupport_fastrtps_cpp.hpp
[41.587s] -- Installing: /home/jiajia/wzr/localization_1/install/livox_ros_driver2/include/livox_ros_driver2/livox_ros_driver2/msg/detail/dds_fastrtps
[41.587s] -- Installing: /home/jiajia/wzr/localization_1/install/livox_ros_driver2/lib/liblivox_ros_driver2__rosidl_typesupport_fastrtps_cpp.so
[41.588s] -- Set runtime path of "/home/jiajia/wzr/localization_1/install/livox_ros_driver2/lib/liblivox_ros_driver2__rosidl_typesupport_fastrtps_cpp.so" to ""
[41.588s] -- Up-to-date: /home/jiajia/wzr/localization_1/install/livox_ros_driver2/include/livox_ros_driver2/livox_ros_driver2
[41.588s] -- Up-to-date: /home/jiajia/wzr/localization_1/install/livox_ros_driver2/include/livox_ros_driver2/livox_ros_driver2/msg
[41.588s] -- Up-to-date: /home/jiajia/wzr/localization_1/install/livox_ros_driver2/include/livox_ros_driver2/livox_ros_driver2/msg/detail
[41.588s] -- Installing: /home/jiajia/wzr/localization_1/install/livox_ros_driver2/include/livox_ros_driver2/livox_ros_driver2/msg/detail/custom_point__rosidl_typesupport_introspection_cpp.hpp
[41.588s] -- Installing: /home/jiajia/wzr/localization_1/install/livox_ros_driver2/include/livox_ros_driver2/livox_ros_driver2/msg/detail/custom_msg__type_support.cpp
[41.588s] -- Installing: /home/jiajia/wzr/localization_1/install/livox_ros_driver2/include/livox_ros_driver2/livox_ros_driver2/msg/detail/custom_msg__rosidl_typesupport_introspection_cpp.hpp
[41.588s] -- Installing: /home/jiajia/wzr/localization_1/install/livox_ros_driver2/include/livox_ros_driver2/livox_ros_driver2/msg/detail/custom_point__type_support.cpp
[41.589s] -- Installing: /home/jiajia/wzr/localization_1/install/livox_ros_driver2/lib/liblivox_ros_driver2__rosidl_typesupport_introspection_cpp.so
[41.589s] -- Set runtime path of "/home/jiajia/wzr/localization_1/install/livox_ros_driver2/lib/liblivox_ros_driver2__rosidl_typesupport_introspection_cpp.so" to ""
[41.589s] -- Installing: /home/jiajia/wzr/localization_1/install/livox_ros_driver2/lib/liblivox_ros_driver2__rosidl_typesupport_cpp.so
[41.589s] -- Set runtime path of "/home/jiajia/wzr/localization_1/install/livox_ros_driver2/lib/liblivox_ros_driver2__rosidl_typesupport_cpp.so" to ""
[41.589s] -- Installing: /home/jiajia/wzr/localization_1/install/livox_ros_driver2/share/livox_ros_driver2/environment/pythonpath.sh
[41.590s] -- Installing: /home/jiajia/wzr/localization_1/install/livox_ros_driver2/share/livox_ros_driver2/environment/pythonpath.dsv
[41.590s] -- Installing: /home/jiajia/wzr/localization_1/install/livox_ros_driver2/local/lib/python3.10/dist-packages/livox_ros_driver2-1.0.0-py3.10.egg-info
[41.590s] -- Installing: /home/jiajia/wzr/localization_1/install/livox_ros_driver2/local/lib/python3.10/dist-packages/livox_ros_driver2-1.0.0-py3.10.egg-info/PKG-INFO
[41.590s] -- Installing: /home/jiajia/wzr/localization_1/install/livox_ros_driver2/local/lib/python3.10/dist-packages/livox_ros_driver2-1.0.0-py3.10.egg-info/dependency_links.txt
[41.590s] -- Installing: /home/jiajia/wzr/localization_1/install/livox_ros_driver2/local/lib/python3.10/dist-packages/livox_ros_driver2-1.0.0-py3.10.egg-info/SOURCES.txt
[41.591s] -- Installing: /home/jiajia/wzr/localization_1/install/livox_ros_driver2/local/lib/python3.10/dist-packages/livox_ros_driver2-1.0.0-py3.10.egg-info/top_level.txt
[41.591s] -- Installing: /home/jiajia/wzr/localization_1/install/livox_ros_driver2/local/lib/python3.10/dist-packages/livox_ros_driver2
[41.591s] -- Installing: /home/jiajia/wzr/localization_1/install/livox_ros_driver2/local/lib/python3.10/dist-packages/livox_ros_driver2/livox_ros_driver2_s__rosidl_typesupport_introspection_c.cpython-310-x86_64-linux-gnu.so
[41.591s] -- Installing: /home/jiajia/wzr/localization_1/install/livox_ros_driver2/local/lib/python3.10/dist-packages/livox_ros_driver2/livox_ros_driver2_s__rosidl_typesupport_c.cpython-310-x86_64-linux-gnu.so
[41.591s] -- Installing: /home/jiajia/wzr/localization_1/install/livox_ros_driver2/local/lib/python3.10/dist-packages/livox_ros_driver2/_livox_ros_driver2_s.ep.rosidl_typesupport_fastrtps_c.c
[41.592s] -- Installing: /home/jiajia/wzr/localization_1/install/livox_ros_driver2/local/lib/python3.10/dist-packages/livox_ros_driver2/_livox_ros_driver2_s.ep.rosidl_typesupport_introspection_c.c
[41.592s] -- Installing: /home/jiajia/wzr/localization_1/install/livox_ros_driver2/local/lib/python3.10/dist-packages/livox_ros_driver2/__init__.py
[41.592s] -- Installing: /home/jiajia/wzr/localization_1/install/livox_ros_driver2/local/lib/python3.10/dist-packages/livox_ros_driver2/msg
[41.592s] -- Installing: /home/jiajia/wzr/localization_1/install/livox_ros_driver2/local/lib/python3.10/dist-packages/livox_ros_driver2/msg/_custom_point_s.c
[41.592s] -- Installing: /home/jiajia/wzr/localization_1/install/livox_ros_driver2/local/lib/python3.10/dist-packages/livox_ros_driver2/msg/__init__.py
[41.593s] -- Installing: /home/jiajia/wzr/localization_1/install/livox_ros_driver2/local/lib/python3.10/dist-packages/livox_ros_driver2/msg/_custom_point.py
[41.593s] -- Installing: /home/jiajia/wzr/localization_1/install/livox_ros_driver2/local/lib/python3.10/dist-packages/livox_ros_driver2/msg/_custom_msg.py
[41.593s] -- Installing: /home/jiajia/wzr/localization_1/install/livox_ros_driver2/local/lib/python3.10/dist-packages/livox_ros_driver2/msg/_custom_msg_s.c
[41.594s] -- Installing: /home/jiajia/wzr/localization_1/install/livox_ros_driver2/local/lib/python3.10/dist-packages/livox_ros_driver2/_livox_ros_driver2_s.ep.rosidl_typesupport_c.c
[41.594s] -- Installing: /home/jiajia/wzr/localization_1/install/livox_ros_driver2/local/lib/python3.10/dist-packages/livox_ros_driver2/livox_ros_driver2_s__rosidl_typesupport_fastrtps_c.cpython-310-x86_64-linux-gnu.so
[41.594s] -- Installing: /home/jiajia/wzr/localization_1/install/livox_ros_driver2/local/lib/python3.10/dist-packages/livox_ros_driver2/liblivox_interfaces2__rosidl_generator_py.so
[41.620s] Listing '/home/jiajia/wzr/localization_1/install/livox_ros_driver2/local/lib/python3.10/dist-packages/livox_ros_driver2'...
[41.621s] Compiling '/home/jiajia/wzr/localization_1/install/livox_ros_driver2/local/lib/python3.10/dist-packages/livox_ros_driver2/__init__.py'...
[41.621s] Listing '/home/jiajia/wzr/localization_1/install/livox_ros_driver2/local/lib/python3.10/dist-packages/livox_ros_driver2/msg'...
[41.621s] Compiling '/home/jiajia/wzr/localization_1/install/livox_ros_driver2/local/lib/python3.10/dist-packages/livox_ros_driver2/msg/__init__.py'...
[41.621s] Compiling '/home/jiajia/wzr/localization_1/install/livox_ros_driver2/local/lib/python3.10/dist-packages/livox_ros_driver2/msg/_custom_msg.py'...
[41.621s] Compiling '/home/jiajia/wzr/localization_1/install/livox_ros_driver2/local/lib/python3.10/dist-packages/livox_ros_driver2/msg/_custom_point.py'...
[41.626s] -- Installing: /home/jiajia/wzr/localization_1/install/livox_ros_driver2/local/lib/python3.10/dist-packages/livox_ros_driver2/livox_ros_driver2_s__rosidl_typesupport_fastrtps_c.cpython-310-x86_64-linux-gnu.so
[41.627s] -- Set runtime path of "/home/jiajia/wzr/localization_1/install/livox_ros_driver2/local/lib/python3.10/dist-packages/livox_ros_driver2/livox_ros_driver2_s__rosidl_typesupport_fastrtps_c.cpython-310-x86_64-linux-gnu.so" to ""
[41.627s] -- Installing: /home/jiajia/wzr/localization_1/install/livox_ros_driver2/local/lib/python3.10/dist-packages/livox_ros_driver2/livox_ros_driver2_s__rosidl_typesupport_introspection_c.cpython-310-x86_64-linux-gnu.so
[41.627s] -- Set runtime path of "/home/jiajia/wzr/localization_1/install/livox_ros_driver2/local/lib/python3.10/dist-packages/livox_ros_driver2/livox_ros_driver2_s__rosidl_typesupport_introspection_c.cpython-310-x86_64-linux-gnu.so" to ""
[41.627s] -- Installing: /home/jiajia/wzr/localization_1/install/livox_ros_driver2/local/lib/python3.10/dist-packages/livox_ros_driver2/livox_ros_driver2_s__rosidl_typesupport_c.cpython-310-x86_64-linux-gnu.so
[41.628s] -- Set runtime path of "/home/jiajia/wzr/localization_1/install/livox_ros_driver2/local/lib/python3.10/dist-packages/livox_ros_driver2/livox_ros_driver2_s__rosidl_typesupport_c.cpython-310-x86_64-linux-gnu.so" to ""
[41.628s] -- Installing: /home/jiajia/wzr/localization_1/install/livox_ros_driver2/lib/liblivox_interfaces2__rosidl_generator_py.so
[41.628s] -- Set runtime path of "/home/jiajia/wzr/localization_1/install/livox_ros_driver2/lib/liblivox_interfaces2__rosidl_generator_py.so" to ""
[41.628s] -- Installing: /home/jiajia/wzr/localization_1/install/livox_ros_driver2/share/livox_ros_driver2/msg/CustomPoint.idl
[41.628s] -- Installing: /home/jiajia/wzr/localization_1/install/livox_ros_driver2/share/livox_ros_driver2/msg/CustomMsg.idl
[41.629s] -- Installing: /home/jiajia/wzr/localization_1/install/livox_ros_driver2/share/livox_ros_driver2/msg/CustomPoint.msg
[41.629s] -- Installing: /home/jiajia/wzr/localization_1/install/livox_ros_driver2/share/livox_ros_driver2/msg/CustomMsg.msg
[41.629s] -- Installing: /home/jiajia/wzr/localization_1/install/livox_ros_driver2/lib/livox_ros_driver2/livox_ros_driver2_node
[41.629s] -- Set runtime path of "/home/jiajia/wzr/localization_1/install/livox_ros_driver2/lib/livox_ros_driver2/livox_ros_driver2_node" to ""
[41.630s] -- Installing: /home/jiajia/wzr/localization_1/install/livox_ros_driver2/lib/liblivox_ros_driver2.so
[41.630s] -- Set runtime path of "/home/jiajia/wzr/localization_1/install/livox_ros_driver2/lib/liblivox_ros_driver2.so" to ""
[41.630s] -- Installing: /home/jiajia/wzr/localization_1/install/livox_ros_driver2/share/livox_ros_driver2/config
[41.630s] -- Installing: /home/jiajia/wzr/localization_1/install/livox_ros_driver2/share/livox_ros_driver2/config/HAP_config.json
[41.630s] -- Installing: /home/jiajia/wzr/localization_1/install/livox_ros_driver2/share/livox_ros_driver2/config/mixed_HAP_MID360_config.json
[41.631s] -- Installing: /home/jiajia/wzr/localization_1/install/livox_ros_driver2/share/livox_ros_driver2/config/display_point_cloud.rviz
[41.631s] -- Installing: /home/jiajia/wzr/localization_1/install/livox_ros_driver2/share/livox_ros_driver2/config/MID360_config.json
[41.631s] -- Installing: /home/jiajia/wzr/localization_1/install/livox_ros_driver2/share/livox_ros_driver2/launch
[41.631s] -- Installing: /home/jiajia/wzr/localization_1/install/livox_ros_driver2/share/livox_ros_driver2/launch/rviz_HAP_launch.py
[41.631s] -- Installing: /home/jiajia/wzr/localization_1/install/livox_ros_driver2/share/livox_ros_driver2/launch/msg_HAP_launch.py
[41.631s] -- Installing: /home/jiajia/wzr/localization_1/install/livox_ros_driver2/share/livox_ros_driver2/launch/rviz_mixed.py
[41.631s] -- Installing: /home/jiajia/wzr/localization_1/install/livox_ros_driver2/share/livox_ros_driver2/launch/rviz_MID360_launch.py
[41.632s] -- Installing: /home/jiajia/wzr/localization_1/install/livox_ros_driver2/share/livox_ros_driver2/launch/msg_MID360_launch.py
[41.632s] -- Installing: /home/jiajia/wzr/localization_1/install/livox_ros_driver2/share/ament_index/resource_index/package_run_dependencies/livox_ros_driver2
[41.632s] -- Installing: /home/jiajia/wzr/localization_1/install/livox_ros_driver2/share/ament_index/resource_index/parent_prefix_path/livox_ros_driver2
[41.632s] -- Installing: /home/jiajia/wzr/localization_1/install/livox_ros_driver2/share/livox_ros_driver2/environment/ament_prefix_path.sh
[41.632s] -- Installing: /home/jiajia/wzr/localization_1/install/livox_ros_driver2/share/livox_ros_driver2/environment/ament_prefix_path.dsv
[41.632s] -- Installing: /home/jiajia/wzr/localization_1/install/livox_ros_driver2/share/livox_ros_driver2/environment/path.sh
[41.633s] -- Installing: /home/jiajia/wzr/localization_1/install/livox_ros_driver2/share/livox_ros_driver2/environment/path.dsv
[41.633s] -- Installing: /home/jiajia/wzr/localization_1/install/livox_ros_driver2/share/livox_ros_driver2/local_setup.bash
[41.633s] -- Installing: /home/jiajia/wzr/localization_1/install/livox_ros_driver2/share/livox_ros_driver2/local_setup.sh
[41.633s] -- Installing: /home/jiajia/wzr/localization_1/install/livox_ros_driver2/share/livox_ros_driver2/local_setup.zsh
[41.633s] -- Installing: /home/jiajia/wzr/localization_1/install/livox_ros_driver2/share/livox_ros_driver2/local_setup.dsv
[41.633s] -- Installing: /home/jiajia/wzr/localization_1/install/livox_ros_driver2/share/livox_ros_driver2/package.dsv
[41.634s] -- Installing: /home/jiajia/wzr/localization_1/install/livox_ros_driver2/share/ament_index/resource_index/packages/livox_ros_driver2
[41.634s] -- Installing: /home/jiajia/wzr/localization_1/install/livox_ros_driver2/share/livox_ros_driver2/cmake/export_livox_interfaces2__rosidl_generator_cExport.cmake
[41.634s] -- Installing: /home/jiajia/wzr/localization_1/install/livox_ros_driver2/share/livox_ros_driver2/cmake/export_livox_interfaces2__rosidl_generator_cExport-noconfig.cmake
[41.634s] -- Installing: /home/jiajia/wzr/localization_1/install/livox_ros_driver2/share/livox_ros_driver2/cmake/export_livox_interfaces2__rosidl_typesupport_fastrtps_cExport.cmake
[41.634s] -- Installing: /home/jiajia/wzr/localization_1/install/livox_ros_driver2/share/livox_ros_driver2/cmake/export_livox_interfaces2__rosidl_typesupport_fastrtps_cExport-noconfig.cmake
[41.634s] -- Installing: /home/jiajia/wzr/localization_1/install/livox_ros_driver2/share/livox_ros_driver2/cmake/livox_interfaces2__rosidl_typesupport_introspection_cExport.cmake
[41.634s] -- Installing: /home/jiajia/wzr/localization_1/install/livox_ros_driver2/share/livox_ros_driver2/cmake/livox_interfaces2__rosidl_typesupport_introspection_cExport-noconfig.cmake
[41.635s] -- Installing: /home/jiajia/wzr/localization_1/install/livox_ros_driver2/share/livox_ros_driver2/cmake/livox_interfaces2__rosidl_typesupport_cExport.cmake
[41.635s] -- Installing: /home/jiajia/wzr/localization_1/install/livox_ros_driver2/share/livox_ros_driver2/cmake/livox_interfaces2__rosidl_typesupport_cExport-noconfig.cmake
[41.637s] -- Installing: /home/jiajia/wzr/localization_1/install/livox_ros_driver2/share/livox_ros_driver2/cmake/export_livox_interfaces2__rosidl_generator_cppExport.cmake
[41.637s] -- Installing: /home/jiajia/wzr/localization_1/install/livox_ros_driver2/share/livox_ros_driver2/cmake/export_livox_interfaces2__rosidl_typesupport_fastrtps_cppExport.cmake
[41.637s] -- Installing: /home/jiajia/wzr/localization_1/install/livox_ros_driver2/share/livox_ros_driver2/cmake/export_livox_interfaces2__rosidl_typesupport_fastrtps_cppExport-noconfig.cmake
[41.637s] -- Installing: /home/jiajia/wzr/localization_1/install/livox_ros_driver2/share/livox_ros_driver2/cmake/livox_interfaces2__rosidl_typesupport_introspection_cppExport.cmake
[41.637s] -- Installing: /home/jiajia/wzr/localization_1/install/livox_ros_driver2/share/livox_ros_driver2/cmake/livox_interfaces2__rosidl_typesupport_introspection_cppExport-noconfig.cmake
[41.637s] -- Installing: /home/jiajia/wzr/localization_1/install/livox_ros_driver2/share/livox_ros_driver2/cmake/livox_interfaces2__rosidl_typesupport_cppExport.cmake
[41.637s] -- Installing: /home/jiajia/wzr/localization_1/install/livox_ros_driver2/share/livox_ros_driver2/cmake/livox_interfaces2__rosidl_typesupport_cppExport-noconfig.cmake
[41.637s] -- Installing: /home/jiajia/wzr/localization_1/install/livox_ros_driver2/share/livox_ros_driver2/cmake/export_livox_interfaces2__rosidl_generator_pyExport.cmake
[41.637s] -- Installing: /home/jiajia/wzr/localization_1/install/livox_ros_driver2/share/livox_ros_driver2/cmake/export_livox_interfaces2__rosidl_generator_pyExport-noconfig.cmake
[41.637s] -- Installing: /home/jiajia/wzr/localization_1/install/livox_ros_driver2/share/ament_index/resource_index/rclcpp_components/livox_ros_driver2
[41.637s] -- Installing: /home/jiajia/wzr/localization_1/install/livox_ros_driver2/share/livox_ros_driver2/cmake/rosidl_cmake-extras.cmake
[41.637s] -- Installing: /home/jiajia/wzr/localization_1/install/livox_ros_driver2/share/livox_ros_driver2/cmake/ament_cmake_export_dependencies-extras.cmake
[41.637s] -- Installing: /home/jiajia/wzr/localization_1/install/livox_ros_driver2/share/livox_ros_driver2/cmake/ament_cmake_export_include_directories-extras.cmake
[41.637s] -- Installing: /home/jiajia/wzr/localization_1/install/livox_ros_driver2/share/livox_ros_driver2/cmake/ament_cmake_export_libraries-extras.cmake
[41.637s] -- Installing: /home/jiajia/wzr/localization_1/install/livox_ros_driver2/share/livox_ros_driver2/cmake/ament_cmake_export_targets-extras.cmake
[41.637s] -- Installing: /home/jiajia/wzr/localization_1/install/livox_ros_driver2/share/livox_ros_driver2/cmake/rosidl_cmake_export_typesupport_targets-extras.cmake
[41.638s] -- Installing: /home/jiajia/wzr/localization_1/install/livox_ros_driver2/share/livox_ros_driver2/cmake/rosidl_cmake_export_typesupport_libraries-extras.cmake
[41.638s] -- Installing: /home/jiajia/wzr/localization_1/install/livox_ros_driver2/share/livox_ros_driver2/cmake/livox_ros_driver2Config.cmake
[41.638s] -- Installing: /home/jiajia/wzr/localization_1/install/livox_ros_driver2/share/livox_ros_driver2/cmake/livox_ros_driver2Config-version.cmake
[41.638s] -- Installing: /home/jiajia/wzr/localization_1/install/livox_ros_driver2/share/livox_ros_driver2/package.xml
[41.638s] Invoked command in '/home/jiajia/wzr/localization_1/build/livox_ros_driver2' returned '0': CMAKE_PREFIX_PATH=/opt/ros/humble /usr/bin/cmake --install /home/jiajia/wzr/localization_1/build/livox_ros_driver2
