[0.020s] Invoking command in '/home/jiajia/wzr/localization_1/build/rm_aimassist': CMAKE_PREFIX_PATH=/home/jiajia/wzr/localization_1/install/rm_msgs:/home/jiajia/wzr/localization_1/install/teb_local_planner:/home/jiajia/wzr/localization_1/install/teb_msgs:/home/jiajia/wzr/localization_1/install/rm_startup:/home/jiajia/wzr/localization_1/install/rm_bringup:/home/jiajia/wzr/localization_1/install/rm_serial_driver:/home/jiajia/wzr/localization_1/install/rm_rune:/home/jiajia/wzr/localization_1/install/rm_navigation:/home/jiajia/wzr/localization_1/install/rm_armor_tracker:/home/jiajia/wzr/localization_1/install/rm_armor_detector:/home/jiajia/wzr/localization_1/install/rm_aimassist:/home/jiajia/wzr/localization_1/install/mechax_trajectory:/home/jiajia/wzr/localization_1/install/closed_loop:/home/jiajia/wzr/localization_1/install/rm_gimbal_description:/home/jiajia/wzr/localization_1/install/pointcloud_to_laserscan:/home/jiajia/wzr/localization_1/install/point_lio:/home/jiajia/wzr/localization_1/install/mindvision_camera:/home/jiajia/wzr/localization_1/install/icp_registration:/home/jiajia/wzr/localization_1/install/fast_lio:/home/jiajia/wzr/localization_1/install/livox_ros_driver2:/home/jiajia/wzr/localization_1/install/linefit_ground_segmentation_ros:/home/jiajia/wzr/localization_1/install/linefit_ground_segmentation:/home/jiajia/wzr/localization_1/install/imu_complementary_filter:/home/jiajia/wzr/localization_1/install/hik_camera:/home/jiajia/wzr/localization_1/install/costmap_converter:/home/jiajia/wzr/localization_1/install/costmap_converter_msgs:/opt/ros/humble LD_LIBRARY_PATH=/home/jiajia/wzr/localization_1/install/rm_msgs/lib:/home/jiajia/wzr/localization_1/install/teb_local_planner/lib:/home/jiajia/wzr/localization_1/install/teb_msgs/lib:/home/jiajia/wzr/localization_1/install/rm_serial_driver/lib:/home/jiajia/wzr/localization_1/install/rm_rune/lib:/home/jiajia/wzr/localization_1/install/rm_armor_tracker/lib:/home/jiajia/wzr/localization_1/install/rm_armor_detector/lib:/home/jiajia/wzr/localization_1/install/rm_aimassist/lib:/home/jiajia/wzr/localization_1/install/mechax_trajectory/lib:/home/jiajia/wzr/localization_1/install/closed_loop/lib:/home/jiajia/wzr/localization_1/install/pointcloud_to_laserscan/lib:/home/jiajia/wzr/localization_1/install/mindvision_camera/lib:/home/jiajia/wzr/localization_1/install/icp_registration/lib:/home/jiajia/wzr/localization_1/install/fast_lio/lib:/home/jiajia/wzr/localization_1/install/livox_ros_driver2/lib:/home/jiajia/wzr/localization_1/install/linefit_ground_segmentation/lib:/home/jiajia/wzr/localization_1/install/imu_complementary_filter/lib:/home/jiajia/wzr/localization_1/install/hik_camera/lib:/home/jiajia/wzr/localization_1/install/costmap_converter/lib:/home/jiajia/wzr/localization_1/install/costmap_converter_msgs/lib:/usr/lib/x86_64-linux-gnu/gazebo-11/plugins:/opt/ros/humble/opt/rviz_ogre_vendor/lib:/opt/ros/humble/lib/x86_64-linux-gnu:/opt/ros/humble/opt/openvdb_vendor/lib:/opt/ros/humble/lib:/opt/MVS/lib/64:/opt/MVS/lib/32:/opt/MVS/lib/64:/opt/MVS/lib/32:/opt/MVS/lib/64:/opt/MVS/lib/32:/opt/MVS/lib/64:/opt/MVS/lib/32 /usr/bin/cmake --build /home/jiajia/wzr/localization_1/build/rm_aimassist -- -j4 -l4
[0.044s] -- Found ament_cmake_auto: 1.3.11 (/opt/ros/humble/share/ament_cmake_auto/cmake)
[0.169s] -- Override CMake install command with custom implementation using symlinks instead of copying resources
[0.261s] -- Found rosidl_generator_c: 3.1.6 (/opt/ros/humble/share/rosidl_generator_c/cmake)
[0.264s] -- Found rosidl_adapter: 3.1.6 (/opt/ros/humble/share/rosidl_adapter/cmake)
[0.268s] -- Found rosidl_generator_cpp: 3.1.6 (/opt/ros/humble/share/rosidl_generator_cpp/cmake)
[0.277s] -- Using all available rosidl_typesupport_c: rosidl_typesupport_fastrtps_c;rosidl_typesupport_introspection_c
[0.288s] -- Using all available rosidl_typesupport_cpp: rosidl_typesupport_fastrtps_cpp;rosidl_typesupport_introspection_cpp
[0.357s] -- Found rmw_implementation_cmake: 6.1.2 (/opt/ros/humble/share/rmw_implementation_cmake/cmake)
[0.358s] -- Found rmw_fastrtps_cpp: 6.2.7 (/opt/ros/humble/share/rmw_fastrtps_cpp/cmake)
[0.464s] -- Using RMW implementation 'rmw_fastrtps_cpp' as default
[0.576s] -- Found eigen3_cmake_module: 0.1.1 (/opt/ros/humble/share/eigen3_cmake_module/cmake)
[0.577s] -- Ensuring Eigen3 include directory is part of orocos-kdl CMake target
[0.583s] -- Found ament_lint_auto: 0.12.12 (/opt/ros/humble/share/ament_lint_auto/cmake)
[0.594s] -- Added test 'cppcheck' to perform static code analysis on C / C++ code
[0.594s] -- Configured cppcheck include dirs: 
[0.594s] -- Configured cppcheck exclude dirs and/or files: 
[0.594s] -- Added test 'flake8' to check Python code syntax and style conventions
[0.595s] -- Added test 'lint_cmake' to check CMake code style
[0.595s] -- Added test 'pep257' to check Python code against some of the docstring style conventions in PEP 257
[0.595s] -- Added test 'uncrustify' to check C / C++ code style
[0.595s] -- Configured uncrustify additional arguments: 
[0.596s] -- Added test 'xmllint' to check XML markup files
[0.597s] -- Configuring done
[0.609s] -- Generating done
[0.615s] -- Build files have been written to: /home/jiajia/wzr/localization_1/build/rm_aimassist
[0.653s] [ 25%] [32mBuilding CXX object CMakeFiles/rm_aimassist_component.dir/src/assist_node.cpp.o[0m
[0.662s] [01m[K/home/jiajia/wzr/localization_1/src/rm_aimassist/src/assist_node.cpp:1:9:[m[K [01;31m[Kfatal error: [m[Krm_aimassist/assist_node.hpp: No such file or directory
[0.662s]     1 | #include[01;31m[K"rm_aimassist/assist_node.hpp"[m[K
[0.662s]       |         [01;31m[K^~~~~~~~~~~~~~~~~~~~~~~~~~~~~~[m[K
[0.662s] compilation terminated.
[0.664s] gmake[2]: *** [CMakeFiles/rm_aimassist_component.dir/build.make:76: CMakeFiles/rm_aimassist_component.dir/src/assist_node.cpp.o] Error 1
[0.664s] gmake[1]: *** [CMakeFiles/Makefile2:139: CMakeFiles/rm_aimassist_component.dir/all] Error 2
[0.664s] gmake: *** [Makefile:146: all] Error 2
[0.667s] Invoked command in '/home/jiajia/wzr/localization_1/build/rm_aimassist' returned '2': CMAKE_PREFIX_PATH=/home/jiajia/wzr/localization_1/install/rm_msgs:/home/jiajia/wzr/localization_1/install/teb_local_planner:/home/jiajia/wzr/localization_1/install/teb_msgs:/home/jiajia/wzr/localization_1/install/rm_startup:/home/jiajia/wzr/localization_1/install/rm_bringup:/home/jiajia/wzr/localization_1/install/rm_serial_driver:/home/jiajia/wzr/localization_1/install/rm_rune:/home/jiajia/wzr/localization_1/install/rm_navigation:/home/jiajia/wzr/localization_1/install/rm_armor_tracker:/home/jiajia/wzr/localization_1/install/rm_armor_detector:/home/jiajia/wzr/localization_1/install/rm_aimassist:/home/jiajia/wzr/localization_1/install/mechax_trajectory:/home/jiajia/wzr/localization_1/install/closed_loop:/home/jiajia/wzr/localization_1/install/rm_gimbal_description:/home/jiajia/wzr/localization_1/install/pointcloud_to_laserscan:/home/jiajia/wzr/localization_1/install/point_lio:/home/jiajia/wzr/localization_1/install/mindvision_camera:/home/jiajia/wzr/localization_1/install/icp_registration:/home/jiajia/wzr/localization_1/install/fast_lio:/home/jiajia/wzr/localization_1/install/livox_ros_driver2:/home/jiajia/wzr/localization_1/install/linefit_ground_segmentation_ros:/home/jiajia/wzr/localization_1/install/linefit_ground_segmentation:/home/jiajia/wzr/localization_1/install/imu_complementary_filter:/home/jiajia/wzr/localization_1/install/hik_camera:/home/jiajia/wzr/localization_1/install/costmap_converter:/home/jiajia/wzr/localization_1/install/costmap_converter_msgs:/opt/ros/humble LD_LIBRARY_PATH=/home/jiajia/wzr/localization_1/install/rm_msgs/lib:/home/jiajia/wzr/localization_1/install/teb_local_planner/lib:/home/jiajia/wzr/localization_1/install/teb_msgs/lib:/home/jiajia/wzr/localization_1/install/rm_serial_driver/lib:/home/jiajia/wzr/localization_1/install/rm_rune/lib:/home/jiajia/wzr/localization_1/install/rm_armor_tracker/lib:/home/jiajia/wzr/localization_1/install/rm_armor_detector/lib:/home/jiajia/wzr/localization_1/install/rm_aimassist/lib:/home/jiajia/wzr/localization_1/install/mechax_trajectory/lib:/home/jiajia/wzr/localization_1/install/closed_loop/lib:/home/jiajia/wzr/localization_1/install/pointcloud_to_laserscan/lib:/home/jiajia/wzr/localization_1/install/mindvision_camera/lib:/home/jiajia/wzr/localization_1/install/icp_registration/lib:/home/jiajia/wzr/localization_1/install/fast_lio/lib:/home/jiajia/wzr/localization_1/install/livox_ros_driver2/lib:/home/jiajia/wzr/localization_1/install/linefit_ground_segmentation/lib:/home/jiajia/wzr/localization_1/install/imu_complementary_filter/lib:/home/jiajia/wzr/localization_1/install/hik_camera/lib:/home/jiajia/wzr/localization_1/install/costmap_converter/lib:/home/jiajia/wzr/localization_1/install/costmap_converter_msgs/lib:/usr/lib/x86_64-linux-gnu/gazebo-11/plugins:/opt/ros/humble/opt/rviz_ogre_vendor/lib:/opt/ros/humble/lib/x86_64-linux-gnu:/opt/ros/humble/opt/openvdb_vendor/lib:/opt/ros/humble/lib:/opt/MVS/lib/64:/opt/MVS/lib/32:/opt/MVS/lib/64:/opt/MVS/lib/32:/opt/MVS/lib/64:/opt/MVS/lib/32:/opt/MVS/lib/64:/opt/MVS/lib/32 /usr/bin/cmake --build /home/jiajia/wzr/localization_1/build/rm_aimassist -- -j4 -l4
