[0.006s] Invoking command in '/home/jiajia/wzr/localization_1/build/teb_msgs': AMENT_PREFIX_PATH=/home/jiajia/wzr/localization_1/install/costmap_converter_msgs:${AMENT_PREFIX_PATH} CMAKE_PREFIX_PATH=/home/jiajia/wzr/localization_1/install/costmap_converter_msgs:/opt/ros/humble LD_LIBRARY_PATH=/home/jiajia/wzr/localization_1/install/costmap_converter_msgs/lib:/opt/MVS/lib/64:/opt/MVS/lib/32:/usr/lib/x86_64-linux-gnu/gazebo-11/plugins:/opt/ros/humble/opt/rviz_ogre_vendor/lib:/opt/ros/humble/lib/x86_64-linux-gnu:/opt/ros/humble/opt/openvdb_vendor/lib:/opt/ros/humble/lib:/opt/MVS/lib/64:/opt/MVS/lib/32:/opt/MVS/lib/64:/opt/MVS/lib/32 PYTHONPATH=/home/jiajia/wzr/localization_1/install/costmap_converter_msgs/local/lib/python3.10/dist-packages:${PYTHONPATH} /usr/bin/cmake /home/jiajia/wzr/localization_1/src/rm_navigation/third_party/teb_local_planner/teb_msgs -DCMAKE_INSTALL_PREFIX=/home/jiajia/wzr/localization_1/install/teb_msgs
[0.053s] -- The C compiler identification is GNU 12.3.0
[0.097s] -- The CXX compiler identification is GNU 12.3.0
[0.103s] -- Detecting C compiler ABI info
[0.162s] -- Detecting C compiler ABI info - done
[0.169s] -- Check for working C compiler: /usr/bin/cc - skipped
[0.169s] -- Detecting C compile features
[0.170s] -- Detecting C compile features - done
[0.173s] -- Detecting CXX compiler ABI info
[0.259s] -- Detecting CXX compiler ABI info - done
[0.265s] -- Check for working CXX compiler: /usr/bin/c++ - skipped
[0.265s] -- Detecting CXX compile features
[0.266s] -- Detecting CXX compile features - done
[0.270s] -- Found ament_cmake: 1.3.11 (/opt/ros/humble/share/ament_cmake/cmake)
[0.384s] -- Found Python3: /usr/bin/python3 (found version "3.10.12") found components: Interpreter 
[0.446s] -- Found builtin_interfaces: 1.2.1 (/opt/ros/humble/share/builtin_interfaces/cmake)
[0.468s] -- Found rosidl_generator_c: 3.1.6 (/opt/ros/humble/share/rosidl_generator_c/cmake)
[0.472s] -- Found rosidl_adapter: 3.1.6 (/opt/ros/humble/share/rosidl_adapter/cmake)
[0.479s] -- Found rosidl_generator_cpp: 3.1.6 (/opt/ros/humble/share/rosidl_generator_cpp/cmake)
[0.487s] -- Using all available rosidl_typesupport_c: rosidl_typesupport_fastrtps_c;rosidl_typesupport_introspection_c
[0.499s] -- Using all available rosidl_typesupport_cpp: rosidl_typesupport_fastrtps_cpp;rosidl_typesupport_introspection_cpp
[0.507s] -- Found costmap_converter_msgs: 0.1.2 (/home/jiajia/wzr/localization_1/install/costmap_converter_msgs/share/costmap_converter_msgs/cmake)
[0.537s] -- Found rosidl_default_generators: 1.2.0 (/opt/ros/humble/share/rosidl_default_generators/cmake)
[0.777s] -- Found ament_cmake_ros: 0.10.0 (/opt/ros/humble/share/ament_cmake_ros/cmake)
[1.095s] -- Using all available rosidl_typesupport_c: rosidl_typesupport_fastrtps_c;rosidl_typesupport_introspection_c
[1.225s] -- Using all available rosidl_typesupport_cpp: rosidl_typesupport_fastrtps_cpp;rosidl_typesupport_introspection_cpp
[1.241s] -- Found PythonInterp: /usr/bin/python3 (found suitable version "3.10.12", minimum required is "3.6") 
[1.242s] -- Found python_cmake_module: 0.10.0 (/opt/ros/humble/share/python_cmake_module/cmake)
[1.262s] -- Found PythonLibs: /usr/lib/x86_64-linux-gnu/libpython3.10.so (found suitable version "3.10.12", minimum required is "3.5") 
[1.263s] -- Using PYTHON_EXECUTABLE: /usr/bin/python3
[1.263s] -- Using PYTHON_INCLUDE_DIRS: /usr/include/python3.10
[1.263s] -- Using PYTHON_LIBRARIES: /usr/lib/x86_64-linux-gnu/libpython3.10.so
[1.285s] -- Found PythonExtra: .so  
[1.338s] -- Configuring done
[1.372s] -- Generating done
[1.385s] -- Build files have been written to: /home/jiajia/wzr/localization_1/build/teb_msgs
[1.394s] Invoked command in '/home/jiajia/wzr/localization_1/build/teb_msgs' returned '0': AMENT_PREFIX_PATH=/home/jiajia/wzr/localization_1/install/costmap_converter_msgs:${AMENT_PREFIX_PATH} CMAKE_PREFIX_PATH=/home/jiajia/wzr/localization_1/install/costmap_converter_msgs:/opt/ros/humble LD_LIBRARY_PATH=/home/jiajia/wzr/localization_1/install/costmap_converter_msgs/lib:/opt/MVS/lib/64:/opt/MVS/lib/32:/usr/lib/x86_64-linux-gnu/gazebo-11/plugins:/opt/ros/humble/opt/rviz_ogre_vendor/lib:/opt/ros/humble/lib/x86_64-linux-gnu:/opt/ros/humble/opt/openvdb_vendor/lib:/opt/ros/humble/lib:/opt/MVS/lib/64:/opt/MVS/lib/32:/opt/MVS/lib/64:/opt/MVS/lib/32 PYTHONPATH=/home/jiajia/wzr/localization_1/install/costmap_converter_msgs/local/lib/python3.10/dist-packages:${PYTHONPATH} /usr/bin/cmake /home/jiajia/wzr/localization_1/src/rm_navigation/third_party/teb_local_planner/teb_msgs -DCMAKE_INSTALL_PREFIX=/home/jiajia/wzr/localization_1/install/teb_msgs
[1.394s] Invoking command in '/home/jiajia/wzr/localization_1/build/teb_msgs': AMENT_PREFIX_PATH=/home/jiajia/wzr/localization_1/install/costmap_converter_msgs:${AMENT_PREFIX_PATH} CMAKE_PREFIX_PATH=/home/jiajia/wzr/localization_1/install/costmap_converter_msgs:/opt/ros/humble LD_LIBRARY_PATH=/home/jiajia/wzr/localization_1/install/costmap_converter_msgs/lib:/opt/MVS/lib/64:/opt/MVS/lib/32:/usr/lib/x86_64-linux-gnu/gazebo-11/plugins:/opt/ros/humble/opt/rviz_ogre_vendor/lib:/opt/ros/humble/lib/x86_64-linux-gnu:/opt/ros/humble/opt/openvdb_vendor/lib:/opt/ros/humble/lib:/opt/MVS/lib/64:/opt/MVS/lib/32:/opt/MVS/lib/64:/opt/MVS/lib/32 PYTHONPATH=/home/jiajia/wzr/localization_1/install/costmap_converter_msgs/local/lib/python3.10/dist-packages:${PYTHONPATH} /usr/bin/cmake --build /home/jiajia/wzr/localization_1/build/teb_msgs -- -j2 -l2
[1.442s] [  2%] [34m[1mGenerating C++ code for ROS interfaces[0m
[1.835s] [  2%] Built target teb_msgs__cpp
[1.845s] [  4%] [34m[1mGenerating C code for ROS interfaces[0m
[2.356s] [  6%] [32mBuilding C object CMakeFiles/teb_msgs__rosidl_generator_c.dir/rosidl_generator_c/teb_msgs/msg/detail/feedback_msg__functions.c.o[0m
[2.405s] [  8%] [32mBuilding C object CMakeFiles/teb_msgs__rosidl_generator_c.dir/rosidl_generator_c/teb_msgs/msg/detail/trajectory_msg__functions.c.o[0m
[2.448s] [ 10%] [32mBuilding C object CMakeFiles/teb_msgs__rosidl_generator_c.dir/rosidl_generator_c/teb_msgs/msg/detail/trajectory_point_msg__functions.c.o[0m
[2.490s] [ 12%] [32m[1mLinking C shared library libteb_msgs__rosidl_generator_c.so[0m
[2.526s] [ 12%] Built target teb_msgs__rosidl_generator_c
[2.550s] [ 12%] Built target ament_cmake_python_copy_teb_msgs
[2.557s] [ 14%] [34m[1mGenerating C++ type support dispatch for ROS interfaces[0m
[2.874s] [ 17%] [32mBuilding CXX object CMakeFiles/teb_msgs__rosidl_typesupport_cpp.dir/rosidl_typesupport_cpp/teb_msgs/msg/feedback_msg__type_support.cpp.o[0m
[3.077s] [ 19%] [32mBuilding CXX object CMakeFiles/teb_msgs__rosidl_typesupport_cpp.dir/rosidl_typesupport_cpp/teb_msgs/msg/trajectory_msg__type_support.cpp.o[0m
[3.284s] [ 21%] [32mBuilding CXX object CMakeFiles/teb_msgs__rosidl_typesupport_cpp.dir/rosidl_typesupport_cpp/teb_msgs/msg/trajectory_point_msg__type_support.cpp.o[0m
[3.499s] [ 23%] [32m[1mLinking CXX shared library libteb_msgs__rosidl_typesupport_cpp.so[0m
[3.536s] [ 23%] Built target teb_msgs__rosidl_typesupport_cpp
[3.542s] [ 25%] [34m[1mGenerating C type support for eProsima Fast-RTPS[0m
[3.979s] [ 27%] [32mBuilding CXX object CMakeFiles/teb_msgs__rosidl_typesupport_fastrtps_c.dir/rosidl_typesupport_fastrtps_c/teb_msgs/msg/detail/feedback_msg__type_support_c.cpp.o[0m
[4.226s] [ 29%] [32mBuilding CXX object CMakeFiles/teb_msgs__rosidl_typesupport_fastrtps_c.dir/rosidl_typesupport_fastrtps_c/teb_msgs/msg/detail/trajectory_msg__type_support_c.cpp.o[0m
[4.482s] [ 31%] [32mBuilding CXX object CMakeFiles/teb_msgs__rosidl_typesupport_fastrtps_c.dir/rosidl_typesupport_fastrtps_c/teb_msgs/msg/detail/trajectory_point_msg__type_support_c.cpp.o[0m
[4.772s] [ 34%] [32m[1mLinking CXX shared library libteb_msgs__rosidl_typesupport_fastrtps_c.so[0m
[4.846s] [ 34%] Built target teb_msgs__rosidl_typesupport_fastrtps_c
[4.853s] [ 36%] [34m[1mGenerating C++ type support for eProsima Fast-RTPS[0m
[5.181s] [ 38%] [32mBuilding CXX object CMakeFiles/teb_msgs__rosidl_typesupport_fastrtps_cpp.dir/rosidl_typesupport_fastrtps_cpp/teb_msgs/msg/detail/dds_fastrtps/feedback_msg__type_support.cpp.o[0m
[5.550s] [ 40%] [32mBuilding CXX object CMakeFiles/teb_msgs__rosidl_typesupport_fastrtps_cpp.dir/rosidl_typesupport_fastrtps_cpp/teb_msgs/msg/detail/dds_fastrtps/trajectory_msg__type_support.cpp.o[0m
[5.973s] [ 42%] [32mBuilding CXX object CMakeFiles/teb_msgs__rosidl_typesupport_fastrtps_cpp.dir/rosidl_typesupport_fastrtps_cpp/teb_msgs/msg/detail/dds_fastrtps/trajectory_point_msg__type_support.cpp.o[0m
[6.281s] [ 44%] [32m[1mLinking CXX shared library libteb_msgs__rosidl_typesupport_fastrtps_cpp.so[0m
[6.337s] [ 44%] Built target teb_msgs__rosidl_typesupport_fastrtps_cpp
[6.344s] [ 46%] [34m[1mGenerating C introspection for ROS interfaces[0m
[6.622s] [ 48%] [32mBuilding C object CMakeFiles/teb_msgs__rosidl_typesupport_introspection_c.dir/rosidl_typesupport_introspection_c/teb_msgs/msg/detail/feedback_msg__type_support.c.o[0m
[6.657s] [ 51%] [32mBuilding C object CMakeFiles/teb_msgs__rosidl_typesupport_introspection_c.dir/rosidl_typesupport_introspection_c/teb_msgs/msg/detail/trajectory_msg__type_support.c.o[0m
[6.691s] [ 53%] [32mBuilding C object CMakeFiles/teb_msgs__rosidl_typesupport_introspection_c.dir/rosidl_typesupport_introspection_c/teb_msgs/msg/detail/trajectory_point_msg__type_support.c.o[0m
[6.727s] [ 55%] [32m[1mLinking C shared library libteb_msgs__rosidl_typesupport_introspection_c.so[0m
[6.753s] [ 55%] Built target teb_msgs__rosidl_typesupport_introspection_c
[6.763s] [ 57%] [34m[1mGenerating C type support dispatch for ROS interfaces[0m
[7.009s] [ 59%] [32mBuilding CXX object CMakeFiles/teb_msgs__rosidl_typesupport_c.dir/rosidl_typesupport_c/teb_msgs/msg/feedback_msg__type_support.cpp.o[0m
[7.039s] [ 61%] [32mBuilding CXX object CMakeFiles/teb_msgs__rosidl_typesupport_c.dir/rosidl_typesupport_c/teb_msgs/msg/trajectory_msg__type_support.cpp.o[0m
[7.070s] [ 63%] [32mBuilding CXX object CMakeFiles/teb_msgs__rosidl_typesupport_c.dir/rosidl_typesupport_c/teb_msgs/msg/trajectory_point_msg__type_support.cpp.o[0m
[7.097s] [ 65%] [32m[1mLinking CXX shared library libteb_msgs__rosidl_typesupport_c.so[0m
[7.136s] [ 65%] Built target teb_msgs__rosidl_typesupport_c
[7.144s] [ 68%] [34m[1mGenerating C++ introspection for ROS interfaces[0m
[7.492s] [ 70%] [32mBuilding CXX object CMakeFiles/teb_msgs__rosidl_typesupport_introspection_cpp.dir/rosidl_typesupport_introspection_cpp/teb_msgs/msg/detail/feedback_msg__type_support.cpp.o[0m
[7.886s] [ 72%] [32mBuilding CXX object CMakeFiles/teb_msgs__rosidl_typesupport_introspection_cpp.dir/rosidl_typesupport_introspection_cpp/teb_msgs/msg/detail/trajectory_msg__type_support.cpp.o[0m
[8.203s] [ 74%] [32mBuilding CXX object CMakeFiles/teb_msgs__rosidl_typesupport_introspection_cpp.dir/rosidl_typesupport_introspection_cpp/teb_msgs/msg/detail/trajectory_point_msg__type_support.cpp.o[0m
[8.512s] [ 76%] [32m[1mLinking CXX shared library libteb_msgs__rosidl_typesupport_introspection_cpp.so[0m
[8.569s] [ 76%] Built target teb_msgs__rosidl_typesupport_introspection_cpp
[8.785s] running egg_info
[8.785s] creating teb_msgs.egg-info
[8.786s] writing teb_msgs.egg-info/PKG-INFO
[8.786s] writing dependency_links to teb_msgs.egg-info/dependency_links.txt
[8.786s] writing top-level names to teb_msgs.egg-info/top_level.txt
[8.787s] writing manifest file 'teb_msgs.egg-info/SOURCES.txt'
[8.789s] reading manifest file 'teb_msgs.egg-info/SOURCES.txt'
[8.789s] writing manifest file 'teb_msgs.egg-info/SOURCES.txt'
[8.812s] [ 76%] Built target ament_cmake_python_build_teb_msgs_egg
[8.830s] [ 76%] Built target teb_msgs
[8.850s] [ 78%] [34m[1mGenerating Python code for ROS interfaces[0m
[9.411s] [ 78%] Built target teb_msgs__py
[9.425s] [ 80%] [32mBuilding C object CMakeFiles/teb_msgs__rosidl_generator_py.dir/rosidl_generator_py/teb_msgs/msg/_feedback_msg_s.c.o[0m
[9.505s] [ 82%] [32mBuilding C object CMakeFiles/teb_msgs__rosidl_generator_py.dir/rosidl_generator_py/teb_msgs/msg/_trajectory_msg_s.c.o[0m
[9.597s] [ 85%] [32mBuilding C object CMakeFiles/teb_msgs__rosidl_generator_py.dir/rosidl_generator_py/teb_msgs/msg/_trajectory_point_msg_s.c.o[0m
[9.682s] [ 87%] [32m[1mLinking C shared library rosidl_generator_py/teb_msgs/libteb_msgs__rosidl_generator_py.so[0m
[9.721s] [ 87%] Built target teb_msgs__rosidl_generator_py
[9.735s] [ 89%] [32mBuilding C object CMakeFiles/teb_msgs__rosidl_typesupport_fastrtps_c__pyext.dir/rosidl_generator_py/teb_msgs/_teb_msgs_s.ep.rosidl_typesupport_fastrtps_c.c.o[0m
[9.816s] [ 91%] [32m[1mLinking C shared library rosidl_generator_py/teb_msgs/teb_msgs_s__rosidl_typesupport_fastrtps_c.cpython-310-x86_64-linux-gnu.so[0m
[9.847s] [ 91%] Built target teb_msgs__rosidl_typesupport_fastrtps_c__pyext
[9.863s] [ 93%] [32mBuilding C object CMakeFiles/teb_msgs__rosidl_typesupport_introspection_c__pyext.dir/rosidl_generator_py/teb_msgs/_teb_msgs_s.ep.rosidl_typesupport_introspection_c.c.o[0m
[9.936s] [ 95%] [32m[1mLinking C shared library rosidl_generator_py/teb_msgs/teb_msgs_s__rosidl_typesupport_introspection_c.cpython-310-x86_64-linux-gnu.so[0m
[9.970s] [ 95%] Built target teb_msgs__rosidl_typesupport_introspection_c__pyext
[9.982s] [ 97%] [32mBuilding C object CMakeFiles/teb_msgs__rosidl_typesupport_c__pyext.dir/rosidl_generator_py/teb_msgs/_teb_msgs_s.ep.rosidl_typesupport_c.c.o[0m
[10.060s] [100%] [32m[1mLinking C shared library rosidl_generator_py/teb_msgs/teb_msgs_s__rosidl_typesupport_c.cpython-310-x86_64-linux-gnu.so[0m
[10.091s] [100%] Built target teb_msgs__rosidl_typesupport_c__pyext
[10.099s] Invoked command in '/home/jiajia/wzr/localization_1/build/teb_msgs' returned '0': AMENT_PREFIX_PATH=/home/jiajia/wzr/localization_1/install/costmap_converter_msgs:${AMENT_PREFIX_PATH} CMAKE_PREFIX_PATH=/home/jiajia/wzr/localization_1/install/costmap_converter_msgs:/opt/ros/humble LD_LIBRARY_PATH=/home/jiajia/wzr/localization_1/install/costmap_converter_msgs/lib:/opt/MVS/lib/64:/opt/MVS/lib/32:/usr/lib/x86_64-linux-gnu/gazebo-11/plugins:/opt/ros/humble/opt/rviz_ogre_vendor/lib:/opt/ros/humble/lib/x86_64-linux-gnu:/opt/ros/humble/opt/openvdb_vendor/lib:/opt/ros/humble/lib:/opt/MVS/lib/64:/opt/MVS/lib/32:/opt/MVS/lib/64:/opt/MVS/lib/32 PYTHONPATH=/home/jiajia/wzr/localization_1/install/costmap_converter_msgs/local/lib/python3.10/dist-packages:${PYTHONPATH} /usr/bin/cmake --build /home/jiajia/wzr/localization_1/build/teb_msgs -- -j2 -l2
[10.100s] Invoking command in '/home/jiajia/wzr/localization_1/build/teb_msgs': AMENT_PREFIX_PATH=/home/jiajia/wzr/localization_1/install/costmap_converter_msgs:${AMENT_PREFIX_PATH} CMAKE_PREFIX_PATH=/home/jiajia/wzr/localization_1/install/costmap_converter_msgs:/opt/ros/humble LD_LIBRARY_PATH=/home/jiajia/wzr/localization_1/install/costmap_converter_msgs/lib:/opt/MVS/lib/64:/opt/MVS/lib/32:/usr/lib/x86_64-linux-gnu/gazebo-11/plugins:/opt/ros/humble/opt/rviz_ogre_vendor/lib:/opt/ros/humble/lib/x86_64-linux-gnu:/opt/ros/humble/opt/openvdb_vendor/lib:/opt/ros/humble/lib:/opt/MVS/lib/64:/opt/MVS/lib/32:/opt/MVS/lib/64:/opt/MVS/lib/32 PYTHONPATH=/home/jiajia/wzr/localization_1/install/costmap_converter_msgs/local/lib/python3.10/dist-packages:${PYTHONPATH} /usr/bin/cmake --install /home/jiajia/wzr/localization_1/build/teb_msgs
[10.106s] -- Install configuration: ""
[10.107s] -- Installing: /home/jiajia/wzr/localization_1/install/teb_msgs/share/ament_index/resource_index/rosidl_interfaces/teb_msgs
[10.107s] -- Installing: /home/jiajia/wzr/localization_1/install/teb_msgs/include/teb_msgs/teb_msgs
[10.107s] -- Installing: /home/jiajia/wzr/localization_1/install/teb_msgs/include/teb_msgs/teb_msgs/msg
[10.107s] -- Installing: /home/jiajia/wzr/localization_1/install/teb_msgs/include/teb_msgs/teb_msgs/msg/feedback_msg.h
[10.107s] -- Installing: /home/jiajia/wzr/localization_1/install/teb_msgs/include/teb_msgs/teb_msgs/msg/detail
[10.107s] -- Installing: /home/jiajia/wzr/localization_1/install/teb_msgs/include/teb_msgs/teb_msgs/msg/detail/trajectory_point_msg__type_support.h
[10.108s] -- Installing: /home/jiajia/wzr/localization_1/install/teb_msgs/include/teb_msgs/teb_msgs/msg/detail/trajectory_msg__functions.c
[10.108s] -- Installing: /home/jiajia/wzr/localization_1/install/teb_msgs/include/teb_msgs/teb_msgs/msg/detail/trajectory_point_msg__functions.h
[10.108s] -- Installing: /home/jiajia/wzr/localization_1/install/teb_msgs/include/teb_msgs/teb_msgs/msg/detail/trajectory_point_msg__struct.h
[10.108s] -- Installing: /home/jiajia/wzr/localization_1/install/teb_msgs/include/teb_msgs/teb_msgs/msg/detail/feedback_msg__type_support.h
[10.108s] -- Installing: /home/jiajia/wzr/localization_1/install/teb_msgs/include/teb_msgs/teb_msgs/msg/detail/trajectory_msg__type_support.h
[10.108s] -- Installing: /home/jiajia/wzr/localization_1/install/teb_msgs/include/teb_msgs/teb_msgs/msg/detail/feedback_msg__functions.c
[10.108s] -- Installing: /home/jiajia/wzr/localization_1/install/teb_msgs/include/teb_msgs/teb_msgs/msg/detail/trajectory_point_msg__functions.c
[10.108s] -- Installing: /home/jiajia/wzr/localization_1/install/teb_msgs/include/teb_msgs/teb_msgs/msg/detail/feedback_msg__struct.h
[10.108s] -- Installing: /home/jiajia/wzr/localization_1/install/teb_msgs/include/teb_msgs/teb_msgs/msg/detail/trajectory_msg__struct.h
[10.108s] -- Installing: /home/jiajia/wzr/localization_1/install/teb_msgs/include/teb_msgs/teb_msgs/msg/detail/feedback_msg__functions.h
[10.109s] -- Installing: /home/jiajia/wzr/localization_1/install/teb_msgs/include/teb_msgs/teb_msgs/msg/detail/trajectory_msg__functions.h
[10.109s] -- Installing: /home/jiajia/wzr/localization_1/install/teb_msgs/include/teb_msgs/teb_msgs/msg/trajectory_msg.h
[10.109s] -- Installing: /home/jiajia/wzr/localization_1/install/teb_msgs/include/teb_msgs/teb_msgs/msg/trajectory_point_msg.h
[10.109s] -- Installing: /home/jiajia/wzr/localization_1/install/teb_msgs/include/teb_msgs/teb_msgs/msg/rosidl_generator_c__visibility_control.h
[10.109s] -- Installing: /home/jiajia/wzr/localization_1/install/teb_msgs/share/teb_msgs/environment/library_path.sh
[10.109s] -- Installing: /home/jiajia/wzr/localization_1/install/teb_msgs/share/teb_msgs/environment/library_path.dsv
[10.109s] -- Installing: /home/jiajia/wzr/localization_1/install/teb_msgs/lib/libteb_msgs__rosidl_generator_c.so
[10.110s] -- Set runtime path of "/home/jiajia/wzr/localization_1/install/teb_msgs/lib/libteb_msgs__rosidl_generator_c.so" to ""
[10.110s] -- Up-to-date: /home/jiajia/wzr/localization_1/install/teb_msgs/include/teb_msgs/teb_msgs
[10.110s] -- Up-to-date: /home/jiajia/wzr/localization_1/install/teb_msgs/include/teb_msgs/teb_msgs/msg
[10.110s] -- Up-to-date: /home/jiajia/wzr/localization_1/install/teb_msgs/include/teb_msgs/teb_msgs/msg/detail
[10.110s] -- Installing: /home/jiajia/wzr/localization_1/install/teb_msgs/include/teb_msgs/teb_msgs/msg/detail/trajectory_point_msg__rosidl_typesupport_fastrtps_c.h
[10.110s] -- Installing: /home/jiajia/wzr/localization_1/install/teb_msgs/include/teb_msgs/teb_msgs/msg/detail/trajectory_msg__rosidl_typesupport_fastrtps_c.h
[10.110s] -- Installing: /home/jiajia/wzr/localization_1/install/teb_msgs/include/teb_msgs/teb_msgs/msg/detail/feedback_msg__rosidl_typesupport_fastrtps_c.h
[10.110s] -- Installing: /home/jiajia/wzr/localization_1/install/teb_msgs/include/teb_msgs/teb_msgs/msg/rosidl_typesupport_fastrtps_c__visibility_control.h
[10.111s] -- Installing: /home/jiajia/wzr/localization_1/install/teb_msgs/lib/libteb_msgs__rosidl_typesupport_fastrtps_c.so
[10.111s] -- Set runtime path of "/home/jiajia/wzr/localization_1/install/teb_msgs/lib/libteb_msgs__rosidl_typesupport_fastrtps_c.so" to ""
[10.111s] -- Up-to-date: /home/jiajia/wzr/localization_1/install/teb_msgs/include/teb_msgs/teb_msgs
[10.111s] -- Up-to-date: /home/jiajia/wzr/localization_1/install/teb_msgs/include/teb_msgs/teb_msgs/msg
[10.111s] -- Up-to-date: /home/jiajia/wzr/localization_1/install/teb_msgs/include/teb_msgs/teb_msgs/msg/detail
[10.111s] -- Installing: /home/jiajia/wzr/localization_1/install/teb_msgs/include/teb_msgs/teb_msgs/msg/detail/feedback_msg__type_support.hpp
[10.111s] -- Installing: /home/jiajia/wzr/localization_1/install/teb_msgs/include/teb_msgs/teb_msgs/msg/detail/trajectory_point_msg__builder.hpp
[10.111s] -- Installing: /home/jiajia/wzr/localization_1/install/teb_msgs/include/teb_msgs/teb_msgs/msg/detail/feedback_msg__builder.hpp
[10.112s] -- Installing: /home/jiajia/wzr/localization_1/install/teb_msgs/include/teb_msgs/teb_msgs/msg/detail/trajectory_msg__struct.hpp
[10.112s] -- Installing: /home/jiajia/wzr/localization_1/install/teb_msgs/include/teb_msgs/teb_msgs/msg/detail/feedback_msg__struct.hpp
[10.112s] -- Installing: /home/jiajia/wzr/localization_1/install/teb_msgs/include/teb_msgs/teb_msgs/msg/detail/trajectory_point_msg__type_support.hpp
[10.112s] -- Installing: /home/jiajia/wzr/localization_1/install/teb_msgs/include/teb_msgs/teb_msgs/msg/detail/feedback_msg__traits.hpp
[10.112s] -- Installing: /home/jiajia/wzr/localization_1/install/teb_msgs/include/teb_msgs/teb_msgs/msg/detail/trajectory_point_msg__struct.hpp
[10.112s] -- Installing: /home/jiajia/wzr/localization_1/install/teb_msgs/include/teb_msgs/teb_msgs/msg/detail/trajectory_msg__traits.hpp
[10.112s] -- Installing: /home/jiajia/wzr/localization_1/install/teb_msgs/include/teb_msgs/teb_msgs/msg/detail/trajectory_point_msg__traits.hpp
[10.112s] -- Installing: /home/jiajia/wzr/localization_1/install/teb_msgs/include/teb_msgs/teb_msgs/msg/detail/trajectory_msg__builder.hpp
[10.113s] -- Installing: /home/jiajia/wzr/localization_1/install/teb_msgs/include/teb_msgs/teb_msgs/msg/detail/trajectory_msg__type_support.hpp
[10.113s] -- Installing: /home/jiajia/wzr/localization_1/install/teb_msgs/include/teb_msgs/teb_msgs/msg/trajectory_point_msg.hpp
[10.113s] -- Installing: /home/jiajia/wzr/localization_1/install/teb_msgs/include/teb_msgs/teb_msgs/msg/feedback_msg.hpp
[10.113s] -- Installing: /home/jiajia/wzr/localization_1/install/teb_msgs/include/teb_msgs/teb_msgs/msg/trajectory_msg.hpp
[10.113s] -- Installing: /home/jiajia/wzr/localization_1/install/teb_msgs/include/teb_msgs/teb_msgs/msg/rosidl_generator_cpp__visibility_control.hpp
[10.113s] -- Up-to-date: /home/jiajia/wzr/localization_1/install/teb_msgs/include/teb_msgs/teb_msgs
[10.113s] -- Up-to-date: /home/jiajia/wzr/localization_1/install/teb_msgs/include/teb_msgs/teb_msgs/msg
[10.113s] -- Installing: /home/jiajia/wzr/localization_1/install/teb_msgs/include/teb_msgs/teb_msgs/msg/rosidl_typesupport_fastrtps_cpp__visibility_control.h
[10.113s] -- Up-to-date: /home/jiajia/wzr/localization_1/install/teb_msgs/include/teb_msgs/teb_msgs/msg/detail
[10.114s] -- Installing: /home/jiajia/wzr/localization_1/install/teb_msgs/include/teb_msgs/teb_msgs/msg/detail/trajectory_point_msg__rosidl_typesupport_fastrtps_cpp.hpp
[10.114s] -- Installing: /home/jiajia/wzr/localization_1/install/teb_msgs/include/teb_msgs/teb_msgs/msg/detail/trajectory_msg__rosidl_typesupport_fastrtps_cpp.hpp
[10.114s] -- Installing: /home/jiajia/wzr/localization_1/install/teb_msgs/include/teb_msgs/teb_msgs/msg/detail/feedback_msg__rosidl_typesupport_fastrtps_cpp.hpp
[10.114s] -- Installing: /home/jiajia/wzr/localization_1/install/teb_msgs/include/teb_msgs/teb_msgs/msg/detail/dds_fastrtps
[10.114s] -- Installing: /home/jiajia/wzr/localization_1/install/teb_msgs/lib/libteb_msgs__rosidl_typesupport_fastrtps_cpp.so
[10.114s] -- Set runtime path of "/home/jiajia/wzr/localization_1/install/teb_msgs/lib/libteb_msgs__rosidl_typesupport_fastrtps_cpp.so" to ""
[10.114s] -- Up-to-date: /home/jiajia/wzr/localization_1/install/teb_msgs/include/teb_msgs/teb_msgs
[10.114s] -- Up-to-date: /home/jiajia/wzr/localization_1/install/teb_msgs/include/teb_msgs/teb_msgs/msg
[10.115s] -- Up-to-date: /home/jiajia/wzr/localization_1/install/teb_msgs/include/teb_msgs/teb_msgs/msg/detail
[10.115s] -- Installing: /home/jiajia/wzr/localization_1/install/teb_msgs/include/teb_msgs/teb_msgs/msg/detail/trajectory_point_msg__rosidl_typesupport_introspection_c.h
[10.115s] -- Installing: /home/jiajia/wzr/localization_1/install/teb_msgs/include/teb_msgs/teb_msgs/msg/detail/feedback_msg__rosidl_typesupport_introspection_c.h
[10.115s] -- Installing: /home/jiajia/wzr/localization_1/install/teb_msgs/include/teb_msgs/teb_msgs/msg/detail/trajectory_msg__type_support.c
[10.115s] -- Installing: /home/jiajia/wzr/localization_1/install/teb_msgs/include/teb_msgs/teb_msgs/msg/detail/trajectory_msg__rosidl_typesupport_introspection_c.h
[10.115s] -- Installing: /home/jiajia/wzr/localization_1/install/teb_msgs/include/teb_msgs/teb_msgs/msg/detail/trajectory_point_msg__type_support.c
[10.116s] -- Installing: /home/jiajia/wzr/localization_1/install/teb_msgs/include/teb_msgs/teb_msgs/msg/detail/feedback_msg__type_support.c
[10.116s] -- Installing: /home/jiajia/wzr/localization_1/install/teb_msgs/include/teb_msgs/teb_msgs/msg/rosidl_typesupport_introspection_c__visibility_control.h
[10.116s] -- Installing: /home/jiajia/wzr/localization_1/install/teb_msgs/lib/libteb_msgs__rosidl_typesupport_introspection_c.so
[10.116s] -- Set runtime path of "/home/jiajia/wzr/localization_1/install/teb_msgs/lib/libteb_msgs__rosidl_typesupport_introspection_c.so" to ""
[10.116s] -- Installing: /home/jiajia/wzr/localization_1/install/teb_msgs/lib/libteb_msgs__rosidl_typesupport_c.so
[10.116s] -- Set runtime path of "/home/jiajia/wzr/localization_1/install/teb_msgs/lib/libteb_msgs__rosidl_typesupport_c.so" to ""
[10.117s] -- Up-to-date: /home/jiajia/wzr/localization_1/install/teb_msgs/include/teb_msgs/teb_msgs
[10.117s] -- Up-to-date: /home/jiajia/wzr/localization_1/install/teb_msgs/include/teb_msgs/teb_msgs/msg
[10.117s] -- Up-to-date: /home/jiajia/wzr/localization_1/install/teb_msgs/include/teb_msgs/teb_msgs/msg/detail
[10.117s] -- Installing: /home/jiajia/wzr/localization_1/install/teb_msgs/include/teb_msgs/teb_msgs/msg/detail/trajectory_msg__type_support.cpp
[10.117s] -- Installing: /home/jiajia/wzr/localization_1/install/teb_msgs/include/teb_msgs/teb_msgs/msg/detail/trajectory_point_msg__rosidl_typesupport_introspection_cpp.hpp
[10.117s] -- Installing: /home/jiajia/wzr/localization_1/install/teb_msgs/include/teb_msgs/teb_msgs/msg/detail/trajectory_point_msg__type_support.cpp
[10.117s] -- Installing: /home/jiajia/wzr/localization_1/install/teb_msgs/include/teb_msgs/teb_msgs/msg/detail/feedback_msg__rosidl_typesupport_introspection_cpp.hpp
[10.117s] -- Installing: /home/jiajia/wzr/localization_1/install/teb_msgs/include/teb_msgs/teb_msgs/msg/detail/trajectory_msg__rosidl_typesupport_introspection_cpp.hpp
[10.117s] -- Installing: /home/jiajia/wzr/localization_1/install/teb_msgs/include/teb_msgs/teb_msgs/msg/detail/feedback_msg__type_support.cpp
[10.118s] -- Installing: /home/jiajia/wzr/localization_1/install/teb_msgs/lib/libteb_msgs__rosidl_typesupport_introspection_cpp.so
[10.118s] -- Set runtime path of "/home/jiajia/wzr/localization_1/install/teb_msgs/lib/libteb_msgs__rosidl_typesupport_introspection_cpp.so" to ""
[10.118s] -- Installing: /home/jiajia/wzr/localization_1/install/teb_msgs/lib/libteb_msgs__rosidl_typesupport_cpp.so
[10.118s] -- Set runtime path of "/home/jiajia/wzr/localization_1/install/teb_msgs/lib/libteb_msgs__rosidl_typesupport_cpp.so" to ""
[10.118s] -- Installing: /home/jiajia/wzr/localization_1/install/teb_msgs/share/teb_msgs/environment/pythonpath.sh
[10.119s] -- Installing: /home/jiajia/wzr/localization_1/install/teb_msgs/share/teb_msgs/environment/pythonpath.dsv
[10.119s] -- Installing: /home/jiajia/wzr/localization_1/install/teb_msgs/local/lib/python3.10/dist-packages/teb_msgs-0.0.1-py3.10.egg-info
[10.119s] -- Installing: /home/jiajia/wzr/localization_1/install/teb_msgs/local/lib/python3.10/dist-packages/teb_msgs-0.0.1-py3.10.egg-info/PKG-INFO
[10.119s] -- Installing: /home/jiajia/wzr/localization_1/install/teb_msgs/local/lib/python3.10/dist-packages/teb_msgs-0.0.1-py3.10.egg-info/dependency_links.txt
[10.119s] -- Installing: /home/jiajia/wzr/localization_1/install/teb_msgs/local/lib/python3.10/dist-packages/teb_msgs-0.0.1-py3.10.egg-info/SOURCES.txt
[10.119s] -- Installing: /home/jiajia/wzr/localization_1/install/teb_msgs/local/lib/python3.10/dist-packages/teb_msgs-0.0.1-py3.10.egg-info/top_level.txt
[10.120s] -- Installing: /home/jiajia/wzr/localization_1/install/teb_msgs/local/lib/python3.10/dist-packages/teb_msgs
[10.120s] -- Installing: /home/jiajia/wzr/localization_1/install/teb_msgs/local/lib/python3.10/dist-packages/teb_msgs/_teb_msgs_s.ep.rosidl_typesupport_c.c
[10.120s] -- Installing: /home/jiajia/wzr/localization_1/install/teb_msgs/local/lib/python3.10/dist-packages/teb_msgs/__init__.py
[10.120s] -- Installing: /home/jiajia/wzr/localization_1/install/teb_msgs/local/lib/python3.10/dist-packages/teb_msgs/_teb_msgs_s.ep.rosidl_typesupport_fastrtps_c.c
[10.120s] -- Installing: /home/jiajia/wzr/localization_1/install/teb_msgs/local/lib/python3.10/dist-packages/teb_msgs/msg
[10.120s] -- Installing: /home/jiajia/wzr/localization_1/install/teb_msgs/local/lib/python3.10/dist-packages/teb_msgs/msg/_trajectory_point_msg.py
[10.120s] -- Installing: /home/jiajia/wzr/localization_1/install/teb_msgs/local/lib/python3.10/dist-packages/teb_msgs/msg/_feedback_msg.py
[10.120s] -- Installing: /home/jiajia/wzr/localization_1/install/teb_msgs/local/lib/python3.10/dist-packages/teb_msgs/msg/__init__.py
[10.120s] -- Installing: /home/jiajia/wzr/localization_1/install/teb_msgs/local/lib/python3.10/dist-packages/teb_msgs/msg/_feedback_msg_s.c
[10.121s] -- Installing: /home/jiajia/wzr/localization_1/install/teb_msgs/local/lib/python3.10/dist-packages/teb_msgs/msg/_trajectory_msg.py
[10.121s] -- Installing: /home/jiajia/wzr/localization_1/install/teb_msgs/local/lib/python3.10/dist-packages/teb_msgs/msg/_trajectory_point_msg_s.c
[10.121s] -- Installing: /home/jiajia/wzr/localization_1/install/teb_msgs/local/lib/python3.10/dist-packages/teb_msgs/msg/_trajectory_msg_s.c
[10.121s] -- Installing: /home/jiajia/wzr/localization_1/install/teb_msgs/local/lib/python3.10/dist-packages/teb_msgs/teb_msgs_s__rosidl_typesupport_c.cpython-310-x86_64-linux-gnu.so
[10.121s] -- Installing: /home/jiajia/wzr/localization_1/install/teb_msgs/local/lib/python3.10/dist-packages/teb_msgs/_teb_msgs_s.ep.rosidl_typesupport_introspection_c.c
[10.121s] -- Installing: /home/jiajia/wzr/localization_1/install/teb_msgs/local/lib/python3.10/dist-packages/teb_msgs/teb_msgs_s__rosidl_typesupport_introspection_c.cpython-310-x86_64-linux-gnu.so
[10.121s] -- Installing: /home/jiajia/wzr/localization_1/install/teb_msgs/local/lib/python3.10/dist-packages/teb_msgs/teb_msgs_s__rosidl_typesupport_fastrtps_c.cpython-310-x86_64-linux-gnu.so
[10.121s] -- Installing: /home/jiajia/wzr/localization_1/install/teb_msgs/local/lib/python3.10/dist-packages/teb_msgs/libteb_msgs__rosidl_generator_py.so
[10.148s] Listing '/home/jiajia/wzr/localization_1/install/teb_msgs/local/lib/python3.10/dist-packages/teb_msgs'...
[10.148s] Compiling '/home/jiajia/wzr/localization_1/install/teb_msgs/local/lib/python3.10/dist-packages/teb_msgs/__init__.py'...
[10.148s] Listing '/home/jiajia/wzr/localization_1/install/teb_msgs/local/lib/python3.10/dist-packages/teb_msgs/msg'...
[10.148s] Compiling '/home/jiajia/wzr/localization_1/install/teb_msgs/local/lib/python3.10/dist-packages/teb_msgs/msg/__init__.py'...
[10.148s] Compiling '/home/jiajia/wzr/localization_1/install/teb_msgs/local/lib/python3.10/dist-packages/teb_msgs/msg/_feedback_msg.py'...
[10.148s] Compiling '/home/jiajia/wzr/localization_1/install/teb_msgs/local/lib/python3.10/dist-packages/teb_msgs/msg/_trajectory_msg.py'...
[10.148s] Compiling '/home/jiajia/wzr/localization_1/install/teb_msgs/local/lib/python3.10/dist-packages/teb_msgs/msg/_trajectory_point_msg.py'...
[10.153s] -- Installing: /home/jiajia/wzr/localization_1/install/teb_msgs/local/lib/python3.10/dist-packages/teb_msgs/teb_msgs_s__rosidl_typesupport_fastrtps_c.cpython-310-x86_64-linux-gnu.so
[10.153s] -- Set runtime path of "/home/jiajia/wzr/localization_1/install/teb_msgs/local/lib/python3.10/dist-packages/teb_msgs/teb_msgs_s__rosidl_typesupport_fastrtps_c.cpython-310-x86_64-linux-gnu.so" to ""
[10.153s] -- Installing: /home/jiajia/wzr/localization_1/install/teb_msgs/local/lib/python3.10/dist-packages/teb_msgs/teb_msgs_s__rosidl_typesupport_introspection_c.cpython-310-x86_64-linux-gnu.so
[10.154s] -- Set runtime path of "/home/jiajia/wzr/localization_1/install/teb_msgs/local/lib/python3.10/dist-packages/teb_msgs/teb_msgs_s__rosidl_typesupport_introspection_c.cpython-310-x86_64-linux-gnu.so" to ""
[10.154s] -- Installing: /home/jiajia/wzr/localization_1/install/teb_msgs/local/lib/python3.10/dist-packages/teb_msgs/teb_msgs_s__rosidl_typesupport_c.cpython-310-x86_64-linux-gnu.so
[10.154s] -- Set runtime path of "/home/jiajia/wzr/localization_1/install/teb_msgs/local/lib/python3.10/dist-packages/teb_msgs/teb_msgs_s__rosidl_typesupport_c.cpython-310-x86_64-linux-gnu.so" to ""
[10.154s] -- Installing: /home/jiajia/wzr/localization_1/install/teb_msgs/lib/libteb_msgs__rosidl_generator_py.so
[10.155s] -- Set runtime path of "/home/jiajia/wzr/localization_1/install/teb_msgs/lib/libteb_msgs__rosidl_generator_py.so" to ""
[10.155s] -- Installing: /home/jiajia/wzr/localization_1/install/teb_msgs/share/teb_msgs/msg/FeedbackMsg.idl
[10.155s] -- Installing: /home/jiajia/wzr/localization_1/install/teb_msgs/share/teb_msgs/msg/TrajectoryMsg.idl
[10.155s] -- Installing: /home/jiajia/wzr/localization_1/install/teb_msgs/share/teb_msgs/msg/TrajectoryPointMsg.idl
[10.155s] -- Installing: /home/jiajia/wzr/localization_1/install/teb_msgs/share/teb_msgs/msg/FeedbackMsg.msg
[10.155s] -- Installing: /home/jiajia/wzr/localization_1/install/teb_msgs/share/teb_msgs/msg/TrajectoryMsg.msg
[10.155s] -- Installing: /home/jiajia/wzr/localization_1/install/teb_msgs/share/teb_msgs/msg/TrajectoryPointMsg.msg
[10.156s] -- Installing: /home/jiajia/wzr/localization_1/install/teb_msgs/share/ament_index/resource_index/package_run_dependencies/teb_msgs
[10.156s] -- Installing: /home/jiajia/wzr/localization_1/install/teb_msgs/share/ament_index/resource_index/parent_prefix_path/teb_msgs
[10.156s] -- Installing: /home/jiajia/wzr/localization_1/install/teb_msgs/share/teb_msgs/environment/ament_prefix_path.sh
[10.156s] -- Installing: /home/jiajia/wzr/localization_1/install/teb_msgs/share/teb_msgs/environment/ament_prefix_path.dsv
[10.156s] -- Installing: /home/jiajia/wzr/localization_1/install/teb_msgs/share/teb_msgs/environment/path.sh
[10.156s] -- Installing: /home/jiajia/wzr/localization_1/install/teb_msgs/share/teb_msgs/environment/path.dsv
[10.156s] -- Installing: /home/jiajia/wzr/localization_1/install/teb_msgs/share/teb_msgs/local_setup.bash
[10.157s] -- Installing: /home/jiajia/wzr/localization_1/install/teb_msgs/share/teb_msgs/local_setup.sh
[10.157s] -- Installing: /home/jiajia/wzr/localization_1/install/teb_msgs/share/teb_msgs/local_setup.zsh
[10.157s] -- Installing: /home/jiajia/wzr/localization_1/install/teb_msgs/share/teb_msgs/local_setup.dsv
[10.157s] -- Installing: /home/jiajia/wzr/localization_1/install/teb_msgs/share/teb_msgs/package.dsv
[10.157s] -- Installing: /home/jiajia/wzr/localization_1/install/teb_msgs/share/ament_index/resource_index/packages/teb_msgs
[10.157s] -- Installing: /home/jiajia/wzr/localization_1/install/teb_msgs/share/teb_msgs/cmake/export_teb_msgs__rosidl_generator_cExport.cmake
[10.157s] -- Installing: /home/jiajia/wzr/localization_1/install/teb_msgs/share/teb_msgs/cmake/export_teb_msgs__rosidl_generator_cExport-noconfig.cmake
[10.158s] -- Installing: /home/jiajia/wzr/localization_1/install/teb_msgs/share/teb_msgs/cmake/export_teb_msgs__rosidl_typesupport_fastrtps_cExport.cmake
[10.158s] -- Installing: /home/jiajia/wzr/localization_1/install/teb_msgs/share/teb_msgs/cmake/export_teb_msgs__rosidl_typesupport_fastrtps_cExport-noconfig.cmake
[10.158s] -- Installing: /home/jiajia/wzr/localization_1/install/teb_msgs/share/teb_msgs/cmake/export_teb_msgs__rosidl_generator_cppExport.cmake
[10.158s] -- Installing: /home/jiajia/wzr/localization_1/install/teb_msgs/share/teb_msgs/cmake/export_teb_msgs__rosidl_typesupport_fastrtps_cppExport.cmake
[10.158s] -- Installing: /home/jiajia/wzr/localization_1/install/teb_msgs/share/teb_msgs/cmake/export_teb_msgs__rosidl_typesupport_fastrtps_cppExport-noconfig.cmake
[10.158s] -- Installing: /home/jiajia/wzr/localization_1/install/teb_msgs/share/teb_msgs/cmake/teb_msgs__rosidl_typesupport_introspection_cExport.cmake
[10.158s] -- Installing: /home/jiajia/wzr/localization_1/install/teb_msgs/share/teb_msgs/cmake/teb_msgs__rosidl_typesupport_introspection_cExport-noconfig.cmake
[10.159s] -- Installing: /home/jiajia/wzr/localization_1/install/teb_msgs/share/teb_msgs/cmake/teb_msgs__rosidl_typesupport_cExport.cmake
[10.159s] -- Installing: /home/jiajia/wzr/localization_1/install/teb_msgs/share/teb_msgs/cmake/teb_msgs__rosidl_typesupport_cExport-noconfig.cmake
[10.159s] -- Installing: /home/jiajia/wzr/localization_1/install/teb_msgs/share/teb_msgs/cmake/teb_msgs__rosidl_typesupport_introspection_cppExport.cmake
[10.159s] -- Installing: /home/jiajia/wzr/localization_1/install/teb_msgs/share/teb_msgs/cmake/teb_msgs__rosidl_typesupport_introspection_cppExport-noconfig.cmake
[10.159s] -- Installing: /home/jiajia/wzr/localization_1/install/teb_msgs/share/teb_msgs/cmake/teb_msgs__rosidl_typesupport_cppExport.cmake
[10.159s] -- Installing: /home/jiajia/wzr/localization_1/install/teb_msgs/share/teb_msgs/cmake/teb_msgs__rosidl_typesupport_cppExport-noconfig.cmake
[10.159s] -- Installing: /home/jiajia/wzr/localization_1/install/teb_msgs/share/teb_msgs/cmake/export_teb_msgs__rosidl_generator_pyExport.cmake
[10.160s] -- Installing: /home/jiajia/wzr/localization_1/install/teb_msgs/share/teb_msgs/cmake/export_teb_msgs__rosidl_generator_pyExport-noconfig.cmake
[10.160s] -- Installing: /home/jiajia/wzr/localization_1/install/teb_msgs/share/teb_msgs/cmake/rosidl_cmake-extras.cmake
[10.160s] -- Installing: /home/jiajia/wzr/localization_1/install/teb_msgs/share/teb_msgs/cmake/ament_cmake_export_dependencies-extras.cmake
[10.160s] -- Installing: /home/jiajia/wzr/localization_1/install/teb_msgs/share/teb_msgs/cmake/ament_cmake_export_include_directories-extras.cmake
[10.160s] -- Installing: /home/jiajia/wzr/localization_1/install/teb_msgs/share/teb_msgs/cmake/ament_cmake_export_libraries-extras.cmake
[10.160s] -- Installing: /home/jiajia/wzr/localization_1/install/teb_msgs/share/teb_msgs/cmake/ament_cmake_export_targets-extras.cmake
[10.160s] -- Installing: /home/jiajia/wzr/localization_1/install/teb_msgs/share/teb_msgs/cmake/rosidl_cmake_export_typesupport_targets-extras.cmake
[10.161s] -- Installing: /home/jiajia/wzr/localization_1/install/teb_msgs/share/teb_msgs/cmake/rosidl_cmake_export_typesupport_libraries-extras.cmake
[10.161s] -- Installing: /home/jiajia/wzr/localization_1/install/teb_msgs/share/teb_msgs/cmake/teb_msgsConfig.cmake
[10.161s] -- Installing: /home/jiajia/wzr/localization_1/install/teb_msgs/share/teb_msgs/cmake/teb_msgsConfig-version.cmake
[10.161s] -- Installing: /home/jiajia/wzr/localization_1/install/teb_msgs/share/teb_msgs/package.xml
[10.163s] Invoked command in '/home/jiajia/wzr/localization_1/build/teb_msgs' returned '0': AMENT_PREFIX_PATH=/home/jiajia/wzr/localization_1/install/costmap_converter_msgs:${AMENT_PREFIX_PATH} CMAKE_PREFIX_PATH=/home/jiajia/wzr/localization_1/install/costmap_converter_msgs:/opt/ros/humble LD_LIBRARY_PATH=/home/jiajia/wzr/localization_1/install/costmap_converter_msgs/lib:/opt/MVS/lib/64:/opt/MVS/lib/32:/usr/lib/x86_64-linux-gnu/gazebo-11/plugins:/opt/ros/humble/opt/rviz_ogre_vendor/lib:/opt/ros/humble/lib/x86_64-linux-gnu:/opt/ros/humble/opt/openvdb_vendor/lib:/opt/ros/humble/lib:/opt/MVS/lib/64:/opt/MVS/lib/32:/opt/MVS/lib/64:/opt/MVS/lib/32 PYTHONPATH=/home/jiajia/wzr/localization_1/install/costmap_converter_msgs/local/lib/python3.10/dist-packages:${PYTHONPATH} /usr/bin/cmake --install /home/jiajia/wzr/localization_1/build/teb_msgs
