[0.192s] DEBUG:colcon:Command line arguments: ['/usr/bin/colcon', 'build', '--packages-select', 'rm_aimassist']
[0.192s] DEBUG:colcon:Parsed command line arguments: Namespace(log_base=None, log_level=None, verb_name='build', build_base='build', install_base='install', merge_install=False, symlink_install=False, test_result_base=None, continue_on_error=False, executor='parallel', parallel_workers=4, event_handlers=None, ignore_user_meta=False, metas=['./colcon.meta'], base_paths=['.'], packages_ignore=None, packages_ignore_regex=None, paths=None, packages_up_to=None, packages_up_to_regex=None, packages_above=None, packages_above_and_dependencies=None, packages_above_depth=None, packages_select_by_dep=None, packages_skip_by_dep=None, packages_skip_up_to=None, packages_select_build_failed=False, packages_skip_build_finished=False, packages_select_test_failures=False, packages_skip_test_passed=False, packages_select=['rm_aimassist'], packages_skip=None, packages_select_regex=None, packages_skip_regex=None, packages_start=None, packages_end=None, allow_overriding=[], cmake_args=None, cmake_target=None, cmake_target_skip_unavailable=False, cmake_clean_cache=False, cmake_clean_first=False, cmake_force_configure=False, ament_cmake_args=None, catkin_cmake_args=None, catkin_skip_building_tests=False, verb_parser=<colcon_defaults.argument_parser.defaults.DefaultArgumentsDecorator object at 0x734c63a1e500>, verb_extension=<colcon_core.verb.build.BuildVerb object at 0x734c63a1e020>, main=<bound method BuildVerb.main of <colcon_core.verb.build.BuildVerb object at 0x734c63a1e020>>)
[0.392s] Level 1:colcon.colcon_core.package_discovery:discover_packages(colcon_meta) check parameters
[0.392s] Level 1:colcon.colcon_core.package_discovery:discover_packages(recursive) check parameters
[0.392s] Level 1:colcon.colcon_core.package_discovery:discover_packages(ignore) check parameters
[0.392s] Level 1:colcon.colcon_core.package_discovery:discover_packages(path) check parameters
[0.392s] Level 1:colcon.colcon_core.package_discovery:discover_packages(colcon_meta) discover
[0.392s] Level 1:colcon.colcon_core.package_discovery:discover_packages(recursive) discover
[0.392s] INFO:colcon.colcon_core.package_discovery:Crawling recursively for packages in '/home/jiajia/wzr/localization_1'
[0.393s] Level 1:colcon.colcon_core.package_identification:_identify(.) by extensions ['ignore', 'ignore_ament_install']
[0.393s] Level 1:colcon.colcon_core.package_identification:_identify(.) by extension 'ignore'
[0.393s] Level 1:colcon.colcon_core.package_identification:_identify(.) by extension 'ignore_ament_install'
[0.393s] Level 1:colcon.colcon_core.package_identification:_identify(.) by extensions ['colcon_pkg']
[0.393s] Level 1:colcon.colcon_core.package_identification:_identify(.) by extension 'colcon_pkg'
[0.393s] Level 1:colcon.colcon_core.package_identification:_identify(.) by extensions ['colcon_meta']
[0.393s] Level 1:colcon.colcon_core.package_identification:_identify(.) by extension 'colcon_meta'
[0.393s] Level 1:colcon.colcon_core.package_identification:_identify(.) by extensions ['ros']
[0.393s] Level 1:colcon.colcon_core.package_identification:_identify(.) by extension 'ros'
[0.415s] Level 1:colcon.colcon_core.package_identification:_identify(.) by extensions ['cmake', 'python']
[0.415s] Level 1:colcon.colcon_core.package_identification:_identify(.) by extension 'cmake'
[0.415s] Level 1:colcon.colcon_core.package_identification:_identify(.) by extension 'python'
[0.416s] Level 1:colcon.colcon_core.package_identification:_identify(.) by extensions ['python_setup_py']
[0.416s] Level 1:colcon.colcon_core.package_identification:_identify(.) by extension 'python_setup_py'
[0.416s] Level 1:colcon.colcon_core.package_identification:_identify(build) by extensions ['ignore', 'ignore_ament_install']
[0.416s] Level 1:colcon.colcon_core.package_identification:_identify(build) by extension 'ignore'
[0.417s] Level 1:colcon.colcon_core.package_identification:_identify(build) ignored
[0.417s] Level 1:colcon.colcon_core.package_identification:_identify(install) by extensions ['ignore', 'ignore_ament_install']
[0.417s] Level 1:colcon.colcon_core.package_identification:_identify(install) by extension 'ignore'
[0.417s] Level 1:colcon.colcon_core.package_identification:_identify(install) ignored
[0.417s] Level 1:colcon.colcon_core.package_identification:_identify(log) by extensions ['ignore', 'ignore_ament_install']
[0.417s] Level 1:colcon.colcon_core.package_identification:_identify(log) by extension 'ignore'
[0.418s] Level 1:colcon.colcon_core.package_identification:_identify(log) ignored
[0.418s] Level 1:colcon.colcon_core.package_identification:_identify(src) by extensions ['ignore', 'ignore_ament_install']
[0.418s] Level 1:colcon.colcon_core.package_identification:_identify(src) by extension 'ignore'
[0.418s] Level 1:colcon.colcon_core.package_identification:_identify(src) by extension 'ignore_ament_install'
[0.418s] Level 1:colcon.colcon_core.package_identification:_identify(src) by extensions ['colcon_pkg']
[0.418s] Level 1:colcon.colcon_core.package_identification:_identify(src) by extension 'colcon_pkg'
[0.418s] Level 1:colcon.colcon_core.package_identification:_identify(src) by extensions ['colcon_meta']
[0.419s] Level 1:colcon.colcon_core.package_identification:_identify(src) by extension 'colcon_meta'
[0.419s] Level 1:colcon.colcon_core.package_identification:_identify(src) by extensions ['ros']
[0.419s] Level 1:colcon.colcon_core.package_identification:_identify(src) by extension 'ros'
[0.419s] Level 1:colcon.colcon_core.package_identification:_identify(src) by extensions ['cmake', 'python']
[0.419s] Level 1:colcon.colcon_core.package_identification:_identify(src) by extension 'cmake'
[0.419s] Level 1:colcon.colcon_core.package_identification:_identify(src) by extension 'python'
[0.419s] Level 1:colcon.colcon_core.package_identification:_identify(src) by extensions ['python_setup_py']
[0.419s] Level 1:colcon.colcon_core.package_identification:_identify(src) by extension 'python_setup_py'
[0.419s] Level 1:colcon.colcon_core.package_identification:_identify(src/closed_loop) by extensions ['ignore', 'ignore_ament_install']
[0.420s] Level 1:colcon.colcon_core.package_identification:_identify(src/closed_loop) by extension 'ignore'
[0.420s] Level 1:colcon.colcon_core.package_identification:_identify(src/closed_loop) by extension 'ignore_ament_install'
[0.420s] Level 1:colcon.colcon_core.package_identification:_identify(src/closed_loop) by extensions ['colcon_pkg']
[0.420s] Level 1:colcon.colcon_core.package_identification:_identify(src/closed_loop) by extension 'colcon_pkg'
[0.420s] Level 1:colcon.colcon_core.package_identification:_identify(src/closed_loop) by extensions ['colcon_meta']
[0.420s] Level 1:colcon.colcon_core.package_identification:_identify(src/closed_loop) by extension 'colcon_meta'
[0.420s] Level 1:colcon.colcon_core.package_identification:_identify(src/closed_loop) by extensions ['ros']
[0.420s] Level 1:colcon.colcon_core.package_identification:_identify(src/closed_loop) by extension 'ros'
[0.427s] DEBUG:colcon.colcon_core.package_identification:Package 'src/closed_loop' with type 'ros.ament_cmake' and name 'closed_loop'
[0.427s] Level 1:colcon.colcon_core.package_identification:_identify(src/mechax_trajectory) by extensions ['ignore', 'ignore_ament_install']
[0.428s] Level 1:colcon.colcon_core.package_identification:_identify(src/mechax_trajectory) by extension 'ignore'
[0.428s] Level 1:colcon.colcon_core.package_identification:_identify(src/mechax_trajectory) by extension 'ignore_ament_install'
[0.428s] Level 1:colcon.colcon_core.package_identification:_identify(src/mechax_trajectory) by extensions ['colcon_pkg']
[0.428s] Level 1:colcon.colcon_core.package_identification:_identify(src/mechax_trajectory) by extension 'colcon_pkg'
[0.428s] Level 1:colcon.colcon_core.package_identification:_identify(src/mechax_trajectory) by extensions ['colcon_meta']
[0.428s] Level 1:colcon.colcon_core.package_identification:_identify(src/mechax_trajectory) by extension 'colcon_meta'
[0.428s] Level 1:colcon.colcon_core.package_identification:_identify(src/mechax_trajectory) by extensions ['ros']
[0.428s] Level 1:colcon.colcon_core.package_identification:_identify(src/mechax_trajectory) by extension 'ros'
[0.431s] DEBUG:colcon.colcon_core.package_identification:Package 'src/mechax_trajectory' with type 'ros.ament_cmake' and name 'mechax_trajectory'
[0.431s] Level 1:colcon.colcon_core.package_identification:_identify(src/rm_aimassist) by extensions ['ignore', 'ignore_ament_install']
[0.431s] Level 1:colcon.colcon_core.package_identification:_identify(src/rm_aimassist) by extension 'ignore'
[0.431s] Level 1:colcon.colcon_core.package_identification:_identify(src/rm_aimassist) by extension 'ignore_ament_install'
[0.431s] Level 1:colcon.colcon_core.package_identification:_identify(src/rm_aimassist) by extensions ['colcon_pkg']
[0.431s] Level 1:colcon.colcon_core.package_identification:_identify(src/rm_aimassist) by extension 'colcon_pkg'
[0.432s] Level 1:colcon.colcon_core.package_identification:_identify(src/rm_aimassist) by extensions ['colcon_meta']
[0.432s] Level 1:colcon.colcon_core.package_identification:_identify(src/rm_aimassist) by extension 'colcon_meta'
[0.432s] Level 1:colcon.colcon_core.package_identification:_identify(src/rm_aimassist) by extensions ['ros']
[0.432s] Level 1:colcon.colcon_core.package_identification:_identify(src/rm_aimassist) by extension 'ros'
[0.434s] DEBUG:colcon.colcon_core.package_identification:Package 'src/rm_aimassist' with type 'ros.ament_cmake' and name 'rm_aimassist'
[0.435s] Level 1:colcon.colcon_core.package_identification:_identify(src/rm_armor_detector) by extensions ['ignore', 'ignore_ament_install']
[0.435s] Level 1:colcon.colcon_core.package_identification:_identify(src/rm_armor_detector) by extension 'ignore'
[0.435s] Level 1:colcon.colcon_core.package_identification:_identify(src/rm_armor_detector) by extension 'ignore_ament_install'
[0.435s] Level 1:colcon.colcon_core.package_identification:_identify(src/rm_armor_detector) by extensions ['colcon_pkg']
[0.435s] Level 1:colcon.colcon_core.package_identification:_identify(src/rm_armor_detector) by extension 'colcon_pkg'
[0.436s] Level 1:colcon.colcon_core.package_identification:_identify(src/rm_armor_detector) by extensions ['colcon_meta']
[0.436s] Level 1:colcon.colcon_core.package_identification:_identify(src/rm_armor_detector) by extension 'colcon_meta'
[0.436s] Level 1:colcon.colcon_core.package_identification:_identify(src/rm_armor_detector) by extensions ['ros']
[0.436s] Level 1:colcon.colcon_core.package_identification:_identify(src/rm_armor_detector) by extension 'ros'
[0.438s] DEBUG:colcon.colcon_core.package_identification:Package 'src/rm_armor_detector' with type 'ros.ament_cmake' and name 'rm_armor_detector'
[0.439s] Level 1:colcon.colcon_core.package_identification:_identify(src/rm_armor_tracker) by extensions ['ignore', 'ignore_ament_install']
[0.439s] Level 1:colcon.colcon_core.package_identification:_identify(src/rm_armor_tracker) by extension 'ignore'
[0.439s] Level 1:colcon.colcon_core.package_identification:_identify(src/rm_armor_tracker) by extension 'ignore_ament_install'
[0.439s] Level 1:colcon.colcon_core.package_identification:_identify(src/rm_armor_tracker) by extensions ['colcon_pkg']
[0.439s] Level 1:colcon.colcon_core.package_identification:_identify(src/rm_armor_tracker) by extension 'colcon_pkg'
[0.439s] Level 1:colcon.colcon_core.package_identification:_identify(src/rm_armor_tracker) by extensions ['colcon_meta']
[0.439s] Level 1:colcon.colcon_core.package_identification:_identify(src/rm_armor_tracker) by extension 'colcon_meta'
[0.439s] Level 1:colcon.colcon_core.package_identification:_identify(src/rm_armor_tracker) by extensions ['ros']
[0.440s] Level 1:colcon.colcon_core.package_identification:_identify(src/rm_armor_tracker) by extension 'ros'
[0.442s] DEBUG:colcon.colcon_core.package_identification:Package 'src/rm_armor_tracker' with type 'ros.ament_cmake' and name 'rm_armor_tracker'
[0.442s] Level 1:colcon.colcon_core.package_identification:_identify(src/rm_bringup) by extensions ['ignore', 'ignore_ament_install']
[0.442s] Level 1:colcon.colcon_core.package_identification:_identify(src/rm_bringup) by extension 'ignore'
[0.442s] Level 1:colcon.colcon_core.package_identification:_identify(src/rm_bringup) by extension 'ignore_ament_install'
[0.443s] Level 1:colcon.colcon_core.package_identification:_identify(src/rm_bringup) by extensions ['colcon_pkg']
[0.443s] Level 1:colcon.colcon_core.package_identification:_identify(src/rm_bringup) by extension 'colcon_pkg'
[0.443s] Level 1:colcon.colcon_core.package_identification:_identify(src/rm_bringup) by extensions ['colcon_meta']
[0.443s] Level 1:colcon.colcon_core.package_identification:_identify(src/rm_bringup) by extension 'colcon_meta'
[0.443s] Level 1:colcon.colcon_core.package_identification:_identify(src/rm_bringup) by extensions ['ros']
[0.443s] Level 1:colcon.colcon_core.package_identification:_identify(src/rm_bringup) by extension 'ros'
[0.444s] DEBUG:colcon.colcon_core.package_identification:Package 'src/rm_bringup' with type 'ros.ament_cmake' and name 'rm_bringup'
[0.444s] Level 1:colcon.colcon_core.package_identification:_identify(src/rm_gimbal_description) by extensions ['ignore', 'ignore_ament_install']
[0.445s] Level 1:colcon.colcon_core.package_identification:_identify(src/rm_gimbal_description) by extension 'ignore'
[0.445s] Level 1:colcon.colcon_core.package_identification:_identify(src/rm_gimbal_description) by extension 'ignore_ament_install'
[0.445s] Level 1:colcon.colcon_core.package_identification:_identify(src/rm_gimbal_description) by extensions ['colcon_pkg']
[0.445s] Level 1:colcon.colcon_core.package_identification:_identify(src/rm_gimbal_description) by extension 'colcon_pkg'
[0.445s] Level 1:colcon.colcon_core.package_identification:_identify(src/rm_gimbal_description) by extensions ['colcon_meta']
[0.445s] Level 1:colcon.colcon_core.package_identification:_identify(src/rm_gimbal_description) by extension 'colcon_meta'
[0.445s] Level 1:colcon.colcon_core.package_identification:_identify(src/rm_gimbal_description) by extensions ['ros']
[0.445s] Level 1:colcon.colcon_core.package_identification:_identify(src/rm_gimbal_description) by extension 'ros'
[0.446s] DEBUG:colcon.colcon_core.package_identification:Package 'src/rm_gimbal_description' with type 'ros.ament_cmake' and name 'rm_gimbal_description'
[0.446s] Level 1:colcon.colcon_core.package_identification:_identify(src/rm_hardware_driver) by extensions ['ignore', 'ignore_ament_install']
[0.447s] Level 1:colcon.colcon_core.package_identification:_identify(src/rm_hardware_driver) by extension 'ignore'
[0.447s] Level 1:colcon.colcon_core.package_identification:_identify(src/rm_hardware_driver) by extension 'ignore_ament_install'
[0.447s] Level 1:colcon.colcon_core.package_identification:_identify(src/rm_hardware_driver) by extensions ['colcon_pkg']
[0.447s] Level 1:colcon.colcon_core.package_identification:_identify(src/rm_hardware_driver) by extension 'colcon_pkg'
[0.448s] Level 1:colcon.colcon_core.package_identification:_identify(src/rm_hardware_driver) by extensions ['colcon_meta']
[0.448s] Level 1:colcon.colcon_core.package_identification:_identify(src/rm_hardware_driver) by extension 'colcon_meta'
[0.448s] Level 1:colcon.colcon_core.package_identification:_identify(src/rm_hardware_driver) by extensions ['ros']
[0.448s] Level 1:colcon.colcon_core.package_identification:_identify(src/rm_hardware_driver) by extension 'ros'
[0.448s] Level 1:colcon.colcon_core.package_identification:_identify(src/rm_hardware_driver) by extensions ['cmake', 'python']
[0.448s] Level 1:colcon.colcon_core.package_identification:_identify(src/rm_hardware_driver) by extension 'cmake'
[0.448s] Level 1:colcon.colcon_core.package_identification:_identify(src/rm_hardware_driver) by extension 'python'
[0.448s] Level 1:colcon.colcon_core.package_identification:_identify(src/rm_hardware_driver) by extensions ['python_setup_py']
[0.448s] Level 1:colcon.colcon_core.package_identification:_identify(src/rm_hardware_driver) by extension 'python_setup_py'
[0.449s] Level 1:colcon.colcon_core.package_identification:_identify(src/rm_hardware_driver/livox_ros_driver2) by extensions ['ignore', 'ignore_ament_install']
[0.449s] Level 1:colcon.colcon_core.package_identification:_identify(src/rm_hardware_driver/livox_ros_driver2) by extension 'ignore'
[0.449s] Level 1:colcon.colcon_core.package_identification:_identify(src/rm_hardware_driver/livox_ros_driver2) by extension 'ignore_ament_install'
[0.449s] Level 1:colcon.colcon_core.package_identification:_identify(src/rm_hardware_driver/livox_ros_driver2) by extensions ['colcon_pkg']
[0.449s] Level 1:colcon.colcon_core.package_identification:_identify(src/rm_hardware_driver/livox_ros_driver2) by extension 'colcon_pkg'
[0.449s] Level 1:colcon.colcon_core.package_identification:_identify(src/rm_hardware_driver/livox_ros_driver2) by extensions ['colcon_meta']
[0.449s] Level 1:colcon.colcon_core.package_identification:_identify(src/rm_hardware_driver/livox_ros_driver2) by extension 'colcon_meta'
[0.450s] Level 1:colcon.colcon_core.package_identification:_identify(src/rm_hardware_driver/livox_ros_driver2) by extensions ['ros']
[0.450s] Level 1:colcon.colcon_core.package_identification:_identify(src/rm_hardware_driver/livox_ros_driver2) by extension 'ros'
[0.452s] DEBUG:colcon.colcon_core.package_identification:Package 'src/rm_hardware_driver/livox_ros_driver2' with type 'ros.ament_cmake' and name 'livox_ros_driver2'
[0.452s] Level 1:colcon.colcon_core.package_identification:_identify(src/rm_localization) by extensions ['ignore', 'ignore_ament_install']
[0.452s] Level 1:colcon.colcon_core.package_identification:_identify(src/rm_localization) by extension 'ignore'
[0.452s] Level 1:colcon.colcon_core.package_identification:_identify(src/rm_localization) by extension 'ignore_ament_install'
[0.452s] Level 1:colcon.colcon_core.package_identification:_identify(src/rm_localization) by extensions ['colcon_pkg']
[0.453s] Level 1:colcon.colcon_core.package_identification:_identify(src/rm_localization) by extension 'colcon_pkg'
[0.453s] Level 1:colcon.colcon_core.package_identification:_identify(src/rm_localization) by extensions ['colcon_meta']
[0.453s] Level 1:colcon.colcon_core.package_identification:_identify(src/rm_localization) by extension 'colcon_meta'
[0.453s] Level 1:colcon.colcon_core.package_identification:_identify(src/rm_localization) by extensions ['ros']
[0.453s] Level 1:colcon.colcon_core.package_identification:_identify(src/rm_localization) by extension 'ros'
[0.453s] Level 1:colcon.colcon_core.package_identification:_identify(src/rm_localization) by extensions ['cmake', 'python']
[0.453s] Level 1:colcon.colcon_core.package_identification:_identify(src/rm_localization) by extension 'cmake'
[0.453s] Level 1:colcon.colcon_core.package_identification:_identify(src/rm_localization) by extension 'python'
[0.453s] Level 1:colcon.colcon_core.package_identification:_identify(src/rm_localization) by extensions ['python_setup_py']
[0.453s] Level 1:colcon.colcon_core.package_identification:_identify(src/rm_localization) by extension 'python_setup_py'
[0.454s] Level 1:colcon.colcon_core.package_identification:_identify(src/rm_localization/fast_lio) by extensions ['ignore', 'ignore_ament_install']
[0.454s] Level 1:colcon.colcon_core.package_identification:_identify(src/rm_localization/fast_lio) by extension 'ignore'
[0.454s] Level 1:colcon.colcon_core.package_identification:_identify(src/rm_localization/fast_lio) by extension 'ignore_ament_install'
[0.454s] Level 1:colcon.colcon_core.package_identification:_identify(src/rm_localization/fast_lio) by extensions ['colcon_pkg']
[0.454s] Level 1:colcon.colcon_core.package_identification:_identify(src/rm_localization/fast_lio) by extension 'colcon_pkg'
[0.454s] Level 1:colcon.colcon_core.package_identification:_identify(src/rm_localization/fast_lio) by extensions ['colcon_meta']
[0.454s] Level 1:colcon.colcon_core.package_identification:_identify(src/rm_localization/fast_lio) by extension 'colcon_meta'
[0.455s] Level 1:colcon.colcon_core.package_identification:_identify(src/rm_localization/fast_lio) by extensions ['ros']
[0.455s] Level 1:colcon.colcon_core.package_identification:_identify(src/rm_localization/fast_lio) by extension 'ros'
[0.457s] DEBUG:colcon.colcon_core.package_identification:Package 'src/rm_localization/fast_lio' with type 'ros.ament_cmake' and name 'fast_lio'
[0.457s] Level 1:colcon.colcon_core.package_identification:_identify(src/rm_localization/icp_registration) by extensions ['ignore', 'ignore_ament_install']
[0.457s] Level 1:colcon.colcon_core.package_identification:_identify(src/rm_localization/icp_registration) by extension 'ignore'
[0.457s] Level 1:colcon.colcon_core.package_identification:_identify(src/rm_localization/icp_registration) by extension 'ignore_ament_install'
[0.457s] Level 1:colcon.colcon_core.package_identification:_identify(src/rm_localization/icp_registration) by extensions ['colcon_pkg']
[0.457s] Level 1:colcon.colcon_core.package_identification:_identify(src/rm_localization/icp_registration) by extension 'colcon_pkg'
[0.458s] Level 1:colcon.colcon_core.package_identification:_identify(src/rm_localization/icp_registration) by extensions ['colcon_meta']
[0.458s] Level 1:colcon.colcon_core.package_identification:_identify(src/rm_localization/icp_registration) by extension 'colcon_meta'
[0.458s] Level 1:colcon.colcon_core.package_identification:_identify(src/rm_localization/icp_registration) by extensions ['ros']
[0.458s] Level 1:colcon.colcon_core.package_identification:_identify(src/rm_localization/icp_registration) by extension 'ros'
[0.460s] DEBUG:colcon.colcon_core.package_identification:Package 'src/rm_localization/icp_registration' with type 'ros.ament_cmake' and name 'icp_registration'
[0.460s] Level 1:colcon.colcon_core.package_identification:_identify(src/rm_localization/point_lio) by extensions ['ignore', 'ignore_ament_install']
[0.461s] Level 1:colcon.colcon_core.package_identification:_identify(src/rm_localization/point_lio) by extension 'ignore'
[0.461s] Level 1:colcon.colcon_core.package_identification:_identify(src/rm_localization/point_lio) by extension 'ignore_ament_install'
[0.461s] Level 1:colcon.colcon_core.package_identification:_identify(src/rm_localization/point_lio) by extensions ['colcon_pkg']
[0.461s] Level 1:colcon.colcon_core.package_identification:_identify(src/rm_localization/point_lio) by extension 'colcon_pkg'
[0.461s] Level 1:colcon.colcon_core.package_identification:_identify(src/rm_localization/point_lio) by extensions ['colcon_meta']
[0.461s] Level 1:colcon.colcon_core.package_identification:_identify(src/rm_localization/point_lio) by extension 'colcon_meta'
[0.461s] Level 1:colcon.colcon_core.package_identification:_identify(src/rm_localization/point_lio) by extensions ['ros']
[0.461s] Level 1:colcon.colcon_core.package_identification:_identify(src/rm_localization/point_lio) by extension 'ros'
[0.466s] DEBUG:colcon.colcon_core.package_identification:Package 'src/rm_localization/point_lio' with type 'ros.ament_cmake' and name 'point_lio'
[0.466s] Level 1:colcon.colcon_core.package_identification:_identify(src/rm_msgs) by extensions ['ignore', 'ignore_ament_install']
[0.466s] Level 1:colcon.colcon_core.package_identification:_identify(src/rm_msgs) by extension 'ignore'
[0.467s] Level 1:colcon.colcon_core.package_identification:_identify(src/rm_msgs) by extension 'ignore_ament_install'
[0.467s] Level 1:colcon.colcon_core.package_identification:_identify(src/rm_msgs) by extensions ['colcon_pkg']
[0.467s] Level 1:colcon.colcon_core.package_identification:_identify(src/rm_msgs) by extension 'colcon_pkg'
[0.467s] Level 1:colcon.colcon_core.package_identification:_identify(src/rm_msgs) by extensions ['colcon_meta']
[0.467s] Level 1:colcon.colcon_core.package_identification:_identify(src/rm_msgs) by extension 'colcon_meta'
[0.467s] Level 1:colcon.colcon_core.package_identification:_identify(src/rm_msgs) by extensions ['ros']
[0.467s] Level 1:colcon.colcon_core.package_identification:_identify(src/rm_msgs) by extension 'ros'
[0.468s] DEBUG:colcon.colcon_core.package_identification:Package 'src/rm_msgs' with type 'ros.ament_cmake' and name 'rm_msgs'
[0.469s] Level 1:colcon.colcon_core.package_identification:_identify(src/rm_navigation) by extensions ['ignore', 'ignore_ament_install']
[0.469s] Level 1:colcon.colcon_core.package_identification:_identify(src/rm_navigation) by extension 'ignore'
[0.469s] Level 1:colcon.colcon_core.package_identification:_identify(src/rm_navigation) by extension 'ignore_ament_install'
[0.469s] Level 1:colcon.colcon_core.package_identification:_identify(src/rm_navigation) by extensions ['colcon_pkg']
[0.469s] Level 1:colcon.colcon_core.package_identification:_identify(src/rm_navigation) by extension 'colcon_pkg'
[0.469s] Level 1:colcon.colcon_core.package_identification:_identify(src/rm_navigation) by extensions ['colcon_meta']
[0.469s] Level 1:colcon.colcon_core.package_identification:_identify(src/rm_navigation) by extension 'colcon_meta'
[0.470s] Level 1:colcon.colcon_core.package_identification:_identify(src/rm_navigation) by extensions ['ros']
[0.470s] Level 1:colcon.colcon_core.package_identification:_identify(src/rm_navigation) by extension 'ros'
[0.470s] Level 1:colcon.colcon_core.package_identification:_identify(src/rm_navigation) by extensions ['cmake', 'python']
[0.470s] Level 1:colcon.colcon_core.package_identification:_identify(src/rm_navigation) by extension 'cmake'
[0.470s] Level 1:colcon.colcon_core.package_identification:_identify(src/rm_navigation) by extension 'python'
[0.470s] Level 1:colcon.colcon_core.package_identification:_identify(src/rm_navigation) by extensions ['python_setup_py']
[0.470s] Level 1:colcon.colcon_core.package_identification:_identify(src/rm_navigation) by extension 'python_setup_py'
[0.470s] Level 1:colcon.colcon_core.package_identification:_identify(src/rm_navigation/src) by extensions ['ignore', 'ignore_ament_install']
[0.471s] Level 1:colcon.colcon_core.package_identification:_identify(src/rm_navigation/src) by extension 'ignore'
[0.471s] Level 1:colcon.colcon_core.package_identification:_identify(src/rm_navigation/src) by extension 'ignore_ament_install'
[0.471s] Level 1:colcon.colcon_core.package_identification:_identify(src/rm_navigation/src) by extensions ['colcon_pkg']
[0.471s] Level 1:colcon.colcon_core.package_identification:_identify(src/rm_navigation/src) by extension 'colcon_pkg'
[0.471s] Level 1:colcon.colcon_core.package_identification:_identify(src/rm_navigation/src) by extensions ['colcon_meta']
[0.471s] Level 1:colcon.colcon_core.package_identification:_identify(src/rm_navigation/src) by extension 'colcon_meta'
[0.471s] Level 1:colcon.colcon_core.package_identification:_identify(src/rm_navigation/src) by extensions ['ros']
[0.471s] Level 1:colcon.colcon_core.package_identification:_identify(src/rm_navigation/src) by extension 'ros'
[0.472s] DEBUG:colcon.colcon_core.package_identification:Package 'src/rm_navigation/src' with type 'ros.ament_cmake' and name 'rm_navigation'
[0.472s] Level 1:colcon.colcon_core.package_identification:_identify(src/rm_navigation/third_party) by extensions ['ignore', 'ignore_ament_install']
[0.473s] Level 1:colcon.colcon_core.package_identification:_identify(src/rm_navigation/third_party) by extension 'ignore'
[0.473s] Level 1:colcon.colcon_core.package_identification:_identify(src/rm_navigation/third_party) by extension 'ignore_ament_install'
[0.473s] Level 1:colcon.colcon_core.package_identification:_identify(src/rm_navigation/third_party) by extensions ['colcon_pkg']
[0.473s] Level 1:colcon.colcon_core.package_identification:_identify(src/rm_navigation/third_party) by extension 'colcon_pkg'
[0.473s] Level 1:colcon.colcon_core.package_identification:_identify(src/rm_navigation/third_party) by extensions ['colcon_meta']
[0.473s] Level 1:colcon.colcon_core.package_identification:_identify(src/rm_navigation/third_party) by extension 'colcon_meta'
[0.473s] Level 1:colcon.colcon_core.package_identification:_identify(src/rm_navigation/third_party) by extensions ['ros']
[0.473s] Level 1:colcon.colcon_core.package_identification:_identify(src/rm_navigation/third_party) by extension 'ros'
[0.473s] Level 1:colcon.colcon_core.package_identification:_identify(src/rm_navigation/third_party) by extensions ['cmake', 'python']
[0.474s] Level 1:colcon.colcon_core.package_identification:_identify(src/rm_navigation/third_party) by extension 'cmake'
[0.474s] Level 1:colcon.colcon_core.package_identification:_identify(src/rm_navigation/third_party) by extension 'python'
[0.474s] Level 1:colcon.colcon_core.package_identification:_identify(src/rm_navigation/third_party) by extensions ['python_setup_py']
[0.474s] Level 1:colcon.colcon_core.package_identification:_identify(src/rm_navigation/third_party) by extension 'python_setup_py'
[0.474s] Level 1:colcon.colcon_core.package_identification:_identify(src/rm_navigation/third_party/costmap_converter) by extensions ['ignore', 'ignore_ament_install']
[0.474s] Level 1:colcon.colcon_core.package_identification:_identify(src/rm_navigation/third_party/costmap_converter) by extension 'ignore'
[0.474s] Level 1:colcon.colcon_core.package_identification:_identify(src/rm_navigation/third_party/costmap_converter) by extension 'ignore_ament_install'
[0.474s] Level 1:colcon.colcon_core.package_identification:_identify(src/rm_navigation/third_party/costmap_converter) by extensions ['colcon_pkg']
[0.474s] Level 1:colcon.colcon_core.package_identification:_identify(src/rm_navigation/third_party/costmap_converter) by extension 'colcon_pkg'
[0.475s] Level 1:colcon.colcon_core.package_identification:_identify(src/rm_navigation/third_party/costmap_converter) by extensions ['colcon_meta']
[0.475s] Level 1:colcon.colcon_core.package_identification:_identify(src/rm_navigation/third_party/costmap_converter) by extension 'colcon_meta'
[0.475s] Level 1:colcon.colcon_core.package_identification:_identify(src/rm_navigation/third_party/costmap_converter) by extensions ['ros']
[0.475s] Level 1:colcon.colcon_core.package_identification:_identify(src/rm_navigation/third_party/costmap_converter) by extension 'ros'
[0.475s] Level 1:colcon.colcon_core.package_identification:_identify(src/rm_navigation/third_party/costmap_converter) by extensions ['cmake', 'python']
[0.475s] Level 1:colcon.colcon_core.package_identification:_identify(src/rm_navigation/third_party/costmap_converter) by extension 'cmake'
[0.475s] Level 1:colcon.colcon_core.package_identification:_identify(src/rm_navigation/third_party/costmap_converter) by extension 'python'
[0.475s] Level 1:colcon.colcon_core.package_identification:_identify(src/rm_navigation/third_party/costmap_converter) by extensions ['python_setup_py']
[0.475s] Level 1:colcon.colcon_core.package_identification:_identify(src/rm_navigation/third_party/costmap_converter) by extension 'python_setup_py'
[0.476s] Level 1:colcon.colcon_core.package_identification:_identify(src/rm_navigation/third_party/costmap_converter/costmap_converter) by extensions ['ignore', 'ignore_ament_install']
[0.476s] Level 1:colcon.colcon_core.package_identification:_identify(src/rm_navigation/third_party/costmap_converter/costmap_converter) by extension 'ignore'
[0.476s] Level 1:colcon.colcon_core.package_identification:_identify(src/rm_navigation/third_party/costmap_converter/costmap_converter) by extension 'ignore_ament_install'
[0.476s] Level 1:colcon.colcon_core.package_identification:_identify(src/rm_navigation/third_party/costmap_converter/costmap_converter) by extensions ['colcon_pkg']
[0.476s] Level 1:colcon.colcon_core.package_identification:_identify(src/rm_navigation/third_party/costmap_converter/costmap_converter) by extension 'colcon_pkg'
[0.476s] Level 1:colcon.colcon_core.package_identification:_identify(src/rm_navigation/third_party/costmap_converter/costmap_converter) by extensions ['colcon_meta']
[0.476s] Level 1:colcon.colcon_core.package_identification:_identify(src/rm_navigation/third_party/costmap_converter/costmap_converter) by extension 'colcon_meta'
[0.476s] Level 1:colcon.colcon_core.package_identification:_identify(src/rm_navigation/third_party/costmap_converter/costmap_converter) by extensions ['ros']
[0.477s] Level 1:colcon.colcon_core.package_identification:_identify(src/rm_navigation/third_party/costmap_converter/costmap_converter) by extension 'ros'
[0.479s] DEBUG:colcon.colcon_core.package_identification:Package 'src/rm_navigation/third_party/costmap_converter/costmap_converter' with type 'ros.ament_cmake' and name 'costmap_converter'
[0.479s] Level 1:colcon.colcon_core.package_identification:_identify(src/rm_navigation/third_party/costmap_converter/costmap_converter_msgs) by extensions ['ignore', 'ignore_ament_install']
[0.479s] Level 1:colcon.colcon_core.package_identification:_identify(src/rm_navigation/third_party/costmap_converter/costmap_converter_msgs) by extension 'ignore'
[0.480s] Level 1:colcon.colcon_core.package_identification:_identify(src/rm_navigation/third_party/costmap_converter/costmap_converter_msgs) by extension 'ignore_ament_install'
[0.480s] Level 1:colcon.colcon_core.package_identification:_identify(src/rm_navigation/third_party/costmap_converter/costmap_converter_msgs) by extensions ['colcon_pkg']
[0.480s] Level 1:colcon.colcon_core.package_identification:_identify(src/rm_navigation/third_party/costmap_converter/costmap_converter_msgs) by extension 'colcon_pkg'
[0.480s] Level 1:colcon.colcon_core.package_identification:_identify(src/rm_navigation/third_party/costmap_converter/costmap_converter_msgs) by extensions ['colcon_meta']
[0.480s] Level 1:colcon.colcon_core.package_identification:_identify(src/rm_navigation/third_party/costmap_converter/costmap_converter_msgs) by extension 'colcon_meta'
[0.480s] Level 1:colcon.colcon_core.package_identification:_identify(src/rm_navigation/third_party/costmap_converter/costmap_converter_msgs) by extensions ['ros']
[0.480s] Level 1:colcon.colcon_core.package_identification:_identify(src/rm_navigation/third_party/costmap_converter/costmap_converter_msgs) by extension 'ros'
[0.481s] DEBUG:colcon.colcon_core.package_identification:Package 'src/rm_navigation/third_party/costmap_converter/costmap_converter_msgs' with type 'ros.ament_cmake' and name 'costmap_converter_msgs'
[0.482s] Level 1:colcon.colcon_core.package_identification:_identify(src/rm_navigation/third_party/teb_local_planner) by extensions ['ignore', 'ignore_ament_install']
[0.482s] Level 1:colcon.colcon_core.package_identification:_identify(src/rm_navigation/third_party/teb_local_planner) by extension 'ignore'
[0.482s] Level 1:colcon.colcon_core.package_identification:_identify(src/rm_navigation/third_party/teb_local_planner) by extension 'ignore_ament_install'
[0.482s] Level 1:colcon.colcon_core.package_identification:_identify(src/rm_navigation/third_party/teb_local_planner) by extensions ['colcon_pkg']
[0.482s] Level 1:colcon.colcon_core.package_identification:_identify(src/rm_navigation/third_party/teb_local_planner) by extension 'colcon_pkg'
[0.482s] Level 1:colcon.colcon_core.package_identification:_identify(src/rm_navigation/third_party/teb_local_planner) by extensions ['colcon_meta']
[0.483s] Level 1:colcon.colcon_core.package_identification:_identify(src/rm_navigation/third_party/teb_local_planner) by extension 'colcon_meta'
[0.483s] Level 1:colcon.colcon_core.package_identification:_identify(src/rm_navigation/third_party/teb_local_planner) by extensions ['ros']
[0.483s] Level 1:colcon.colcon_core.package_identification:_identify(src/rm_navigation/third_party/teb_local_planner) by extension 'ros'
[0.483s] Level 1:colcon.colcon_core.package_identification:_identify(src/rm_navigation/third_party/teb_local_planner) by extensions ['cmake', 'python']
[0.483s] Level 1:colcon.colcon_core.package_identification:_identify(src/rm_navigation/third_party/teb_local_planner) by extension 'cmake'
[0.483s] Level 1:colcon.colcon_core.package_identification:_identify(src/rm_navigation/third_party/teb_local_planner) by extension 'python'
[0.483s] Level 1:colcon.colcon_core.package_identification:_identify(src/rm_navigation/third_party/teb_local_planner) by extensions ['python_setup_py']
[0.483s] Level 1:colcon.colcon_core.package_identification:_identify(src/rm_navigation/third_party/teb_local_planner) by extension 'python_setup_py'
[0.484s] Level 1:colcon.colcon_core.package_identification:_identify(src/rm_navigation/third_party/teb_local_planner/teb_local_planner) by extensions ['ignore', 'ignore_ament_install']
[0.484s] Level 1:colcon.colcon_core.package_identification:_identify(src/rm_navigation/third_party/teb_local_planner/teb_local_planner) by extension 'ignore'
[0.484s] Level 1:colcon.colcon_core.package_identification:_identify(src/rm_navigation/third_party/teb_local_planner/teb_local_planner) by extension 'ignore_ament_install'
[0.484s] Level 1:colcon.colcon_core.package_identification:_identify(src/rm_navigation/third_party/teb_local_planner/teb_local_planner) by extensions ['colcon_pkg']
[0.484s] Level 1:colcon.colcon_core.package_identification:_identify(src/rm_navigation/third_party/teb_local_planner/teb_local_planner) by extension 'colcon_pkg'
[0.484s] Level 1:colcon.colcon_core.package_identification:_identify(src/rm_navigation/third_party/teb_local_planner/teb_local_planner) by extensions ['colcon_meta']
[0.484s] Level 1:colcon.colcon_core.package_identification:_identify(src/rm_navigation/third_party/teb_local_planner/teb_local_planner) by extension 'colcon_meta'
[0.484s] Level 1:colcon.colcon_core.package_identification:_identify(src/rm_navigation/third_party/teb_local_planner/teb_local_planner) by extensions ['ros']
[0.485s] Level 1:colcon.colcon_core.package_identification:_identify(src/rm_navigation/third_party/teb_local_planner/teb_local_planner) by extension 'ros'
[0.507s] DEBUG:colcon.colcon_core.package_identification:Package 'src/rm_navigation/third_party/teb_local_planner/teb_local_planner' with type 'ros.ament_cmake' and name 'teb_local_planner'
[0.508s] Level 1:colcon.colcon_core.package_identification:_identify(src/rm_navigation/third_party/teb_local_planner/teb_msgs) by extensions ['ignore', 'ignore_ament_install']
[0.508s] Level 1:colcon.colcon_core.package_identification:_identify(src/rm_navigation/third_party/teb_local_planner/teb_msgs) by extension 'ignore'
[0.508s] Level 1:colcon.colcon_core.package_identification:_identify(src/rm_navigation/third_party/teb_local_planner/teb_msgs) by extension 'ignore_ament_install'
[0.508s] Level 1:colcon.colcon_core.package_identification:_identify(src/rm_navigation/third_party/teb_local_planner/teb_msgs) by extensions ['colcon_pkg']
[0.508s] Level 1:colcon.colcon_core.package_identification:_identify(src/rm_navigation/third_party/teb_local_planner/teb_msgs) by extension 'colcon_pkg'
[0.508s] Level 1:colcon.colcon_core.package_identification:_identify(src/rm_navigation/third_party/teb_local_planner/teb_msgs) by extensions ['colcon_meta']
[0.508s] Level 1:colcon.colcon_core.package_identification:_identify(src/rm_navigation/third_party/teb_local_planner/teb_msgs) by extension 'colcon_meta'
[0.509s] Level 1:colcon.colcon_core.package_identification:_identify(src/rm_navigation/third_party/teb_local_planner/teb_msgs) by extensions ['ros']
[0.509s] Level 1:colcon.colcon_core.package_identification:_identify(src/rm_navigation/third_party/teb_local_planner/teb_msgs) by extension 'ros'
[0.510s] DEBUG:colcon.colcon_core.package_identification:Package 'src/rm_navigation/third_party/teb_local_planner/teb_msgs' with type 'ros.ament_cmake' and name 'teb_msgs'
[0.511s] Level 1:colcon.colcon_core.package_identification:_identify(src/rm_perception) by extensions ['ignore', 'ignore_ament_install']
[0.511s] Level 1:colcon.colcon_core.package_identification:_identify(src/rm_perception) by extension 'ignore'
[0.511s] Level 1:colcon.colcon_core.package_identification:_identify(src/rm_perception) by extension 'ignore_ament_install'
[0.511s] Level 1:colcon.colcon_core.package_identification:_identify(src/rm_perception) by extensions ['colcon_pkg']
[0.511s] Level 1:colcon.colcon_core.package_identification:_identify(src/rm_perception) by extension 'colcon_pkg'
[0.511s] Level 1:colcon.colcon_core.package_identification:_identify(src/rm_perception) by extensions ['colcon_meta']
[0.512s] Level 1:colcon.colcon_core.package_identification:_identify(src/rm_perception) by extension 'colcon_meta'
[0.512s] Level 1:colcon.colcon_core.package_identification:_identify(src/rm_perception) by extensions ['ros']
[0.512s] Level 1:colcon.colcon_core.package_identification:_identify(src/rm_perception) by extension 'ros'
[0.512s] Level 1:colcon.colcon_core.package_identification:_identify(src/rm_perception) by extensions ['cmake', 'python']
[0.512s] Level 1:colcon.colcon_core.package_identification:_identify(src/rm_perception) by extension 'cmake'
[0.512s] Level 1:colcon.colcon_core.package_identification:_identify(src/rm_perception) by extension 'python'
[0.512s] Level 1:colcon.colcon_core.package_identification:_identify(src/rm_perception) by extensions ['python_setup_py']
[0.512s] Level 1:colcon.colcon_core.package_identification:_identify(src/rm_perception) by extension 'python_setup_py'
[0.513s] Level 1:colcon.colcon_core.package_identification:_identify(src/rm_perception/imu_complementary_filter) by extensions ['ignore', 'ignore_ament_install']
[0.513s] Level 1:colcon.colcon_core.package_identification:_identify(src/rm_perception/imu_complementary_filter) by extension 'ignore'
[0.513s] Level 1:colcon.colcon_core.package_identification:_identify(src/rm_perception/imu_complementary_filter) by extension 'ignore_ament_install'
[0.513s] Level 1:colcon.colcon_core.package_identification:_identify(src/rm_perception/imu_complementary_filter) by extensions ['colcon_pkg']
[0.513s] Level 1:colcon.colcon_core.package_identification:_identify(src/rm_perception/imu_complementary_filter) by extension 'colcon_pkg'
[0.513s] Level 1:colcon.colcon_core.package_identification:_identify(src/rm_perception/imu_complementary_filter) by extensions ['colcon_meta']
[0.513s] Level 1:colcon.colcon_core.package_identification:_identify(src/rm_perception/imu_complementary_filter) by extension 'colcon_meta'
[0.514s] Level 1:colcon.colcon_core.package_identification:_identify(src/rm_perception/imu_complementary_filter) by extensions ['ros']
[0.514s] Level 1:colcon.colcon_core.package_identification:_identify(src/rm_perception/imu_complementary_filter) by extension 'ros'
[0.515s] DEBUG:colcon.colcon_core.package_identification:Package 'src/rm_perception/imu_complementary_filter' with type 'ros.ament_cmake' and name 'imu_complementary_filter'
[0.515s] Level 1:colcon.colcon_core.package_identification:_identify(src/rm_perception/linefit_ground_segementation_ros2) by extensions ['ignore', 'ignore_ament_install']
[0.516s] Level 1:colcon.colcon_core.package_identification:_identify(src/rm_perception/linefit_ground_segementation_ros2) by extension 'ignore'
[0.516s] Level 1:colcon.colcon_core.package_identification:_identify(src/rm_perception/linefit_ground_segementation_ros2) by extension 'ignore_ament_install'
[0.516s] Level 1:colcon.colcon_core.package_identification:_identify(src/rm_perception/linefit_ground_segementation_ros2) by extensions ['colcon_pkg']
[0.516s] Level 1:colcon.colcon_core.package_identification:_identify(src/rm_perception/linefit_ground_segementation_ros2) by extension 'colcon_pkg'
[0.516s] Level 1:colcon.colcon_core.package_identification:_identify(src/rm_perception/linefit_ground_segementation_ros2) by extensions ['colcon_meta']
[0.516s] Level 1:colcon.colcon_core.package_identification:_identify(src/rm_perception/linefit_ground_segementation_ros2) by extension 'colcon_meta'
[0.516s] Level 1:colcon.colcon_core.package_identification:_identify(src/rm_perception/linefit_ground_segementation_ros2) by extensions ['ros']
[0.516s] Level 1:colcon.colcon_core.package_identification:_identify(src/rm_perception/linefit_ground_segementation_ros2) by extension 'ros'
[0.517s] Level 1:colcon.colcon_core.package_identification:_identify(src/rm_perception/linefit_ground_segementation_ros2) by extensions ['cmake', 'python']
[0.517s] Level 1:colcon.colcon_core.package_identification:_identify(src/rm_perception/linefit_ground_segementation_ros2) by extension 'cmake'
[0.517s] Level 1:colcon.colcon_core.package_identification:_identify(src/rm_perception/linefit_ground_segementation_ros2) by extension 'python'
[0.517s] Level 1:colcon.colcon_core.package_identification:_identify(src/rm_perception/linefit_ground_segementation_ros2) by extensions ['python_setup_py']
[0.517s] Level 1:colcon.colcon_core.package_identification:_identify(src/rm_perception/linefit_ground_segementation_ros2) by extension 'python_setup_py'
[0.517s] Level 1:colcon.colcon_core.package_identification:_identify(src/rm_perception/linefit_ground_segementation_ros2/doc) by extensions ['ignore', 'ignore_ament_install']
[0.518s] Level 1:colcon.colcon_core.package_identification:_identify(src/rm_perception/linefit_ground_segementation_ros2/doc) by extension 'ignore'
[0.518s] Level 1:colcon.colcon_core.package_identification:_identify(src/rm_perception/linefit_ground_segementation_ros2/doc) by extension 'ignore_ament_install'
[0.518s] Level 1:colcon.colcon_core.package_identification:_identify(src/rm_perception/linefit_ground_segementation_ros2/doc) by extensions ['colcon_pkg']
[0.518s] Level 1:colcon.colcon_core.package_identification:_identify(src/rm_perception/linefit_ground_segementation_ros2/doc) by extension 'colcon_pkg'
[0.518s] Level 1:colcon.colcon_core.package_identification:_identify(src/rm_perception/linefit_ground_segementation_ros2/doc) by extensions ['colcon_meta']
[0.518s] Level 1:colcon.colcon_core.package_identification:_identify(src/rm_perception/linefit_ground_segementation_ros2/doc) by extension 'colcon_meta'
[0.518s] Level 1:colcon.colcon_core.package_identification:_identify(src/rm_perception/linefit_ground_segementation_ros2/doc) by extensions ['ros']
[0.518s] Level 1:colcon.colcon_core.package_identification:_identify(src/rm_perception/linefit_ground_segementation_ros2/doc) by extension 'ros'
[0.519s] Level 1:colcon.colcon_core.package_identification:_identify(src/rm_perception/linefit_ground_segementation_ros2/doc) by extensions ['cmake', 'python']
[0.519s] Level 1:colcon.colcon_core.package_identification:_identify(src/rm_perception/linefit_ground_segementation_ros2/doc) by extension 'cmake'
[0.519s] Level 1:colcon.colcon_core.package_identification:_identify(src/rm_perception/linefit_ground_segementation_ros2/doc) by extension 'python'
[0.519s] Level 1:colcon.colcon_core.package_identification:_identify(src/rm_perception/linefit_ground_segementation_ros2/doc) by extensions ['python_setup_py']
[0.519s] Level 1:colcon.colcon_core.package_identification:_identify(src/rm_perception/linefit_ground_segementation_ros2/doc) by extension 'python_setup_py'
[0.519s] Level 1:colcon.colcon_core.package_identification:_identify(src/rm_perception/linefit_ground_segementation_ros2/linefit_ground_segmentation) by extensions ['ignore', 'ignore_ament_install']
[0.519s] Level 1:colcon.colcon_core.package_identification:_identify(src/rm_perception/linefit_ground_segementation_ros2/linefit_ground_segmentation) by extension 'ignore'
[0.520s] Level 1:colcon.colcon_core.package_identification:_identify(src/rm_perception/linefit_ground_segementation_ros2/linefit_ground_segmentation) by extension 'ignore_ament_install'
[0.520s] Level 1:colcon.colcon_core.package_identification:_identify(src/rm_perception/linefit_ground_segementation_ros2/linefit_ground_segmentation) by extensions ['colcon_pkg']
[0.520s] Level 1:colcon.colcon_core.package_identification:_identify(src/rm_perception/linefit_ground_segementation_ros2/linefit_ground_segmentation) by extension 'colcon_pkg'
[0.520s] Level 1:colcon.colcon_core.package_identification:_identify(src/rm_perception/linefit_ground_segementation_ros2/linefit_ground_segmentation) by extensions ['colcon_meta']
[0.520s] Level 1:colcon.colcon_core.package_identification:_identify(src/rm_perception/linefit_ground_segementation_ros2/linefit_ground_segmentation) by extension 'colcon_meta'
[0.520s] Level 1:colcon.colcon_core.package_identification:_identify(src/rm_perception/linefit_ground_segementation_ros2/linefit_ground_segmentation) by extensions ['ros']
[0.520s] Level 1:colcon.colcon_core.package_identification:_identify(src/rm_perception/linefit_ground_segementation_ros2/linefit_ground_segmentation) by extension 'ros'
[0.522s] DEBUG:colcon.colcon_core.package_identification:Package 'src/rm_perception/linefit_ground_segementation_ros2/linefit_ground_segmentation' with type 'ros.ament_cmake' and name 'linefit_ground_segmentation'
[0.522s] Level 1:colcon.colcon_core.package_identification:_identify(src/rm_perception/linefit_ground_segementation_ros2/linefit_ground_segmentation_ros) by extensions ['ignore', 'ignore_ament_install']
[0.523s] Level 1:colcon.colcon_core.package_identification:_identify(src/rm_perception/linefit_ground_segementation_ros2/linefit_ground_segmentation_ros) by extension 'ignore'
[0.523s] Level 1:colcon.colcon_core.package_identification:_identify(src/rm_perception/linefit_ground_segementation_ros2/linefit_ground_segmentation_ros) by extension 'ignore_ament_install'
[0.523s] Level 1:colcon.colcon_core.package_identification:_identify(src/rm_perception/linefit_ground_segementation_ros2/linefit_ground_segmentation_ros) by extensions ['colcon_pkg']
[0.523s] Level 1:colcon.colcon_core.package_identification:_identify(src/rm_perception/linefit_ground_segementation_ros2/linefit_ground_segmentation_ros) by extension 'colcon_pkg'
[0.523s] Level 1:colcon.colcon_core.package_identification:_identify(src/rm_perception/linefit_ground_segementation_ros2/linefit_ground_segmentation_ros) by extensions ['colcon_meta']
[0.523s] Level 1:colcon.colcon_core.package_identification:_identify(src/rm_perception/linefit_ground_segementation_ros2/linefit_ground_segmentation_ros) by extension 'colcon_meta'
[0.523s] Level 1:colcon.colcon_core.package_identification:_identify(src/rm_perception/linefit_ground_segementation_ros2/linefit_ground_segmentation_ros) by extensions ['ros']
[0.523s] Level 1:colcon.colcon_core.package_identification:_identify(src/rm_perception/linefit_ground_segementation_ros2/linefit_ground_segmentation_ros) by extension 'ros'
[0.553s] DEBUG:colcon.colcon_core.package_identification:Package 'src/rm_perception/linefit_ground_segementation_ros2/linefit_ground_segmentation_ros' with type 'ros.ament_cmake' and name 'linefit_ground_segmentation_ros'
[0.554s] Level 1:colcon.colcon_core.package_identification:_identify(src/rm_perception/pointcloud_to_laserscan) by extensions ['ignore', 'ignore_ament_install']
[0.554s] Level 1:colcon.colcon_core.package_identification:_identify(src/rm_perception/pointcloud_to_laserscan) by extension 'ignore'
[0.555s] Level 1:colcon.colcon_core.package_identification:_identify(src/rm_perception/pointcloud_to_laserscan) by extension 'ignore_ament_install'
[0.555s] Level 1:colcon.colcon_core.package_identification:_identify(src/rm_perception/pointcloud_to_laserscan) by extensions ['colcon_pkg']
[0.555s] Level 1:colcon.colcon_core.package_identification:_identify(src/rm_perception/pointcloud_to_laserscan) by extension 'colcon_pkg'
[0.555s] Level 1:colcon.colcon_core.package_identification:_identify(src/rm_perception/pointcloud_to_laserscan) by extensions ['colcon_meta']
[0.555s] Level 1:colcon.colcon_core.package_identification:_identify(src/rm_perception/pointcloud_to_laserscan) by extension 'colcon_meta'
[0.555s] Level 1:colcon.colcon_core.package_identification:_identify(src/rm_perception/pointcloud_to_laserscan) by extensions ['ros']
[0.555s] Level 1:colcon.colcon_core.package_identification:_identify(src/rm_perception/pointcloud_to_laserscan) by extension 'ros'
[0.557s] DEBUG:colcon.colcon_core.package_identification:Package 'src/rm_perception/pointcloud_to_laserscan' with type 'ros.ament_cmake' and name 'pointcloud_to_laserscan'
[0.558s] Level 1:colcon.colcon_core.package_identification:_identify(src/rm_robot_description) by extensions ['ignore', 'ignore_ament_install']
[0.558s] Level 1:colcon.colcon_core.package_identification:_identify(src/rm_robot_description) by extension 'ignore'
[0.558s] Level 1:colcon.colcon_core.package_identification:_identify(src/rm_robot_description) by extension 'ignore_ament_install'
[0.558s] Level 1:colcon.colcon_core.package_identification:_identify(src/rm_robot_description) by extensions ['colcon_pkg']
[0.558s] Level 1:colcon.colcon_core.package_identification:_identify(src/rm_robot_description) by extension 'colcon_pkg'
[0.558s] Level 1:colcon.colcon_core.package_identification:_identify(src/rm_robot_description) by extensions ['colcon_meta']
[0.558s] Level 1:colcon.colcon_core.package_identification:_identify(src/rm_robot_description) by extension 'colcon_meta'
[0.558s] Level 1:colcon.colcon_core.package_identification:_identify(src/rm_robot_description) by extensions ['ros']
[0.558s] Level 1:colcon.colcon_core.package_identification:_identify(src/rm_robot_description) by extension 'ros'
[0.558s] Level 1:colcon.colcon_core.package_identification:_identify(src/rm_robot_description) by extensions ['cmake', 'python']
[0.558s] Level 1:colcon.colcon_core.package_identification:_identify(src/rm_robot_description) by extension 'cmake'
[0.558s] Level 1:colcon.colcon_core.package_identification:_identify(src/rm_robot_description) by extension 'python'
[0.558s] Level 1:colcon.colcon_core.package_identification:_identify(src/rm_robot_description) by extensions ['python_setup_py']
[0.558s] Level 1:colcon.colcon_core.package_identification:_identify(src/rm_robot_description) by extension 'python_setup_py'
[0.558s] Level 1:colcon.colcon_core.package_identification:_identify(src/rm_robot_description/docs) by extensions ['ignore', 'ignore_ament_install']
[0.558s] Level 1:colcon.colcon_core.package_identification:_identify(src/rm_robot_description/docs) by extension 'ignore'
[0.559s] Level 1:colcon.colcon_core.package_identification:_identify(src/rm_robot_description/docs) by extension 'ignore_ament_install'
[0.559s] Level 1:colcon.colcon_core.package_identification:_identify(src/rm_robot_description/docs) by extensions ['colcon_pkg']
[0.559s] Level 1:colcon.colcon_core.package_identification:_identify(src/rm_robot_description/docs) by extension 'colcon_pkg'
[0.559s] Level 1:colcon.colcon_core.package_identification:_identify(src/rm_robot_description/docs) by extensions ['colcon_meta']
[0.559s] Level 1:colcon.colcon_core.package_identification:_identify(src/rm_robot_description/docs) by extension 'colcon_meta'
[0.559s] Level 1:colcon.colcon_core.package_identification:_identify(src/rm_robot_description/docs) by extensions ['ros']
[0.559s] Level 1:colcon.colcon_core.package_identification:_identify(src/rm_robot_description/docs) by extension 'ros'
[0.559s] Level 1:colcon.colcon_core.package_identification:_identify(src/rm_robot_description/docs) by extensions ['cmake', 'python']
[0.559s] Level 1:colcon.colcon_core.package_identification:_identify(src/rm_robot_description/docs) by extension 'cmake'
[0.559s] Level 1:colcon.colcon_core.package_identification:_identify(src/rm_robot_description/docs) by extension 'python'
[0.559s] Level 1:colcon.colcon_core.package_identification:_identify(src/rm_robot_description/docs) by extensions ['python_setup_py']
[0.559s] Level 1:colcon.colcon_core.package_identification:_identify(src/rm_robot_description/docs) by extension 'python_setup_py'
[0.559s] Level 1:colcon.colcon_core.package_identification:_identify(src/rm_rune) by extensions ['ignore', 'ignore_ament_install']
[0.559s] Level 1:colcon.colcon_core.package_identification:_identify(src/rm_rune) by extension 'ignore'
[0.559s] Level 1:colcon.colcon_core.package_identification:_identify(src/rm_rune) by extension 'ignore_ament_install'
[0.559s] Level 1:colcon.colcon_core.package_identification:_identify(src/rm_rune) by extensions ['colcon_pkg']
[0.559s] Level 1:colcon.colcon_core.package_identification:_identify(src/rm_rune) by extension 'colcon_pkg'
[0.559s] Level 1:colcon.colcon_core.package_identification:_identify(src/rm_rune) by extensions ['colcon_meta']
[0.559s] Level 1:colcon.colcon_core.package_identification:_identify(src/rm_rune) by extension 'colcon_meta'
[0.559s] Level 1:colcon.colcon_core.package_identification:_identify(src/rm_rune) by extensions ['ros']
[0.559s] Level 1:colcon.colcon_core.package_identification:_identify(src/rm_rune) by extension 'ros'
[0.560s] DEBUG:colcon.colcon_core.package_identification:Package 'src/rm_rune' with type 'ros.ament_cmake' and name 'rm_rune'
[0.560s] Level 1:colcon.colcon_core.package_identification:_identify(src/rm_serial_driver) by extensions ['ignore', 'ignore_ament_install']
[0.561s] Level 1:colcon.colcon_core.package_identification:_identify(src/rm_serial_driver) by extension 'ignore'
[0.561s] Level 1:colcon.colcon_core.package_identification:_identify(src/rm_serial_driver) by extension 'ignore_ament_install'
[0.561s] Level 1:colcon.colcon_core.package_identification:_identify(src/rm_serial_driver) by extensions ['colcon_pkg']
[0.561s] Level 1:colcon.colcon_core.package_identification:_identify(src/rm_serial_driver) by extension 'colcon_pkg'
[0.561s] Level 1:colcon.colcon_core.package_identification:_identify(src/rm_serial_driver) by extensions ['colcon_meta']
[0.561s] Level 1:colcon.colcon_core.package_identification:_identify(src/rm_serial_driver) by extension 'colcon_meta'
[0.561s] Level 1:colcon.colcon_core.package_identification:_identify(src/rm_serial_driver) by extensions ['ros']
[0.561s] Level 1:colcon.colcon_core.package_identification:_identify(src/rm_serial_driver) by extension 'ros'
[0.562s] DEBUG:colcon.colcon_core.package_identification:Package 'src/rm_serial_driver' with type 'ros.ament_cmake' and name 'rm_serial_driver'
[0.562s] Level 1:colcon.colcon_core.package_identification:_identify(src/rm_startup) by extensions ['ignore', 'ignore_ament_install']
[0.562s] Level 1:colcon.colcon_core.package_identification:_identify(src/rm_startup) by extension 'ignore'
[0.562s] Level 1:colcon.colcon_core.package_identification:_identify(src/rm_startup) by extension 'ignore_ament_install'
[0.563s] Level 1:colcon.colcon_core.package_identification:_identify(src/rm_startup) by extensions ['colcon_pkg']
[0.563s] Level 1:colcon.colcon_core.package_identification:_identify(src/rm_startup) by extension 'colcon_pkg'
[0.563s] Level 1:colcon.colcon_core.package_identification:_identify(src/rm_startup) by extensions ['colcon_meta']
[0.563s] Level 1:colcon.colcon_core.package_identification:_identify(src/rm_startup) by extension 'colcon_meta'
[0.563s] Level 1:colcon.colcon_core.package_identification:_identify(src/rm_startup) by extensions ['ros']
[0.563s] Level 1:colcon.colcon_core.package_identification:_identify(src/rm_startup) by extension 'ros'
[0.563s] DEBUG:colcon.colcon_core.package_identification:Package 'src/rm_startup' with type 'ros.ament_cmake' and name 'rm_startup'
[0.563s] Level 1:colcon.colcon_core.package_identification:_identify(src/ros2-hik-camera) by extensions ['ignore', 'ignore_ament_install']
[0.563s] Level 1:colcon.colcon_core.package_identification:_identify(src/ros2-hik-camera) by extension 'ignore'
[0.563s] Level 1:colcon.colcon_core.package_identification:_identify(src/ros2-hik-camera) by extension 'ignore_ament_install'
[0.564s] Level 1:colcon.colcon_core.package_identification:_identify(src/ros2-hik-camera) by extensions ['colcon_pkg']
[0.564s] Level 1:colcon.colcon_core.package_identification:_identify(src/ros2-hik-camera) by extension 'colcon_pkg'
[0.564s] Level 1:colcon.colcon_core.package_identification:_identify(src/ros2-hik-camera) by extensions ['colcon_meta']
[0.564s] Level 1:colcon.colcon_core.package_identification:_identify(src/ros2-hik-camera) by extension 'colcon_meta'
[0.564s] Level 1:colcon.colcon_core.package_identification:_identify(src/ros2-hik-camera) by extensions ['ros']
[0.564s] Level 1:colcon.colcon_core.package_identification:_identify(src/ros2-hik-camera) by extension 'ros'
[0.565s] DEBUG:colcon.colcon_core.package_identification:Package 'src/ros2-hik-camera' with type 'ros.ament_cmake' and name 'hik_camera'
[0.565s] Level 1:colcon.colcon_core.package_identification:_identify(src/ros2-mindvision-camera) by extensions ['ignore', 'ignore_ament_install']
[0.565s] Level 1:colcon.colcon_core.package_identification:_identify(src/ros2-mindvision-camera) by extension 'ignore'
[0.565s] Level 1:colcon.colcon_core.package_identification:_identify(src/ros2-mindvision-camera) by extension 'ignore_ament_install'
[0.565s] Level 1:colcon.colcon_core.package_identification:_identify(src/ros2-mindvision-camera) by extensions ['colcon_pkg']
[0.565s] Level 1:colcon.colcon_core.package_identification:_identify(src/ros2-mindvision-camera) by extension 'colcon_pkg'
[0.565s] Level 1:colcon.colcon_core.package_identification:_identify(src/ros2-mindvision-camera) by extensions ['colcon_meta']
[0.565s] Level 1:colcon.colcon_core.package_identification:_identify(src/ros2-mindvision-camera) by extension 'colcon_meta'
[0.565s] Level 1:colcon.colcon_core.package_identification:_identify(src/ros2-mindvision-camera) by extensions ['ros']
[0.565s] Level 1:colcon.colcon_core.package_identification:_identify(src/ros2-mindvision-camera) by extension 'ros'
[0.566s] DEBUG:colcon.colcon_core.package_identification:Package 'src/ros2-mindvision-camera' with type 'ros.ament_cmake' and name 'mindvision_camera'
[0.566s] Level 1:colcon.colcon_core.package_discovery:discover_packages(recursive) using defaults
[0.566s] Level 1:colcon.colcon_core.package_discovery:discover_packages(ignore) discover
[0.566s] Level 1:colcon.colcon_core.package_discovery:discover_packages(ignore) using defaults
[0.566s] Level 1:colcon.colcon_core.package_discovery:discover_packages(path) discover
[0.566s] Level 1:colcon.colcon_core.package_discovery:discover_packages(path) using defaults
[0.595s] INFO:colcon.colcon_core.package_selection:Skipping not selected package 'costmap_converter_msgs' in 'src/rm_navigation/third_party/costmap_converter/costmap_converter_msgs'
[0.595s] INFO:colcon.colcon_core.package_selection:Skipping not selected package 'hik_camera' in 'src/ros2-hik-camera'
[0.595s] INFO:colcon.colcon_core.package_selection:Skipping not selected package 'imu_complementary_filter' in 'src/rm_perception/imu_complementary_filter'
[0.595s] INFO:colcon.colcon_core.package_selection:Skipping not selected package 'linefit_ground_segmentation' in 'src/rm_perception/linefit_ground_segementation_ros2/linefit_ground_segmentation'
[0.595s] INFO:colcon.colcon_core.package_selection:Skipping not selected package 'livox_ros_driver2' in 'src/rm_hardware_driver/livox_ros_driver2'
[0.595s] INFO:colcon.colcon_core.package_selection:Skipping not selected package 'mindvision_camera' in 'src/ros2-mindvision-camera'
[0.595s] INFO:colcon.colcon_core.package_selection:Skipping not selected package 'pointcloud_to_laserscan' in 'src/rm_perception/pointcloud_to_laserscan'
[0.595s] INFO:colcon.colcon_core.package_selection:Skipping not selected package 'rm_gimbal_description' in 'src/rm_gimbal_description'
[0.595s] INFO:colcon.colcon_core.package_selection:Skipping not selected package 'rm_msgs' in 'src/rm_msgs'
[0.595s] INFO:colcon.colcon_core.package_selection:Skipping not selected package 'rm_navigation' in 'src/rm_navigation/src'
[0.595s] INFO:colcon.colcon_core.package_selection:Skipping not selected package 'rm_startup' in 'src/rm_startup'
[0.595s] INFO:colcon.colcon_core.package_selection:Skipping not selected package 'closed_loop' in 'src/closed_loop'
[0.595s] INFO:colcon.colcon_core.package_selection:Skipping not selected package 'costmap_converter' in 'src/rm_navigation/third_party/costmap_converter/costmap_converter'
[0.595s] INFO:colcon.colcon_core.package_selection:Skipping not selected package 'fast_lio' in 'src/rm_localization/fast_lio'
[0.595s] INFO:colcon.colcon_core.package_selection:Skipping not selected package 'icp_registration' in 'src/rm_localization/icp_registration'
[0.595s] INFO:colcon.colcon_core.package_selection:Skipping not selected package 'linefit_ground_segmentation_ros' in 'src/rm_perception/linefit_ground_segementation_ros2/linefit_ground_segmentation_ros'
[0.595s] INFO:colcon.colcon_core.package_selection:Skipping not selected package 'mechax_trajectory' in 'src/mechax_trajectory'
[0.595s] INFO:colcon.colcon_core.package_selection:Skipping not selected package 'point_lio' in 'src/rm_localization/point_lio'
[0.595s] INFO:colcon.colcon_core.package_selection:Skipping not selected package 'rm_armor_detector' in 'src/rm_armor_detector'
[0.595s] INFO:colcon.colcon_core.package_selection:Skipping not selected package 'rm_armor_tracker' in 'src/rm_armor_tracker'
[0.595s] INFO:colcon.colcon_core.package_selection:Skipping not selected package 'rm_rune' in 'src/rm_rune'
[0.595s] INFO:colcon.colcon_core.package_selection:Skipping not selected package 'rm_serial_driver' in 'src/rm_serial_driver'
[0.595s] INFO:colcon.colcon_core.package_selection:Skipping not selected package 'teb_msgs' in 'src/rm_navigation/third_party/teb_local_planner/teb_msgs'
[0.595s] INFO:colcon.colcon_core.package_selection:Skipping not selected package 'rm_bringup' in 'src/rm_bringup'
[0.595s] INFO:colcon.colcon_core.package_selection:Skipping not selected package 'teb_local_planner' in 'src/rm_navigation/third_party/teb_local_planner/teb_local_planner'
[0.596s] Level 1:colcon.colcon_core.package_discovery:discover_packages(prefix_path) check parameters
[0.596s] Level 1:colcon.colcon_core.package_discovery:discover_packages(prefix_path) discover
[0.599s] DEBUG:colcon.colcon_installed_package_information.package_discovery:Found 26 installed packages in /home/jiajia/wzr/localization_1/install
[0.601s] DEBUG:colcon.colcon_installed_package_information.package_discovery:Found 342 installed packages in /opt/ros/humble
[0.602s] Level 1:colcon.colcon_core.package_discovery:discover_packages(prefix_path) using defaults
[0.642s] Level 5:colcon.colcon_core.verb:set package 'rm_aimassist' build argument 'cmake_args' from command line to 'None'
[0.642s] Level 5:colcon.colcon_core.verb:set package 'rm_aimassist' build argument 'cmake_target' from command line to 'None'
[0.642s] Level 5:colcon.colcon_core.verb:set package 'rm_aimassist' build argument 'cmake_target_skip_unavailable' from command line to 'False'
[0.642s] Level 5:colcon.colcon_core.verb:set package 'rm_aimassist' build argument 'cmake_clean_cache' from command line to 'False'
[0.643s] Level 5:colcon.colcon_core.verb:set package 'rm_aimassist' build argument 'cmake_clean_first' from command line to 'False'
[0.643s] Level 5:colcon.colcon_core.verb:set package 'rm_aimassist' build argument 'cmake_force_configure' from command line to 'False'
[0.643s] Level 5:colcon.colcon_core.verb:set package 'rm_aimassist' build argument 'ament_cmake_args' from command line to 'None'
[0.643s] Level 5:colcon.colcon_core.verb:set package 'rm_aimassist' build argument 'catkin_cmake_args' from command line to 'None'
[0.643s] Level 5:colcon.colcon_core.verb:set package 'rm_aimassist' build argument 'catkin_skip_building_tests' from command line to 'False'
[0.643s] DEBUG:colcon.colcon_core.verb:Building package 'rm_aimassist' with the following arguments: {'ament_cmake_args': None, 'build_base': '/home/jiajia/wzr/localization_1/build/rm_aimassist', 'catkin_cmake_args': None, 'catkin_skip_building_tests': False, 'cmake_args': None, 'cmake_clean_cache': False, 'cmake_clean_first': False, 'cmake_force_configure': False, 'cmake_target': None, 'cmake_target_skip_unavailable': False, 'install_base': '/home/jiajia/wzr/localization_1/install/rm_aimassist', 'merge_install': False, 'path': '/home/jiajia/wzr/localization_1/src/rm_aimassist', 'symlink_install': False, 'test_result_base': None}
[0.643s] INFO:colcon.colcon_core.executor:Executing jobs using 'parallel' executor
[0.644s] DEBUG:colcon.colcon_parallel_executor.executor.parallel:run_until_complete
[0.645s] INFO:colcon.colcon_ros.task.ament_cmake.build:Building ROS package in '/home/jiajia/wzr/localization_1/src/rm_aimassist' with build type 'ament_cmake'
[0.645s] INFO:colcon.colcon_cmake.task.cmake.build:Building CMake package in '/home/jiajia/wzr/localization_1/src/rm_aimassist'
[0.649s] INFO:colcon.colcon_core.plugin_system:Skipping extension 'colcon_core.shell.bat': Not used on non-Windows systems
[0.649s] INFO:colcon.colcon_core.shell:Skip shell extension 'powershell' for command environment: Not usable outside of PowerShell
[0.649s] DEBUG:colcon.colcon_core.shell:Skip shell extension 'dsv' for command environment
[0.679s] DEBUG:colcon.colcon_core.event_handler.log_command:Invoking command in '/home/jiajia/wzr/localization_1/build/rm_aimassist': CMAKE_PREFIX_PATH=/home/jiajia/wzr/localization_1/install/rm_msgs:/home/jiajia/wzr/localization_1/install/teb_local_planner:/home/jiajia/wzr/localization_1/install/teb_msgs:/home/jiajia/wzr/localization_1/install/rm_startup:/home/jiajia/wzr/localization_1/install/rm_bringup:/home/jiajia/wzr/localization_1/install/rm_serial_driver:/home/jiajia/wzr/localization_1/install/rm_rune:/home/jiajia/wzr/localization_1/install/rm_navigation:/home/jiajia/wzr/localization_1/install/rm_armor_tracker:/home/jiajia/wzr/localization_1/install/rm_armor_detector:/home/jiajia/wzr/localization_1/install/rm_aimassist:/home/jiajia/wzr/localization_1/install/mechax_trajectory:/home/jiajia/wzr/localization_1/install/closed_loop:/home/jiajia/wzr/localization_1/install/rm_gimbal_description:/home/jiajia/wzr/localization_1/install/pointcloud_to_laserscan:/home/jiajia/wzr/localization_1/install/point_lio:/home/jiajia/wzr/localization_1/install/mindvision_camera:/home/jiajia/wzr/localization_1/install/icp_registration:/home/jiajia/wzr/localization_1/install/fast_lio:/home/jiajia/wzr/localization_1/install/livox_ros_driver2:/home/jiajia/wzr/localization_1/install/linefit_ground_segmentation_ros:/home/jiajia/wzr/localization_1/install/linefit_ground_segmentation:/home/jiajia/wzr/localization_1/install/imu_complementary_filter:/home/jiajia/wzr/localization_1/install/hik_camera:/home/jiajia/wzr/localization_1/install/costmap_converter:/home/jiajia/wzr/localization_1/install/costmap_converter_msgs:/opt/ros/humble LD_LIBRARY_PATH=/home/jiajia/wzr/localization_1/install/rm_msgs/lib:/home/jiajia/wzr/localization_1/install/teb_local_planner/lib:/home/jiajia/wzr/localization_1/install/teb_msgs/lib:/home/jiajia/wzr/localization_1/install/rm_serial_driver/lib:/home/jiajia/wzr/localization_1/install/rm_rune/lib:/home/jiajia/wzr/localization_1/install/rm_armor_tracker/lib:/home/jiajia/wzr/localization_1/install/rm_armor_detector/lib:/home/jiajia/wzr/localization_1/install/rm_aimassist/lib:/home/jiajia/wzr/localization_1/install/mechax_trajectory/lib:/home/jiajia/wzr/localization_1/install/closed_loop/lib:/home/jiajia/wzr/localization_1/install/pointcloud_to_laserscan/lib:/home/jiajia/wzr/localization_1/install/mindvision_camera/lib:/home/jiajia/wzr/localization_1/install/icp_registration/lib:/home/jiajia/wzr/localization_1/install/fast_lio/lib:/home/jiajia/wzr/localization_1/install/livox_ros_driver2/lib:/home/jiajia/wzr/localization_1/install/linefit_ground_segmentation/lib:/home/jiajia/wzr/localization_1/install/imu_complementary_filter/lib:/home/jiajia/wzr/localization_1/install/hik_camera/lib:/home/jiajia/wzr/localization_1/install/costmap_converter/lib:/home/jiajia/wzr/localization_1/install/costmap_converter_msgs/lib:/usr/lib/x86_64-linux-gnu/gazebo-11/plugins:/opt/ros/humble/opt/rviz_ogre_vendor/lib:/opt/ros/humble/lib/x86_64-linux-gnu:/opt/ros/humble/opt/openvdb_vendor/lib:/opt/ros/humble/lib:/opt/MVS/lib/64:/opt/MVS/lib/32:/opt/MVS/lib/64:/opt/MVS/lib/32:/opt/MVS/lib/64:/opt/MVS/lib/32:/opt/MVS/lib/64:/opt/MVS/lib/32 /usr/bin/cmake --build /home/jiajia/wzr/localization_1/build/rm_aimassist -- -j4 -l4
[0.813s] DEBUG:colcon.colcon_core.event_handler.log_command:Invoked command in '/home/jiajia/wzr/localization_1/build/rm_aimassist' returned '0': CMAKE_PREFIX_PATH=/home/jiajia/wzr/localization_1/install/rm_msgs:/home/jiajia/wzr/localization_1/install/teb_local_planner:/home/jiajia/wzr/localization_1/install/teb_msgs:/home/jiajia/wzr/localization_1/install/rm_startup:/home/jiajia/wzr/localization_1/install/rm_bringup:/home/jiajia/wzr/localization_1/install/rm_serial_driver:/home/jiajia/wzr/localization_1/install/rm_rune:/home/jiajia/wzr/localization_1/install/rm_navigation:/home/jiajia/wzr/localization_1/install/rm_armor_tracker:/home/jiajia/wzr/localization_1/install/rm_armor_detector:/home/jiajia/wzr/localization_1/install/rm_aimassist:/home/jiajia/wzr/localization_1/install/mechax_trajectory:/home/jiajia/wzr/localization_1/install/closed_loop:/home/jiajia/wzr/localization_1/install/rm_gimbal_description:/home/jiajia/wzr/localization_1/install/pointcloud_to_laserscan:/home/jiajia/wzr/localization_1/install/point_lio:/home/jiajia/wzr/localization_1/install/mindvision_camera:/home/jiajia/wzr/localization_1/install/icp_registration:/home/jiajia/wzr/localization_1/install/fast_lio:/home/jiajia/wzr/localization_1/install/livox_ros_driver2:/home/jiajia/wzr/localization_1/install/linefit_ground_segmentation_ros:/home/jiajia/wzr/localization_1/install/linefit_ground_segmentation:/home/jiajia/wzr/localization_1/install/imu_complementary_filter:/home/jiajia/wzr/localization_1/install/hik_camera:/home/jiajia/wzr/localization_1/install/costmap_converter:/home/jiajia/wzr/localization_1/install/costmap_converter_msgs:/opt/ros/humble LD_LIBRARY_PATH=/home/jiajia/wzr/localization_1/install/rm_msgs/lib:/home/jiajia/wzr/localization_1/install/teb_local_planner/lib:/home/jiajia/wzr/localization_1/install/teb_msgs/lib:/home/jiajia/wzr/localization_1/install/rm_serial_driver/lib:/home/jiajia/wzr/localization_1/install/rm_rune/lib:/home/jiajia/wzr/localization_1/install/rm_armor_tracker/lib:/home/jiajia/wzr/localization_1/install/rm_armor_detector/lib:/home/jiajia/wzr/localization_1/install/rm_aimassist/lib:/home/jiajia/wzr/localization_1/install/mechax_trajectory/lib:/home/jiajia/wzr/localization_1/install/closed_loop/lib:/home/jiajia/wzr/localization_1/install/pointcloud_to_laserscan/lib:/home/jiajia/wzr/localization_1/install/mindvision_camera/lib:/home/jiajia/wzr/localization_1/install/icp_registration/lib:/home/jiajia/wzr/localization_1/install/fast_lio/lib:/home/jiajia/wzr/localization_1/install/livox_ros_driver2/lib:/home/jiajia/wzr/localization_1/install/linefit_ground_segmentation/lib:/home/jiajia/wzr/localization_1/install/imu_complementary_filter/lib:/home/jiajia/wzr/localization_1/install/hik_camera/lib:/home/jiajia/wzr/localization_1/install/costmap_converter/lib:/home/jiajia/wzr/localization_1/install/costmap_converter_msgs/lib:/usr/lib/x86_64-linux-gnu/gazebo-11/plugins:/opt/ros/humble/opt/rviz_ogre_vendor/lib:/opt/ros/humble/lib/x86_64-linux-gnu:/opt/ros/humble/opt/openvdb_vendor/lib:/opt/ros/humble/lib:/opt/MVS/lib/64:/opt/MVS/lib/32:/opt/MVS/lib/64:/opt/MVS/lib/32:/opt/MVS/lib/64:/opt/MVS/lib/32:/opt/MVS/lib/64:/opt/MVS/lib/32 /usr/bin/cmake --build /home/jiajia/wzr/localization_1/build/rm_aimassist -- -j4 -l4
[0.831s] DEBUG:colcon.colcon_core.event_handler.log_command:Invoking command in '/home/jiajia/wzr/localization_1/build/rm_aimassist': CMAKE_PREFIX_PATH=/home/jiajia/wzr/localization_1/install/rm_msgs:/home/jiajia/wzr/localization_1/install/teb_local_planner:/home/jiajia/wzr/localization_1/install/teb_msgs:/home/jiajia/wzr/localization_1/install/rm_startup:/home/jiajia/wzr/localization_1/install/rm_bringup:/home/jiajia/wzr/localization_1/install/rm_serial_driver:/home/jiajia/wzr/localization_1/install/rm_rune:/home/jiajia/wzr/localization_1/install/rm_navigation:/home/jiajia/wzr/localization_1/install/rm_armor_tracker:/home/jiajia/wzr/localization_1/install/rm_armor_detector:/home/jiajia/wzr/localization_1/install/rm_aimassist:/home/jiajia/wzr/localization_1/install/mechax_trajectory:/home/jiajia/wzr/localization_1/install/closed_loop:/home/jiajia/wzr/localization_1/install/rm_gimbal_description:/home/jiajia/wzr/localization_1/install/pointcloud_to_laserscan:/home/jiajia/wzr/localization_1/install/point_lio:/home/jiajia/wzr/localization_1/install/mindvision_camera:/home/jiajia/wzr/localization_1/install/icp_registration:/home/jiajia/wzr/localization_1/install/fast_lio:/home/jiajia/wzr/localization_1/install/livox_ros_driver2:/home/jiajia/wzr/localization_1/install/linefit_ground_segmentation_ros:/home/jiajia/wzr/localization_1/install/linefit_ground_segmentation:/home/jiajia/wzr/localization_1/install/imu_complementary_filter:/home/jiajia/wzr/localization_1/install/hik_camera:/home/jiajia/wzr/localization_1/install/costmap_converter:/home/jiajia/wzr/localization_1/install/costmap_converter_msgs:/opt/ros/humble LD_LIBRARY_PATH=/home/jiajia/wzr/localization_1/install/rm_msgs/lib:/home/jiajia/wzr/localization_1/install/teb_local_planner/lib:/home/jiajia/wzr/localization_1/install/teb_msgs/lib:/home/jiajia/wzr/localization_1/install/rm_serial_driver/lib:/home/jiajia/wzr/localization_1/install/rm_rune/lib:/home/jiajia/wzr/localization_1/install/rm_armor_tracker/lib:/home/jiajia/wzr/localization_1/install/rm_armor_detector/lib:/home/jiajia/wzr/localization_1/install/rm_aimassist/lib:/home/jiajia/wzr/localization_1/install/mechax_trajectory/lib:/home/jiajia/wzr/localization_1/install/closed_loop/lib:/home/jiajia/wzr/localization_1/install/pointcloud_to_laserscan/lib:/home/jiajia/wzr/localization_1/install/mindvision_camera/lib:/home/jiajia/wzr/localization_1/install/icp_registration/lib:/home/jiajia/wzr/localization_1/install/fast_lio/lib:/home/jiajia/wzr/localization_1/install/livox_ros_driver2/lib:/home/jiajia/wzr/localization_1/install/linefit_ground_segmentation/lib:/home/jiajia/wzr/localization_1/install/imu_complementary_filter/lib:/home/jiajia/wzr/localization_1/install/hik_camera/lib:/home/jiajia/wzr/localization_1/install/costmap_converter/lib:/home/jiajia/wzr/localization_1/install/costmap_converter_msgs/lib:/usr/lib/x86_64-linux-gnu/gazebo-11/plugins:/opt/ros/humble/opt/rviz_ogre_vendor/lib:/opt/ros/humble/lib/x86_64-linux-gnu:/opt/ros/humble/opt/openvdb_vendor/lib:/opt/ros/humble/lib:/opt/MVS/lib/64:/opt/MVS/lib/32:/opt/MVS/lib/64:/opt/MVS/lib/32:/opt/MVS/lib/64:/opt/MVS/lib/32:/opt/MVS/lib/64:/opt/MVS/lib/32 /usr/bin/cmake --install /home/jiajia/wzr/localization_1/build/rm_aimassist
[0.864s] Level 1:colcon.colcon_core.environment:create_environment_scripts_only(rm_aimassist)
[0.867s] DEBUG:colcon.colcon_core.event_handler.log_command:Invoked command in '/home/jiajia/wzr/localization_1/build/rm_aimassist' returned '0': CMAKE_PREFIX_PATH=/home/jiajia/wzr/localization_1/install/rm_msgs:/home/jiajia/wzr/localization_1/install/teb_local_planner:/home/jiajia/wzr/localization_1/install/teb_msgs:/home/jiajia/wzr/localization_1/install/rm_startup:/home/jiajia/wzr/localization_1/install/rm_bringup:/home/jiajia/wzr/localization_1/install/rm_serial_driver:/home/jiajia/wzr/localization_1/install/rm_rune:/home/jiajia/wzr/localization_1/install/rm_navigation:/home/jiajia/wzr/localization_1/install/rm_armor_tracker:/home/jiajia/wzr/localization_1/install/rm_armor_detector:/home/jiajia/wzr/localization_1/install/rm_aimassist:/home/jiajia/wzr/localization_1/install/mechax_trajectory:/home/jiajia/wzr/localization_1/install/closed_loop:/home/jiajia/wzr/localization_1/install/rm_gimbal_description:/home/jiajia/wzr/localization_1/install/pointcloud_to_laserscan:/home/jiajia/wzr/localization_1/install/point_lio:/home/jiajia/wzr/localization_1/install/mindvision_camera:/home/jiajia/wzr/localization_1/install/icp_registration:/home/jiajia/wzr/localization_1/install/fast_lio:/home/jiajia/wzr/localization_1/install/livox_ros_driver2:/home/jiajia/wzr/localization_1/install/linefit_ground_segmentation_ros:/home/jiajia/wzr/localization_1/install/linefit_ground_segmentation:/home/jiajia/wzr/localization_1/install/imu_complementary_filter:/home/jiajia/wzr/localization_1/install/hik_camera:/home/jiajia/wzr/localization_1/install/costmap_converter:/home/jiajia/wzr/localization_1/install/costmap_converter_msgs:/opt/ros/humble LD_LIBRARY_PATH=/home/jiajia/wzr/localization_1/install/rm_msgs/lib:/home/jiajia/wzr/localization_1/install/teb_local_planner/lib:/home/jiajia/wzr/localization_1/install/teb_msgs/lib:/home/jiajia/wzr/localization_1/install/rm_serial_driver/lib:/home/jiajia/wzr/localization_1/install/rm_rune/lib:/home/jiajia/wzr/localization_1/install/rm_armor_tracker/lib:/home/jiajia/wzr/localization_1/install/rm_armor_detector/lib:/home/jiajia/wzr/localization_1/install/rm_aimassist/lib:/home/jiajia/wzr/localization_1/install/mechax_trajectory/lib:/home/jiajia/wzr/localization_1/install/closed_loop/lib:/home/jiajia/wzr/localization_1/install/pointcloud_to_laserscan/lib:/home/jiajia/wzr/localization_1/install/mindvision_camera/lib:/home/jiajia/wzr/localization_1/install/icp_registration/lib:/home/jiajia/wzr/localization_1/install/fast_lio/lib:/home/jiajia/wzr/localization_1/install/livox_ros_driver2/lib:/home/jiajia/wzr/localization_1/install/linefit_ground_segmentation/lib:/home/jiajia/wzr/localization_1/install/imu_complementary_filter/lib:/home/jiajia/wzr/localization_1/install/hik_camera/lib:/home/jiajia/wzr/localization_1/install/costmap_converter/lib:/home/jiajia/wzr/localization_1/install/costmap_converter_msgs/lib:/usr/lib/x86_64-linux-gnu/gazebo-11/plugins:/opt/ros/humble/opt/rviz_ogre_vendor/lib:/opt/ros/humble/lib/x86_64-linux-gnu:/opt/ros/humble/opt/openvdb_vendor/lib:/opt/ros/humble/lib:/opt/MVS/lib/64:/opt/MVS/lib/32:/opt/MVS/lib/64:/opt/MVS/lib/32:/opt/MVS/lib/64:/opt/MVS/lib/32:/opt/MVS/lib/64:/opt/MVS/lib/32 /usr/bin/cmake --install /home/jiajia/wzr/localization_1/build/rm_aimassist
[0.869s] Level 1:colcon.colcon_core.environment:checking '/home/jiajia/wzr/localization_1/install/rm_aimassist' for CMake module files
[0.870s] Level 1:colcon.colcon_core.environment:checking '/home/jiajia/wzr/localization_1/install/rm_aimassist' for CMake config files
[0.870s] Level 1:colcon.colcon_core.shell:create_environment_hook('rm_aimassist', 'cmake_prefix_path')
[0.871s] INFO:colcon.colcon_core.shell:Creating environment hook '/home/jiajia/wzr/localization_1/install/rm_aimassist/share/rm_aimassist/hook/cmake_prefix_path.ps1'
[0.872s] INFO:colcon.colcon_core.shell:Creating environment descriptor '/home/jiajia/wzr/localization_1/install/rm_aimassist/share/rm_aimassist/hook/cmake_prefix_path.dsv'
[0.872s] INFO:colcon.colcon_core.shell:Creating environment hook '/home/jiajia/wzr/localization_1/install/rm_aimassist/share/rm_aimassist/hook/cmake_prefix_path.sh'
[0.873s] Level 1:colcon.colcon_core.environment:checking '/home/jiajia/wzr/localization_1/install/rm_aimassist/lib'
[0.873s] Level 1:colcon.colcon_core.shell:create_environment_hook('rm_aimassist', 'ld_library_path_lib')
[0.874s] INFO:colcon.colcon_core.shell:Creating environment hook '/home/jiajia/wzr/localization_1/install/rm_aimassist/share/rm_aimassist/hook/ld_library_path_lib.ps1'
[0.874s] INFO:colcon.colcon_core.shell:Creating environment descriptor '/home/jiajia/wzr/localization_1/install/rm_aimassist/share/rm_aimassist/hook/ld_library_path_lib.dsv'
[0.875s] INFO:colcon.colcon_core.shell:Creating environment hook '/home/jiajia/wzr/localization_1/install/rm_aimassist/share/rm_aimassist/hook/ld_library_path_lib.sh'
[0.875s] Level 1:colcon.colcon_core.environment:checking '/home/jiajia/wzr/localization_1/install/rm_aimassist/bin'
[0.875s] Level 1:colcon.colcon_core.environment:checking '/home/jiajia/wzr/localization_1/install/rm_aimassist/lib/pkgconfig/rm_aimassist.pc'
[0.876s] Level 1:colcon.colcon_core.environment:checking '/home/jiajia/wzr/localization_1/install/rm_aimassist/lib/python3.10/site-packages'
[0.876s] Level 1:colcon.colcon_core.environment:checking '/home/jiajia/wzr/localization_1/install/rm_aimassist/bin'
[0.876s] INFO:colcon.colcon_core.shell:Creating package script '/home/jiajia/wzr/localization_1/install/rm_aimassist/share/rm_aimassist/package.ps1'
[0.877s] INFO:colcon.colcon_core.shell:Creating package descriptor '/home/jiajia/wzr/localization_1/install/rm_aimassist/share/rm_aimassist/package.dsv'
[0.878s] INFO:colcon.colcon_core.shell:Creating package script '/home/jiajia/wzr/localization_1/install/rm_aimassist/share/rm_aimassist/package.sh'
[0.879s] INFO:colcon.colcon_core.shell:Creating package script '/home/jiajia/wzr/localization_1/install/rm_aimassist/share/rm_aimassist/package.bash'
[0.880s] INFO:colcon.colcon_core.shell:Creating package script '/home/jiajia/wzr/localization_1/install/rm_aimassist/share/rm_aimassist/package.zsh'
[0.880s] Level 1:colcon.colcon_core.environment:create_file_with_runtime_dependencies(/home/jiajia/wzr/localization_1/install/rm_aimassist/share/colcon-core/packages/rm_aimassist)
[0.881s] Level 1:colcon.colcon_core.environment:create_environment_scripts_only(rm_aimassist)
[0.882s] Level 1:colcon.colcon_core.environment:checking '/home/jiajia/wzr/localization_1/install/rm_aimassist' for CMake module files
[0.882s] Level 1:colcon.colcon_core.environment:checking '/home/jiajia/wzr/localization_1/install/rm_aimassist' for CMake config files
[0.882s] Level 1:colcon.colcon_core.shell:create_environment_hook('rm_aimassist', 'cmake_prefix_path')
[0.883s] INFO:colcon.colcon_core.shell:Creating environment hook '/home/jiajia/wzr/localization_1/install/rm_aimassist/share/rm_aimassist/hook/cmake_prefix_path.ps1'
[0.883s] INFO:colcon.colcon_core.shell:Creating environment descriptor '/home/jiajia/wzr/localization_1/install/rm_aimassist/share/rm_aimassist/hook/cmake_prefix_path.dsv'
[0.884s] INFO:colcon.colcon_core.shell:Creating environment hook '/home/jiajia/wzr/localization_1/install/rm_aimassist/share/rm_aimassist/hook/cmake_prefix_path.sh'
[0.887s] Level 1:colcon.colcon_core.environment:checking '/home/jiajia/wzr/localization_1/install/rm_aimassist/lib'
[0.888s] Level 1:colcon.colcon_core.shell:create_environment_hook('rm_aimassist', 'ld_library_path_lib')
[0.888s] INFO:colcon.colcon_core.shell:Creating environment hook '/home/jiajia/wzr/localization_1/install/rm_aimassist/share/rm_aimassist/hook/ld_library_path_lib.ps1'
[0.889s] INFO:colcon.colcon_core.shell:Creating environment descriptor '/home/jiajia/wzr/localization_1/install/rm_aimassist/share/rm_aimassist/hook/ld_library_path_lib.dsv'
[0.889s] INFO:colcon.colcon_core.shell:Creating environment hook '/home/jiajia/wzr/localization_1/install/rm_aimassist/share/rm_aimassist/hook/ld_library_path_lib.sh'
[0.891s] Level 1:colcon.colcon_core.environment:checking '/home/jiajia/wzr/localization_1/install/rm_aimassist/bin'
[0.891s] Level 1:colcon.colcon_core.environment:checking '/home/jiajia/wzr/localization_1/install/rm_aimassist/lib/pkgconfig/rm_aimassist.pc'
[0.891s] Level 1:colcon.colcon_core.environment:checking '/home/jiajia/wzr/localization_1/install/rm_aimassist/lib/python3.10/site-packages'
[0.892s] Level 1:colcon.colcon_core.environment:checking '/home/jiajia/wzr/localization_1/install/rm_aimassist/bin'
[0.892s] INFO:colcon.colcon_core.shell:Creating package script '/home/jiajia/wzr/localization_1/install/rm_aimassist/share/rm_aimassist/package.ps1'
[0.899s] INFO:colcon.colcon_core.shell:Creating package descriptor '/home/jiajia/wzr/localization_1/install/rm_aimassist/share/rm_aimassist/package.dsv'
[0.899s] INFO:colcon.colcon_core.shell:Creating package script '/home/jiajia/wzr/localization_1/install/rm_aimassist/share/rm_aimassist/package.sh'
[0.900s] INFO:colcon.colcon_core.shell:Creating package script '/home/jiajia/wzr/localization_1/install/rm_aimassist/share/rm_aimassist/package.bash'
[0.902s] INFO:colcon.colcon_core.shell:Creating package script '/home/jiajia/wzr/localization_1/install/rm_aimassist/share/rm_aimassist/package.zsh'
[0.903s] Level 1:colcon.colcon_core.environment:create_file_with_runtime_dependencies(/home/jiajia/wzr/localization_1/install/rm_aimassist/share/colcon-core/packages/rm_aimassist)
[0.903s] DEBUG:colcon.colcon_parallel_executor.executor.parallel:closing loop
[0.903s] DEBUG:colcon.colcon_parallel_executor.executor.parallel:loop closed
[0.903s] DEBUG:colcon.colcon_parallel_executor.executor.parallel:run_until_complete finished with '0'
[0.903s] DEBUG:colcon.colcon_core.event_reactor:joining thread
[0.918s] INFO:colcon.colcon_core.plugin_system:Skipping extension 'colcon_notification.desktop_notification.terminal_notifier': Not used on non-Darwin systems
[0.918s] INFO:colcon.colcon_core.plugin_system:Skipping extension 'colcon_notification.desktop_notification.win32': Not used on non-Windows systems
[0.918s] INFO:colcon.colcon_notification.desktop_notification:Sending desktop notification using 'notify2'
[0.964s] DEBUG:colcon.colcon_core.event_reactor:joined thread
[0.965s] INFO:colcon.colcon_core.shell:Creating prefix script '/home/jiajia/wzr/localization_1/install/local_setup.ps1'
[0.973s] INFO:colcon.colcon_core.shell:Creating prefix util module '/home/jiajia/wzr/localization_1/install/_local_setup_util_ps1.py'
[0.980s] INFO:colcon.colcon_core.shell:Creating prefix chain script '/home/jiajia/wzr/localization_1/install/setup.ps1'
[0.982s] INFO:colcon.colcon_core.shell:Creating prefix script '/home/jiajia/wzr/localization_1/install/local_setup.sh'
[0.986s] INFO:colcon.colcon_core.shell:Creating prefix util module '/home/jiajia/wzr/localization_1/install/_local_setup_util_sh.py'
[0.988s] INFO:colcon.colcon_core.shell:Creating prefix chain script '/home/jiajia/wzr/localization_1/install/setup.sh'
[0.993s] INFO:colcon.colcon_core.shell:Creating prefix script '/home/jiajia/wzr/localization_1/install/local_setup.bash'
[0.998s] INFO:colcon.colcon_core.shell:Creating prefix chain script '/home/jiajia/wzr/localization_1/install/setup.bash'
[1.004s] INFO:colcon.colcon_core.shell:Creating prefix script '/home/jiajia/wzr/localization_1/install/local_setup.zsh'
[1.004s] INFO:colcon.colcon_core.shell:Creating prefix chain script '/home/jiajia/wzr/localization_1/install/setup.zsh'
