[0.017s] Invoking command in '/home/jiajia/wzr/localization_1/build/rm_aimassist': CMAKE_PREFIX_PATH=/home/jiajia/wzr/localization_1/install/rm_msgs:/home/jiajia/wzr/localization_1/install/teb_local_planner:/home/jiajia/wzr/localization_1/install/teb_msgs:/home/jiajia/wzr/localization_1/install/rm_startup:/home/jiajia/wzr/localization_1/install/rm_bringup:/home/jiajia/wzr/localization_1/install/rm_serial_driver:/home/jiajia/wzr/localization_1/install/rm_rune:/home/jiajia/wzr/localization_1/install/rm_navigation:/home/jiajia/wzr/localization_1/install/rm_armor_tracker:/home/jiajia/wzr/localization_1/install/rm_armor_detector:/home/jiajia/wzr/localization_1/install/rm_aimassist:/home/jiajia/wzr/localization_1/install/mechax_trajectory:/home/jiajia/wzr/localization_1/install/closed_loop:/home/jiajia/wzr/localization_1/install/rm_gimbal_description:/home/jiajia/wzr/localization_1/install/pointcloud_to_laserscan:/home/jiajia/wzr/localization_1/install/point_lio:/home/jiajia/wzr/localization_1/install/mindvision_camera:/home/jiajia/wzr/localization_1/install/icp_registration:/home/jiajia/wzr/localization_1/install/fast_lio:/home/jiajia/wzr/localization_1/install/livox_ros_driver2:/home/jiajia/wzr/localization_1/install/linefit_ground_segmentation_ros:/home/jiajia/wzr/localization_1/install/linefit_ground_segmentation:/home/jiajia/wzr/localization_1/install/imu_complementary_filter:/home/jiajia/wzr/localization_1/install/hik_camera:/home/jiajia/wzr/localization_1/install/costmap_converter:/home/jiajia/wzr/localization_1/install/costmap_converter_msgs:/opt/ros/humble LD_LIBRARY_PATH=/home/jiajia/wzr/localization_1/install/rm_msgs/lib:/home/jiajia/wzr/localization_1/install/teb_local_planner/lib:/home/jiajia/wzr/localization_1/install/teb_msgs/lib:/home/jiajia/wzr/localization_1/install/rm_serial_driver/lib:/home/jiajia/wzr/localization_1/install/rm_rune/lib:/home/jiajia/wzr/localization_1/install/rm_armor_tracker/lib:/home/jiajia/wzr/localization_1/install/rm_armor_detector/lib:/home/jiajia/wzr/localization_1/install/rm_aimassist/lib:/home/jiajia/wzr/localization_1/install/mechax_trajectory/lib:/home/jiajia/wzr/localization_1/install/closed_loop/lib:/home/jiajia/wzr/localization_1/install/pointcloud_to_laserscan/lib:/home/jiajia/wzr/localization_1/install/mindvision_camera/lib:/home/jiajia/wzr/localization_1/install/icp_registration/lib:/home/jiajia/wzr/localization_1/install/fast_lio/lib:/home/jiajia/wzr/localization_1/install/livox_ros_driver2/lib:/home/jiajia/wzr/localization_1/install/linefit_ground_segmentation/lib:/home/jiajia/wzr/localization_1/install/imu_complementary_filter/lib:/home/jiajia/wzr/localization_1/install/hik_camera/lib:/home/jiajia/wzr/localization_1/install/costmap_converter/lib:/home/jiajia/wzr/localization_1/install/costmap_converter_msgs/lib:/usr/lib/x86_64-linux-gnu/gazebo-11/plugins:/opt/ros/humble/opt/rviz_ogre_vendor/lib:/opt/ros/humble/lib/x86_64-linux-gnu:/opt/ros/humble/opt/openvdb_vendor/lib:/opt/ros/humble/lib:/opt/MVS/lib/64:/opt/MVS/lib/32:/opt/MVS/lib/64:/opt/MVS/lib/32:/opt/MVS/lib/64:/opt/MVS/lib/32:/opt/MVS/lib/64:/opt/MVS/lib/32 /usr/bin/cmake --build /home/jiajia/wzr/localization_1/build/rm_aimassist -- -j4 -l4
[0.042s] -- Found ament_cmake: 1.3.11 (/opt/ros/humble/share/ament_cmake/cmake)
[0.130s] -- Override CMake install command with custom implementation using symlinks instead of copying resources
[0.134s] -- Found rclcpp: 16.0.12 (/opt/ros/humble/share/rclcpp/cmake)
[0.154s] -- Found rosidl_generator_c: 3.1.6 (/opt/ros/humble/share/rosidl_generator_c/cmake)
[0.154s] -- Found rosidl_adapter: 3.1.6 (/opt/ros/humble/share/rosidl_adapter/cmake)
[0.158s] -- Found rosidl_generator_cpp: 3.1.6 (/opt/ros/humble/share/rosidl_generator_cpp/cmake)
[0.165s] -- Using all available rosidl_typesupport_c: rosidl_typesupport_fastrtps_c;rosidl_typesupport_introspection_c
[0.172s] -- Using all available rosidl_typesupport_cpp: rosidl_typesupport_fastrtps_cpp;rosidl_typesupport_introspection_cpp
[0.192s] -- Found rmw_implementation_cmake: 6.1.2 (/opt/ros/humble/share/rmw_implementation_cmake/cmake)
[0.194s] -- Found rmw_fastrtps_cpp: 6.2.7 (/opt/ros/humble/share/rmw_fastrtps_cpp/cmake)
[0.267s] -- Using RMW implementation 'rmw_fastrtps_cpp' as default
[0.296s] -- Found tf2_ros: 0.25.12 (/opt/ros/humble/share/tf2_ros/cmake)
[0.357s] -- Found tf2_geometry_msgs: 0.25.12 (/opt/ros/humble/share/tf2_geometry_msgs/cmake)
[0.359s] -- Found eigen3_cmake_module: 0.1.1 (/opt/ros/humble/share/eigen3_cmake_module/cmake)
[0.360s] -- Ensuring Eigen3 include directory is part of orocos-kdl CMake target
[0.361s] -- Found rm_msgs: 0.0.0 (/home/jiajia/wzr/localization_1/install/rm_msgs/share/rm_msgs/cmake)
[0.369s] -- Found ament_cmake_auto: 1.3.11 (/opt/ros/humble/share/ament_cmake_auto/cmake)
[0.372s] [31mCMake Error at /opt/ros/humble/share/rclcpp_components/cmake/rclcpp_components_register_node.cmake:72 (add_executable):
[0.373s]   add_executable cannot create target "rm_aimassist_node" because another
[0.373s]   target with the same name already exists.  The existing target is a shared
[0.373s]   library created in source directory
[0.373s]   "/home/jiajia/wzr/localization_1/src/rm_aimassist".  See documentation for
[0.373s]   policy CMP0002 for more details.
[0.373s] Call Stack (most recent call first):
[0.373s]   CMakeLists.txt:58 (rclcpp_components_register_node)
[0.373s] 
[0.373s] [0m
[0.373s] -- Found ament_lint_auto: 0.12.12 (/opt/ros/humble/share/ament_lint_auto/cmake)
[0.427s] -- Added test 'cppcheck' to perform static code analysis on C / C++ code
[0.427s] -- Configured cppcheck include dirs: 
[0.427s] -- Configured cppcheck exclude dirs and/or files: 
[0.428s] -- Added test 'flake8' to check Python code syntax and style conventions
[0.428s] -- Added test 'lint_cmake' to check CMake code style
[0.428s] -- Added test 'pep257' to check Python code against some of the docstring style conventions in PEP 257
[0.429s] -- Added test 'uncrustify' to check C / C++ code style
[0.429s] -- Configured uncrustify additional arguments: 
[0.429s] -- Added test 'xmllint' to check XML markup files
[0.430s] -- Configuring incomplete, errors occurred!
[0.430s] See also "/home/jiajia/wzr/localization_1/build/rm_aimassist/CMakeFiles/CMakeOutput.log".
[0.437s] gmake: *** [Makefile:308: cmake_check_build_system] Error 1
[0.440s] Invoked command in '/home/jiajia/wzr/localization_1/build/rm_aimassist' returned '2': CMAKE_PREFIX_PATH=/home/jiajia/wzr/localization_1/install/rm_msgs:/home/jiajia/wzr/localization_1/install/teb_local_planner:/home/jiajia/wzr/localization_1/install/teb_msgs:/home/jiajia/wzr/localization_1/install/rm_startup:/home/jiajia/wzr/localization_1/install/rm_bringup:/home/jiajia/wzr/localization_1/install/rm_serial_driver:/home/jiajia/wzr/localization_1/install/rm_rune:/home/jiajia/wzr/localization_1/install/rm_navigation:/home/jiajia/wzr/localization_1/install/rm_armor_tracker:/home/jiajia/wzr/localization_1/install/rm_armor_detector:/home/jiajia/wzr/localization_1/install/rm_aimassist:/home/jiajia/wzr/localization_1/install/mechax_trajectory:/home/jiajia/wzr/localization_1/install/closed_loop:/home/jiajia/wzr/localization_1/install/rm_gimbal_description:/home/jiajia/wzr/localization_1/install/pointcloud_to_laserscan:/home/jiajia/wzr/localization_1/install/point_lio:/home/jiajia/wzr/localization_1/install/mindvision_camera:/home/jiajia/wzr/localization_1/install/icp_registration:/home/jiajia/wzr/localization_1/install/fast_lio:/home/jiajia/wzr/localization_1/install/livox_ros_driver2:/home/jiajia/wzr/localization_1/install/linefit_ground_segmentation_ros:/home/jiajia/wzr/localization_1/install/linefit_ground_segmentation:/home/jiajia/wzr/localization_1/install/imu_complementary_filter:/home/jiajia/wzr/localization_1/install/hik_camera:/home/jiajia/wzr/localization_1/install/costmap_converter:/home/jiajia/wzr/localization_1/install/costmap_converter_msgs:/opt/ros/humble LD_LIBRARY_PATH=/home/jiajia/wzr/localization_1/install/rm_msgs/lib:/home/jiajia/wzr/localization_1/install/teb_local_planner/lib:/home/jiajia/wzr/localization_1/install/teb_msgs/lib:/home/jiajia/wzr/localization_1/install/rm_serial_driver/lib:/home/jiajia/wzr/localization_1/install/rm_rune/lib:/home/jiajia/wzr/localization_1/install/rm_armor_tracker/lib:/home/jiajia/wzr/localization_1/install/rm_armor_detector/lib:/home/jiajia/wzr/localization_1/install/rm_aimassist/lib:/home/jiajia/wzr/localization_1/install/mechax_trajectory/lib:/home/jiajia/wzr/localization_1/install/closed_loop/lib:/home/jiajia/wzr/localization_1/install/pointcloud_to_laserscan/lib:/home/jiajia/wzr/localization_1/install/mindvision_camera/lib:/home/jiajia/wzr/localization_1/install/icp_registration/lib:/home/jiajia/wzr/localization_1/install/fast_lio/lib:/home/jiajia/wzr/localization_1/install/livox_ros_driver2/lib:/home/jiajia/wzr/localization_1/install/linefit_ground_segmentation/lib:/home/jiajia/wzr/localization_1/install/imu_complementary_filter/lib:/home/jiajia/wzr/localization_1/install/hik_camera/lib:/home/jiajia/wzr/localization_1/install/costmap_converter/lib:/home/jiajia/wzr/localization_1/install/costmap_converter_msgs/lib:/usr/lib/x86_64-linux-gnu/gazebo-11/plugins:/opt/ros/humble/opt/rviz_ogre_vendor/lib:/opt/ros/humble/lib/x86_64-linux-gnu:/opt/ros/humble/opt/openvdb_vendor/lib:/opt/ros/humble/lib:/opt/MVS/lib/64:/opt/MVS/lib/32:/opt/MVS/lib/64:/opt/MVS/lib/32:/opt/MVS/lib/64:/opt/MVS/lib/32:/opt/MVS/lib/64:/opt/MVS/lib/32 /usr/bin/cmake --build /home/jiajia/wzr/localization_1/build/rm_aimassist -- -j4 -l4
