[0.005s] Invoking command in '/home/jiajia/wzr/localization_1/build/rm_robot_description': CMAKE_PREFIX_PATH=/opt/ros/humble /usr/bin/cmake /home/jiajia/wzr/localization_1/src/rm_robot_description -DCMAKE_INSTALL_PREFIX=/home/jiajia/wzr/localization_1/install/rm_robot_description
[0.057s] -- The C compiler identification is GNU 12.3.0
[0.099s] -- The CXX compiler identification is GNU 12.3.0
[0.104s] -- Detecting C compiler ABI info
[0.159s] -- Detecting C compiler ABI info - done
[0.163s] -- Check for working C compiler: /usr/bin/cc - skipped
[0.164s] -- Detecting C compile features
[0.164s] -- Detecting C compile features - done
[0.166s] -- Detecting CXX compiler ABI info
[0.223s] -- Detecting CXX compiler ABI info - done
[0.230s] -- Check for working CXX compiler: /usr/bin/c++ - skipped
[0.231s] -- Detecting CXX compile features
[0.232s] -- Detecting CXX compile features - done
[0.238s] -- Found ament_cmake: 1.3.11 (/opt/ros/humble/share/ament_cmake/cmake)
[0.370s] -- Found Python3: /usr/bin/python3 (found version "3.10.12") found components: Interpreter 
[0.445s] -- Found ament_lint_auto: 0.12.11 (/opt/ros/humble/share/ament_lint_auto/cmake)
[0.514s] -- Added test 'lint_cmake' to check CMake code style
[0.515s] -- Added test 'xmllint' to check XML markup files
[0.516s] -- Configuring done
[0.519s] -- Generating done
[0.521s] -- Build files have been written to: /home/jiajia/wzr/localization_1/build/rm_robot_description
[0.526s] Invoked command in '/home/jiajia/wzr/localization_1/build/rm_robot_description' returned '0': CMAKE_PREFIX_PATH=/opt/ros/humble /usr/bin/cmake /home/jiajia/wzr/localization_1/src/rm_robot_description -DCMAKE_INSTALL_PREFIX=/home/jiajia/wzr/localization_1/install/rm_robot_description
[0.527s] Invoking command in '/home/jiajia/wzr/localization_1/build/rm_robot_description': CMAKE_PREFIX_PATH=/opt/ros/humble /usr/bin/cmake --build /home/jiajia/wzr/localization_1/build/rm_robot_description -- -j2 -l2
[0.576s] Invoked command in '/home/jiajia/wzr/localization_1/build/rm_robot_description' returned '0': CMAKE_PREFIX_PATH=/opt/ros/humble /usr/bin/cmake --build /home/jiajia/wzr/localization_1/build/rm_robot_description -- -j2 -l2
[0.579s] Invoking command in '/home/jiajia/wzr/localization_1/build/rm_robot_description': CMAKE_PREFIX_PATH=/opt/ros/humble /usr/bin/cmake --install /home/jiajia/wzr/localization_1/build/rm_robot_description
[0.586s] -- Install configuration: ""
[0.586s] -- Installing: /home/jiajia/wzr/localization_1/install/rm_robot_description/share/rm_robot_description/urdf
[0.586s] -- Installing: /home/jiajia/wzr/localization_1/install/rm_robot_description/share/rm_robot_description/urdf/sentry.urdf.xacro
[0.587s] -- Installing: /home/jiajia/wzr/localization_1/install/rm_robot_description/share/ament_index/resource_index/package_run_dependencies/rm_robot_description
[0.587s] -- Installing: /home/jiajia/wzr/localization_1/install/rm_robot_description/share/ament_index/resource_index/parent_prefix_path/rm_robot_description
[0.588s] -- Installing: /home/jiajia/wzr/localization_1/install/rm_robot_description/share/rm_robot_description/environment/ament_prefix_path.sh
[0.588s] -- Installing: /home/jiajia/wzr/localization_1/install/rm_robot_description/share/rm_robot_description/environment/ament_prefix_path.dsv
[0.588s] -- Installing: /home/jiajia/wzr/localization_1/install/rm_robot_description/share/rm_robot_description/environment/path.sh
[0.589s] -- Installing: /home/jiajia/wzr/localization_1/install/rm_robot_description/share/rm_robot_description/environment/path.dsv
[0.589s] -- Installing: /home/jiajia/wzr/localization_1/install/rm_robot_description/share/rm_robot_description/local_setup.bash
[0.589s] -- Installing: /home/jiajia/wzr/localization_1/install/rm_robot_description/share/rm_robot_description/local_setup.sh
[0.589s] -- Installing: /home/jiajia/wzr/localization_1/install/rm_robot_description/share/rm_robot_description/local_setup.zsh
[0.589s] -- Installing: /home/jiajia/wzr/localization_1/install/rm_robot_description/share/rm_robot_description/local_setup.dsv
[0.589s] -- Installing: /home/jiajia/wzr/localization_1/install/rm_robot_description/share/rm_robot_description/package.dsv
[0.590s] -- Installing: /home/jiajia/wzr/localization_1/install/rm_robot_description/share/ament_index/resource_index/packages/rm_robot_description
[0.590s] -- Installing: /home/jiajia/wzr/localization_1/install/rm_robot_description/share/rm_robot_description/cmake/rm_robot_descriptionConfig.cmake
[0.590s] -- Installing: /home/jiajia/wzr/localization_1/install/rm_robot_description/share/rm_robot_description/cmake/rm_robot_descriptionConfig-version.cmake
[0.590s] -- Installing: /home/jiajia/wzr/localization_1/install/rm_robot_description/share/rm_robot_description/package.xml
[0.594s] Invoked command in '/home/jiajia/wzr/localization_1/build/rm_robot_description' returned '0': CMAKE_PREFIX_PATH=/opt/ros/humble /usr/bin/cmake --install /home/jiajia/wzr/localization_1/build/rm_robot_description
