In file included from [01m[K/opt/ros/humble/include/pluginlib/pluginlib/class_loader_imp.hpp:57[m[K,
                 from [01m[K/opt/ros/humble/include/pluginlib/pluginlib/class_loader.hpp:334[m[K,
                 from [01m[K/home/jiajia/wzr/localization_1/src/rm_navigation/third_party/teb_local_planner/teb_local_planner/include/teb_local_planner/teb_local_planner_ros.h:42[m[K,
                 from [01m[K/home/jiajia/wzr/localization_1/src/rm_navigation/third_party/teb_local_planner/teb_local_planner/src/teb_local_planner_ros.cpp:39[m[K:
[01m[K/home/jiajia/wzr/localization_1/install/costmap_converter/include/costmap_converter/costmap_converter_interface.h:[m[K In member function ‘[01m[Kvoid costmap_converter::BaseCostmapToPolygons::startWorker(rclcpp::GenericRate<std::chrono::_V2::system_clock>::SharedPtr, nav2_costmap_2d::Costmap2D*, bool)[m[K’:
[01m[K/home/jiajia/wzr/localization_1/install/costmap_converter/include/costmap_converter/costmap_converter_interface.h:197:41:[m[K [01;35m[Kwarning: [m[Ktoo many arguments for format [[01;35m[K]8;;https://gcc.gnu.org/onlinedocs/gcc/Warning-Options.html#index-Wformat-extra-args-Wformat-extra-args]8;;[m[K]
  197 |         RCLCPP_DEBUG(nh_->get_logger(), [01;35m[K"costmap_converter"[m[K, "Spinning up a thread for the CostmapToPolygons plugin");
      |                                         [01;35m[K^~~~~~~~~~~~~~~~~~~[m[K
[01m[K/home/jiajia/wzr/localization_1/install/costmap_converter/include/costmap_converter/costmap_converter_interface.h:[m[K In member function ‘[01m[Kvoid costmap_converter::BaseCostmapToDynamicObstacles::loadStaticCostmapConverterPlugin(const std::string&, rclcpp::Node::SharedPtr)[m[K’:
[01m[K/home/jiajia/wzr/localization_1/install/costmap_converter/include/costmap_converter/costmap_converter_interface.h:313:32:[m[K [01;35m[Kwarning: [m[Kformat ‘[01m[K%s[m[K’ expects argument of type ‘[01m[Kchar*[m[K’, but argument 5 has type ‘[01m[Kconst std::string[m[K’ {aka ‘[01m[Kconst std::__cxx11::basic_string<char>[m[K’} [[01;35m[K]8;;https://gcc.gnu.org/onlinedocs/gcc/Warning-Options.html#index-Wformat=-Wformat=]8;;[m[K]
  313 |       RCLCPP_INFO(getLogger(), [01;35m[K"CostmapToDynamicObstacles: underlying costmap conversion plugin for static obstacles %s loaded."[m[K, plugin_name);
      |                                [01;35m[K^~~~~~~~~~~~~~~~~~~~~~~~~~~~~~~~~~~~~~~~~~~~~~~~~~~~~~~~~~~~~~~~~~~~~~~~~~~~~~~~~~~~~~~~~~~~~~~~~[m[K
In file included from [01m[K/home/jiajia/wzr/localization_1/src/rm_navigation/third_party/teb_local_planner/teb_local_planner/include/teb_local_planner/teb_local_planner_ros.h:68[m[K:
[01m[K/home/jiajia/wzr/localization_1/install/costmap_converter/include/costmap_converter/costmap_converter_interface.h:313:119:[m[K [01;36m[Knote: [m[Kformat string is defined here
  313 |  underlying costmap conversion plugin for static obstacles [01;36m[K%s[m[K loaded.", plugin_name);
      |                                                            [01;36m[K~^[m[K
      |                                                             [01;36m[K|[m[K
      |                                                             [01;36m[Kchar*[m[K

In file included from [01m[K/usr/local/include/boost/smart_ptr/detail/requires_cxx11.hpp:9[m[K,
                 from [01m[K/usr/local/include/boost/smart_ptr/scoped_ptr.hpp:13[m[K,
                 from [01m[K/usr/local/include/boost/scoped_ptr.hpp:13[m[K,
                 from [01m[K/usr/local/include/boost/graph/adjacency_list.hpp:22[m[K,
                 from [01m[K/home/jiajia/wzr/localization_1/src/rm_navigation/third_party/teb_local_planner/teb_local_planner/include/teb_local_planner/graph_search.h:49[m[K,
                 from [01m[K/home/jiajia/wzr/localization_1/src/rm_navigation/third_party/teb_local_planner/teb_local_planner/src/graph_search.cpp:39[m[K:
[01m[K/usr/local/include/boost/none_t.hpp:22:1:[m[K [01;36m[Knote: [m[K‘[01m[K#pragma message: C++03 support is deprecated in Boost.Optional 1.83 and will be removed in Boost.Optional 1.86.[m[K’
   22 | [01;36m[KBOOST_PRAGMA_MESSAGE[m[K("C++03 support is deprecated in Boost.Optional 1.83 and will be removed in Boost.Optional 1.86.")
      | [01;36m[K^~~~~~~~~~~~~~~~~~~~[m[K
