[0.006s] Invoking command in '/home/jiajia/wzr/localization_1/build/teb_local_planner': AMENT_PREFIX_PATH=/home/jiajia/wzr/localization_1/install/teb_msgs:/home/jiajia/wzr/localization_1/install/costmap_converter:/home/jiajia/wzr/localization_1/install/costmap_converter_msgs:${AMENT_PREFIX_PATH} CMAKE_PREFIX_PATH=/home/jiajia/wzr/localization_1/install/teb_msgs:/home/jiajia/wzr/localization_1/install/costmap_converter:/home/jiajia/wzr/localization_1/install/costmap_converter_msgs:/opt/ros/humble LD_LIBRARY_PATH=/home/jiajia/wzr/localization_1/install/teb_msgs/lib:/home/jiajia/wzr/localization_1/install/costmap_converter/lib:/home/jiajia/wzr/localization_1/install/costmap_converter_msgs/lib:/opt/MVS/lib/64:/opt/MVS/lib/32:/usr/lib/x86_64-linux-gnu/gazebo-11/plugins:/opt/ros/humble/opt/rviz_ogre_vendor/lib:/opt/ros/humble/lib/x86_64-linux-gnu:/opt/ros/humble/opt/openvdb_vendor/lib:/opt/ros/humble/lib:/opt/MVS/lib/64:/opt/MVS/lib/32:/opt/MVS/lib/64:/opt/MVS/lib/32 PATH=/home/jiajia/wzr/localization_1/install/costmap_converter/bin:${PATH} PYTHONPATH=/home/jiajia/wzr/localization_1/install/teb_msgs/local/lib/python3.10/dist-packages:/home/jiajia/wzr/localization_1/install/costmap_converter_msgs/local/lib/python3.10/dist-packages:${PYTHONPATH} /usr/bin/cmake /home/jiajia/wzr/localization_1/src/rm_navigation/third_party/teb_local_planner/teb_local_planner -DCMAKE_INSTALL_PREFIX=/home/jiajia/wzr/localization_1/install/teb_local_planner
[0.057s] -- The C compiler identification is GNU 12.3.0
[0.101s] -- The CXX compiler identification is GNU 12.3.0
[0.107s] -- Detecting C compiler ABI info
[0.178s] -- Detecting C compiler ABI info - done
[0.184s] -- Check for working C compiler: /usr/bin/cc - skipped
[0.184s] -- Detecting C compile features
[0.186s] -- Detecting C compile features - done
[0.187s] -- Detecting CXX compiler ABI info
[0.261s] -- Detecting CXX compiler ABI info - done
[0.268s] -- Check for working CXX compiler: /usr/bin/c++ - skipped
[0.268s] -- Detecting CXX compile features
[0.269s] -- Detecting CXX compile features - done
[0.270s] -- Found ament_cmake_auto: 1.3.11 (/opt/ros/humble/share/ament_cmake_auto/cmake)
[0.392s] -- Found Python3: /usr/bin/python3 (found version "3.10.12") found components: Interpreter 
[0.465s] -- Found costmap_converter: 0.1.2 (/home/jiajia/wzr/localization_1/install/costmap_converter/share/costmap_converter/cmake)
[0.499s] -- Found rosidl_generator_c: 3.1.6 (/opt/ros/humble/share/rosidl_generator_c/cmake)
[0.504s] -- Found rosidl_adapter: 3.1.6 (/opt/ros/humble/share/rosidl_adapter/cmake)
[0.508s] -- Found rosidl_generator_cpp: 3.1.6 (/opt/ros/humble/share/rosidl_generator_cpp/cmake)
[0.516s] -- Using all available rosidl_typesupport_c: rosidl_typesupport_fastrtps_c;rosidl_typesupport_introspection_c
[0.524s] -- Using all available rosidl_typesupport_cpp: rosidl_typesupport_fastrtps_cpp;rosidl_typesupport_introspection_cpp
[0.624s] -- Found rmw_implementation_cmake: 6.1.2 (/opt/ros/humble/share/rmw_implementation_cmake/cmake)
[0.627s] -- Found rmw_fastrtps_cpp: 6.2.7 (/opt/ros/humble/share/rmw_fastrtps_cpp/cmake)
[0.696s] -- Found OpenSSL: /usr/lib/x86_64-linux-gnu/libcrypto.so (found version "3.0.2")  
[0.723s] -- Found FastRTPS: /opt/ros/humble/include  
[0.766s] -- Using RMW implementation 'rmw_fastrtps_cpp' as default
[0.776s] -- Looking for pthread.h
[0.833s] -- Looking for pthread.h - found
[0.833s] -- Performing Test CMAKE_HAVE_LIBC_PTHREAD
[0.894s] -- Performing Test CMAKE_HAVE_LIBC_PTHREAD - Success
[0.895s] -- Found Threads: TRUE  
[1.037s] -- Found Eigen3: TRUE (found version "3.4.0") 
[1.037s] -- Ensuring Eigen3 include directory is part of orocos-kdl CMake target
[1.131s] -- Found dwb_critics: 1.1.17 (/opt/ros/humble/share/dwb_critics/cmake)
[1.238s] -- Found teb_msgs: 0.0.1 (/home/jiajia/wzr/localization_1/install/teb_msgs/share/teb_msgs/cmake)
[1.254s] -- Found tf2_eigen: 0.25.9 (/opt/ros/humble/share/tf2_eigen/cmake)
[1.349s] -- System: Linux-6.8.0-52-generic
[1.349s] -- /opt/ros/humble/share/tinyxml2_vendor/cmake/Modules;/opt/ros/humble/share/eigen3_cmake_module/cmake/Modules;/opt/ros/humble/share/fastrtps_cmake_module/cmake/Modules;/home/jiajia/wzr/localization_1/src/rm_navigation/third_party/teb_local_planner/teb_local_planner/cmake_modules
[1.352s] -- Found SuiteSparse
[1.352s] -- Searching for g2o ...
[1.353s] -- Found g2o headers in: /opt/ros/humble/include/g2o
[1.355s] -- Found libg2o: /opt/ros/humble/lib/x86_64-linux-gnu/libg2o_csparse_extension.so;/opt/ros/humble/lib/x86_64-linux-gnu/libg2o_core.so;/opt/ros/humble/lib/x86_64-linux-gnu/libg2o_stuff.so;/opt/ros/humble/lib/x86_64-linux-gnu/libg2o_types_slam2d.so;/opt/ros/humble/lib/x86_64-linux-gnu/libg2o_types_slam3d.so;/opt/ros/humble/lib/x86_64-linux-gnu/libg2o_solver_cholmod.so;/opt/ros/humble/lib/x86_64-linux-gnu/libg2o_solver_pcg.so;/opt/ros/humble/lib/x86_64-linux-gnu/libg2o_solver_csparse.so;/opt/ros/humble/lib/x86_64-linux-gnu/libg2o_incremental.so
[1.364s] -- Found Boost: /usr/local/lib/cmake/Boost-1.86.0/BoostConfig.cmake (found version "1.86.0")  
[1.741s] -- Found ament_cmake_gtest: 1.3.11 (/opt/ros/humble/share/ament_cmake_gtest/cmake)
[1.745s] -- Configuring done
[1.797s] -- Generating done
[1.806s] -- Build files have been written to: /home/jiajia/wzr/localization_1/build/teb_local_planner
[1.817s] Invoked command in '/home/jiajia/wzr/localization_1/build/teb_local_planner' returned '0': AMENT_PREFIX_PATH=/home/jiajia/wzr/localization_1/install/teb_msgs:/home/jiajia/wzr/localization_1/install/costmap_converter:/home/jiajia/wzr/localization_1/install/costmap_converter_msgs:${AMENT_PREFIX_PATH} CMAKE_PREFIX_PATH=/home/jiajia/wzr/localization_1/install/teb_msgs:/home/jiajia/wzr/localization_1/install/costmap_converter:/home/jiajia/wzr/localization_1/install/costmap_converter_msgs:/opt/ros/humble LD_LIBRARY_PATH=/home/jiajia/wzr/localization_1/install/teb_msgs/lib:/home/jiajia/wzr/localization_1/install/costmap_converter/lib:/home/jiajia/wzr/localization_1/install/costmap_converter_msgs/lib:/opt/MVS/lib/64:/opt/MVS/lib/32:/usr/lib/x86_64-linux-gnu/gazebo-11/plugins:/opt/ros/humble/opt/rviz_ogre_vendor/lib:/opt/ros/humble/lib/x86_64-linux-gnu:/opt/ros/humble/opt/openvdb_vendor/lib:/opt/ros/humble/lib:/opt/MVS/lib/64:/opt/MVS/lib/32:/opt/MVS/lib/64:/opt/MVS/lib/32 PATH=/home/jiajia/wzr/localization_1/install/costmap_converter/bin:${PATH} PYTHONPATH=/home/jiajia/wzr/localization_1/install/teb_msgs/local/lib/python3.10/dist-packages:/home/jiajia/wzr/localization_1/install/costmap_converter_msgs/local/lib/python3.10/dist-packages:${PYTHONPATH} /usr/bin/cmake /home/jiajia/wzr/localization_1/src/rm_navigation/third_party/teb_local_planner/teb_local_planner -DCMAKE_INSTALL_PREFIX=/home/jiajia/wzr/localization_1/install/teb_local_planner
[1.818s] Invoking command in '/home/jiajia/wzr/localization_1/build/teb_local_planner': AMENT_PREFIX_PATH=/home/jiajia/wzr/localization_1/install/teb_msgs:/home/jiajia/wzr/localization_1/install/costmap_converter:/home/jiajia/wzr/localization_1/install/costmap_converter_msgs:${AMENT_PREFIX_PATH} CMAKE_PREFIX_PATH=/home/jiajia/wzr/localization_1/install/teb_msgs:/home/jiajia/wzr/localization_1/install/costmap_converter:/home/jiajia/wzr/localization_1/install/costmap_converter_msgs:/opt/ros/humble LD_LIBRARY_PATH=/home/jiajia/wzr/localization_1/install/teb_msgs/lib:/home/jiajia/wzr/localization_1/install/costmap_converter/lib:/home/jiajia/wzr/localization_1/install/costmap_converter_msgs/lib:/opt/MVS/lib/64:/opt/MVS/lib/32:/usr/lib/x86_64-linux-gnu/gazebo-11/plugins:/opt/ros/humble/opt/rviz_ogre_vendor/lib:/opt/ros/humble/lib/x86_64-linux-gnu:/opt/ros/humble/opt/openvdb_vendor/lib:/opt/ros/humble/lib:/opt/MVS/lib/64:/opt/MVS/lib/32:/opt/MVS/lib/64:/opt/MVS/lib/32 PATH=/home/jiajia/wzr/localization_1/install/costmap_converter/bin:${PATH} PYTHONPATH=/home/jiajia/wzr/localization_1/install/teb_msgs/local/lib/python3.10/dist-packages:/home/jiajia/wzr/localization_1/install/costmap_converter_msgs/local/lib/python3.10/dist-packages:${PYTHONPATH} /usr/bin/cmake --build /home/jiajia/wzr/localization_1/build/teb_local_planner -- -j2 -l2
[1.871s] [ 10%] [32mBuilding CXX object CMakeFiles/teb_local_planner.dir/src/timed_elastic_band.cpp.o[0m
[12.585s] [ 20%] [32mBuilding CXX object CMakeFiles/teb_local_planner.dir/src/optimal_planner.cpp.o[0m
[42.738s] [ 30%] [32mBuilding CXX object CMakeFiles/teb_local_planner.dir/src/obstacles.cpp.o[0m
[45.254s] [ 40%] [32mBuilding CXX object CMakeFiles/teb_local_planner.dir/src/visualization.cpp.o[0m
[66.043s] [ 50%] [32mBuilding CXX object CMakeFiles/teb_local_planner.dir/src/recovery_behaviors.cpp.o[0m
[68.674s] [ 60%] [32mBuilding CXX object CMakeFiles/teb_local_planner.dir/src/teb_config.cpp.o[0m
[75.582s] [ 70%] [32mBuilding CXX object CMakeFiles/teb_local_planner.dir/src/homotopy_class_planner.cpp.o[0m
[91.646s] [ 80%] [32mBuilding CXX object CMakeFiles/teb_local_planner.dir/src/teb_local_planner_ros.cpp.o[0m
[97.803s] In file included from [01m[K/opt/ros/humble/include/pluginlib/pluginlib/class_loader_imp.hpp:57[m[K,
[97.803s]                  from [01m[K/opt/ros/humble/include/pluginlib/pluginlib/class_loader.hpp:334[m[K,
[97.803s]                  from [01m[K/home/jiajia/wzr/localization_1/src/rm_navigation/third_party/teb_local_planner/teb_local_planner/include/teb_local_planner/teb_local_planner_ros.h:42[m[K,
[97.803s]                  from [01m[K/home/jiajia/wzr/localization_1/src/rm_navigation/third_party/teb_local_planner/teb_local_planner/src/teb_local_planner_ros.cpp:39[m[K:
[97.803s] [01m[K/home/jiajia/wzr/localization_1/install/costmap_converter/include/costmap_converter/costmap_converter_interface.h:[m[K In member function ‘[01m[Kvoid costmap_converter::BaseCostmapToPolygons::startWorker(rclcpp::GenericRate<std::chrono::_V2::system_clock>::SharedPtr, nav2_costmap_2d::Costmap2D*, bool)[m[K’:
[97.803s] [01m[K/home/jiajia/wzr/localization_1/install/costmap_converter/include/costmap_converter/costmap_converter_interface.h:197:41:[m[K [01;35m[Kwarning: [m[Ktoo many arguments for format [[01;35m[K]8;;https://gcc.gnu.org/onlinedocs/gcc/Warning-Options.html#index-Wformat-extra-args-Wformat-extra-args]8;;[m[K]
[97.803s]   197 |         RCLCPP_DEBUG(nh_->get_logger(), [01;35m[K"costmap_converter"[m[K, "Spinning up a thread for the CostmapToPolygons plugin");
[97.803s]       |                                         [01;35m[K^~~~~~~~~~~~~~~~~~~[m[K
[97.816s] [01m[K/home/jiajia/wzr/localization_1/install/costmap_converter/include/costmap_converter/costmap_converter_interface.h:[m[K In member function ‘[01m[Kvoid costmap_converter::BaseCostmapToDynamicObstacles::loadStaticCostmapConverterPlugin(const std::string&, rclcpp::Node::SharedPtr)[m[K’:
[97.816s] [01m[K/home/jiajia/wzr/localization_1/install/costmap_converter/include/costmap_converter/costmap_converter_interface.h:313:32:[m[K [01;35m[Kwarning: [m[Kformat ‘[01m[K%s[m[K’ expects argument of type ‘[01m[Kchar*[m[K’, but argument 5 has type ‘[01m[Kconst std::string[m[K’ {aka ‘[01m[Kconst std::__cxx11::basic_string<char>[m[K’} [[01;35m[K]8;;https://gcc.gnu.org/onlinedocs/gcc/Warning-Options.html#index-Wformat=-Wformat=]8;;[m[K]
[97.816s]   313 |       RCLCPP_INFO(getLogger(), [01;35m[K"CostmapToDynamicObstacles: underlying costmap conversion plugin for static obstacles %s loaded."[m[K, plugin_name);
[97.816s]       |                                [01;35m[K^~~~~~~~~~~~~~~~~~~~~~~~~~~~~~~~~~~~~~~~~~~~~~~~~~~~~~~~~~~~~~~~~~~~~~~~~~~~~~~~~~~~~~~~~~~~~~~~~[m[K
[97.816s] In file included from [01m[K/home/jiajia/wzr/localization_1/src/rm_navigation/third_party/teb_local_planner/teb_local_planner/include/teb_local_planner/teb_local_planner_ros.h:68[m[K:
[97.816s] [01m[K/home/jiajia/wzr/localization_1/install/costmap_converter/include/costmap_converter/costmap_converter_interface.h:313:119:[m[K [01;36m[Knote: [m[Kformat string is defined here
[97.816s]   313 |  underlying costmap conversion plugin for static obstacles [01;36m[K%s[m[K loaded.", plugin_name);
[97.816s]       |                                                            [01;36m[K~^[m[K
[97.816s]       |                                                             [01;36m[K|[m[K
[97.816s]       |                                                             [01;36m[Kchar*[m[K
[97.816s] 
[120.193s] [ 90%] [32mBuilding CXX object CMakeFiles/teb_local_planner.dir/src/graph_search.cpp.o[0m
[122.188s] In file included from [01m[K/usr/local/include/boost/smart_ptr/detail/requires_cxx11.hpp:9[m[K,
[122.188s]                  from [01m[K/usr/local/include/boost/smart_ptr/scoped_ptr.hpp:13[m[K,
[122.188s]                  from [01m[K/usr/local/include/boost/scoped_ptr.hpp:13[m[K,
[122.188s]                  from [01m[K/usr/local/include/boost/graph/adjacency_list.hpp:22[m[K,
[122.189s]                  from [01m[K/home/jiajia/wzr/localization_1/src/rm_navigation/third_party/teb_local_planner/teb_local_planner/include/teb_local_planner/graph_search.h:49[m[K,
[122.189s]                  from [01m[K/home/jiajia/wzr/localization_1/src/rm_navigation/third_party/teb_local_planner/teb_local_planner/src/graph_search.cpp:39[m[K:
[122.189s] [01m[K/usr/local/include/boost/none_t.hpp:22:1:[m[K [01;36m[Knote: [m[K‘[01m[K#pragma message: C++03 support is deprecated in Boost.Optional 1.83 and will be removed in Boost.Optional 1.86.[m[K’
[122.189s]    22 | [01;36m[KBOOST_PRAGMA_MESSAGE[m[K("C++03 support is deprecated in Boost.Optional 1.83 and will be removed in Boost.Optional 1.86.")
[122.189s]       | [01;36m[K^~~~~~~~~~~~~~~~~~~~[m[K
[133.526s] [100%] [32m[1mLinking CXX shared library libteb_local_planner.so[0m
[133.942s] [100%] Built target teb_local_planner
[133.952s] Invoked command in '/home/jiajia/wzr/localization_1/build/teb_local_planner' returned '0': AMENT_PREFIX_PATH=/home/jiajia/wzr/localization_1/install/teb_msgs:/home/jiajia/wzr/localization_1/install/costmap_converter:/home/jiajia/wzr/localization_1/install/costmap_converter_msgs:${AMENT_PREFIX_PATH} CMAKE_PREFIX_PATH=/home/jiajia/wzr/localization_1/install/teb_msgs:/home/jiajia/wzr/localization_1/install/costmap_converter:/home/jiajia/wzr/localization_1/install/costmap_converter_msgs:/opt/ros/humble LD_LIBRARY_PATH=/home/jiajia/wzr/localization_1/install/teb_msgs/lib:/home/jiajia/wzr/localization_1/install/costmap_converter/lib:/home/jiajia/wzr/localization_1/install/costmap_converter_msgs/lib:/opt/MVS/lib/64:/opt/MVS/lib/32:/usr/lib/x86_64-linux-gnu/gazebo-11/plugins:/opt/ros/humble/opt/rviz_ogre_vendor/lib:/opt/ros/humble/lib/x86_64-linux-gnu:/opt/ros/humble/opt/openvdb_vendor/lib:/opt/ros/humble/lib:/opt/MVS/lib/64:/opt/MVS/lib/32:/opt/MVS/lib/64:/opt/MVS/lib/32 PATH=/home/jiajia/wzr/localization_1/install/costmap_converter/bin:${PATH} PYTHONPATH=/home/jiajia/wzr/localization_1/install/teb_msgs/local/lib/python3.10/dist-packages:/home/jiajia/wzr/localization_1/install/costmap_converter_msgs/local/lib/python3.10/dist-packages:${PYTHONPATH} /usr/bin/cmake --build /home/jiajia/wzr/localization_1/build/teb_local_planner -- -j2 -l2
[133.953s] Invoking command in '/home/jiajia/wzr/localization_1/build/teb_local_planner': AMENT_PREFIX_PATH=/home/jiajia/wzr/localization_1/install/teb_msgs:/home/jiajia/wzr/localization_1/install/costmap_converter:/home/jiajia/wzr/localization_1/install/costmap_converter_msgs:${AMENT_PREFIX_PATH} CMAKE_PREFIX_PATH=/home/jiajia/wzr/localization_1/install/teb_msgs:/home/jiajia/wzr/localization_1/install/costmap_converter:/home/jiajia/wzr/localization_1/install/costmap_converter_msgs:/opt/ros/humble LD_LIBRARY_PATH=/home/jiajia/wzr/localization_1/install/teb_msgs/lib:/home/jiajia/wzr/localization_1/install/costmap_converter/lib:/home/jiajia/wzr/localization_1/install/costmap_converter_msgs/lib:/opt/MVS/lib/64:/opt/MVS/lib/32:/usr/lib/x86_64-linux-gnu/gazebo-11/plugins:/opt/ros/humble/opt/rviz_ogre_vendor/lib:/opt/ros/humble/lib/x86_64-linux-gnu:/opt/ros/humble/opt/openvdb_vendor/lib:/opt/ros/humble/lib:/opt/MVS/lib/64:/opt/MVS/lib/32:/opt/MVS/lib/64:/opt/MVS/lib/32 PATH=/home/jiajia/wzr/localization_1/install/costmap_converter/bin:${PATH} PYTHONPATH=/home/jiajia/wzr/localization_1/install/teb_msgs/local/lib/python3.10/dist-packages:/home/jiajia/wzr/localization_1/install/costmap_converter_msgs/local/lib/python3.10/dist-packages:${PYTHONPATH} /usr/bin/cmake --install /home/jiajia/wzr/localization_1/build/teb_local_planner
[133.957s] -- Install configuration: "Release"
[133.957s] -- Installing: /home/jiajia/wzr/localization_1/install/teb_local_planner/lib/libteb_local_planner.so
[133.961s] -- Set runtime path of "/home/jiajia/wzr/localization_1/install/teb_local_planner/lib/libteb_local_planner.so" to ""
[133.961s] -- Installing: /home/jiajia/wzr/localization_1/install/teb_local_planner/include/
[133.961s] -- Installing: /home/jiajia/wzr/localization_1/install/teb_local_planner/include//teb_local_planner
[133.961s] -- Installing: /home/jiajia/wzr/localization_1/install/teb_local_planner/include//teb_local_planner/robot_footprint_model.h
[133.961s] -- Installing: /home/jiajia/wzr/localization_1/install/teb_local_planner/include//teb_local_planner/misc.h
[133.961s] -- Installing: /home/jiajia/wzr/localization_1/install/teb_local_planner/include//teb_local_planner/h_signature.h
[133.961s] -- Installing: /home/jiajia/wzr/localization_1/install/teb_local_planner/include//teb_local_planner/distance_calculations.h
[133.961s] -- Installing: /home/jiajia/wzr/localization_1/install/teb_local_planner/include//teb_local_planner/recovery_behaviors.h
[133.961s] -- Installing: /home/jiajia/wzr/localization_1/install/teb_local_planner/include//teb_local_planner/visualization.hpp
[133.961s] -- Installing: /home/jiajia/wzr/localization_1/install/teb_local_planner/include//teb_local_planner/graph_search.h
[133.961s] -- Installing: /home/jiajia/wzr/localization_1/install/teb_local_planner/include//teb_local_planner/equivalence_relations.h
[133.961s] -- Installing: /home/jiajia/wzr/localization_1/install/teb_local_planner/include//teb_local_planner/visualization.h
[133.961s] -- Installing: /home/jiajia/wzr/localization_1/install/teb_local_planner/include//teb_local_planner/teb_local_planner_ros.h
[133.961s] -- Installing: /home/jiajia/wzr/localization_1/install/teb_local_planner/include//teb_local_planner/teb_config.h
[133.961s] -- Installing: /home/jiajia/wzr/localization_1/install/teb_local_planner/include//teb_local_planner/homotopy_class_planner.hpp
[133.961s] -- Installing: /home/jiajia/wzr/localization_1/install/teb_local_planner/include//teb_local_planner/pose_se2.h
[133.962s] -- Installing: /home/jiajia/wzr/localization_1/install/teb_local_planner/include//teb_local_planner/planner_interface.h
[133.962s] -- Installing: /home/jiajia/wzr/localization_1/install/teb_local_planner/include//teb_local_planner/g2o_types
[133.962s] -- Installing: /home/jiajia/wzr/localization_1/install/teb_local_planner/include//teb_local_planner/g2o_types/vertex_timediff.h
[133.962s] -- Installing: /home/jiajia/wzr/localization_1/install/teb_local_planner/include//teb_local_planner/g2o_types/vertex_pose.h
[133.962s] -- Installing: /home/jiajia/wzr/localization_1/install/teb_local_planner/include//teb_local_planner/g2o_types/penalties.h
[133.962s] -- Installing: /home/jiajia/wzr/localization_1/install/teb_local_planner/include//teb_local_planner/g2o_types/edge_dynamic_obstacle.h
[133.962s] -- Installing: /home/jiajia/wzr/localization_1/install/teb_local_planner/include//teb_local_planner/g2o_types/base_teb_edges.h
[133.962s] -- Installing: /home/jiajia/wzr/localization_1/install/teb_local_planner/include//teb_local_planner/g2o_types/edge_time_optimal.h
[133.962s] -- Installing: /home/jiajia/wzr/localization_1/install/teb_local_planner/include//teb_local_planner/g2o_types/edge_velocity_obstacle_ratio.h
[133.962s] -- Installing: /home/jiajia/wzr/localization_1/install/teb_local_planner/include//teb_local_planner/g2o_types/edge_kinematics.h
[133.962s] -- Installing: /home/jiajia/wzr/localization_1/install/teb_local_planner/include//teb_local_planner/g2o_types/edge_prefer_rotdir.h
[133.962s] -- Installing: /home/jiajia/wzr/localization_1/install/teb_local_planner/include//teb_local_planner/g2o_types/edge_acceleration.h
[133.962s] -- Installing: /home/jiajia/wzr/localization_1/install/teb_local_planner/include//teb_local_planner/g2o_types/edge_shortest_path.h
[133.962s] -- Installing: /home/jiajia/wzr/localization_1/install/teb_local_planner/include//teb_local_planner/g2o_types/edge_obstacle.h
[133.962s] -- Installing: /home/jiajia/wzr/localization_1/install/teb_local_planner/include//teb_local_planner/g2o_types/edge_via_point.h
[133.962s] -- Installing: /home/jiajia/wzr/localization_1/install/teb_local_planner/include//teb_local_planner/g2o_types/edge_velocity.h
[133.962s] -- Installing: /home/jiajia/wzr/localization_1/install/teb_local_planner/include//teb_local_planner/homotopy_class_planner.h
[133.962s] -- Installing: /home/jiajia/wzr/localization_1/install/teb_local_planner/include//teb_local_planner/timed_elastic_band.hpp
[133.962s] -- Installing: /home/jiajia/wzr/localization_1/install/teb_local_planner/include//teb_local_planner/optimal_planner.h
[133.962s] -- Installing: /home/jiajia/wzr/localization_1/install/teb_local_planner/include//teb_local_planner/timed_elastic_band.h
[133.962s] -- Installing: /home/jiajia/wzr/localization_1/install/teb_local_planner/include//teb_local_planner/obstacles.h
[133.962s] -- Installing: /home/jiajia/wzr/localization_1/install/teb_local_planner/share/teb_local_planner_plugin.xml
[133.963s] -- Installing: /home/jiajia/wzr/localization_1/install/teb_local_planner/lib/teb_local_planner/cmd_vel_to_ackermann_drive.py
[133.963s] -- Installing: /home/jiajia/wzr/localization_1/install/teb_local_planner/share/teb_local_planner/params
[133.963s] -- Installing: /home/jiajia/wzr/localization_1/install/teb_local_planner/share/teb_local_planner/params/teb_params.yaml
[133.963s] -- Installing: /home/jiajia/wzr/localization_1/install/teb_local_planner/share/teb_local_planner/environment/library_path.sh
[133.963s] -- Installing: /home/jiajia/wzr/localization_1/install/teb_local_planner/share/teb_local_planner/environment/library_path.dsv
[133.963s] -- Installing: /home/jiajia/wzr/localization_1/install/teb_local_planner/share/teb_local_planner/teb_local_planner_plugin.xml
[133.963s] -- Up-to-date: /home/jiajia/wzr/localization_1/install/teb_local_planner/include
[133.963s] -- Up-to-date: /home/jiajia/wzr/localization_1/install/teb_local_planner/include/teb_local_planner
[133.963s] -- Up-to-date: /home/jiajia/wzr/localization_1/install/teb_local_planner/include/teb_local_planner/robot_footprint_model.h
[133.963s] -- Up-to-date: /home/jiajia/wzr/localization_1/install/teb_local_planner/include/teb_local_planner/misc.h
[133.963s] -- Up-to-date: /home/jiajia/wzr/localization_1/install/teb_local_planner/include/teb_local_planner/h_signature.h
[133.963s] -- Up-to-date: /home/jiajia/wzr/localization_1/install/teb_local_planner/include/teb_local_planner/distance_calculations.h
[133.963s] -- Up-to-date: /home/jiajia/wzr/localization_1/install/teb_local_planner/include/teb_local_planner/recovery_behaviors.h
[133.963s] -- Up-to-date: /home/jiajia/wzr/localization_1/install/teb_local_planner/include/teb_local_planner/visualization.hpp
[133.963s] -- Up-to-date: /home/jiajia/wzr/localization_1/install/teb_local_planner/include/teb_local_planner/graph_search.h
[133.963s] -- Up-to-date: /home/jiajia/wzr/localization_1/install/teb_local_planner/include/teb_local_planner/equivalence_relations.h
[133.963s] -- Up-to-date: /home/jiajia/wzr/localization_1/install/teb_local_planner/include/teb_local_planner/visualization.h
[133.963s] -- Up-to-date: /home/jiajia/wzr/localization_1/install/teb_local_planner/include/teb_local_planner/teb_local_planner_ros.h
[133.963s] -- Up-to-date: /home/jiajia/wzr/localization_1/install/teb_local_planner/include/teb_local_planner/teb_config.h
[133.963s] -- Up-to-date: /home/jiajia/wzr/localization_1/install/teb_local_planner/include/teb_local_planner/homotopy_class_planner.hpp
[133.963s] -- Up-to-date: /home/jiajia/wzr/localization_1/install/teb_local_planner/include/teb_local_planner/pose_se2.h
[133.963s] -- Up-to-date: /home/jiajia/wzr/localization_1/install/teb_local_planner/include/teb_local_planner/planner_interface.h
[133.963s] -- Up-to-date: /home/jiajia/wzr/localization_1/install/teb_local_planner/include/teb_local_planner/g2o_types
[133.963s] -- Up-to-date: /home/jiajia/wzr/localization_1/install/teb_local_planner/include/teb_local_planner/g2o_types/vertex_timediff.h
[133.963s] -- Up-to-date: /home/jiajia/wzr/localization_1/install/teb_local_planner/include/teb_local_planner/g2o_types/vertex_pose.h
[133.964s] -- Up-to-date: /home/jiajia/wzr/localization_1/install/teb_local_planner/include/teb_local_planner/g2o_types/penalties.h
[133.964s] -- Up-to-date: /home/jiajia/wzr/localization_1/install/teb_local_planner/include/teb_local_planner/g2o_types/edge_dynamic_obstacle.h
[133.964s] -- Up-to-date: /home/jiajia/wzr/localization_1/install/teb_local_planner/include/teb_local_planner/g2o_types/base_teb_edges.h
[133.964s] -- Up-to-date: /home/jiajia/wzr/localization_1/install/teb_local_planner/include/teb_local_planner/g2o_types/edge_time_optimal.h
[133.964s] -- Up-to-date: /home/jiajia/wzr/localization_1/install/teb_local_planner/include/teb_local_planner/g2o_types/edge_velocity_obstacle_ratio.h
[133.964s] -- Up-to-date: /home/jiajia/wzr/localization_1/install/teb_local_planner/include/teb_local_planner/g2o_types/edge_kinematics.h
[133.964s] -- Up-to-date: /home/jiajia/wzr/localization_1/install/teb_local_planner/include/teb_local_planner/g2o_types/edge_prefer_rotdir.h
[133.964s] -- Up-to-date: /home/jiajia/wzr/localization_1/install/teb_local_planner/include/teb_local_planner/g2o_types/edge_acceleration.h
[133.964s] -- Up-to-date: /home/jiajia/wzr/localization_1/install/teb_local_planner/include/teb_local_planner/g2o_types/edge_shortest_path.h
[133.964s] -- Up-to-date: /home/jiajia/wzr/localization_1/install/teb_local_planner/include/teb_local_planner/g2o_types/edge_obstacle.h
[133.964s] -- Up-to-date: /home/jiajia/wzr/localization_1/install/teb_local_planner/include/teb_local_planner/g2o_types/edge_via_point.h
[133.964s] -- Up-to-date: /home/jiajia/wzr/localization_1/install/teb_local_planner/include/teb_local_planner/g2o_types/edge_velocity.h
[133.964s] -- Up-to-date: /home/jiajia/wzr/localization_1/install/teb_local_planner/include/teb_local_planner/homotopy_class_planner.h
[133.964s] -- Up-to-date: /home/jiajia/wzr/localization_1/install/teb_local_planner/include/teb_local_planner/timed_elastic_band.hpp
[133.964s] -- Up-to-date: /home/jiajia/wzr/localization_1/install/teb_local_planner/include/teb_local_planner/optimal_planner.h
[133.964s] -- Up-to-date: /home/jiajia/wzr/localization_1/install/teb_local_planner/include/teb_local_planner/timed_elastic_band.h
[133.964s] -- Up-to-date: /home/jiajia/wzr/localization_1/install/teb_local_planner/include/teb_local_planner/obstacles.h
[133.964s] -- Installing: /home/jiajia/wzr/localization_1/install/teb_local_planner/share/ament_index/resource_index/package_run_dependencies/teb_local_planner
[133.964s] -- Installing: /home/jiajia/wzr/localization_1/install/teb_local_planner/share/ament_index/resource_index/parent_prefix_path/teb_local_planner
[133.964s] -- Installing: /home/jiajia/wzr/localization_1/install/teb_local_planner/share/teb_local_planner/environment/ament_prefix_path.sh
[133.964s] -- Installing: /home/jiajia/wzr/localization_1/install/teb_local_planner/share/teb_local_planner/environment/ament_prefix_path.dsv
[133.964s] -- Installing: /home/jiajia/wzr/localization_1/install/teb_local_planner/share/teb_local_planner/environment/path.sh
[133.964s] -- Installing: /home/jiajia/wzr/localization_1/install/teb_local_planner/share/teb_local_planner/environment/path.dsv
[133.964s] -- Installing: /home/jiajia/wzr/localization_1/install/teb_local_planner/share/teb_local_planner/local_setup.bash
[133.964s] -- Installing: /home/jiajia/wzr/localization_1/install/teb_local_planner/share/teb_local_planner/local_setup.sh
[133.964s] -- Installing: /home/jiajia/wzr/localization_1/install/teb_local_planner/share/teb_local_planner/local_setup.zsh
[133.965s] -- Installing: /home/jiajia/wzr/localization_1/install/teb_local_planner/share/teb_local_planner/local_setup.dsv
[133.965s] -- Installing: /home/jiajia/wzr/localization_1/install/teb_local_planner/share/teb_local_planner/package.dsv
[133.965s] -- Installing: /home/jiajia/wzr/localization_1/install/teb_local_planner/share/ament_index/resource_index/packages/teb_local_planner
[133.965s] -- Installing: /home/jiajia/wzr/localization_1/install/teb_local_planner/share/ament_index/resource_index/nav2_core__pluginlib__plugin/teb_local_planner
[133.965s] -- Installing: /home/jiajia/wzr/localization_1/install/teb_local_planner/share/teb_local_planner/cmake/ament_cmake_export_include_directories-extras.cmake
[133.965s] -- Installing: /home/jiajia/wzr/localization_1/install/teb_local_planner/share/teb_local_planner/cmake/ament_cmake_export_libraries-extras.cmake
[133.965s] -- Installing: /home/jiajia/wzr/localization_1/install/teb_local_planner/share/teb_local_planner/cmake/ament_cmake_export_dependencies-extras.cmake
[133.965s] -- Installing: /home/jiajia/wzr/localization_1/install/teb_local_planner/share/teb_local_planner/cmake/teb_local_plannerConfig.cmake
[133.965s] -- Installing: /home/jiajia/wzr/localization_1/install/teb_local_planner/share/teb_local_planner/cmake/teb_local_plannerConfig-version.cmake
[133.965s] -- Installing: /home/jiajia/wzr/localization_1/install/teb_local_planner/share/teb_local_planner/package.xml
[133.967s] Invoked command in '/home/jiajia/wzr/localization_1/build/teb_local_planner' returned '0': AMENT_PREFIX_PATH=/home/jiajia/wzr/localization_1/install/teb_msgs:/home/jiajia/wzr/localization_1/install/costmap_converter:/home/jiajia/wzr/localization_1/install/costmap_converter_msgs:${AMENT_PREFIX_PATH} CMAKE_PREFIX_PATH=/home/jiajia/wzr/localization_1/install/teb_msgs:/home/jiajia/wzr/localization_1/install/costmap_converter:/home/jiajia/wzr/localization_1/install/costmap_converter_msgs:/opt/ros/humble LD_LIBRARY_PATH=/home/jiajia/wzr/localization_1/install/teb_msgs/lib:/home/jiajia/wzr/localization_1/install/costmap_converter/lib:/home/jiajia/wzr/localization_1/install/costmap_converter_msgs/lib:/opt/MVS/lib/64:/opt/MVS/lib/32:/usr/lib/x86_64-linux-gnu/gazebo-11/plugins:/opt/ros/humble/opt/rviz_ogre_vendor/lib:/opt/ros/humble/lib/x86_64-linux-gnu:/opt/ros/humble/opt/openvdb_vendor/lib:/opt/ros/humble/lib:/opt/MVS/lib/64:/opt/MVS/lib/32:/opt/MVS/lib/64:/opt/MVS/lib/32 PATH=/home/jiajia/wzr/localization_1/install/costmap_converter/bin:${PATH} PYTHONPATH=/home/jiajia/wzr/localization_1/install/teb_msgs/local/lib/python3.10/dist-packages:/home/jiajia/wzr/localization_1/install/costmap_converter_msgs/local/lib/python3.10/dist-packages:${PYTHONPATH} /usr/bin/cmake --install /home/jiajia/wzr/localization_1/build/teb_local_planner
