[0.005s] Invoking command in '/home/jiajia/wzr/localization_1/build/rm_navigation': CMAKE_PREFIX_PATH=/opt/ros/humble /usr/bin/cmake /home/jiajia/wzr/localization_1/src/rm_navigation/src -DCMAKE_INSTALL_PREFIX=/home/jiajia/wzr/localization_1/install/rm_navigation
[0.059s] -- The C compiler identification is GNU 12.3.0
[0.102s] -- The CXX compiler identification is GNU 12.3.0
[0.110s] -- Detecting C compiler ABI info
[0.165s] -- Detecting C compiler ABI info - done
[0.172s] -- Check for working C compiler: /usr/bin/cc - skipped
[0.172s] -- Detecting C compile features
[0.173s] -- Detecting C compile features - done
[0.175s] -- Detecting CXX compiler ABI info
[0.236s] -- Detecting CXX compiler ABI info - done
[0.242s] -- Check for working CXX compiler: /usr/bin/c++ - skipped
[0.242s] -- Detecting CXX compile features
[0.243s] -- Detecting CXX compile features - done
[0.244s] -- Found ament_cmake_auto: 1.3.11 (/opt/ros/humble/share/ament_cmake_auto/cmake)
[0.353s] -- Found Python3: /usr/bin/python3 (found version "3.10.12") found components: Interpreter 
[0.418s] -- Found ament_lint_auto: 0.12.11 (/opt/ros/humble/share/ament_lint_auto/cmake)
[0.475s] -- Added test 'flake8' to check Python code syntax and style conventions
[0.477s] -- Added test 'lint_cmake' to check CMake code style
[0.477s] -- Added test 'pep257' to check Python code against some of the docstring style conventions in PEP 257
[0.478s] -- Added test 'xmllint' to check XML markup files
[0.479s] -- Configuring done
[0.481s] -- Generating done
[0.482s] -- Build files have been written to: /home/jiajia/wzr/localization_1/build/rm_navigation
[0.488s] Invoked command in '/home/jiajia/wzr/localization_1/build/rm_navigation' returned '0': CMAKE_PREFIX_PATH=/opt/ros/humble /usr/bin/cmake /home/jiajia/wzr/localization_1/src/rm_navigation/src -DCMAKE_INSTALL_PREFIX=/home/jiajia/wzr/localization_1/install/rm_navigation
[0.488s] Invoking command in '/home/jiajia/wzr/localization_1/build/rm_navigation': CMAKE_PREFIX_PATH=/opt/ros/humble /usr/bin/cmake --build /home/jiajia/wzr/localization_1/build/rm_navigation -- -j2 -l2
[0.517s] Invoked command in '/home/jiajia/wzr/localization_1/build/rm_navigation' returned '0': CMAKE_PREFIX_PATH=/opt/ros/humble /usr/bin/cmake --build /home/jiajia/wzr/localization_1/build/rm_navigation -- -j2 -l2
[0.517s] Invoking command in '/home/jiajia/wzr/localization_1/build/rm_navigation': CMAKE_PREFIX_PATH=/opt/ros/humble /usr/bin/cmake --install /home/jiajia/wzr/localization_1/build/rm_navigation
[0.521s] -- Install configuration: ""
[0.521s] -- Installing: /home/jiajia/wzr/localization_1/install/rm_navigation/share/rm_navigation/params
[0.521s] -- Installing: /home/jiajia/wzr/localization_1/install/rm_navigation/share/rm_navigation/params/nav2_params.yaml
[0.522s] -- Installing: /home/jiajia/wzr/localization_1/install/rm_navigation/share/rm_navigation/params/mapper_params_online_async.yaml
[0.522s] -- Installing: /home/jiajia/wzr/localization_1/install/rm_navigation/share/rm_navigation/launch
[0.522s] -- Installing: /home/jiajia/wzr/localization_1/install/rm_navigation/share/rm_navigation/launch/navigation_launch.py
[0.523s] -- Installing: /home/jiajia/wzr/localization_1/install/rm_navigation/share/rm_navigation/launch/rviz_launch.py
[0.524s] -- Installing: /home/jiajia/wzr/localization_1/install/rm_navigation/share/rm_navigation/launch/bringup_launch.py
[0.524s] -- Installing: /home/jiajia/wzr/localization_1/install/rm_navigation/share/rm_navigation/launch/localization_launch.py
[0.524s] -- Installing: /home/jiajia/wzr/localization_1/install/rm_navigation/share/rm_navigation/launch/online_async_launch.py
[0.524s] -- Installing: /home/jiajia/wzr/localization_1/install/rm_navigation/share/rm_navigation/launch/slam_launch.py
[0.524s] -- Installing: /home/jiajia/wzr/localization_1/install/rm_navigation/share/rm_navigation/launch/bringup_no_amcl_launch.py
[0.524s] -- Installing: /home/jiajia/wzr/localization_1/install/rm_navigation/share/rm_navigation/map
[0.524s] -- Installing: /home/jiajia/wzr/localization_1/install/rm_navigation/share/rm_navigation/map/map.yaml
[0.524s] -- Installing: /home/jiajia/wzr/localization_1/install/rm_navigation/share/rm_navigation/map/RMUL.pgm
[0.524s] -- Installing: /home/jiajia/wzr/localization_1/install/rm_navigation/share/rm_navigation/map/map.pgm
[0.524s] -- Installing: /home/jiajia/wzr/localization_1/install/rm_navigation/share/rm_navigation/map/RMUL.yaml
[0.524s] -- Installing: /home/jiajia/wzr/localization_1/install/rm_navigation/share/rm_navigation/rviz
[0.524s] -- Installing: /home/jiajia/wzr/localization_1/install/rm_navigation/share/rm_navigation/rviz/nav2_default_view.rviz
[0.524s] -- Installing: /home/jiajia/wzr/localization_1/install/rm_navigation/share/ament_index/resource_index/package_run_dependencies/rm_navigation
[0.524s] -- Installing: /home/jiajia/wzr/localization_1/install/rm_navigation/share/ament_index/resource_index/parent_prefix_path/rm_navigation
[0.524s] -- Installing: /home/jiajia/wzr/localization_1/install/rm_navigation/share/rm_navigation/environment/ament_prefix_path.sh
[0.525s] -- Installing: /home/jiajia/wzr/localization_1/install/rm_navigation/share/rm_navigation/environment/ament_prefix_path.dsv
[0.525s] -- Installing: /home/jiajia/wzr/localization_1/install/rm_navigation/share/rm_navigation/environment/path.sh
[0.525s] -- Installing: /home/jiajia/wzr/localization_1/install/rm_navigation/share/rm_navigation/environment/path.dsv
[0.525s] -- Installing: /home/jiajia/wzr/localization_1/install/rm_navigation/share/rm_navigation/local_setup.bash
[0.526s] -- Installing: /home/jiajia/wzr/localization_1/install/rm_navigation/share/rm_navigation/local_setup.sh
[0.526s] -- Installing: /home/jiajia/wzr/localization_1/install/rm_navigation/share/rm_navigation/local_setup.zsh
[0.526s] -- Installing: /home/jiajia/wzr/localization_1/install/rm_navigation/share/rm_navigation/local_setup.dsv
[0.526s] -- Installing: /home/jiajia/wzr/localization_1/install/rm_navigation/share/rm_navigation/package.dsv
[0.527s] -- Installing: /home/jiajia/wzr/localization_1/install/rm_navigation/share/ament_index/resource_index/packages/rm_navigation
[0.527s] -- Installing: /home/jiajia/wzr/localization_1/install/rm_navigation/share/rm_navigation/cmake/rm_navigationConfig.cmake
[0.527s] -- Installing: /home/jiajia/wzr/localization_1/install/rm_navigation/share/rm_navigation/cmake/rm_navigationConfig-version.cmake
[0.531s] -- Installing: /home/jiajia/wzr/localization_1/install/rm_navigation/share/rm_navigation/package.xml
[0.531s] Invoked command in '/home/jiajia/wzr/localization_1/build/rm_navigation' returned '0': CMAKE_PREFIX_PATH=/opt/ros/humble /usr/bin/cmake --install /home/jiajia/wzr/localization_1/build/rm_navigation
