[0.003s] Invoking command in '/home/jiajia/wzr/localization_1/build/linefit_ground_segmentation': CMAKE_PREFIX_PATH=/opt/ros/humble /usr/bin/cmake /home/jiajia/wzr/localization_1/src/rm_perception/linefit_ground_segementation_ros2/linefit_ground_segmentation -DCMAKE_INSTALL_PREFIX=/home/jiajia/wzr/localization_1/install/linefit_ground_segmentation
[0.044s] -- The C compiler identification is GNU 12.3.0
[0.081s] -- The CXX compiler identification is GNU 12.3.0
[0.087s] -- Detecting C compiler ABI info
[0.141s] -- Detecting C compiler ABI info - done
[0.146s] -- Check for working C compiler: /usr/bin/cc - skipped
[0.146s] -- Detecting C compile features
[0.146s] -- Detecting C compile features - done
[0.151s] -- Detecting CXX compiler ABI info
[0.207s] -- Detecting CXX compiler ABI info - done
[0.213s] -- Check for working CXX compiler: /usr/bin/c++ - skipped
[0.213s] -- Detecting CXX compile features
[0.214s] -- Detecting CXX compile features - done
[0.220s] -- Found Boost: /usr/local/lib/cmake/Boost-1.86.0/BoostConfig.cmake (found version "1.86.0") found components: date_time 
[0.221s] -- Found ament_cmake_auto: 1.3.11 (/opt/ros/humble/share/ament_cmake_auto/cmake)
[0.327s] -- Found Python3: /usr/bin/python3 (found version "3.10.12") found components: Interpreter 
[0.465s] -- Found rosidl_generator_c: 3.1.6 (/opt/ros/humble/share/rosidl_generator_c/cmake)
[0.468s] -- Found rosidl_adapter: 3.1.6 (/opt/ros/humble/share/rosidl_adapter/cmake)
[0.473s] -- Found rosidl_generator_cpp: 3.1.6 (/opt/ros/humble/share/rosidl_generator_cpp/cmake)
[0.484s] -- Using all available rosidl_typesupport_c: rosidl_typesupport_fastrtps_c;rosidl_typesupport_introspection_c
[0.501s] -- Using all available rosidl_typesupport_cpp: rosidl_typesupport_fastrtps_cpp;rosidl_typesupport_introspection_cpp
[0.535s] -- Found rmw_implementation_cmake: 6.1.2 (/opt/ros/humble/share/rmw_implementation_cmake/cmake)
[0.537s] -- Found rmw_fastrtps_cpp: 6.2.7 (/opt/ros/humble/share/rmw_fastrtps_cpp/cmake)
[0.587s] -- Found OpenSSL: /usr/lib/x86_64-linux-gnu/libcrypto.so (found version "3.0.2")  
[0.607s] -- Found FastRTPS: /opt/ros/humble/include  
[0.644s] -- Using RMW implementation 'rmw_fastrtps_cpp' as default
[0.654s] -- Looking for pthread.h
[0.713s] -- Looking for pthread.h - found
[0.713s] -- Performing Test CMAKE_HAVE_LIBC_PTHREAD
[0.763s] -- Performing Test CMAKE_HAVE_LIBC_PTHREAD - Success
[0.764s] -- Found Threads: TRUE  
[0.853s] -- Checking for module 'flann'
[0.861s] --   Found flann, version 1.9.1
[0.888s] -- Found FLANN: /usr/lib/x86_64-linux-gnu/libflann_cpp.so  
[0.888s] -- FLANN found (include: /usr/include, lib: /usr/lib/x86_64-linux-gnu/libflann_cpp.so)
[1.091s] -- Found OpenMP_CXX: -fopenmp (found version "4.5") 
[1.091s] -- Found OpenMP: TRUE (found version "4.5") found components: CXX 
[1.139s] -- Checking for module 'libusb-1.0'
[1.150s] --   Found libusb-1.0, version 1.0.25
[1.174s] -- Found libusb: /usr/lib/x86_64-linux-gnu/libusb-1.0.so  
[1.175s] -- OpenNI found (version: 1.5.4.0, include: /usr/include/ni, lib: /usr/lib/libOpenNI.so;libusb::libusb)
[1.209s] -- OpenNI2 found (version: 2.2.0.33, include: /usr/include/openni2, lib: /usr/lib/x86_64-linux-gnu/libOpenNI2.so;libusb::libusb)
[1.212s] -- Could NOT find Pcap (missing: PCAP_LIBRARIES PCAP_INCLUDE_DIRS) 
[1.219s] -- Found ZLIB: /usr/lib/x86_64-linux-gnu/libz.so (found version "1.2.11") 
[1.230s] -- Found PNG: /usr/lib/x86_64-linux-gnu/libpng.so (found version "1.6.37") 
[1.877s] -- OpenNI found (version: 1.5.4.0, include: /usr/include/ni, lib: /usr/lib/libOpenNI.so;libusb::libusb)
[1.881s] -- OpenNI2 found (version: 2.2.0.33, include: /usr/include/openni2, lib: /usr/lib/x86_64-linux-gnu/libOpenNI2.so;libusb::libusb)
[2.077s] -- Found Qhull version 8.0.2
[2.268s] -- Found PCL_COMMON: /usr/local/lib/libpcl_common.so  
[2.268s] -- Found PCL_KDTREE: /usr/local/lib/libpcl_kdtree.so  
[2.268s] -- Found PCL_OCTREE: /usr/local/lib/libpcl_octree.so  
[2.269s] -- Found PCL_SEARCH: /usr/local/lib/libpcl_search.so  
[2.269s] -- Found PCL_SAMPLE_CONSENSUS: /usr/local/lib/libpcl_sample_consensus.so  
[2.269s] -- Found PCL_FILTERS: /usr/local/lib/libpcl_filters.so  
[2.272s] -- Found PCL_2D: /usr/local/include/pcl-1.14  
[2.272s] -- Found PCL_GEOMETRY: /usr/local/include/pcl-1.14  
[2.272s] -- Found PCL_IO: /usr/local/lib/libpcl_io.so  
[2.272s] -- Found PCL_FEATURES: /usr/local/lib/libpcl_features.so  
[2.272s] -- Found PCL_ML: /usr/local/lib/libpcl_ml.so  
[2.272s] -- Found PCL_SEGMENTATION: /usr/local/lib/libpcl_segmentation.so  
[2.272s] -- Found PCL_VISUALIZATION: /usr/local/lib/libpcl_visualization.so  
[2.273s] -- Found PCL_SURFACE: /usr/local/lib/libpcl_surface.so  
[2.273s] -- Found PCL_REGISTRATION: /usr/local/lib/libpcl_registration.so  
[2.273s] -- Found PCL_KEYPOINTS: /usr/local/lib/libpcl_keypoints.so  
[2.274s] -- Found PCL_TRACKING: /usr/local/lib/libpcl_tracking.so  
[2.274s] -- Found PCL_RECOGNITION: /usr/local/lib/libpcl_recognition.so  
[2.275s] -- Found PCL_STEREO: /usr/local/lib/libpcl_stereo.so  
[2.275s] -- Found PCL_OUTOFCORE: /usr/local/lib/libpcl_outofcore.so  
[2.276s] -- Found PCL_PEOPLE: /usr/local/lib/libpcl_people.so  
[2.294s] -- Found eigen3_cmake_module: 0.1.1 (/opt/ros/humble/share/eigen3_cmake_module/cmake)
[2.295s] -- Found Eigen3: TRUE (found version "3.4.0") 
[2.295s] -- Ensuring Eigen3 include directory is part of orocos-kdl CMake target
[2.373s] -- Configuring done
[2.399s] -- Generating done
[2.405s] -- Build files have been written to: /home/jiajia/wzr/localization_1/build/linefit_ground_segmentation
[2.427s] Invoked command in '/home/jiajia/wzr/localization_1/build/linefit_ground_segmentation' returned '0': CMAKE_PREFIX_PATH=/opt/ros/humble /usr/bin/cmake /home/jiajia/wzr/localization_1/src/rm_perception/linefit_ground_segementation_ros2/linefit_ground_segmentation -DCMAKE_INSTALL_PREFIX=/home/jiajia/wzr/localization_1/install/linefit_ground_segmentation
[2.427s] Invoking command in '/home/jiajia/wzr/localization_1/build/linefit_ground_segmentation': CMAKE_PREFIX_PATH=/opt/ros/humble /usr/bin/cmake --build /home/jiajia/wzr/localization_1/build/linefit_ground_segmentation -- -j2 -l2
[2.464s] [ 20%] [32mBuilding CXX object CMakeFiles/linefit_ground_segmentation.dir/src/bin.cc.o[0m
[4.885s] [ 40%] [32mBuilding CXX object CMakeFiles/linefit_ground_segmentation.dir/src/ground_segmentation.cc.o[0m
[10.643s] [ 60%] [32mBuilding CXX object CMakeFiles/linefit_ground_segmentation.dir/src/segment.cc.o[0m
[17.095s] [ 80%] [32mBuilding CXX object CMakeFiles/linefit_ground_segmentation.dir/src/viewer.cc.o[0m
[22.394s] [100%] [32m[1mLinking CXX shared library liblinefit_ground_segmentation.so[0m
[22.827s] [100%] Built target linefit_ground_segmentation
[22.836s] Invoked command in '/home/jiajia/wzr/localization_1/build/linefit_ground_segmentation' returned '0': CMAKE_PREFIX_PATH=/opt/ros/humble /usr/bin/cmake --build /home/jiajia/wzr/localization_1/build/linefit_ground_segmentation -- -j2 -l2
[22.838s] Invoking command in '/home/jiajia/wzr/localization_1/build/linefit_ground_segmentation': CMAKE_PREFIX_PATH=/opt/ros/humble /usr/bin/cmake --install /home/jiajia/wzr/localization_1/build/linefit_ground_segmentation
[22.842s] -- Install configuration: ""
[22.842s] -- Installing: /home/jiajia/wzr/localization_1/install/linefit_ground_segmentation/include
[22.842s] -- Installing: /home/jiajia/wzr/localization_1/install/linefit_ground_segmentation/include/ground_segmentation
[22.842s] -- Installing: /home/jiajia/wzr/localization_1/install/linefit_ground_segmentation/include/ground_segmentation/ground_segmentation.h
[22.842s] -- Installing: /home/jiajia/wzr/localization_1/install/linefit_ground_segmentation/include/ground_segmentation/typedefs.h
[22.842s] -- Installing: /home/jiajia/wzr/localization_1/install/linefit_ground_segmentation/include/ground_segmentation/viewer.h
[22.842s] -- Installing: /home/jiajia/wzr/localization_1/install/linefit_ground_segmentation/include/ground_segmentation/segment.h
[22.843s] -- Installing: /home/jiajia/wzr/localization_1/install/linefit_ground_segmentation/include/ground_segmentation/bin.h
[22.843s] -- Installing: /home/jiajia/wzr/localization_1/install/linefit_ground_segmentation/share/linefit_ground_segmentation/environment/library_path.sh
[22.843s] -- Installing: /home/jiajia/wzr/localization_1/install/linefit_ground_segmentation/share/linefit_ground_segmentation/environment/library_path.dsv
[22.843s] -- Installing: /home/jiajia/wzr/localization_1/install/linefit_ground_segmentation/lib/liblinefit_ground_segmentation.so
[22.843s] -- Set runtime path of "/home/jiajia/wzr/localization_1/install/linefit_ground_segmentation/lib/liblinefit_ground_segmentation.so" to ""
[22.843s] -- Installing: /home/jiajia/wzr/localization_1/install/linefit_ground_segmentation/share/ament_index/resource_index/package_run_dependencies/linefit_ground_segmentation
[22.843s] -- Installing: /home/jiajia/wzr/localization_1/install/linefit_ground_segmentation/share/ament_index/resource_index/parent_prefix_path/linefit_ground_segmentation
[22.843s] -- Installing: /home/jiajia/wzr/localization_1/install/linefit_ground_segmentation/share/linefit_ground_segmentation/environment/ament_prefix_path.sh
[22.844s] -- Installing: /home/jiajia/wzr/localization_1/install/linefit_ground_segmentation/share/linefit_ground_segmentation/environment/ament_prefix_path.dsv
[22.846s] -- Installing: /home/jiajia/wzr/localization_1/install/linefit_ground_segmentation/share/linefit_ground_segmentation/environment/path.sh
[22.846s] -- Installing: /home/jiajia/wzr/localization_1/install/linefit_ground_segmentation/share/linefit_ground_segmentation/environment/path.dsv
[22.846s] -- Installing: /home/jiajia/wzr/localization_1/install/linefit_ground_segmentation/share/linefit_ground_segmentation/local_setup.bash
[22.846s] -- Installing: /home/jiajia/wzr/localization_1/install/linefit_ground_segmentation/share/linefit_ground_segmentation/local_setup.sh
[22.846s] -- Installing: /home/jiajia/wzr/localization_1/install/linefit_ground_segmentation/share/linefit_ground_segmentation/local_setup.zsh
[22.846s] -- Installing: /home/jiajia/wzr/localization_1/install/linefit_ground_segmentation/share/linefit_ground_segmentation/local_setup.dsv
[22.846s] -- Installing: /home/jiajia/wzr/localization_1/install/linefit_ground_segmentation/share/linefit_ground_segmentation/package.dsv
[22.846s] -- Installing: /home/jiajia/wzr/localization_1/install/linefit_ground_segmentation/share/ament_index/resource_index/packages/linefit_ground_segmentation
[22.846s] -- Installing: /home/jiajia/wzr/localization_1/install/linefit_ground_segmentation/share/linefit_ground_segmentation/cmake/ament_cmake_export_dependencies-extras.cmake
[22.846s] -- Installing: /home/jiajia/wzr/localization_1/install/linefit_ground_segmentation/share/linefit_ground_segmentation/cmake/ament_cmake_export_include_directories-extras.cmake
[22.846s] -- Installing: /home/jiajia/wzr/localization_1/install/linefit_ground_segmentation/share/linefit_ground_segmentation/cmake/ament_cmake_export_libraries-extras.cmake
[22.847s] -- Installing: /home/jiajia/wzr/localization_1/install/linefit_ground_segmentation/share/linefit_ground_segmentation/cmake/linefit_ground_segmentationConfig.cmake
[22.847s] -- Installing: /home/jiajia/wzr/localization_1/install/linefit_ground_segmentation/share/linefit_ground_segmentation/cmake/linefit_ground_segmentationConfig-version.cmake
[22.847s] -- Installing: /home/jiajia/wzr/localization_1/install/linefit_ground_segmentation/share/linefit_ground_segmentation/package.xml
[22.849s] Invoked command in '/home/jiajia/wzr/localization_1/build/linefit_ground_segmentation' returned '0': CMAKE_PREFIX_PATH=/opt/ros/humble /usr/bin/cmake --install /home/jiajia/wzr/localization_1/build/linefit_ground_segmentation
