-- Found ament_cmake_auto: 1.3.11 (/opt/ros/humble/share/ament_cmake_auto/cmake)
-- Override CMake install command with custom implementation using symlinks instead of copying resources
-- Found rosidl_generator_c: 3.1.6 (/opt/ros/humble/share/rosidl_generator_c/cmake)
-- Found rosidl_adapter: 3.1.6 (/opt/ros/humble/share/rosidl_adapter/cmake)
-- Found rosidl_generator_cpp: 3.1.6 (/opt/ros/humble/share/rosidl_generator_cpp/cmake)
-- Using all available rosidl_typesupport_c: rosidl_typesupport_fastrtps_c;rosidl_typesupport_introspection_c
-- Using all available rosidl_typesupport_cpp: rosidl_typesupport_fastrtps_cpp;rosidl_typesupport_introspection_cpp
-- Found rmw_implementation_cmake: 6.1.2 (/opt/ros/humble/share/rmw_implementation_cmake/cmake)
-- Found rmw_fastrtps_cpp: 6.2.7 (/opt/ros/humble/share/rmw_fastrtps_cpp/cmake)
-- Using RMW implementation 'rmw_fastrtps_cpp' as default
-- Found eigen3_cmake_module: 0.1.1 (/opt/ros/humble/share/eigen3_cmake_module/cmake)
-- Ensuring Eigen3 include directory is part of orocos-kdl CMake target
-- Found ament_lint_auto: 0.12.12 (/opt/ros/humble/share/ament_lint_auto/cmake)
-- Added test 'cppcheck' to perform static code analysis on C / C++ code
-- Configured cppcheck include dirs: 
-- Configured cppcheck exclude dirs and/or files: 
-- Added test 'flake8' to check Python code syntax and style conventions
-- Added test 'lint_cmake' to check CMake code style
-- Added test 'pep257' to check Python code against some of the docstring style conventions in PEP 257
-- Added test 'uncrustify' to check C / C++ code style
-- Configured uncrustify additional arguments: 
-- Added test 'xmllint' to check XML markup files
-- Configuring done
-- Generating done
-- Build files have been written to: /home/jiajia/wzr/localization_1/build/rm_aimassist
[35m[1mConsolidate compiler generated dependencies of target rm_aimassist_node[0m
[100%] Built target rm_aimassist_node
-- Install configuration: ""
-- Execute custom install script
-- Up-to-date symlink: /home/jiajia/wzr/localization_1/install/rm_aimassist/lib/rm_aimassist/rm_aimassist_node
-- Symlinking: /home/jiajia/wzr/localization_1/install/rm_aimassist/lib/rm_aimassist_node
-- Up-to-date symlink: /home/jiajia/wzr/localization_1/install/rm_aimassist/lib/rm_aimassist_node
-- Up-to-date symlink: /home/jiajia/wzr/localization_1/install/rm_aimassist/include/rm_aimassist/assist_node.hpp
-- Up-to-date symlink: /home/jiajia/wzr/localization_1/install/rm_aimassist/share/rm_aimassist/launch/assist_node_launch.py
-- Up-to-date symlink: /home/jiajia/wzr/localization_1/install/rm_aimassist/share/rm_aimassist/config/outpost.yaml
-- Up-to-date symlink: /home/jiajia/wzr/localization_1/install/rm_aimassist/share/ament_index/resource_index/package_run_dependencies/rm_aimassist
-- Up-to-date symlink: /home/jiajia/wzr/localization_1/install/rm_aimassist/share/ament_index/resource_index/parent_prefix_path/rm_aimassist
-- Up-to-date symlink: /home/jiajia/wzr/localization_1/install/rm_aimassist/share/rm_aimassist/environment/ament_prefix_path.sh
-- Up-to-date symlink: /home/jiajia/wzr/localization_1/install/rm_aimassist/share/rm_aimassist/environment/ament_prefix_path.dsv
-- Up-to-date symlink: /home/jiajia/wzr/localization_1/install/rm_aimassist/share/rm_aimassist/environment/path.sh
-- Up-to-date symlink: /home/jiajia/wzr/localization_1/install/rm_aimassist/share/rm_aimassist/environment/path.dsv
-- Up-to-date symlink: /home/jiajia/wzr/localization_1/install/rm_aimassist/share/rm_aimassist/local_setup.bash
-- Up-to-date symlink: /home/jiajia/wzr/localization_1/install/rm_aimassist/share/rm_aimassist/local_setup.sh
-- Up-to-date symlink: /home/jiajia/wzr/localization_1/install/rm_aimassist/share/rm_aimassist/local_setup.zsh
-- Up-to-date symlink: /home/jiajia/wzr/localization_1/install/rm_aimassist/share/rm_aimassist/local_setup.dsv
-- Symlinking: /home/jiajia/wzr/localization_1/install/rm_aimassist/share/rm_aimassist/package.dsv
-- Up-to-date symlink: /home/jiajia/wzr/localization_1/install/rm_aimassist/share/ament_index/resource_index/packages/rm_aimassist
-- Up-to-date symlink: /home/jiajia/wzr/localization_1/install/rm_aimassist/share/ament_index/resource_index/rclcpp_components/rm_aimassist
-- Up-to-date symlink: /home/jiajia/wzr/localization_1/install/rm_aimassist/share/rm_aimassist/cmake/ament_cmake_export_dependencies-extras.cmake
-- Up-to-date symlink: /home/jiajia/wzr/localization_1/install/rm_aimassist/share/rm_aimassist/cmake/ament_cmake_export_include_directories-extras.cmake
-- Up-to-date symlink: /home/jiajia/wzr/localization_1/install/rm_aimassist/share/rm_aimassist/cmake/rm_aimassistConfig.cmake
-- Up-to-date symlink: /home/jiajia/wzr/localization_1/install/rm_aimassist/share/rm_aimassist/cmake/rm_aimassistConfig-version.cmake
-- Up-to-date symlink: /home/jiajia/wzr/localization_1/install/rm_aimassist/share/rm_aimassist/package.xml
