[0.004s] Invoking command in '/home/jiajia/wzr/localization_1/build/rm_bringup': CMAKE_PREFIX_PATH=/opt/ros/humble /usr/bin/cmake /home/jiajia/wzr/localization_1/src/rm_bringup -DCMAKE_INSTALL_PREFIX=/home/jiajia/wzr/localization_1/install/rm_bringup
[0.056s] -- The C compiler identification is GNU 12.3.0
[0.107s] -- The CXX compiler identification is GNU 12.3.0
[0.113s] -- Detecting C compiler ABI info
[0.173s] -- Detecting C compiler ABI info - done
[0.179s] -- Check for working C compiler: /usr/bin/cc - skipped
[0.179s] -- Detecting C compile features
[0.179s] -- Detecting C compile features - done
[0.181s] -- Detecting CXX compiler ABI info
[0.251s] -- Detecting CXX compiler ABI info - done
[0.255s] -- Check for working CXX compiler: /usr/bin/c++ - skipped
[0.256s] -- Detecting CXX compile features
[0.256s] -- Detecting CXX compile features - done
[0.258s] -- Found ament_cmake_auto: 1.3.11 (/opt/ros/humble/share/ament_cmake_auto/cmake)
[0.388s] -- Found Python3: /usr/bin/python3 (found version "3.10.12") found components: Interpreter 
[0.481s] -- Found ament_lint_auto: 0.12.11 (/opt/ros/humble/share/ament_lint_auto/cmake)
[0.557s] -- Configuring done
[0.560s] -- Generating done
[0.563s] -- Build files have been written to: /home/jiajia/wzr/localization_1/build/rm_bringup
[0.569s] Invoked command in '/home/jiajia/wzr/localization_1/build/rm_bringup' returned '0': CMAKE_PREFIX_PATH=/opt/ros/humble /usr/bin/cmake /home/jiajia/wzr/localization_1/src/rm_bringup -DCMAKE_INSTALL_PREFIX=/home/jiajia/wzr/localization_1/install/rm_bringup
[0.569s] Invoking command in '/home/jiajia/wzr/localization_1/build/rm_bringup': CMAKE_PREFIX_PATH=/opt/ros/humble /usr/bin/cmake --build /home/jiajia/wzr/localization_1/build/rm_bringup -- -j2 -l2
[0.607s] Invoked command in '/home/jiajia/wzr/localization_1/build/rm_bringup' returned '0': CMAKE_PREFIX_PATH=/opt/ros/humble /usr/bin/cmake --build /home/jiajia/wzr/localization_1/build/rm_bringup -- -j2 -l2
[0.608s] Invoking command in '/home/jiajia/wzr/localization_1/build/rm_bringup': CMAKE_PREFIX_PATH=/opt/ros/humble /usr/bin/cmake --install /home/jiajia/wzr/localization_1/build/rm_bringup
[0.616s] -- Install configuration: ""
[0.616s] -- Installing: /home/jiajia/wzr/localization_1/install/rm_bringup/share/rm_bringup/launch
[0.616s] -- Installing: /home/jiajia/wzr/localization_1/install/rm_bringup/share/rm_bringup/launch/bringup.launch.py
[0.616s] -- Installing: /home/jiajia/wzr/localization_1/install/rm_bringup/share/rm_bringup/config
[0.617s] -- Installing: /home/jiajia/wzr/localization_1/install/rm_bringup/share/rm_bringup/config/camera_info.yaml
[0.617s] -- Installing: /home/jiajia/wzr/localization_1/install/rm_bringup/share/rm_bringup/config/node_params.yaml
[0.617s] -- Installing: /home/jiajia/wzr/localization_1/install/rm_bringup/share/rm_bringup/config/launch_params.yaml
[0.618s] -- Installing: /home/jiajia/wzr/localization_1/install/rm_bringup/share/ament_index/resource_index/package_run_dependencies/rm_bringup
[0.618s] -- Installing: /home/jiajia/wzr/localization_1/install/rm_bringup/share/ament_index/resource_index/parent_prefix_path/rm_bringup
[0.618s] -- Installing: /home/jiajia/wzr/localization_1/install/rm_bringup/share/rm_bringup/environment/ament_prefix_path.sh
[0.618s] -- Installing: /home/jiajia/wzr/localization_1/install/rm_bringup/share/rm_bringup/environment/ament_prefix_path.dsv
[0.618s] -- Installing: /home/jiajia/wzr/localization_1/install/rm_bringup/share/rm_bringup/environment/path.sh
[0.618s] -- Installing: /home/jiajia/wzr/localization_1/install/rm_bringup/share/rm_bringup/environment/path.dsv
[0.619s] -- Installing: /home/jiajia/wzr/localization_1/install/rm_bringup/share/rm_bringup/local_setup.bash
[0.619s] -- Installing: /home/jiajia/wzr/localization_1/install/rm_bringup/share/rm_bringup/local_setup.sh
[0.619s] -- Installing: /home/jiajia/wzr/localization_1/install/rm_bringup/share/rm_bringup/local_setup.zsh
[0.619s] -- Installing: /home/jiajia/wzr/localization_1/install/rm_bringup/share/rm_bringup/local_setup.dsv
[0.619s] -- Installing: /home/jiajia/wzr/localization_1/install/rm_bringup/share/rm_bringup/package.dsv
[0.620s] -- Installing: /home/jiajia/wzr/localization_1/install/rm_bringup/share/ament_index/resource_index/packages/rm_bringup
[0.620s] -- Installing: /home/jiajia/wzr/localization_1/install/rm_bringup/share/rm_bringup/cmake/rm_bringupConfig.cmake
[0.620s] -- Installing: /home/jiajia/wzr/localization_1/install/rm_bringup/share/rm_bringup/cmake/rm_bringupConfig-version.cmake
[0.622s] -- Installing: /home/jiajia/wzr/localization_1/install/rm_bringup/share/rm_bringup/package.xml
[0.623s] Invoked command in '/home/jiajia/wzr/localization_1/build/rm_bringup' returned '0': CMAKE_PREFIX_PATH=/opt/ros/humble /usr/bin/cmake --install /home/jiajia/wzr/localization_1/build/rm_bringup
