[0.017s] Invoking command in '/home/jiajia/wzr/localization_1/build/rm_gimbal_description': CMAKE_PREFIX_PATH=${CMAKE_PREFIX_PATH}:/opt/ros/humble /usr/bin/cmake --build /home/jiajia/wzr/localization_1/build/rm_gimbal_description -- -j4 -l4
[0.141s] Invoked command in '/home/jiajia/wzr/localization_1/build/rm_gimbal_description' returned '0': CMAKE_PREFIX_PATH=${CMAKE_PREFIX_PATH}:/opt/ros/humble /usr/bin/cmake --build /home/jiajia/wzr/localization_1/build/rm_gimbal_description -- -j4 -l4
[0.175s] Invoking command in '/home/jiajia/wzr/localization_1/build/rm_gimbal_description': CMAKE_PREFIX_PATH=${CMAKE_PREFIX_PATH}:/opt/ros/humble /usr/bin/cmake --install /home/jiajia/wzr/localization_1/build/rm_gimbal_description
[0.185s] -- Install configuration: ""
[0.187s] -- Execute custom install script
[0.187s] -- Up-to-date symlink: /home/jiajia/wzr/localization_1/install/rm_gimbal_description/share/rm_gimbal_description/urdf/rm_gimbal.urdf.xacro
[0.189s] -- Up-to-date symlink: /home/jiajia/wzr/localization_1/install/rm_gimbal_description/share/ament_index/resource_index/package_run_dependencies/rm_gimbal_description
[0.189s] -- Up-to-date symlink: /home/jiajia/wzr/localization_1/install/rm_gimbal_description/share/ament_index/resource_index/parent_prefix_path/rm_gimbal_description
[0.189s] -- Up-to-date symlink: /home/jiajia/wzr/localization_1/install/rm_gimbal_description/share/rm_gimbal_description/environment/ament_prefix_path.sh
[0.189s] -- Up-to-date symlink: /home/jiajia/wzr/localization_1/install/rm_gimbal_description/share/rm_gimbal_description/environment/ament_prefix_path.dsv
[0.189s] -- Up-to-date symlink: /home/jiajia/wzr/localization_1/install/rm_gimbal_description/share/rm_gimbal_description/environment/path.sh
[0.189s] -- Up-to-date symlink: /home/jiajia/wzr/localization_1/install/rm_gimbal_description/share/rm_gimbal_description/environment/path.dsv
[0.189s] -- Up-to-date symlink: /home/jiajia/wzr/localization_1/install/rm_gimbal_description/share/rm_gimbal_description/local_setup.bash
[0.191s] -- Up-to-date symlink: /home/jiajia/wzr/localization_1/install/rm_gimbal_description/share/rm_gimbal_description/local_setup.sh
[0.191s] -- Up-to-date symlink: /home/jiajia/wzr/localization_1/install/rm_gimbal_description/share/rm_gimbal_description/local_setup.zsh
[0.191s] -- Up-to-date symlink: /home/jiajia/wzr/localization_1/install/rm_gimbal_description/share/rm_gimbal_description/local_setup.dsv
[0.191s] -- Symlinking: /home/jiajia/wzr/localization_1/install/rm_gimbal_description/share/rm_gimbal_description/package.dsv
[0.201s] -- Up-to-date symlink: /home/jiajia/wzr/localization_1/install/rm_gimbal_description/share/ament_index/resource_index/packages/rm_gimbal_description
[0.202s] -- Up-to-date symlink: /home/jiajia/wzr/localization_1/install/rm_gimbal_description/share/rm_gimbal_description/cmake/rm_gimbal_descriptionConfig.cmake
[0.202s] -- Up-to-date symlink: /home/jiajia/wzr/localization_1/install/rm_gimbal_description/share/rm_gimbal_description/cmake/rm_gimbal_descriptionConfig-version.cmake
[0.202s] -- Up-to-date symlink: /home/jiajia/wzr/localization_1/install/rm_gimbal_description/share/rm_gimbal_description/package.xml
[0.206s] Invoked command in '/home/jiajia/wzr/localization_1/build/rm_gimbal_description' returned '0': CMAKE_PREFIX_PATH=${CMAKE_PREFIX_PATH}:/opt/ros/humble /usr/bin/cmake --install /home/jiajia/wzr/localization_1/build/rm_gimbal_description
